[7.023s] Invoking command in '/home/nicola/mobileRobotics/colcon_ws/src/turtlebot3_follow': PYTHONPATH=/home/nicola/mobileRobotics/colcon_ws/install/turtlebot3_follow/lib/python3.8/site-packages:${PYTHONPATH} /usr/bin/python3 setup.py egg_info --egg-base ../../build/turtlebot3_follow build --build-base /home/nicola/mobileRobotics/colcon_ws/build/turtlebot3_follow/build install --prefix /home/nicola/mobileRobotics/colcon_ws/install/turtlebot3_follow --record /home/nicola/mobileRobotics/colcon_ws/build/turtlebot3_follow/install.log --single-version-externally-managed
[7.348s] running egg_info
[7.349s] writing ../../build/turtlebot3_follow/turtlebot3_follow.egg-info/PKG-INFO
[7.349s] writing dependency_links to ../../build/turtlebot3_follow/turtlebot3_follow.egg-info/dependency_links.txt
[7.350s] writing entry points to ../../build/turtlebot3_follow/turtlebot3_follow.egg-info/entry_points.txt
[7.350s] writing requirements to ../../build/turtlebot3_follow/turtlebot3_follow.egg-info/requires.txt
[7.350s] writing top-level names to ../../build/turtlebot3_follow/turtlebot3_follow.egg-info/top_level.txt
[7.390s] reading manifest file '../../build/turtlebot3_follow/turtlebot3_follow.egg-info/SOURCES.txt'
[7.391s] writing manifest file '../../build/turtlebot3_follow/turtlebot3_follow.egg-info/SOURCES.txt'
[7.391s] running build
[7.391s] running build_py
[7.391s] running install
[7.392s] running install_lib
[7.394s] running install_data
[7.394s] running install_egg_info
[7.396s] removing '/home/nicola/mobileRobotics/colcon_ws/install/turtlebot3_follow/lib/python3.8/site-packages/turtlebot3_follow-0.0.0-py3.8.egg-info' (and everything under it)
[7.396s] Copying ../../build/turtlebot3_follow/turtlebot3_follow.egg-info to /home/nicola/mobileRobotics/colcon_ws/install/turtlebot3_follow/lib/python3.8/site-packages/turtlebot3_follow-0.0.0-py3.8.egg-info
[7.397s] running install_scripts
[7.423s] Installing turtlebot3_follow script to /home/nicola/mobileRobotics/colcon_ws/install/turtlebot3_follow/lib/turtlebot3_follow
[7.424s] writing list of installed files to '/home/nicola/mobileRobotics/colcon_ws/build/turtlebot3_follow/install.log'
[7.456s] Invoked command in '/home/nicola/mobileRobotics/colcon_ws/src/turtlebot3_follow' returned '0': PYTHONPATH=/home/nicola/mobileRobotics/colcon_ws/install/turtlebot3_follow/lib/python3.8/site-packages:${PYTHONPATH} /usr/bin/python3 setup.py egg_info --egg-base ../../build/turtlebot3_follow build --build-base /home/nicola/mobileRobotics/colcon_ws/build/turtlebot3_follow/build install --prefix /home/nicola/mobileRobotics/colcon_ws/install/turtlebot3_follow --record /home/nicola/mobileRobotics/colcon_ws/build/turtlebot3_follow/install.log --single-version-externally-managed
