[3.855s] Invoking command in '/home/nicola/mobileRobotics/colcon_ws/src/turtlebot3_visualizer': PYTHONPATH=/home/nicola/mobileRobotics/colcon_ws/install/turtlebot3_visualizer/lib/python3.8/site-packages: /usr/bin/python3 setup.py egg_info --egg-base ../../build/turtlebot3_visualizer build --build-base /home/nicola/mobileRobotics/colcon_ws/build/turtlebot3_visualizer/build install --prefix /home/nicola/mobileRobotics/colcon_ws/install/turtlebot3_visualizer --record /home/nicola/mobileRobotics/colcon_ws/build/turtlebot3_visualizer/install.log --single-version-externally-managed
[4.098s] running egg_info
[4.099s] writing ../../build/turtlebot3_visualizer/turtlebot3_visualizer.egg-info/PKG-INFO
[4.099s] writing dependency_links to ../../build/turtlebot3_visualizer/turtlebot3_visualizer.egg-info/dependency_links.txt
[4.099s] writing entry points to ../../build/turtlebot3_visualizer/turtlebot3_visualizer.egg-info/entry_points.txt
[4.099s] writing requirements to ../../build/turtlebot3_visualizer/turtlebot3_visualizer.egg-info/requires.txt
[4.099s] writing top-level names to ../../build/turtlebot3_visualizer/turtlebot3_visualizer.egg-info/top_level.txt
[4.304s] reading manifest file '../../build/turtlebot3_visualizer/turtlebot3_visualizer.egg-info/SOURCES.txt'
[4.321s] writing manifest file '../../build/turtlebot3_visualizer/turtlebot3_visualizer.egg-info/SOURCES.txt'
[4.321s] running build
[4.322s] running build_py
[4.322s] running install
[4.322s] running install_lib
[4.324s] running install_data
[4.325s] running install_egg_info
[4.326s] removing '/home/nicola/mobileRobotics/colcon_ws/install/turtlebot3_visualizer/lib/python3.8/site-packages/turtlebot3_visualizer-0.0.0-py3.8.egg-info' (and everything under it)
[4.327s] Copying ../../build/turtlebot3_visualizer/turtlebot3_visualizer.egg-info to /home/nicola/mobileRobotics/colcon_ws/install/turtlebot3_visualizer/lib/python3.8/site-packages/turtlebot3_visualizer-0.0.0-py3.8.egg-info
[4.354s] running install_scripts
[4.392s] writing list of installed files to '/home/nicola/mobileRobotics/colcon_ws/build/turtlebot3_visualizer/install.log'
[4.442s] Invoked command in '/home/nicola/mobileRobotics/colcon_ws/src/turtlebot3_visualizer' returned '0': PYTHONPATH=/home/nicola/mobileRobotics/colcon_ws/install/turtlebot3_visualizer/lib/python3.8/site-packages: /usr/bin/python3 setup.py egg_info --egg-base ../../build/turtlebot3_visualizer build --build-base /home/nicola/mobileRobotics/colcon_ws/build/turtlebot3_visualizer/build install --prefix /home/nicola/mobileRobotics/colcon_ws/install/turtlebot3_visualizer --record /home/nicola/mobileRobotics/colcon_ws/build/turtlebot3_visualizer/install.log --single-version-externally-managed
