Unity Editor version:    2020.3.30f1 (1fb1bf06830e)
Branch:                  2020.3/staging
Build type:              Release
Batch mode:              YES
System name:             Linux
Distro version:          #45~20.04.1-Ubuntu SMP Mon Apr 4 09:38:31 UTC 2022
Kernel version:          5.13.0-40-generic
Architecture:            x86_64
Available memory:        7867 MB
Using pre-set license
Pro License: NO
Desktop is 1366 x 768 @ 60 Hz

COMMAND LINE ARGUMENTS:
Unity
-adb2
-batchMode
-noUpm
-name
AssetImportWorker0
-projectPath
/home/nicola/mobileRobotics/lab3/Turtlebot3UnityROS2
-logFile
Logs/AssetImportWorker0.log
-srvPort
37201
Successfully changed project path to: /home/nicola/mobileRobotics/lab3/Turtlebot3UnityROS2
/home/nicola/mobileRobotics/lab3/Turtlebot3UnityROS2
Using Asset Import Pipeline V2.
Refreshing native plugins compatible for Editor in 145,23 ms, found 352 plugins.
Preloading 0 native plugins for Editor in 0,00 ms.
Initialize engine version: 2020.3.30f1 (1fb1bf06830e)
[Subsystems] Discovering subsystems at path /home/nicola/Unity/Hub/Editor/2020.3.30f1/Editor/Data/Resources/UnitySubsystems
[Subsystems] Discovering subsystems at path /home/nicola/mobileRobotics/lab3/Turtlebot3UnityROS2/Assets
GLX Extensions: GLX_ARB_create_context GLX_ARB_create_context_no_error GLX_ARB_create_context_profile GLX_ARB_create_context_robustness GLX_ARB_fbconfig_float GLX_ARB_framebuffer_sRGB GLX_ARB_get_proc_address GLX_ARB_multisample GLX_EXT_buffer_age GLX_EXT_create_context_es2_profile GLX_EXT_create_context_es_profile GLX_EXT_fbconfig_packed_float GLX_EXT_framebuffer_sRGB GLX_EXT_import_context GLX_EXT_no_config_context GLX_EXT_swap_control GLX_EXT_swap_control_tear GLX_EXT_texture_from_pixmap GLX_EXT_visual_info GLX_EXT_visual_rating GLX_INTEL_swap_event GLX_MESA_copy_sub_buffer GLX_MESA_query_renderer GLX_MESA_swap_control GLX_OML_swap_method GLX_OML_sync_control GLX_SGIS_multisample GLX_SGIX_fbconfig GLX_SGIX_pbuffer GLX_SGIX_visual_select_group GLX_SGI_make_current_read GLX_SGI_swap_control GLX_SGI_video_sync 
Renderer: Mesa Intel(R) UHD Graphics 620 (KBL GT2)
Vendor:   Intel
Version:  4.6 (Core Profile) Mesa 21.2.6
GLES:     0
 GL_3DFX_texture_compression_FXT1 GL_AMD_conservative_depth GL_AMD_depth_clamp_separate GL_AMD_draw_buffers_blend GL_AMD_gpu_shader_int64 GL_AMD_multi_draw_indirect GL_AMD_performance_monitor GL_AMD_pinned_memory GL_AMD_query_buffer_object GL_AMD_seamless_cubemap_per_texture GL_AMD_shader_stencil_export GL_AMD_shader_trinary_minmax GL_AMD_texture_texture4 GL_AMD_vertex_shader_layer GL_AMD_vertex_shader_viewport_index GL_ANGLE_texture_compression_dxt3 GL_ANGLE_texture_compression_dxt5 GL_ARB_ES2_compatibility GL_ARB_ES3_1_compatibility GL_ARB_ES3_2_compatibility GL_ARB_ES3_compatibility GL_ARB_arrays_of_arrays GL_ARB_base_instance GL_ARB_blend_func_extended GL_ARB_buffer_storage GL_ARB_clear_buffer_object GL_ARB_clear_texture GL_ARB_clip_control GL_ARB_compressed_texture_pixel_storage GL_ARB_compute_shader GL_ARB_compute_variable_group_size GL_ARB_conditional_render_inverted GL_ARB_conservative_depth GL_ARB_copy_buffer GL_ARB_copy_image GL_ARB_cull_distance GL_ARB_debug_output GL_ARB_depth_buffer_float GL_ARB
_depth_clamp GL_ARB_derivative_control GL_ARB_direct_state_access GL_ARB_draw_buffers GL_ARB_draw_buffers_blend GL_ARB_draw_elements_base_vertex GL_ARB_draw_indirect GL_ARB_draw_instanced GL_ARB_enhanced_layouts GL_ARB_explicit_attrib_location GL_ARB_explicit_uniform_location GL_ARB_fragment_coord_conventions GL_ARB_fragment_layer_viewport GL_ARB_fragment_shader GL_ARB_fragment_shader_interlock GL_ARB_framebuffer_no_attachments GL_ARB_framebuffer_object GL_ARB_framebuffer_sRGB GL_ARB_get_program_binary GL_ARB_get_texture_sub_image GL_ARB_gl_spirv GL_ARB_gpu_shader5 GL_ARB_gpu_shader_fp64 GL_ARB_gpu_shader_int64 GL_ARB_half_float_pixel GL_ARB_half_float_vertex GL_ARB_indirect_parameters GL_ARB_instanced_arrays GL_ARB_internalformat_query GL_ARB_internalformat_query2 GL_ARB_invalidate_subdata GL_ARB_map_buffer_alignment GL_ARB_map_buffer_range GL_ARB_multi_bind GL_ARB_multi_draw_indirect GL_ARB_occlusion_query2 GL_ARB_parallel_shader_compile GL_ARB_pipeline_statistics_query GL_ARB_pixel_buffer_object GL_ARB_po
int_sprite GL_ARB_polygon_offset_clamp GL_ARB_post_depth_coverage GL_ARB_program_interface_query GL_ARB_provoking_vertex GL_ARB_query_buffer_object GL_ARB_robust_buffer_access_behavior GL_ARB_robustness GL_ARB_sample_shading GL_ARB_sampler_objects GL_ARB_seamless_cube_map GL_ARB_seamless_cubemap_per_texture GL_ARB_separate_shader_objects GL_ARB_shader_atomic_counter_ops GL_ARB_shader_atomic_counters GL_ARB_shader_ballot GL_ARB_shader_bit_encoding GL_ARB_shader_clock GL_ARB_shader_draw_parameters GL_ARB_shader_group_vote GL_ARB_shader_image_load_store GL_ARB_shader_image_size GL_ARB_shader_objects GL_ARB_shader_precision GL_ARB_shader_stencil_export GL_ARB_shader_storage_buffer_object GL_ARB_shader_subroutine GL_ARB_shader_texture_image_samples GL_ARB_shader_texture_lod GL_ARB_shader_viewport_layer_array GL_ARB_shading_language_420pack GL_ARB_shading_language_include GL_ARB_shading_language_packing GL_ARB_spirv_extensions GL_ARB_stencil_texturing GL_ARB_sync GL_ARB_tessellation_shader GL_ARB_texture_barrier G
L_ARB_texture_buffer_object GL_ARB_texture_buffer_object_rgb32 GL_ARB_texture_buffer_range GL_ARB_texture_compression_bptc GL_ARB_texture_compression_rgtc GL_ARB_texture_cube_map_array GL_ARB_texture_filter_anisotropic GL_ARB_texture_float GL_ARB_texture_gather GL_ARB_texture_mirror_clamp_to_edge GL_ARB_texture_multisample GL_ARB_texture_non_power_of_two GL_ARB_texture_query_levels GL_ARB_texture_query_lod GL_ARB_texture_rectangle GL_ARB_texture_rg GL_ARB_texture_rgb10_a2ui GL_ARB_texture_stencil8 GL_ARB_texture_storage GL_ARB_texture_storage_multisample GL_ARB_texture_swizzle GL_ARB_texture_view GL_ARB_timer_query GL_ARB_transform_feedback2 GL_ARB_transform_feedback3 GL_ARB_transform_feedback_instanced GL_ARB_transform_feedback_overflow_query GL_ARB_uniform_buffer_object GL_ARB_vertex_array_bgra GL_ARB_vertex_array_object GL_ARB_vertex_attrib_64bit GL_ARB_vertex_attrib_binding GL_ARB_vertex_buffer_object GL_ARB_vertex_shader GL_ARB_vertex_type_10f_11f_11f_rev GL_ARB_vertex_type_2_10_10_10_rev GL_ARB_viewpor
t_array GL_ATI_blend_equation_separate GL_ATI_texture_float GL_EXT_EGL_image_storage GL_EXT_EGL_sync GL_EXT_abgr GL_EXT_blend_equation_separate GL_EXT_demote_to_helper_invocation GL_EXT_draw_buffers2 GL_EXT_draw_instanced GL_EXT_framebuffer_blit GL_EXT_framebuffer_multisample GL_EXT_framebuffer_multisample_blit_scaled GL_EXT_framebuffer_object GL_EXT_framebuffer_sRGB GL_EXT_memory_object GL_EXT_memory_object_fd GL_EXT_packed_depth_stencil GL_EXT_packed_float GL_EXT_pixel_buffer_object GL_EXT_polygon_offset_clamp GL_EXT_provoking_vertex GL_EXT_semaphore GL_EXT_semaphore_fd GL_EXT_shader_framebuffer_fetch GL_EXT_shader_framebuffer_fetch_non_coherent GL_EXT_shader_integer_mix GL_EXT_shader_samples_identical GL_EXT_texture_array GL_EXT_texture_compression_dxt1 GL_EXT_texture_compression_rgtc GL_EXT_texture_compression_s3tc GL_EXT_texture_filter_anisotropic GL_EXT_texture_integer GL_EXT_texture_sRGB GL_EXT_texture_sRGB_R8 GL_EXT_texture_sRGB_decode GL_EXT_texture_shadow_lod GL_EXT_texture_shared_exponent GL_EXT_t
exture_snorm GL_EXT_texture_swizzle GL_EXT_timer_query GL_EXT_transform_feedback GL_EXT_vertex_array_bgra GL_EXT_vertex_attrib_64bit GL_IBM_multimode_draw_arrays GL_INTEL_blackhole_render GL_INTEL_conservative_rasterization GL_INTEL_performance_query GL_INTEL_shader_atomic_float_minmax GL_INTEL_shader_integer_functions2 GL_KHR_blend_equation_advanced GL_KHR_blend_equation_advanced_coherent GL_KHR_context_flush_control GL_KHR_debug GL_KHR_no_error GL_KHR_parallel_shader_compile GL_KHR_robust_buffer_access_behavior GL_KHR_robustness GL_KHR_texture_compression_astc_ldr GL_KHR_texture_compression_astc_sliced_3d GL_MESA_framebuffer_flip_y GL_MESA_pack_invert GL_MESA_shader_integer_functions GL_MESA_texture_signed_rgba GL_NV_compute_shader_derivatives GL_NV_conditional_render GL_NV_copy_image GL_NV_depth_clamp GL_NV_fragment_shader_interlock GL_NV_packed_depth_stencil GL_NV_texture_barrier GL_OES_EGL_image GL_S3_s3tc
OPENGL LOG: Creating OpenGL 4.6 graphics device ; Context level  <OpenGL 4.5> ; Context handle -466416
Initialize mono
Mono path[0] = '/home/nicola/Unity/Hub/Editor/2020.3.30f1/Editor/Data/Managed'
Mono path[1] = '/home/nicola/Unity/Hub/Editor/2020.3.30f1/Editor/Data/MonoBleedingEdge/lib/mono/unityjit'
Mono config path = '/home/nicola/Unity/Hub/Editor/2020.3.30f1/Editor/Data/MonoBleedingEdge/etc'
Using monoOptions --debugger-agent=transport=dt_socket,embedding=1,server=y,suspend=n,address=127.0.0.1:56522
Begin MonoManager ReloadAssembly
Registering precompiled unity dll's ...
Register platform support module: /home/nicola/Unity/Hub/Editor/2020.3.30f1/Editor/Data/PlaybackEngines/LinuxStandaloneSupport/UnityEditor.LinuxStandalone.Extensions.dll
Registered in 0,001859 seconds.
Native extension for LinuxStandalone target not found
Refreshing native plugins compatible for Editor in 52,22 ms, found 352 plugins.
Preloading 0 native plugins for Editor in 0,00 ms.
Mono: successfully reloaded assembly
- Completed reload, in  0,793 seconds
Domain Reload Profiling:
	ReloadAssembly (793ms)
		BeginReloadAssembly (69ms)
			ExecutionOrderSort (0ms)
			DisableScriptedObjects (0ms)
			BackupInstance (0ms)
			ReleaseScriptingObjects (0ms)
			CreateAndSetChildDomain (1ms)
		EndReloadAssembly (639ms)
			LoadAssemblies (67ms)
			RebuildTransferFunctionScriptingTraits (0ms)
			SetupTypeCache (188ms)
			ReleaseScriptCaches (0ms)
			RebuildScriptCaches (43ms)
			SetupLoadedEditorAssemblies (268ms)
				LogAssemblyErrors (0ms)
				InitializePlatformSupportModulesInManaged (6ms)
				SetLoadedEditorAssemblies (0ms)
				RefreshPlugins (52ms)
				BeforeProcessingInitializeOnLoad (9ms)
				ProcessInitializeOnLoadAttributes (166ms)
				ProcessInitializeOnLoadMethodAttributes (35ms)
				AfterProcessingInitializeOnLoad (0ms)
				EditorAssembliesLoaded (1ms)
			ExecutionOrderSort2 (0ms)
			AwakeInstancesAfterBackupRestoration (0ms)
Platform modules already initialized, skipping
Registering precompiled user dll's ...
Registered in 0,007346 seconds.
Begin MonoManager ReloadAssembly
Native extension for LinuxStandalone target not found
Refreshing native plugins compatible for Editor in 5,14 ms, found 352 plugins.
Preloading 0 native plugins for Editor in 0,00 ms.
Mono: successfully reloaded assembly
- Completed reload, in  1,275 seconds
Domain Reload Profiling:
	ReloadAssembly (1276ms)
		BeginReloadAssembly (170ms)
			ExecutionOrderSort (0ms)
			DisableScriptedObjects (6ms)
			BackupInstance (0ms)
			ReleaseScriptingObjects (0ms)
			CreateAndSetChildDomain (20ms)
		EndReloadAssembly (1035ms)
			LoadAssemblies (115ms)
			RebuildTransferFunctionScriptingTraits (0ms)
			SetupTypeCache (345ms)
			ReleaseScriptCaches (0ms)
			RebuildScriptCaches (60ms)
			SetupLoadedEditorAssemblies (396ms)
				LogAssemblyErrors (0ms)
				InitializePlatformSupportModulesInManaged (6ms)
				SetLoadedEditorAssemblies (1ms)
				RefreshPlugins (5ms)
				BeforeProcessingInitializeOnLoad (61ms)
				ProcessInitializeOnLoadAttributes (308ms)
				ProcessInitializeOnLoadMethodAttributes (10ms)
				AfterProcessingInitializeOnLoad (6ms)
				EditorAssembliesLoaded (0ms)
			ExecutionOrderSort2 (0ms)
			AwakeInstancesAfterBackupRestoration (8ms)
Platform modules already initialized, skipping
========================================================================
Worker process is ready to serve import requests
Launched and connected shader compiler UnityShaderCompiler after 0.01 seconds
Refreshing native plugins compatible for Editor in 5,41 ms, found 352 plugins.
Preloading 0 native plugins for Editor in 0,00 ms.
Unloading 2010 Unused Serialized files (Serialized files now loaded: 0)
System memory in use before: 96,8 MB.
System memory in use after: 95,1 MB.

Unloading 388 unused Assets to reduce memory usage. Loaded Objects now: 2096.
Total: 7,472396 ms (FindLiveObjects: 0,184645 ms CreateObjectMapping: 0,091763 ms MarkObjects: 5,871900 ms  DeleteObjects: 1,322675 ms)

AssetImportParameters requested are different than current active one (requested -> active):
  custom:video-decoder-ogg-theora: a1e56fd34408186e4bbccfd4996cb3dc -> 
  custom:container-muxer-webm: aa71ff27fc2769a1b78a27578f13a17b -> 
  custom:container-demuxer-webm: 4f35f7cbe854078d1ac9338744f61a02 -> 
  custom:container-demuxer-ogg: 62fdf1f143b41e24485cea50d1cbac27 -> 
  custom:video-encoder-webm-vp8: eb34c28f22e8b96e1ab97ce403110664 -> 
  custom:video-decoder-webm-vp8: 9c59270c3fd7afecdb556c50c9e8de78 -> 
  custom:audio-decoder-ogg-vorbis: bf7c407c2cedff20999df2af8eb42d56 -> 
  custom:audio-encoder-webm-vorbis: bf7c407c2cedff20999df2af8eb42d56 -> 
========================================================================
Received Import Request.
  path: Assets/Plugins/Linux/x86_64/libstd_msgs_byte_multi_array__rosidl_typesupport_c_native.so
  artifactKey: Guid(46dfcf785a165912593b1785cb779d98) Importer(815301076,1909f56bfc062723c751e8b465ee728b)
Start importing Assets/Plugins/Linux/x86_64/libstd_msgs_byte_multi_array__rosidl_typesupport_c_native.so using Guid(46dfcf785a165912593b1785cb779d98) Importer(815301076,1909f56bfc062723c751e8b465ee728b)  -> (artifact id: 'b193e6bfb3f4a1b854ec119283adaca4') in 0,016700 seconds 
========================================================================
Received Import Request.
  Time since last request: 4,172043 seconds.
  path: Assets/Plugins/Linux/x86_64/libstd_msgs_byte_multi_array__rosidl_typesupport_c_native.so
  artifactKey: Guid(46dfcf785a165912593b1785cb779d98) Importer(815301076,1909f56bfc062723c751e8b465ee728b)
Start importing Assets/Plugins/Linux/x86_64/libstd_msgs_byte_multi_array__rosidl_typesupport_c_native.so using Guid(46dfcf785a165912593b1785cb779d98) Importer(815301076,1909f56bfc062723c751e8b465ee728b)  -> (artifact id: 'e002777ffb20009551559599a8980112') in 0,001727 seconds 
========================================================================
Received Prepare
Registering precompiled user dll's ...
Registered in 0,006823 seconds.
Begin MonoManager ReloadAssembly
Native extension for LinuxStandalone target not found
Refreshing native plugins compatible for Editor in 5,11 ms, found 352 plugins.
Plugins: Couldn't open Assets/Plugins/Linux/x86_64/libaction_msgs__python.so, error: libpython3.6m.so.1.0: cannot open shared object file: No such file or directory
Plugins: Couldn't open Assets/Plugins/Linux/x86_64/libbuiltin_interfaces__python.so, error: libpython3.6m.so.1.0: cannot open shared object file: No such file or directory
Plugins: Couldn't open Assets/Plugins/Linux/x86_64/libcan_msgs__python.so, error: libpython3.6m.so.1.0: cannot open shared object file: No such file or directory
Plugins: Couldn't open Assets/Plugins/Linux/x86_64/libcanopen_msgs__python.so, error: libpython3.6m.so.1.0: cannot open shared object file: No such file or directory
Plugins: Couldn't open Assets/Plugins/Linux/x86_64/libdds_security_ac.so, error: libddsc.so.0: cannot open shared object file: No such file or directory
Plugins: Couldn't open Assets/Plugins/Linux/x86_64/libdds_security_auth.so, error: libddsc.so.0: cannot open shared object file: No such file or directory
Plugins: Couldn't open Assets/Plugins/Linux/x86_64/libdds_security_crypto.so, error: libddsc.so.0: cannot open shared object file: No such file or directory
Plugins: Couldn't open Assets/Plugins/Linux/x86_64/libgeometry_msgs__python.so, error: libpython3.6m.so.1.0: cannot open shared object file: No such file or directory
Plugins: Couldn't open Assets/Plugins/Linux/x86_64/libnav_msgs__python.so, error: libpython3.6m.so.1.0: cannot open shared object file: No such file or directory
Plugins: Couldn't open Assets/Plugins/Linux/x86_64/librcl_interfaces__python.so, error: libpython3.6m.so.1.0: cannot open shared object file: No such file or directory
Plugins: Couldn't open Assets/Plugins/Linux/x86_64/libsensor_msgs__python.so, error: libpython3.6m.so.1.0: cannot open shared object file: No such file or directory
Plugins: Couldn't open Assets/Plugins/Linux/x86_64/libstd_msgs__python.so, error: libpython3.6m.so.1.0: cannot open shared object file: No such file or directory
Plugins: Couldn't open Assets/Plugins/Linux/x86_64/libswarm_msgs__python.so, error: libpython3.6m.so.1.0: cannot open shared object file: No such file or directory
Plugins: Couldn't open Assets/Plugins/Linux/x86_64/libtest_msgs__python.so, error: libpython3.6m.so.1.0: cannot open shared object file: No such file or directory
Plugins: Couldn't open Assets/Plugins/Linux/x86_64/libtf2_msgs__python.so, error: libpython3.6m.so.1.0: cannot open shared object file: No such file or directory
Plugins: Couldn't open Assets/Plugins/Linux/x86_64/libunique_identifier_msgs__python.so, error: libpython3.6m.so.1.0: cannot open shared object file: No such file or directory
Preloading 350 native plugins for Editor in 215,12 ms.
Mono: successfully reloaded assembly
- Completed reload, in  2,124 seconds
Domain Reload Profiling:
	ReloadAssembly (2124ms)
		BeginReloadAssembly (265ms)
			ExecutionOrderSort (0ms)
			DisableScriptedObjects (11ms)
			BackupInstance (0ms)
			ReleaseScriptingObjects (0ms)
			CreateAndSetChildDomain (101ms)
		EndReloadAssembly (1743ms)
			LoadAssemblies (205ms)
			RebuildTransferFunctionScriptingTraits (0ms)
			SetupTypeCache (530ms)
			ReleaseScriptCaches (1ms)
			RebuildScriptCaches (74ms)
			SetupLoadedEditorAssemblies (762ms)
				LogAssemblyErrors (0ms)
				InitializePlatformSupportModulesInManaged (9ms)
				SetLoadedEditorAssemblies (1ms)
				RefreshPlugins (220ms)
				BeforeProcessingInitializeOnLoad (83ms)
				ProcessInitializeOnLoadAttributes (426ms)
				ProcessInitializeOnLoadMethodAttributes (15ms)
				AfterProcessingInitializeOnLoad (8ms)
				EditorAssembliesLoaded (0ms)
			ExecutionOrderSort2 (0ms)
			AwakeInstancesAfterBackupRestoration (13ms)
Platform modules already initialized, skipping
Refreshing native plugins compatible for Editor in 5,22 ms, found 352 plugins.
Plugins: Couldn't open Assets/Plugins/Linux/x86_64/libaction_msgs__python.so, error: libpython3.6m.so.1.0: cannot open shared object file: No such file or directory
Plugins: Couldn't open Assets/Plugins/Linux/x86_64/libbuiltin_interfaces__python.so, error: libpython3.6m.so.1.0: cannot open shared object file: No such file or directory
Plugins: Couldn't open Assets/Plugins/Linux/x86_64/libcan_msgs__python.so, error: libpython3.6m.so.1.0: cannot open shared object file: No such file or directory
Plugins: Couldn't open Assets/Plugins/Linux/x86_64/libcanopen_msgs__python.so, error: libpython3.6m.so.1.0: cannot open shared object file: No such file or directory
Plugins: Couldn't open Assets/Plugins/Linux/x86_64/libgeometry_msgs__python.so, error: libpython3.6m.so.1.0: cannot open shared object file: No such file or directory
Plugins: Couldn't open Assets/Plugins/Linux/x86_64/libnav_msgs__python.so, error: libpython3.6m.so.1.0: cannot open shared object file: No such file or directory
Plugins: Couldn't open Assets/Plugins/Linux/x86_64/librcl_interfaces__python.so, error: libpython3.6m.so.1.0: cannot open shared object file: No such file or directory
Plugins: Couldn't open Assets/Plugins/Linux/x86_64/libsensor_msgs__python.so, error: libpython3.6m.so.1.0: cannot open shared object file: No such file or directory
Plugins: Couldn't open Assets/Plugins/Linux/x86_64/libstd_msgs__python.so, error: libpython3.6m.so.1.0: cannot open shared object file: No such file or directory
Plugins: Couldn't open Assets/Plugins/Linux/x86_64/libswarm_msgs__python.so, error: libpython3.6m.so.1.0: cannot open shared object file: No such file or directory
Plugins: Couldn't open Assets/Plugins/Linux/x86_64/libtest_msgs__python.so, error: libpython3.6m.so.1.0: cannot open shared object file: No such file or directory
Plugins: Couldn't open Assets/Plugins/Linux/x86_64/libtf2_msgs__python.so, error: libpython3.6m.so.1.0: cannot open shared object file: No such file or directory
Plugins: Couldn't open Assets/Plugins/Linux/x86_64/libunique_identifier_msgs__python.so, error: libpython3.6m.so.1.0: cannot open shared object file: No such file or directory
Preloading 350 native plugins for Editor in 31,14 ms.
Unloading 2004 Unused Serialized files (Serialized files now loaded: 0)
System memory in use before: 97,0 MB.
System memory in use after: 95,2 MB.

Unloading 384 unused Assets to reduce memory usage. Loaded Objects now: 2099.
Total: 8,471837 ms (FindLiveObjects: 0,246587 ms CreateObjectMapping: 0,121464 ms MarkObjects: 6,512242 ms  DeleteObjects: 1,588954 ms)

AssetImportParameters requested are different than current active one (requested -> active):
  custom:video-decoder-ogg-theora: a1e56fd34408186e4bbccfd4996cb3dc -> 
  custom:container-muxer-webm: aa71ff27fc2769a1b78a27578f13a17b -> 
  custom:container-demuxer-webm: 4f35f7cbe854078d1ac9338744f61a02 -> 
  custom:container-demuxer-ogg: 62fdf1f143b41e24485cea50d1cbac27 -> 
  custom:video-encoder-webm-vp8: eb34c28f22e8b96e1ab97ce403110664 -> 
  custom:video-decoder-webm-vp8: 9c59270c3fd7afecdb556c50c9e8de78 -> 
  custom:audio-decoder-ogg-vorbis: bf7c407c2cedff20999df2af8eb42d56 -> 
  custom:audio-encoder-webm-vorbis: bf7c407c2cedff20999df2af8eb42d56 -> 
========================================================================
Received Prepare
Registering precompiled user dll's ...
Registered in 0,006872 seconds.
Begin MonoManager ReloadAssembly
Native extension for LinuxStandalone target not found
Refreshing native plugins compatible for Editor in 3,80 ms, found 352 plugins.
Plugins: Couldn't open Assets/Plugins/Linux/x86_64/libaction_msgs__python.so, error: libpython3.6m.so.1.0: cannot open shared object file: No such file or directory
Plugins: Couldn't open Assets/Plugins/Linux/x86_64/libbuiltin_interfaces__python.so, error: libpython3.6m.so.1.0: cannot open shared object file: No such file or directory
Plugins: Couldn't open Assets/Plugins/Linux/x86_64/libcan_msgs__python.so, error: libpython3.6m.so.1.0: cannot open shared object file: No such file or directory
Plugins: Couldn't open Assets/Plugins/Linux/x86_64/libcanopen_msgs__python.so, error: libpython3.6m.so.1.0: cannot open shared object file: No such file or directory
Plugins: Couldn't open Assets/Plugins/Linux/x86_64/libgeometry_msgs__python.so, error: libpython3.6m.so.1.0: cannot open shared object file: No such file or directory
Plugins: Couldn't open Assets/Plugins/Linux/x86_64/libnav_msgs__python.so, error: libpython3.6m.so.1.0: cannot open shared object file: No such file or directory
Plugins: Couldn't open Assets/Plugins/Linux/x86_64/librcl_interfaces__python.so, error: libpython3.6m.so.1.0: cannot open shared object file: No such file or directory
Plugins: Couldn't open Assets/Plugins/Linux/x86_64/libsensor_msgs__python.so, error: libpython3.6m.so.1.0: cannot open shared object file: No such file or directory
Plugins: Couldn't open Assets/Plugins/Linux/x86_64/libstd_msgs__python.so, error: libpython3.6m.so.1.0: cannot open shared object file: No such file or directory
Plugins: Couldn't open Assets/Plugins/Linux/x86_64/libswarm_msgs__python.so, error: libpython3.6m.so.1.0: cannot open shared object file: No such file or directory
Plugins: Couldn't open Assets/Plugins/Linux/x86_64/libtest_msgs__python.so, error: libpython3.6m.so.1.0: cannot open shared object file: No such file or directory
Plugins: Couldn't open Assets/Plugins/Linux/x86_64/libtf2_msgs__python.so, error: libpython3.6m.so.1.0: cannot open shared object file: No such file or directory
Plugins: Couldn't open Assets/Plugins/Linux/x86_64/libunique_identifier_msgs__python.so, error: libpython3.6m.so.1.0: cannot open shared object file: No such file or directory
Preloading 350 native plugins for Editor in 18,81 ms.
Mono: successfully reloaded assembly
- Completed reload, in  1,578 seconds
Domain Reload Profiling:
	ReloadAssembly (1579ms)
		BeginReloadAssembly (198ms)
			ExecutionOrderSort (0ms)
			DisableScriptedObjects (9ms)
			BackupInstance (0ms)
			ReleaseScriptingObjects (0ms)
			CreateAndSetChildDomain (68ms)
		EndReloadAssembly (1274ms)
			LoadAssemblies (173ms)
			RebuildTransferFunctionScriptingTraits (0ms)
			SetupTypeCache (528ms)
			ReleaseScriptCaches (1ms)
			RebuildScriptCaches (59ms)
			SetupLoadedEditorAssemblies (387ms)
				LogAssemblyErrors (0ms)
				InitializePlatformSupportModulesInManaged (6ms)
				SetLoadedEditorAssemblies (1ms)
				RefreshPlugins (23ms)
				BeforeProcessingInitializeOnLoad (55ms)
				ProcessInitializeOnLoadAttributes (287ms)
				ProcessInitializeOnLoadMethodAttributes (10ms)
				AfterProcessingInitializeOnLoad (6ms)
				EditorAssembliesLoaded (0ms)
			ExecutionOrderSort2 (0ms)
			AwakeInstancesAfterBackupRestoration (10ms)
Platform modules already initialized, skipping
Refreshing native plugins compatible for Editor in 3,83 ms, found 352 plugins.
Plugins: Couldn't open Assets/Plugins/Linux/x86_64/libaction_msgs__python.so, error: libpython3.6m.so.1.0: cannot open shared object file: No such file or directory
Plugins: Couldn't open Assets/Plugins/Linux/x86_64/libbuiltin_interfaces__python.so, error: libpython3.6m.so.1.0: cannot open shared object file: No such file or directory
Plugins: Couldn't open Assets/Plugins/Linux/x86_64/libcan_msgs__python.so, error: libpython3.6m.so.1.0: cannot open shared object file: No such file or directory
Plugins: Couldn't open Assets/Plugins/Linux/x86_64/libcanopen_msgs__python.so, error: libpython3.6m.so.1.0: cannot open shared object file: No such file or directory
Plugins: Couldn't open Assets/Plugins/Linux/x86_64/libgeometry_msgs__python.so, error: libpython3.6m.so.1.0: cannot open shared object file: No such file or directory
Plugins: Couldn't open Assets/Plugins/Linux/x86_64/libnav_msgs__python.so, error: libpython3.6m.so.1.0: cannot open shared object file: No such file or directory
Plugins: Couldn't open Assets/Plugins/Linux/x86_64/librcl_interfaces__python.so, error: libpython3.6m.so.1.0: cannot open shared object file: No such file or directory
Plugins: Couldn't open Assets/Plugins/Linux/x86_64/libsensor_msgs__python.so, error: libpython3.6m.so.1.0: cannot open shared object file: No such file or directory
Plugins: Couldn't open Assets/Plugins/Linux/x86_64/libstd_msgs__python.so, error: libpython3.6m.so.1.0: cannot open shared object file: No such file or directory
Plugins: Couldn't open Assets/Plugins/Linux/x86_64/libswarm_msgs__python.so, error: libpython3.6m.so.1.0: cannot open shared object file: No such file or directory
Plugins: Couldn't open Assets/Plugins/Linux/x86_64/libtest_msgs__python.so, error: libpython3.6m.so.1.0: cannot open shared object file: No such file or directory
Plugins: Couldn't open Assets/Plugins/Linux/x86_64/libtf2_msgs__python.so, error: libpython3.6m.so.1.0: cannot open shared object file: No such file or directory
Plugins: Couldn't open Assets/Plugins/Linux/x86_64/libunique_identifier_msgs__python.so, error: libpython3.6m.so.1.0: cannot open shared object file: No such file or directory
Preloading 350 native plugins for Editor in 21,83 ms.
Unloading 2004 Unused Serialized files (Serialized files now loaded: 0)
System memory in use before: 97,0 MB.
System memory in use after: 95,2 MB.

Unloading 384 unused Assets to reduce memory usage. Loaded Objects now: 2102.
Total: 8,830590 ms (FindLiveObjects: 0,320112 ms CreateObjectMapping: 0,217248 ms MarkObjects: 6,680483 ms  DeleteObjects: 1,609151 ms)

AssetImportParameters requested are different than current active one (requested -> active):
  custom:video-decoder-ogg-theora: a1e56fd34408186e4bbccfd4996cb3dc -> 
  custom:container-muxer-webm: aa71ff27fc2769a1b78a27578f13a17b -> 
  custom:container-demuxer-webm: 4f35f7cbe854078d1ac9338744f61a02 -> 
  custom:container-demuxer-ogg: 62fdf1f143b41e24485cea50d1cbac27 -> 
  custom:video-encoder-webm-vp8: eb34c28f22e8b96e1ab97ce403110664 -> 
  custom:video-decoder-webm-vp8: 9c59270c3fd7afecdb556c50c9e8de78 -> 
  custom:audio-decoder-ogg-vorbis: bf7c407c2cedff20999df2af8eb42d56 -> 
  custom:audio-encoder-webm-vorbis: bf7c407c2cedff20999df2af8eb42d56 -> 
========================================================================
Received Prepare
Registering precompiled user dll's ...
Registered in 0,012157 seconds.
Begin MonoManager ReloadAssembly
Native extension for LinuxStandalone target not found
Refreshing native plugins compatible for Editor in 5,59 ms, found 352 plugins.
Plugins: Couldn't open Assets/Plugins/Linux/x86_64/libaction_msgs__python.so, error: libpython3.6m.so.1.0: cannot open shared object file: No such file or directory
Plugins: Couldn't open Assets/Plugins/Linux/x86_64/libbuiltin_interfaces__python.so, error: libpython3.6m.so.1.0: cannot open shared object file: No such file or directory
Plugins: Couldn't open Assets/Plugins/Linux/x86_64/libcan_msgs__python.so, error: libpython3.6m.so.1.0: cannot open shared object file: No such file or directory
Plugins: Couldn't open Assets/Plugins/Linux/x86_64/libcanopen_msgs__python.so, error: libpython3.6m.so.1.0: cannot open shared object file: No such file or directory
Plugins: Couldn't open Assets/Plugins/Linux/x86_64/libgeometry_msgs__python.so, error: libpython3.6m.so.1.0: cannot open shared object file: No such file or directory
Plugins: Couldn't open Assets/Plugins/Linux/x86_64/libnav_msgs__python.so, error: libpython3.6m.so.1.0: cannot open shared object file: No such file or directory
Plugins: Couldn't open Assets/Plugins/Linux/x86_64/librcl_interfaces__python.so, error: libpython3.6m.so.1.0: cannot open shared object file: No such file or directory
Plugins: Couldn't open Assets/Plugins/Linux/x86_64/libsensor_msgs__python.so, error: libpython3.6m.so.1.0: cannot open shared object file: No such file or directory
Plugins: Couldn't open Assets/Plugins/Linux/x86_64/libstd_msgs__python.so, error: libpython3.6m.so.1.0: cannot open shared object file: No such file or directory
Plugins: Couldn't open Assets/Plugins/Linux/x86_64/libswarm_msgs__python.so, error: libpython3.6m.so.1.0: cannot open shared object file: No such file or directory
Plugins: Couldn't open Assets/Plugins/Linux/x86_64/libtest_msgs__python.so, error: libpython3.6m.so.1.0: cannot open shared object file: No such file or directory
Plugins: Couldn't open Assets/Plugins/Linux/x86_64/libtf2_msgs__python.so, error: libpython3.6m.so.1.0: cannot open shared object file: No such file or directory
Plugins: Couldn't open Assets/Plugins/Linux/x86_64/libunique_identifier_msgs__python.so, error: libpython3.6m.so.1.0: cannot open shared object file: No such file or directory
Preloading 350 native plugins for Editor in 29,28 ms.
Mono: successfully reloaded assembly
- Completed reload, in  1,948 seconds
Domain Reload Profiling:
	ReloadAssembly (1949ms)
		BeginReloadAssembly (198ms)
			ExecutionOrderSort (0ms)
			DisableScriptedObjects (10ms)
			BackupInstance (0ms)
			ReleaseScriptingObjects (0ms)
			CreateAndSetChildDomain (64ms)
		EndReloadAssembly (1628ms)
			LoadAssemblies (180ms)
			RebuildTransferFunctionScriptingTraits (0ms)
			SetupTypeCache (503ms)
			ReleaseScriptCaches (1ms)
			RebuildScriptCaches (83ms)
			SetupLoadedEditorAssemblies (666ms)
				LogAssemblyErrors (0ms)
				InitializePlatformSupportModulesInManaged (9ms)
				SetLoadedEditorAssemblies (1ms)
				RefreshPlugins (35ms)
				BeforeProcessingInitializeOnLoad (83ms)
				ProcessInitializeOnLoadAttributes (511ms)
				ProcessInitializeOnLoadMethodAttributes (17ms)
				AfterProcessingInitializeOnLoad (9ms)
				EditorAssembliesLoaded (0ms)
			ExecutionOrderSort2 (0ms)
			AwakeInstancesAfterBackupRestoration (15ms)
Platform modules already initialized, skipping
Refreshing native plugins compatible for Editor in 5,77 ms, found 352 plugins.
Plugins: Couldn't open Assets/Plugins/Linux/x86_64/libaction_msgs__python.so, error: libpython3.6m.so.1.0: cannot open shared object file: No such file or directory
Plugins: Couldn't open Assets/Plugins/Linux/x86_64/libbuiltin_interfaces__python.so, error: libpython3.6m.so.1.0: cannot open shared object file: No such file or directory
Plugins: Couldn't open Assets/Plugins/Linux/x86_64/libcan_msgs__python.so, error: libpython3.6m.so.1.0: cannot open shared object file: No such file or directory
Plugins: Couldn't open Assets/Plugins/Linux/x86_64/libcanopen_msgs__python.so, error: libpython3.6m.so.1.0: cannot open shared object file: No such file or directory
Plugins: Couldn't open Assets/Plugins/Linux/x86_64/libgeometry_msgs__python.so, error: libpython3.6m.so.1.0: cannot open shared object file: No such file or directory
Plugins: Couldn't open Assets/Plugins/Linux/x86_64/libnav_msgs__python.so, error: libpython3.6m.so.1.0: cannot open shared object file: No such file or directory
Plugins: Couldn't open Assets/Plugins/Linux/x86_64/librcl_interfaces__python.so, error: libpython3.6m.so.1.0: cannot open shared object file: No such file or directory
Plugins: Couldn't open Assets/Plugins/Linux/x86_64/libsensor_msgs__python.so, error: libpython3.6m.so.1.0: cannot open shared object file: No such file or directory
Plugins: Couldn't open Assets/Plugins/Linux/x86_64/libstd_msgs__python.so, error: libpython3.6m.so.1.0: cannot open shared object file: No such file or directory
Plugins: Couldn't open Assets/Plugins/Linux/x86_64/libswarm_msgs__python.so, error: libpython3.6m.so.1.0: cannot open shared object file: No such file or directory
Plugins: Couldn't open Assets/Plugins/Linux/x86_64/libtest_msgs__python.so, error: libpython3.6m.so.1.0: cannot open shared object file: No such file or directory
Plugins: Couldn't open Assets/Plugins/Linux/x86_64/libtf2_msgs__python.so, error: libpython3.6m.so.1.0: cannot open shared object file: No such file or directory
Plugins: Couldn't open Assets/Plugins/Linux/x86_64/libunique_identifier_msgs__python.so, error: libpython3.6m.so.1.0: cannot open shared object file: No such file or directory
Preloading 350 native plugins for Editor in 27,88 ms.
Unloading 2004 Unused Serialized files (Serialized files now loaded: 0)
System memory in use before: 97,0 MB.
System memory in use after: 95,3 MB.

Unloading 384 unused Assets to reduce memory usage. Loaded Objects now: 2105.
Total: 8,635160 ms (FindLiveObjects: 0,240407 ms CreateObjectMapping: 0,109645 ms MarkObjects: 6,400428 ms  DeleteObjects: 1,882126 ms)

AssetImportParameters requested are different than current active one (requested -> active):
  custom:video-decoder-ogg-theora: a1e56fd34408186e4bbccfd4996cb3dc -> 
  custom:container-muxer-webm: aa71ff27fc2769a1b78a27578f13a17b -> 
  custom:container-demuxer-webm: 4f35f7cbe854078d1ac9338744f61a02 -> 
  custom:container-demuxer-ogg: 62fdf1f143b41e24485cea50d1cbac27 -> 
  custom:video-encoder-webm-vp8: eb34c28f22e8b96e1ab97ce403110664 -> 
  custom:video-decoder-webm-vp8: 9c59270c3fd7afecdb556c50c9e8de78 -> 
  custom:audio-decoder-ogg-vorbis: bf7c407c2cedff20999df2af8eb42d56 -> 
  custom:audio-encoder-webm-vorbis: bf7c407c2cedff20999df2af8eb42d56 -> 
========================================================================
Received Prepare
Registering precompiled user dll's ...
Registered in 0,012113 seconds.
Begin MonoManager ReloadAssembly
Native extension for LinuxStandalone target not found
Refreshing native plugins compatible for Editor in 9,10 ms, found 352 plugins.
Plugins: Couldn't open Assets/Plugins/Linux/x86_64/libaction_msgs__python.so, error: libpython3.6m.so.1.0: cannot open shared object file: No such file or directory
Plugins: Couldn't open Assets/Plugins/Linux/x86_64/libbuiltin_interfaces__python.so, error: libpython3.6m.so.1.0: cannot open shared object file: No such file or directory
Plugins: Couldn't open Assets/Plugins/Linux/x86_64/libcan_msgs__python.so, error: libpython3.6m.so.1.0: cannot open shared object file: No such file or directory
Plugins: Couldn't open Assets/Plugins/Linux/x86_64/libcanopen_msgs__python.so, error: libpython3.6m.so.1.0: cannot open shared object file: No such file or directory
Plugins: Couldn't open Assets/Plugins/Linux/x86_64/libgeometry_msgs__python.so, error: libpython3.6m.so.1.0: cannot open shared object file: No such file or directory
Plugins: Couldn't open Assets/Plugins/Linux/x86_64/libnav_msgs__python.so, error: libpython3.6m.so.1.0: cannot open shared object file: No such file or directory
Plugins: Couldn't open Assets/Plugins/Linux/x86_64/librcl_interfaces__python.so, error: libpython3.6m.so.1.0: cannot open shared object file: No such file or directory
Plugins: Couldn't open Assets/Plugins/Linux/x86_64/libsensor_msgs__python.so, error: libpython3.6m.so.1.0: cannot open shared object file: No such file or directory
Plugins: Couldn't open Assets/Plugins/Linux/x86_64/libstd_msgs__python.so, error: libpython3.6m.so.1.0: cannot open shared object file: No such file or directory
Plugins: Couldn't open Assets/Plugins/Linux/x86_64/libswarm_msgs__python.so, error: libpython3.6m.so.1.0: cannot open shared object file: No such file or directory
Plugins: Couldn't open Assets/Plugins/Linux/x86_64/libtest_msgs__python.so, error: libpython3.6m.so.1.0: cannot open shared object file: No such file or directory
Plugins: Couldn't open Assets/Plugins/Linux/x86_64/libtf2_msgs__python.so, error: libpython3.6m.so.1.0: cannot open shared object file: No such file or directory
Plugins: Couldn't open Assets/Plugins/Linux/x86_64/libunique_identifier_msgs__python.so, error: libpython3.6m.so.1.0: cannot open shared object file: No such file or directory
Preloading 350 native plugins for Editor in 31,50 ms.
Mono: successfully reloaded assembly
- Completed reload, in  1,914 seconds
Domain Reload Profiling:
	ReloadAssembly (1915ms)
		BeginReloadAssembly (213ms)
			ExecutionOrderSort (0ms)
			DisableScriptedObjects (8ms)
			BackupInstance (0ms)
			ReleaseScriptingObjects (0ms)
			CreateAndSetChildDomain (72ms)
		EndReloadAssembly (1583ms)
			LoadAssemblies (186ms)
			RebuildTransferFunctionScriptingTraits (0ms)
			SetupTypeCache (518ms)
			ReleaseScriptCaches (1ms)
			RebuildScriptCaches (76ms)
			SetupLoadedEditorAssemblies (627ms)
				LogAssemblyErrors (0ms)
				InitializePlatformSupportModulesInManaged (13ms)
				SetLoadedEditorAssemblies (1ms)
				RefreshPlugins (41ms)
				BeforeProcessingInitializeOnLoad (103ms)
				ProcessInitializeOnLoadAttributes (446ms)
				ProcessInitializeOnLoadMethodAttributes (15ms)
				AfterProcessingInitializeOnLoad (8ms)
				EditorAssembliesLoaded (1ms)
			ExecutionOrderSort2 (0ms)
			AwakeInstancesAfterBackupRestoration (12ms)
Platform modules already initialized, skipping
Refreshing native plugins compatible for Editor in 6,30 ms, found 352 plugins.
Plugins: Couldn't open Assets/Plugins/Linux/x86_64/libaction_msgs__python.so, error: libpython3.6m.so.1.0: cannot open shared object file: No such file or directory
Plugins: Couldn't open Assets/Plugins/Linux/x86_64/libbuiltin_interfaces__python.so, error: libpython3.6m.so.1.0: cannot open shared object file: No such file or directory
Plugins: Couldn't open Assets/Plugins/Linux/x86_64/libcan_msgs__python.so, error: libpython3.6m.so.1.0: cannot open shared object file: No such file or directory
Plugins: Couldn't open Assets/Plugins/Linux/x86_64/libcanopen_msgs__python.so, error: libpython3.6m.so.1.0: cannot open shared object file: No such file or directory
Plugins: Couldn't open Assets/Plugins/Linux/x86_64/libgeometry_msgs__python.so, error: libpython3.6m.so.1.0: cannot open shared object file: No such file or directory
Plugins: Couldn't open Assets/Plugins/Linux/x86_64/libnav_msgs__python.so, error: libpython3.6m.so.1.0: cannot open shared object file: No such file or directory
Plugins: Couldn't open Assets/Plugins/Linux/x86_64/librcl_interfaces__python.so, error: libpython3.6m.so.1.0: cannot open shared object file: No such file or directory
Plugins: Couldn't open Assets/Plugins/Linux/x86_64/libsensor_msgs__python.so, error: libpython3.6m.so.1.0: cannot open shared object file: No such file or directory
Plugins: Couldn't open Assets/Plugins/Linux/x86_64/libstd_msgs__python.so, error: libpython3.6m.so.1.0: cannot open shared object file: No such file or directory
Plugins: Couldn't open Assets/Plugins/Linux/x86_64/libswarm_msgs__python.so, error: libpython3.6m.so.1.0: cannot open shared object file: No such file or directory
Plugins: Couldn't open Assets/Plugins/Linux/x86_64/libtest_msgs__python.so, error: libpython3.6m.so.1.0: cannot open shared object file: No such file or directory
Plugins: Couldn't open Assets/Plugins/Linux/x86_64/libtf2_msgs__python.so, error: libpython3.6m.so.1.0: cannot open shared object file: No such file or directory
Plugins: Couldn't open Assets/Plugins/Linux/x86_64/libunique_identifier_msgs__python.so, error: libpython3.6m.so.1.0: cannot open shared object file: No such file or directory
Preloading 350 native plugins for Editor in 27,66 ms.
Unloading 2004 Unused Serialized files (Serialized files now loaded: 0)
System memory in use before: 97,1 MB.
System memory in use after: 95,3 MB.

Unloading 384 unused Assets to reduce memory usage. Loaded Objects now: 2108.
Total: 9,996945 ms (FindLiveObjects: 0,210593 ms CreateObjectMapping: 0,148304 ms MarkObjects: 7,866304 ms  DeleteObjects: 1,767724 ms)

AssetImportParameters requested are different than current active one (requested -> active):
  custom:video-decoder-ogg-theora: a1e56fd34408186e4bbccfd4996cb3dc -> 
  custom:container-muxer-webm: aa71ff27fc2769a1b78a27578f13a17b -> 
  custom:container-demuxer-webm: 4f35f7cbe854078d1ac9338744f61a02 -> 
  custom:container-demuxer-ogg: 62fdf1f143b41e24485cea50d1cbac27 -> 
  custom:video-encoder-webm-vp8: eb34c28f22e8b96e1ab97ce403110664 -> 
  custom:video-decoder-webm-vp8: 9c59270c3fd7afecdb556c50c9e8de78 -> 
  custom:audio-decoder-ogg-vorbis: bf7c407c2cedff20999df2af8eb42d56 -> 
  custom:audio-encoder-webm-vorbis: bf7c407c2cedff20999df2af8eb42d56 -> 
========================================================================
Received Prepare
Registering precompiled user dll's ...
Registered in 0,008273 seconds.
Begin MonoManager ReloadAssembly
Native extension for LinuxStandalone target not found
Refreshing native plugins compatible for Editor in 3,78 ms, found 352 plugins.
Plugins: Couldn't open Assets/Plugins/Linux/x86_64/libaction_msgs__python.so, error: libpython3.6m.so.1.0: cannot open shared object file: No such file or directory
Plugins: Couldn't open Assets/Plugins/Linux/x86_64/libbuiltin_interfaces__python.so, error: libpython3.6m.so.1.0: cannot open shared object file: No such file or directory
Plugins: Couldn't open Assets/Plugins/Linux/x86_64/libcan_msgs__python.so, error: libpython3.6m.so.1.0: cannot open shared object file: No such file or directory
Plugins: Couldn't open Assets/Plugins/Linux/x86_64/libcanopen_msgs__python.so, error: libpython3.6m.so.1.0: cannot open shared object file: No such file or directory
Plugins: Couldn't open Assets/Plugins/Linux/x86_64/libgeometry_msgs__python.so, error: libpython3.6m.so.1.0: cannot open shared object file: No such file or directory
Plugins: Couldn't open Assets/Plugins/Linux/x86_64/libnav_msgs__python.so, error: libpython3.6m.so.1.0: cannot open shared object file: No such file or directory
Plugins: Couldn't open Assets/Plugins/Linux/x86_64/librcl_interfaces__python.so, error: libpython3.6m.so.1.0: cannot open shared object file: No such file or directory
Plugins: Couldn't open Assets/Plugins/Linux/x86_64/libsensor_msgs__python.so, error: libpython3.6m.so.1.0: cannot open shared object file: No such file or directory
Plugins: Couldn't open Assets/Plugins/Linux/x86_64/libstd_msgs__python.so, error: libpython3.6m.so.1.0: cannot open shared object file: No such file or directory
Plugins: Couldn't open Assets/Plugins/Linux/x86_64/libswarm_msgs__python.so, error: libpython3.6m.so.1.0: cannot open shared object file: No such file or directory
Plugins: Couldn't open Assets/Plugins/Linux/x86_64/libtest_msgs__python.so, error: libpython3.6m.so.1.0: cannot open shared object file: No such file or directory
Plugins: Couldn't open Assets/Plugins/Linux/x86_64/libtf2_msgs__python.so, error: libpython3.6m.so.1.0: cannot open shared object file: No such file or directory
Plugins: Couldn't open Assets/Plugins/Linux/x86_64/libunique_identifier_msgs__python.so, error: libpython3.6m.so.1.0: cannot open shared object file: No such file or directory
Preloading 350 native plugins for Editor in 18,18 ms.
Mono: successfully reloaded assembly
- Completed reload, in  1,192 seconds
Domain Reload Profiling:
	ReloadAssembly (1192ms)
		BeginReloadAssembly (138ms)
			ExecutionOrderSort (0ms)
			DisableScriptedObjects (6ms)
			BackupInstance (0ms)
			ReleaseScriptingObjects (0ms)
			CreateAndSetChildDomain (38ms)
		EndReloadAssembly (982ms)
			LoadAssemblies (114ms)
			RebuildTransferFunctionScriptingTraits (0ms)
			SetupTypeCache (333ms)
			ReleaseScriptCaches (1ms)
			RebuildScriptCaches (52ms)
			SetupLoadedEditorAssemblies (371ms)
				LogAssemblyErrors (0ms)
				InitializePlatformSupportModulesInManaged (5ms)
				SetLoadedEditorAssemblies (1ms)
				RefreshPlugins (22ms)
				BeforeProcessingInitializeOnLoad (58ms)
				ProcessInitializeOnLoadAttributes (270ms)
				ProcessInitializeOnLoadMethodAttributes (9ms)
				AfterProcessingInitializeOnLoad (5ms)
				EditorAssembliesLoaded (0ms)
			ExecutionOrderSort2 (0ms)
			AwakeInstancesAfterBackupRestoration (8ms)
Platform modules already initialized, skipping
Refreshing native plugins compatible for Editor in 3,80 ms, found 352 plugins.
Plugins: Couldn't open Assets/Plugins/Linux/x86_64/libaction_msgs__python.so, error: libpython3.6m.so.1.0: cannot open shared object file: No such file or directory
Plugins: Couldn't open Assets/Plugins/Linux/x86_64/libbuiltin_interfaces__python.so, error: libpython3.6m.so.1.0: cannot open shared object file: No such file or directory
Plugins: Couldn't open Assets/Plugins/Linux/x86_64/libcan_msgs__python.so, error: libpython3.6m.so.1.0: cannot open shared object file: No such file or directory
Plugins: Couldn't open Assets/Plugins/Linux/x86_64/libcanopen_msgs__python.so, error: libpython3.6m.so.1.0: cannot open shared object file: No such file or directory
Plugins: Couldn't open Assets/Plugins/Linux/x86_64/libgeometry_msgs__python.so, error: libpython3.6m.so.1.0: cannot open shared object file: No such file or directory
Plugins: Couldn't open Assets/Plugins/Linux/x86_64/libnav_msgs__python.so, error: libpython3.6m.so.1.0: cannot open shared object file: No such file or directory
Plugins: Couldn't open Assets/Plugins/Linux/x86_64/librcl_interfaces__python.so, error: libpython3.6m.so.1.0: cannot open shared object file: No such file or directory
Plugins: Couldn't open Assets/Plugins/Linux/x86_64/libsensor_msgs__python.so, error: libpython3.6m.so.1.0: cannot open shared object file: No such file or directory
Plugins: Couldn't open Assets/Plugins/Linux/x86_64/libstd_msgs__python.so, error: libpython3.6m.so.1.0: cannot open shared object file: No such file or directory
Plugins: Couldn't open Assets/Plugins/Linux/x86_64/libswarm_msgs__python.so, error: libpython3.6m.so.1.0: cannot open shared object file: No such file or directory
Plugins: Couldn't open Assets/Plugins/Linux/x86_64/libtest_msgs__python.so, error: libpython3.6m.so.1.0: cannot open shared object file: No such file or directory
Plugins: Couldn't open Assets/Plugins/Linux/x86_64/libtf2_msgs__python.so, error: libpython3.6m.so.1.0: cannot open shared object file: No such file or directory
Plugins: Couldn't open Assets/Plugins/Linux/x86_64/libunique_identifier_msgs__python.so, error: libpython3.6m.so.1.0: cannot open shared object file: No such file or directory
Preloading 350 native plugins for Editor in 17,97 ms.
Unloading 2004 Unused Serialized files (Serialized files now loaded: 0)
System memory in use before: 97,1 MB.
System memory in use after: 95,3 MB.

Unloading 384 unused Assets to reduce memory usage. Loaded Objects now: 2111.
Total: 6,446261 ms (FindLiveObjects: 0,175699 ms CreateObjectMapping: 0,071407 ms MarkObjects: 5,177196 ms  DeleteObjects: 1,020709 ms)

AssetImportParameters requested are different than current active one (requested -> active):
  custom:video-decoder-ogg-theora: a1e56fd34408186e4bbccfd4996cb3dc -> 
  custom:container-muxer-webm: aa71ff27fc2769a1b78a27578f13a17b -> 
  custom:container-demuxer-webm: 4f35f7cbe854078d1ac9338744f61a02 -> 
  custom:container-demuxer-ogg: 62fdf1f143b41e24485cea50d1cbac27 -> 
  custom:video-encoder-webm-vp8: eb34c28f22e8b96e1ab97ce403110664 -> 
  custom:video-decoder-webm-vp8: 9c59270c3fd7afecdb556c50c9e8de78 -> 
  custom:audio-decoder-ogg-vorbis: bf7c407c2cedff20999df2af8eb42d56 -> 
  custom:audio-encoder-webm-vorbis: bf7c407c2cedff20999df2af8eb42d56 -> 
========================================================================
Received Prepare
Registering precompiled user dll's ...
Registered in 0,012308 seconds.
Begin MonoManager ReloadAssembly
Native extension for LinuxStandalone target not found
Refreshing native plugins compatible for Editor in 6,43 ms, found 352 plugins.
Plugins: Couldn't open Assets/Plugins/Linux/x86_64/libaction_msgs__python.so, error: libpython3.6m.so.1.0: cannot open shared object file: No such file or directory
Plugins: Couldn't open Assets/Plugins/Linux/x86_64/libbuiltin_interfaces__python.so, error: libpython3.6m.so.1.0: cannot open shared object file: No such file or directory
Plugins: Couldn't open Assets/Plugins/Linux/x86_64/libcan_msgs__python.so, error: libpython3.6m.so.1.0: cannot open shared object file: No such file or directory
Plugins: Couldn't open Assets/Plugins/Linux/x86_64/libcanopen_msgs__python.so, error: libpython3.6m.so.1.0: cannot open shared object file: No such file or directory
Plugins: Couldn't open Assets/Plugins/Linux/x86_64/libgeometry_msgs__python.so, error: libpython3.6m.so.1.0: cannot open shared object file: No such file or directory
Plugins: Couldn't open Assets/Plugins/Linux/x86_64/libnav_msgs__python.so, error: libpython3.6m.so.1.0: cannot open shared object file: No such file or directory
Plugins: Couldn't open Assets/Plugins/Linux/x86_64/librcl_interfaces__python.so, error: libpython3.6m.so.1.0: cannot open shared object file: No such file or directory
Plugins: Couldn't open Assets/Plugins/Linux/x86_64/libsensor_msgs__python.so, error: libpython3.6m.so.1.0: cannot open shared object file: No such file or directory
Plugins: Couldn't open Assets/Plugins/Linux/x86_64/libstd_msgs__python.so, error: libpython3.6m.so.1.0: cannot open shared object file: No such file or directory
Plugins: Couldn't open Assets/Plugins/Linux/x86_64/libswarm_msgs__python.so, error: libpython3.6m.so.1.0: cannot open shared object file: No such file or directory
Plugins: Couldn't open Assets/Plugins/Linux/x86_64/libtest_msgs__python.so, error: libpython3.6m.so.1.0: cannot open shared object file: No such file or directory
Plugins: Couldn't open Assets/Plugins/Linux/x86_64/libtf2_msgs__python.so, error: libpython3.6m.so.1.0: cannot open shared object file: No such file or directory
Plugins: Couldn't open Assets/Plugins/Linux/x86_64/libunique_identifier_msgs__python.so, error: libpython3.6m.so.1.0: cannot open shared object file: No such file or directory
Preloading 350 native plugins for Editor in 31,59 ms.
Mono: successfully reloaded assembly
- Completed reload, in  1,978 seconds
Domain Reload Profiling:
	ReloadAssembly (1979ms)
		BeginReloadAssembly (189ms)
			ExecutionOrderSort (0ms)
			DisableScriptedObjects (8ms)
			BackupInstance (0ms)
			ReleaseScriptingObjects (0ms)
			CreateAndSetChildDomain (63ms)
		EndReloadAssembly (1668ms)
			LoadAssemblies (182ms)
			RebuildTransferFunctionScriptingTraits (0ms)
			SetupTypeCache (552ms)
			ReleaseScriptCaches (1ms)
			RebuildScriptCaches (87ms)
			SetupLoadedEditorAssemblies (635ms)
				LogAssemblyErrors (0ms)
				InitializePlatformSupportModulesInManaged (9ms)
				SetLoadedEditorAssemblies (1ms)
				RefreshPlugins (38ms)
				BeforeProcessingInitializeOnLoad (93ms)
				ProcessInitializeOnLoadAttributes (468ms)
				ProcessInitializeOnLoadMethodAttributes (16ms)
				AfterProcessingInitializeOnLoad (9ms)
				EditorAssembliesLoaded (1ms)
			ExecutionOrderSort2 (0ms)
			AwakeInstancesAfterBackupRestoration (14ms)
Platform modules already initialized, skipping
Refreshing native plugins compatible for Editor in 5,81 ms, found 352 plugins.
Plugins: Couldn't open Assets/Plugins/Linux/x86_64/libaction_msgs__python.so, error: libpython3.6m.so.1.0: cannot open shared object file: No such file or directory
Plugins: Couldn't open Assets/Plugins/Linux/x86_64/libbuiltin_interfaces__python.so, error: libpython3.6m.so.1.0: cannot open shared object file: No such file or directory
Plugins: Couldn't open Assets/Plugins/Linux/x86_64/libcan_msgs__python.so, error: libpython3.6m.so.1.0: cannot open shared object file: No such file or directory
Plugins: Couldn't open Assets/Plugins/Linux/x86_64/libcanopen_msgs__python.so, error: libpython3.6m.so.1.0: cannot open shared object file: No such file or directory
Plugins: Couldn't open Assets/Plugins/Linux/x86_64/libgeometry_msgs__python.so, error: libpython3.6m.so.1.0: cannot open shared object file: No such file or directory
Plugins: Couldn't open Assets/Plugins/Linux/x86_64/libnav_msgs__python.so, error: libpython3.6m.so.1.0: cannot open shared object file: No such file or directory
Plugins: Couldn't open Assets/Plugins/Linux/x86_64/librcl_interfaces__python.so, error: libpython3.6m.so.1.0: cannot open shared object file: No such file or directory
Plugins: Couldn't open Assets/Plugins/Linux/x86_64/libsensor_msgs__python.so, error: libpython3.6m.so.1.0: cannot open shared object file: No such file or directory
Plugins: Couldn't open Assets/Plugins/Linux/x86_64/libstd_msgs__python.so, error: libpython3.6m.so.1.0: cannot open shared object file: No such file or directory
Plugins: Couldn't open Assets/Plugins/Linux/x86_64/libswarm_msgs__python.so, error: libpython3.6m.so.1.0: cannot open shared object file: No such file or directory
Plugins: Couldn't open Assets/Plugins/Linux/x86_64/libtest_msgs__python.so, error: libpython3.6m.so.1.0: cannot open shared object file: No such file or directory
Plugins: Couldn't open Assets/Plugins/Linux/x86_64/libtf2_msgs__python.so, error: libpython3.6m.so.1.0: cannot open shared object file: No such file or directory
Plugins: Couldn't open Assets/Plugins/Linux/x86_64/libunique_identifier_msgs__python.so, error: libpython3.6m.so.1.0: cannot open shared object file: No such file or directory
Preloading 350 native plugins for Editor in 30,61 ms.
Unloading 2004 Unused Serialized files (Serialized files now loaded: 0)
System memory in use before: 97,1 MB.
System memory in use after: 95,3 MB.

Unloading 384 unused Assets to reduce memory usage. Loaded Objects now: 2114.
Total: 11,618863 ms (FindLiveObjects: 0,540168 ms CreateObjectMapping: 0,329047 ms MarkObjects: 8,743493 ms  DeleteObjects: 2,002880 ms)

AssetImportParameters requested are different than current active one (requested -> active):
  custom:video-decoder-ogg-theora: a1e56fd34408186e4bbccfd4996cb3dc -> 
  custom:container-muxer-webm: aa71ff27fc2769a1b78a27578f13a17b -> 
  custom:container-demuxer-webm: 4f35f7cbe854078d1ac9338744f61a02 -> 
  custom:container-demuxer-ogg: 62fdf1f143b41e24485cea50d1cbac27 -> 
  custom:video-encoder-webm-vp8: eb34c28f22e8b96e1ab97ce403110664 -> 
  custom:video-decoder-webm-vp8: 9c59270c3fd7afecdb556c50c9e8de78 -> 
  custom:audio-decoder-ogg-vorbis: bf7c407c2cedff20999df2af8eb42d56 -> 
  custom:audio-encoder-webm-vorbis: bf7c407c2cedff20999df2af8eb42d56 -> 
========================================================================
Received Prepare
Registering precompiled user dll's ...
Registered in 0,009721 seconds.
Begin MonoManager ReloadAssembly
Native extension for LinuxStandalone target not found
Refreshing native plugins compatible for Editor in 5,38 ms, found 352 plugins.
Plugins: Couldn't open Assets/Plugins/Linux/x86_64/libaction_msgs__python.so, error: libpython3.6m.so.1.0: cannot open shared object file: No such file or directory
Plugins: Couldn't open Assets/Plugins/Linux/x86_64/libbuiltin_interfaces__python.so, error: libpython3.6m.so.1.0: cannot open shared object file: No such file or directory
Plugins: Couldn't open Assets/Plugins/Linux/x86_64/libcan_msgs__python.so, error: libpython3.6m.so.1.0: cannot open shared object file: No such file or directory
Plugins: Couldn't open Assets/Plugins/Linux/x86_64/libcanopen_msgs__python.so, error: libpython3.6m.so.1.0: cannot open shared object file: No such file or directory
Plugins: Couldn't open Assets/Plugins/Linux/x86_64/libgeometry_msgs__python.so, error: libpython3.6m.so.1.0: cannot open shared object file: No such file or directory
Plugins: Couldn't open Assets/Plugins/Linux/x86_64/libnav_msgs__python.so, error: libpython3.6m.so.1.0: cannot open shared object file: No such file or directory
Plugins: Couldn't open Assets/Plugins/Linux/x86_64/librcl_interfaces__python.so, error: libpython3.6m.so.1.0: cannot open shared object file: No such file or directory
Plugins: Couldn't open Assets/Plugins/Linux/x86_64/libsensor_msgs__python.so, error: libpython3.6m.so.1.0: cannot open shared object file: No such file or directory
Plugins: Couldn't open Assets/Plugins/Linux/x86_64/libstd_msgs__python.so, error: libpython3.6m.so.1.0: cannot open shared object file: No such file or directory
Plugins: Couldn't open Assets/Plugins/Linux/x86_64/libswarm_msgs__python.so, error: libpython3.6m.so.1.0: cannot open shared object file: No such file or directory
Plugins: Couldn't open Assets/Plugins/Linux/x86_64/libtest_msgs__python.so, error: libpython3.6m.so.1.0: cannot open shared object file: No such file or directory
Plugins: Couldn't open Assets/Plugins/Linux/x86_64/libtf2_msgs__python.so, error: libpython3.6m.so.1.0: cannot open shared object file: No such file or directory
Plugins: Couldn't open Assets/Plugins/Linux/x86_64/libunique_identifier_msgs__python.so, error: libpython3.6m.so.1.0: cannot open shared object file: No such file or directory
Preloading 350 native plugins for Editor in 29,02 ms.
Mono: successfully reloaded assembly
- Completed reload, in  1,819 seconds
Domain Reload Profiling:
	ReloadAssembly (1820ms)
		BeginReloadAssembly (182ms)
			ExecutionOrderSort (0ms)
			DisableScriptedObjects (8ms)
			BackupInstance (0ms)
			ReleaseScriptingObjects (0ms)
			CreateAndSetChildDomain (61ms)
		EndReloadAssembly (1535ms)
			LoadAssemblies (166ms)
			RebuildTransferFunctionScriptingTraits (0ms)
			SetupTypeCache (513ms)
			ReleaseScriptCaches (1ms)
			RebuildScriptCaches (75ms)
			SetupLoadedEditorAssemblies (590ms)
				LogAssemblyErrors (0ms)
				InitializePlatformSupportModulesInManaged (10ms)
				SetLoadedEditorAssemblies (1ms)
				RefreshPlugins (35ms)
				BeforeProcessingInitializeOnLoad (86ms)
				ProcessInitializeOnLoadAttributes (436ms)
				ProcessInitializeOnLoadMethodAttributes (15ms)
				AfterProcessingInitializeOnLoad (8ms)
				EditorAssembliesLoaded (1ms)
			ExecutionOrderSort2 (0ms)
			AwakeInstancesAfterBackupRestoration (12ms)
Platform modules already initialized, skipping
Refreshing native plugins compatible for Editor in 5,90 ms, found 352 plugins.
Plugins: Couldn't open Assets/Plugins/Linux/x86_64/libaction_msgs__python.so, error: libpython3.6m.so.1.0: cannot open shared object file: No such file or directory
Plugins: Couldn't open Assets/Plugins/Linux/x86_64/libbuiltin_interfaces__python.so, error: libpython3.6m.so.1.0: cannot open shared object file: No such file or directory
Plugins: Couldn't open Assets/Plugins/Linux/x86_64/libcan_msgs__python.so, error: libpython3.6m.so.1.0: cannot open shared object file: No such file or directory
Plugins: Couldn't open Assets/Plugins/Linux/x86_64/libcanopen_msgs__python.so, error: libpython3.6m.so.1.0: cannot open shared object file: No such file or directory
Plugins: Couldn't open Assets/Plugins/Linux/x86_64/libgeometry_msgs__python.so, error: libpython3.6m.so.1.0: cannot open shared object file: No such file or directory
Plugins: Couldn't open Assets/Plugins/Linux/x86_64/libnav_msgs__python.so, error: libpython3.6m.so.1.0: cannot open shared object file: No such file or directory
Plugins: Couldn't open Assets/Plugins/Linux/x86_64/librcl_interfaces__python.so, error: libpython3.6m.so.1.0: cannot open shared object file: No such file or directory
Plugins: Couldn't open Assets/Plugins/Linux/x86_64/libsensor_msgs__python.so, error: libpython3.6m.so.1.0: cannot open shared object file: No such file or directory
Plugins: Couldn't open Assets/Plugins/Linux/x86_64/libstd_msgs__python.so, error: libpython3.6m.so.1.0: cannot open shared object file: No such file or directory
Plugins: Couldn't open Assets/Plugins/Linux/x86_64/libswarm_msgs__python.so, error: libpython3.6m.so.1.0: cannot open shared object file: No such file or directory
Plugins: Couldn't open Assets/Plugins/Linux/x86_64/libtest_msgs__python.so, error: libpython3.6m.so.1.0: cannot open shared object file: No such file or directory
Plugins: Couldn't open Assets/Plugins/Linux/x86_64/libtf2_msgs__python.so, error: libpython3.6m.so.1.0: cannot open shared object file: No such file or directory
Plugins: Couldn't open Assets/Plugins/Linux/x86_64/libunique_identifier_msgs__python.so, error: libpython3.6m.so.1.0: cannot open shared object file: No such file or directory
Preloading 350 native plugins for Editor in 32,59 ms.
Unloading 2004 Unused Serialized files (Serialized files now loaded: 0)
System memory in use before: 97,1 MB.
System memory in use after: 95,3 MB.

Unloading 384 unused Assets to reduce memory usage. Loaded Objects now: 2117.
Total: 8,767171 ms (FindLiveObjects: 0,259241 ms CreateObjectMapping: 0,124124 ms MarkObjects: 6,936265 ms  DeleteObjects: 1,445573 ms)

AssetImportParameters requested are different than current active one (requested -> active):
  custom:video-decoder-ogg-theora: a1e56fd34408186e4bbccfd4996cb3dc -> 
  custom:container-muxer-webm: aa71ff27fc2769a1b78a27578f13a17b -> 
  custom:container-demuxer-webm: 4f35f7cbe854078d1ac9338744f61a02 -> 
  custom:container-demuxer-ogg: 62fdf1f143b41e24485cea50d1cbac27 -> 
  custom:video-encoder-webm-vp8: eb34c28f22e8b96e1ab97ce403110664 -> 
  custom:video-decoder-webm-vp8: 9c59270c3fd7afecdb556c50c9e8de78 -> 
  custom:audio-decoder-ogg-vorbis: bf7c407c2cedff20999df2af8eb42d56 -> 
  custom:audio-encoder-webm-vorbis: bf7c407c2cedff20999df2af8eb42d56 -> 
AssetImportWorkerClient::OnTransportError - code=2 error=End of file
