[2.189s] Invoking command in '/home/nicola/mobileRobotics/colcon_ws/src/turtlebot3_HighLevelControl': PYTHONPATH=/home/nicola/mobileRobotics/colcon_ws/install/turtlebot3_HighLevelControl/lib/python3.8/site-packages:${PYTHONPATH} /usr/bin/python3 setup.py egg_info --egg-base ../../build/turtlebot3_HighLevelControl build --build-base /home/nicola/mobileRobotics/colcon_ws/build/turtlebot3_HighLevelControl/build install --prefix /home/nicola/mobileRobotics/colcon_ws/install/turtlebot3_HighLevelControl --record /home/nicola/mobileRobotics/colcon_ws/build/turtlebot3_HighLevelControl/install.log --single-version-externally-managed
[2.597s] running egg_info
[2.598s] writing ../../build/turtlebot3_HighLevelControl/turtlebot3_HighLevelControl.egg-info/PKG-INFO
[2.598s] writing dependency_links to ../../build/turtlebot3_HighLevelControl/turtlebot3_HighLevelControl.egg-info/dependency_links.txt
[2.598s] writing entry points to ../../build/turtlebot3_HighLevelControl/turtlebot3_HighLevelControl.egg-info/entry_points.txt
[2.599s] writing requirements to ../../build/turtlebot3_HighLevelControl/turtlebot3_HighLevelControl.egg-info/requires.txt
[2.599s] writing top-level names to ../../build/turtlebot3_HighLevelControl/turtlebot3_HighLevelControl.egg-info/top_level.txt
[2.649s] reading manifest file '../../build/turtlebot3_HighLevelControl/turtlebot3_HighLevelControl.egg-info/SOURCES.txt'
[2.650s] writing manifest file '../../build/turtlebot3_HighLevelControl/turtlebot3_HighLevelControl.egg-info/SOURCES.txt'
[2.650s] running build
[2.650s] running build_py
[2.650s] copying turtlebot3_HighLevelControl/highLevelControl.py -> /home/nicola/mobileRobotics/colcon_ws/build/turtlebot3_HighLevelControl/build/lib/turtlebot3_HighLevelControl
[2.651s] running install
[2.652s] running install_lib
[2.653s] copying /home/nicola/mobileRobotics/colcon_ws/build/turtlebot3_HighLevelControl/build/lib/turtlebot3_HighLevelControl/highLevelControl.py -> /home/nicola/mobileRobotics/colcon_ws/install/turtlebot3_HighLevelControl/lib/python3.8/site-packages/turtlebot3_HighLevelControl
[2.653s] byte-compiling /home/nicola/mobileRobotics/colcon_ws/install/turtlebot3_HighLevelControl/lib/python3.8/site-packages/turtlebot3_HighLevelControl/highLevelControl.py to highLevelControl.cpython-38.pyc
[2.656s] running install_data
[2.657s] running install_egg_info
[2.658s] removing '/home/nicola/mobileRobotics/colcon_ws/install/turtlebot3_HighLevelControl/lib/python3.8/site-packages/turtlebot3_HighLevelControl-0.0.0-py3.8.egg-info' (and everything under it)
[2.659s] Copying ../../build/turtlebot3_HighLevelControl/turtlebot3_HighLevelControl.egg-info to /home/nicola/mobileRobotics/colcon_ws/install/turtlebot3_HighLevelControl/lib/python3.8/site-packages/turtlebot3_HighLevelControl-0.0.0-py3.8.egg-info
[2.660s] running install_scripts
[2.681s] Installing turtlebot3_HighLevelControl script to /home/nicola/mobileRobotics/colcon_ws/install/turtlebot3_HighLevelControl/lib/turtlebot3_HighLevelControl
[2.682s] writing list of installed files to '/home/nicola/mobileRobotics/colcon_ws/build/turtlebot3_HighLevelControl/install.log'
[2.711s] Invoked command in '/home/nicola/mobileRobotics/colcon_ws/src/turtlebot3_HighLevelControl' returned '0': PYTHONPATH=/home/nicola/mobileRobotics/colcon_ws/install/turtlebot3_HighLevelControl/lib/python3.8/site-packages:${PYTHONPATH} /usr/bin/python3 setup.py egg_info --egg-base ../../build/turtlebot3_HighLevelControl build --build-base /home/nicola/mobileRobotics/colcon_ws/build/turtlebot3_HighLevelControl/build install --prefix /home/nicola/mobileRobotics/colcon_ws/install/turtlebot3_HighLevelControl --record /home/nicola/mobileRobotics/colcon_ws/build/turtlebot3_HighLevelControl/install.log --single-version-externally-managed
