[1.485s] Invoking command in '/home/nicola/mobileRobotics/colcon_ws/src/turtlebot3_NavSLAM': PYTHONPATH=/home/nicola/mobileRobotics/colcon_ws/install/turtlebot3_NavSLAM/lib/python3.8/site-packages:${PYTHONPATH} /usr/bin/python3 setup.py egg_info --egg-base ../../build/turtlebot3_NavSLAM build --build-base /home/nicola/mobileRobotics/colcon_ws/build/turtlebot3_NavSLAM/build install --prefix /home/nicola/mobileRobotics/colcon_ws/install/turtlebot3_NavSLAM --record /home/nicola/mobileRobotics/colcon_ws/build/turtlebot3_NavSLAM/install.log --single-version-externally-managed
[1.762s] running egg_info
[1.763s] writing ../../build/turtlebot3_NavSLAM/turtlebot3_NavSLAM.egg-info/PKG-INFO
[1.763s] writing dependency_links to ../../build/turtlebot3_NavSLAM/turtlebot3_NavSLAM.egg-info/dependency_links.txt
[1.764s] writing entry points to ../../build/turtlebot3_NavSLAM/turtlebot3_NavSLAM.egg-info/entry_points.txt
[1.764s] writing requirements to ../../build/turtlebot3_NavSLAM/turtlebot3_NavSLAM.egg-info/requires.txt
[1.764s] writing top-level names to ../../build/turtlebot3_NavSLAM/turtlebot3_NavSLAM.egg-info/top_level.txt
[1.814s] reading manifest file '../../build/turtlebot3_NavSLAM/turtlebot3_NavSLAM.egg-info/SOURCES.txt'
[1.815s] writing manifest file '../../build/turtlebot3_NavSLAM/turtlebot3_NavSLAM.egg-info/SOURCES.txt'
[1.815s] running build
[1.815s] running build_py
[1.815s] running install
[1.817s] running install_lib
[1.818s] running install_data
[1.819s] running install_egg_info
[1.822s] removing '/home/nicola/mobileRobotics/colcon_ws/install/turtlebot3_NavSLAM/lib/python3.8/site-packages/turtlebot3_NavSLAM-0.0.0-py3.8.egg-info' (and everything under it)
[1.822s] Copying ../../build/turtlebot3_NavSLAM/turtlebot3_NavSLAM.egg-info to /home/nicola/mobileRobotics/colcon_ws/install/turtlebot3_NavSLAM/lib/python3.8/site-packages/turtlebot3_NavSLAM-0.0.0-py3.8.egg-info
[1.823s] running install_scripts
[1.848s] writing list of installed files to '/home/nicola/mobileRobotics/colcon_ws/build/turtlebot3_NavSLAM/install.log'
[1.875s] Invoked command in '/home/nicola/mobileRobotics/colcon_ws/src/turtlebot3_NavSLAM' returned '0': PYTHONPATH=/home/nicola/mobileRobotics/colcon_ws/install/turtlebot3_NavSLAM/lib/python3.8/site-packages:${PYTHONPATH} /usr/bin/python3 setup.py egg_info --egg-base ../../build/turtlebot3_NavSLAM build --build-base /home/nicola/mobileRobotics/colcon_ws/build/turtlebot3_NavSLAM/build install --prefix /home/nicola/mobileRobotics/colcon_ws/install/turtlebot3_NavSLAM --record /home/nicola/mobileRobotics/colcon_ws/build/turtlebot3_NavSLAM/install.log --single-version-externally-managed
