[0.154s] DEBUG:colcon:Command line arguments: ['/usr/bin/colcon', 'build']
[0.154s] DEBUG:colcon:Parsed command line arguments: Namespace(allow_overriding=[], ament_cmake_args=None, base_paths=['.'], build_base='build', catkin_cmake_args=None, catkin_skip_building_tests=False, cmake_args=None, cmake_clean_cache=False, cmake_clean_first=False, cmake_force_configure=False, cmake_target=None, cmake_target_skip_unavailable=False, continue_on_error=False, event_handlers=None, executor='parallel', ignore_user_meta=False, install_base='install', log_base=None, log_level=None, main=<bound method BuildVerb.main of <colcon_core.verb.build.BuildVerb object at 0x7f572ab04a00>>, merge_install=False, metas=['./colcon.meta'], packages_above=None, packages_above_and_dependencies=None, packages_above_depth=None, packages_end=None, packages_ignore=None, packages_ignore_regex=None, packages_select=None, packages_select_build_failed=False, packages_select_by_dep=None, packages_select_regex=None, packages_select_test_failures=False, packages_skip=None, packages_skip_build_finished=False, packages_skip_by_dep=None, packages_skip_regex=None, packages_skip_test_passed=False, packages_skip_up_to=None, packages_start=None, packages_up_to=None, packages_up_to_regex=None, parallel_workers=8, paths=None, symlink_install=False, test_result_base=None, verb_extension=<colcon_core.verb.build.BuildVerb object at 0x7f572ab04a00>, verb_name='build', verb_parser=<colcon_defaults.argument_parser.defaults.DefaultArgumentsDecorator object at 0x7f572ab04f70>)
[0.159s] Level 1:colcon.colcon_core.package_discovery:discover_packages(colcon_meta) check parameters
[0.159s] Level 1:colcon.colcon_core.package_discovery:discover_packages(recursive) check parameters
[0.160s] Level 1:colcon.colcon_core.package_discovery:discover_packages(ignore) check parameters
[0.160s] Level 1:colcon.colcon_core.package_discovery:discover_packages(path) check parameters
[0.160s] Level 1:colcon.colcon_core.package_discovery:discover_packages(colcon_meta) discover
[0.160s] Level 1:colcon.colcon_core.package_discovery:discover_packages(recursive) discover
[0.160s] INFO:colcon.colcon_core.package_discovery:Crawling recursively for packages in '/home/nicola/mobileRobotics/colcon_ws'
[0.160s] Level 1:colcon.colcon_core.package_identification:_identify(.) by extensions ['ignore', 'ignore_ament_install']
[0.160s] Level 1:colcon.colcon_core.package_identification:_identify(.) by extension 'ignore'
[0.160s] Level 1:colcon.colcon_core.package_identification:_identify(.) by extension 'ignore_ament_install'
[0.160s] Level 1:colcon.colcon_core.package_identification:_identify(.) by extensions ['colcon_pkg']
[0.160s] Level 1:colcon.colcon_core.package_identification:_identify(.) by extension 'colcon_pkg'
[0.160s] Level 1:colcon.colcon_core.package_identification:_identify(.) by extensions ['colcon_meta']
[0.160s] Level 1:colcon.colcon_core.package_identification:_identify(.) by extension 'colcon_meta'
[0.160s] Level 1:colcon.colcon_core.package_identification:_identify(.) by extensions ['ros']
[0.160s] Level 1:colcon.colcon_core.package_identification:_identify(.) by extension 'ros'
[0.173s] Level 1:colcon.colcon_core.package_identification:_identify(.) by extensions ['cmake', 'python']
[0.173s] Level 1:colcon.colcon_core.package_identification:_identify(.) by extension 'cmake'
[0.173s] Level 1:colcon.colcon_core.package_identification:_identify(.) by extension 'python'
[0.173s] Level 1:colcon.colcon_core.package_identification:_identify(.) by extensions ['python_setup_py']
[0.173s] Level 1:colcon.colcon_core.package_identification:_identify(.) by extension 'python_setup_py'
[0.173s] Level 1:colcon.colcon_core.package_identification:_identify(build) by extensions ['ignore', 'ignore_ament_install']
[0.174s] Level 1:colcon.colcon_core.package_identification:_identify(build) by extension 'ignore'
[0.174s] Level 1:colcon.colcon_core.package_identification:_identify(build) ignored
[0.174s] Level 1:colcon.colcon_core.package_identification:_identify(install) by extensions ['ignore', 'ignore_ament_install']
[0.174s] Level 1:colcon.colcon_core.package_identification:_identify(install) by extension 'ignore'
[0.174s] Level 1:colcon.colcon_core.package_identification:_identify(install) ignored
[0.174s] Level 1:colcon.colcon_core.package_identification:_identify(log) by extensions ['ignore', 'ignore_ament_install']
[0.174s] Level 1:colcon.colcon_core.package_identification:_identify(log) by extension 'ignore'
[0.174s] Level 1:colcon.colcon_core.package_identification:_identify(log) ignored
[0.174s] Level 1:colcon.colcon_core.package_identification:_identify(src) by extensions ['ignore', 'ignore_ament_install']
[0.174s] Level 1:colcon.colcon_core.package_identification:_identify(src) by extension 'ignore'
[0.174s] Level 1:colcon.colcon_core.package_identification:_identify(src) by extension 'ignore_ament_install'
[0.174s] Level 1:colcon.colcon_core.package_identification:_identify(src) by extensions ['colcon_pkg']
[0.175s] Level 1:colcon.colcon_core.package_identification:_identify(src) by extension 'colcon_pkg'
[0.175s] Level 1:colcon.colcon_core.package_identification:_identify(src) by extensions ['colcon_meta']
[0.175s] Level 1:colcon.colcon_core.package_identification:_identify(src) by extension 'colcon_meta'
[0.175s] Level 1:colcon.colcon_core.package_identification:_identify(src) by extensions ['ros']
[0.175s] Level 1:colcon.colcon_core.package_identification:_identify(src) by extension 'ros'
[0.175s] Level 1:colcon.colcon_core.package_identification:_identify(src) by extensions ['cmake', 'python']
[0.175s] Level 1:colcon.colcon_core.package_identification:_identify(src) by extension 'cmake'
[0.175s] Level 1:colcon.colcon_core.package_identification:_identify(src) by extension 'python'
[0.175s] Level 1:colcon.colcon_core.package_identification:_identify(src) by extensions ['python_setup_py']
[0.175s] Level 1:colcon.colcon_core.package_identification:_identify(src) by extension 'python_setup_py'
[0.175s] Level 1:colcon.colcon_core.package_identification:_identify(src/turtlebot3_HighLevelControl) by extensions ['ignore', 'ignore_ament_install']
[0.175s] Level 1:colcon.colcon_core.package_identification:_identify(src/turtlebot3_HighLevelControl) by extension 'ignore'
[0.175s] Level 1:colcon.colcon_core.package_identification:_identify(src/turtlebot3_HighLevelControl) by extension 'ignore_ament_install'
[0.175s] Level 1:colcon.colcon_core.package_identification:_identify(src/turtlebot3_HighLevelControl) by extensions ['colcon_pkg']
[0.175s] Level 1:colcon.colcon_core.package_identification:_identify(src/turtlebot3_HighLevelControl) by extension 'colcon_pkg'
[0.175s] Level 1:colcon.colcon_core.package_identification:_identify(src/turtlebot3_HighLevelControl) by extensions ['colcon_meta']
[0.175s] Level 1:colcon.colcon_core.package_identification:_identify(src/turtlebot3_HighLevelControl) by extension 'colcon_meta'
[0.175s] Level 1:colcon.colcon_core.package_identification:_identify(src/turtlebot3_HighLevelControl) by extensions ['ros']
[0.176s] Level 1:colcon.colcon_core.package_identification:_identify(src/turtlebot3_HighLevelControl) by extension 'ros'
[0.178s] DEBUG:colcon.colcon_core.package_identification:Package 'src/turtlebot3_HighLevelControl' with type 'ros.ament_python' and name 'turtlebot3_HighLevelControl'
[0.178s] Level 1:colcon.colcon_core.package_identification:_identify(src/turtlebot3_NavSLAM) by extensions ['ignore', 'ignore_ament_install']
[0.178s] Level 1:colcon.colcon_core.package_identification:_identify(src/turtlebot3_NavSLAM) by extension 'ignore'
[0.178s] Level 1:colcon.colcon_core.package_identification:_identify(src/turtlebot3_NavSLAM) by extension 'ignore_ament_install'
[0.178s] Level 1:colcon.colcon_core.package_identification:_identify(src/turtlebot3_NavSLAM) by extensions ['colcon_pkg']
[0.178s] Level 1:colcon.colcon_core.package_identification:_identify(src/turtlebot3_NavSLAM) by extension 'colcon_pkg'
[0.179s] Level 1:colcon.colcon_core.package_identification:_identify(src/turtlebot3_NavSLAM) by extensions ['colcon_meta']
[0.179s] Level 1:colcon.colcon_core.package_identification:_identify(src/turtlebot3_NavSLAM) by extension 'colcon_meta'
[0.179s] Level 1:colcon.colcon_core.package_identification:_identify(src/turtlebot3_NavSLAM) by extensions ['ros']
[0.179s] Level 1:colcon.colcon_core.package_identification:_identify(src/turtlebot3_NavSLAM) by extension 'ros'
[0.179s] DEBUG:colcon.colcon_core.package_identification:Package 'src/turtlebot3_NavSLAM' with type 'ros.ament_python' and name 'turtlebot3_NavSLAM'
[0.179s] Level 1:colcon.colcon_core.package_identification:_identify(src/turtlebot3_description) by extensions ['ignore', 'ignore_ament_install']
[0.179s] Level 1:colcon.colcon_core.package_identification:_identify(src/turtlebot3_description) by extension 'ignore'
[0.179s] Level 1:colcon.colcon_core.package_identification:_identify(src/turtlebot3_description) by extension 'ignore_ament_install'
[0.180s] Level 1:colcon.colcon_core.package_identification:_identify(src/turtlebot3_description) by extensions ['colcon_pkg']
[0.180s] Level 1:colcon.colcon_core.package_identification:_identify(src/turtlebot3_description) by extension 'colcon_pkg'
[0.180s] Level 1:colcon.colcon_core.package_identification:_identify(src/turtlebot3_description) by extensions ['colcon_meta']
[0.180s] Level 1:colcon.colcon_core.package_identification:_identify(src/turtlebot3_description) by extension 'colcon_meta'
[0.180s] Level 1:colcon.colcon_core.package_identification:_identify(src/turtlebot3_description) by extensions ['ros']
[0.180s] Level 1:colcon.colcon_core.package_identification:_identify(src/turtlebot3_description) by extension 'ros'
[0.180s] DEBUG:colcon.colcon_core.package_identification:Package 'src/turtlebot3_description' with type 'ros.ament_cmake' and name 'turtlebot3_description'
[0.181s] Level 1:colcon.colcon_core.package_identification:_identify(src/turtlebot3_follow) by extensions ['ignore', 'ignore_ament_install']
[0.181s] Level 1:colcon.colcon_core.package_identification:_identify(src/turtlebot3_follow) by extension 'ignore'
[0.181s] Level 1:colcon.colcon_core.package_identification:_identify(src/turtlebot3_follow) by extension 'ignore_ament_install'
[0.181s] Level 1:colcon.colcon_core.package_identification:_identify(src/turtlebot3_follow) by extensions ['colcon_pkg']
[0.181s] Level 1:colcon.colcon_core.package_identification:_identify(src/turtlebot3_follow) by extension 'colcon_pkg'
[0.181s] Level 1:colcon.colcon_core.package_identification:_identify(src/turtlebot3_follow) by extensions ['colcon_meta']
[0.181s] Level 1:colcon.colcon_core.package_identification:_identify(src/turtlebot3_follow) by extension 'colcon_meta'
[0.181s] Level 1:colcon.colcon_core.package_identification:_identify(src/turtlebot3_follow) by extensions ['ros']
[0.181s] Level 1:colcon.colcon_core.package_identification:_identify(src/turtlebot3_follow) by extension 'ros'
[0.181s] DEBUG:colcon.colcon_core.package_identification:Package 'src/turtlebot3_follow' with type 'ros.ament_python' and name 'turtlebot3_follow'
[0.182s] Level 1:colcon.colcon_core.package_identification:_identify(src/turtlebot3_visualizer) by extensions ['ignore', 'ignore_ament_install']
[0.182s] Level 1:colcon.colcon_core.package_identification:_identify(src/turtlebot3_visualizer) by extension 'ignore'
[0.182s] Level 1:colcon.colcon_core.package_identification:_identify(src/turtlebot3_visualizer) by extension 'ignore_ament_install'
[0.182s] Level 1:colcon.colcon_core.package_identification:_identify(src/turtlebot3_visualizer) by extensions ['colcon_pkg']
[0.182s] Level 1:colcon.colcon_core.package_identification:_identify(src/turtlebot3_visualizer) by extension 'colcon_pkg'
[0.182s] Level 1:colcon.colcon_core.package_identification:_identify(src/turtlebot3_visualizer) by extensions ['colcon_meta']
[0.182s] Level 1:colcon.colcon_core.package_identification:_identify(src/turtlebot3_visualizer) by extension 'colcon_meta'
[0.182s] Level 1:colcon.colcon_core.package_identification:_identify(src/turtlebot3_visualizer) by extensions ['ros']
[0.182s] Level 1:colcon.colcon_core.package_identification:_identify(src/turtlebot3_visualizer) by extension 'ros'
[0.183s] DEBUG:colcon.colcon_core.package_identification:Package 'src/turtlebot3_visualizer' with type 'ros.ament_python' and name 'turtlebot3_visualizer'
[0.183s] Level 1:colcon.colcon_core.package_discovery:discover_packages(recursive) using defaults
[0.183s] Level 1:colcon.colcon_core.package_discovery:discover_packages(ignore) discover
[0.183s] Level 1:colcon.colcon_core.package_discovery:discover_packages(ignore) using defaults
[0.183s] Level 1:colcon.colcon_core.package_discovery:discover_packages(path) discover
[0.183s] Level 1:colcon.colcon_core.package_discovery:discover_packages(path) using defaults
[0.204s] Level 5:colcon.colcon_core.verb:set package 'turtlebot3_HighLevelControl' build argument 'cmake_args' from command line to 'None'
[0.204s] Level 5:colcon.colcon_core.verb:set package 'turtlebot3_HighLevelControl' build argument 'cmake_target' from command line to 'None'
[0.204s] Level 5:colcon.colcon_core.verb:set package 'turtlebot3_HighLevelControl' build argument 'cmake_target_skip_unavailable' from command line to 'False'
[0.204s] Level 5:colcon.colcon_core.verb:set package 'turtlebot3_HighLevelControl' build argument 'cmake_clean_cache' from command line to 'False'
[0.204s] Level 5:colcon.colcon_core.verb:set package 'turtlebot3_HighLevelControl' build argument 'cmake_clean_first' from command line to 'False'
[0.204s] Level 5:colcon.colcon_core.verb:set package 'turtlebot3_HighLevelControl' build argument 'cmake_force_configure' from command line to 'False'
[0.204s] Level 5:colcon.colcon_core.verb:set package 'turtlebot3_HighLevelControl' build argument 'ament_cmake_args' from command line to 'None'
[0.204s] Level 5:colcon.colcon_core.verb:set package 'turtlebot3_HighLevelControl' build argument 'catkin_cmake_args' from command line to 'None'
[0.204s] Level 5:colcon.colcon_core.verb:set package 'turtlebot3_HighLevelControl' build argument 'catkin_skip_building_tests' from command line to 'False'
[0.204s] DEBUG:colcon.colcon_core.verb:Building package 'turtlebot3_HighLevelControl' with the following arguments: {'ament_cmake_args': None, 'build_base': '/home/nicola/mobileRobotics/colcon_ws/build/turtlebot3_HighLevelControl', 'catkin_cmake_args': None, 'catkin_skip_building_tests': False, 'cmake_args': None, 'cmake_clean_cache': False, 'cmake_clean_first': False, 'cmake_force_configure': False, 'cmake_target': None, 'cmake_target_skip_unavailable': False, 'install_base': '/home/nicola/mobileRobotics/colcon_ws/install/turtlebot3_HighLevelControl', 'merge_install': False, 'path': '/home/nicola/mobileRobotics/colcon_ws/src/turtlebot3_HighLevelControl', 'symlink_install': False, 'test_result_base': None}
[0.205s] Level 5:colcon.colcon_core.verb:set package 'turtlebot3_NavSLAM' build argument 'cmake_args' from command line to 'None'
[0.205s] Level 5:colcon.colcon_core.verb:set package 'turtlebot3_NavSLAM' build argument 'cmake_target' from command line to 'None'
[0.205s] Level 5:colcon.colcon_core.verb:set package 'turtlebot3_NavSLAM' build argument 'cmake_target_skip_unavailable' from command line to 'False'
[0.205s] Level 5:colcon.colcon_core.verb:set package 'turtlebot3_NavSLAM' build argument 'cmake_clean_cache' from command line to 'False'
[0.205s] Level 5:colcon.colcon_core.verb:set package 'turtlebot3_NavSLAM' build argument 'cmake_clean_first' from command line to 'False'
[0.205s] Level 5:colcon.colcon_core.verb:set package 'turtlebot3_NavSLAM' build argument 'cmake_force_configure' from command line to 'False'
[0.205s] Level 5:colcon.colcon_core.verb:set package 'turtlebot3_NavSLAM' build argument 'ament_cmake_args' from command line to 'None'
[0.205s] Level 5:colcon.colcon_core.verb:set package 'turtlebot3_NavSLAM' build argument 'catkin_cmake_args' from command line to 'None'
[0.205s] Level 5:colcon.colcon_core.verb:set package 'turtlebot3_NavSLAM' build argument 'catkin_skip_building_tests' from command line to 'False'
[0.205s] DEBUG:colcon.colcon_core.verb:Building package 'turtlebot3_NavSLAM' with the following arguments: {'ament_cmake_args': None, 'build_base': '/home/nicola/mobileRobotics/colcon_ws/build/turtlebot3_NavSLAM', 'catkin_cmake_args': None, 'catkin_skip_building_tests': False, 'cmake_args': None, 'cmake_clean_cache': False, 'cmake_clean_first': False, 'cmake_force_configure': False, 'cmake_target': None, 'cmake_target_skip_unavailable': False, 'install_base': '/home/nicola/mobileRobotics/colcon_ws/install/turtlebot3_NavSLAM', 'merge_install': False, 'path': '/home/nicola/mobileRobotics/colcon_ws/src/turtlebot3_NavSLAM', 'symlink_install': False, 'test_result_base': None}
[0.206s] Level 5:colcon.colcon_core.verb:set package 'turtlebot3_description' build argument 'cmake_args' from command line to 'None'
[0.206s] Level 5:colcon.colcon_core.verb:set package 'turtlebot3_description' build argument 'cmake_target' from command line to 'None'
[0.206s] Level 5:colcon.colcon_core.verb:set package 'turtlebot3_description' build argument 'cmake_target_skip_unavailable' from command line to 'False'
[0.206s] Level 5:colcon.colcon_core.verb:set package 'turtlebot3_description' build argument 'cmake_clean_cache' from command line to 'False'
[0.206s] Level 5:colcon.colcon_core.verb:set package 'turtlebot3_description' build argument 'cmake_clean_first' from command line to 'False'
[0.206s] Level 5:colcon.colcon_core.verb:set package 'turtlebot3_description' build argument 'cmake_force_configure' from command line to 'False'
[0.206s] Level 5:colcon.colcon_core.verb:set package 'turtlebot3_description' build argument 'ament_cmake_args' from command line to 'None'
[0.207s] Level 5:colcon.colcon_core.verb:set package 'turtlebot3_description' build argument 'catkin_cmake_args' from command line to 'None'
[0.207s] Level 5:colcon.colcon_core.verb:set package 'turtlebot3_description' build argument 'catkin_skip_building_tests' from command line to 'False'
[0.207s] DEBUG:colcon.colcon_core.verb:Building package 'turtlebot3_description' with the following arguments: {'ament_cmake_args': None, 'build_base': '/home/nicola/mobileRobotics/colcon_ws/build/turtlebot3_description', 'catkin_cmake_args': None, 'catkin_skip_building_tests': False, 'cmake_args': None, 'cmake_clean_cache': False, 'cmake_clean_first': False, 'cmake_force_configure': False, 'cmake_target': None, 'cmake_target_skip_unavailable': False, 'install_base': '/home/nicola/mobileRobotics/colcon_ws/install/turtlebot3_description', 'merge_install': False, 'path': '/home/nicola/mobileRobotics/colcon_ws/src/turtlebot3_description', 'symlink_install': False, 'test_result_base': None}
[0.207s] Level 5:colcon.colcon_core.verb:set package 'turtlebot3_follow' build argument 'cmake_args' from command line to 'None'
[0.207s] Level 5:colcon.colcon_core.verb:set package 'turtlebot3_follow' build argument 'cmake_target' from command line to 'None'
[0.208s] Level 5:colcon.colcon_core.verb:set package 'turtlebot3_follow' build argument 'cmake_target_skip_unavailable' from command line to 'False'
[0.208s] Level 5:colcon.colcon_core.verb:set package 'turtlebot3_follow' build argument 'cmake_clean_cache' from command line to 'False'
[0.208s] Level 5:colcon.colcon_core.verb:set package 'turtlebot3_follow' build argument 'cmake_clean_first' from command line to 'False'
[0.208s] Level 5:colcon.colcon_core.verb:set package 'turtlebot3_follow' build argument 'cmake_force_configure' from command line to 'False'
[0.208s] Level 5:colcon.colcon_core.verb:set package 'turtlebot3_follow' build argument 'ament_cmake_args' from command line to 'None'
[0.208s] Level 5:colcon.colcon_core.verb:set package 'turtlebot3_follow' build argument 'catkin_cmake_args' from command line to 'None'
[0.208s] Level 5:colcon.colcon_core.verb:set package 'turtlebot3_follow' build argument 'catkin_skip_building_tests' from command line to 'False'
[0.208s] DEBUG:colcon.colcon_core.verb:Building package 'turtlebot3_follow' with the following arguments: {'ament_cmake_args': None, 'build_base': '/home/nicola/mobileRobotics/colcon_ws/build/turtlebot3_follow', 'catkin_cmake_args': None, 'catkin_skip_building_tests': False, 'cmake_args': None, 'cmake_clean_cache': False, 'cmake_clean_first': False, 'cmake_force_configure': False, 'cmake_target': None, 'cmake_target_skip_unavailable': False, 'install_base': '/home/nicola/mobileRobotics/colcon_ws/install/turtlebot3_follow', 'merge_install': False, 'path': '/home/nicola/mobileRobotics/colcon_ws/src/turtlebot3_follow', 'symlink_install': False, 'test_result_base': None}
[0.208s] Level 5:colcon.colcon_core.verb:set package 'turtlebot3_visualizer' build argument 'cmake_args' from command line to 'None'
[0.209s] Level 5:colcon.colcon_core.verb:set package 'turtlebot3_visualizer' build argument 'cmake_target' from command line to 'None'
[0.209s] Level 5:colcon.colcon_core.verb:set package 'turtlebot3_visualizer' build argument 'cmake_target_skip_unavailable' from command line to 'False'
[0.209s] Level 5:colcon.colcon_core.verb:set package 'turtlebot3_visualizer' build argument 'cmake_clean_cache' from command line to 'False'
[0.209s] Level 5:colcon.colcon_core.verb:set package 'turtlebot3_visualizer' build argument 'cmake_clean_first' from command line to 'False'
[0.209s] Level 5:colcon.colcon_core.verb:set package 'turtlebot3_visualizer' build argument 'cmake_force_configure' from command line to 'False'
[0.209s] Level 5:colcon.colcon_core.verb:set package 'turtlebot3_visualizer' build argument 'ament_cmake_args' from command line to 'None'
[0.209s] Level 5:colcon.colcon_core.verb:set package 'turtlebot3_visualizer' build argument 'catkin_cmake_args' from command line to 'None'
[0.209s] Level 5:colcon.colcon_core.verb:set package 'turtlebot3_visualizer' build argument 'catkin_skip_building_tests' from command line to 'False'
[0.209s] DEBUG:colcon.colcon_core.verb:Building package 'turtlebot3_visualizer' with the following arguments: {'ament_cmake_args': None, 'build_base': '/home/nicola/mobileRobotics/colcon_ws/build/turtlebot3_visualizer', 'catkin_cmake_args': None, 'catkin_skip_building_tests': False, 'cmake_args': None, 'cmake_clean_cache': False, 'cmake_clean_first': False, 'cmake_force_configure': False, 'cmake_target': None, 'cmake_target_skip_unavailable': False, 'install_base': '/home/nicola/mobileRobotics/colcon_ws/install/turtlebot3_visualizer', 'merge_install': False, 'path': '/home/nicola/mobileRobotics/colcon_ws/src/turtlebot3_visualizer', 'symlink_install': False, 'test_result_base': None}
[0.211s] INFO:colcon.colcon_core.executor:Executing jobs using 'parallel' executor
[0.213s] DEBUG:colcon.colcon_parallel_executor.executor.parallel:run_until_complete
[0.213s] INFO:colcon.colcon_ros.task.ament_python.build:Building ROS package in '/home/nicola/mobileRobotics/colcon_ws/src/turtlebot3_HighLevelControl' with build type 'ament_python'
[0.213s] Level 1:colcon.colcon_core.shell:create_environment_hook('turtlebot3_HighLevelControl', 'ament_prefix_path')
[0.217s] INFO:colcon.colcon_core.plugin_system:Skipping extension 'colcon_core.shell.bat': Not used on non-Windows systems
[0.217s] INFO:colcon.colcon_core.shell:Creating environment hook '/home/nicola/mobileRobotics/colcon_ws/install/turtlebot3_HighLevelControl/share/turtlebot3_HighLevelControl/hook/ament_prefix_path.ps1'
[0.218s] INFO:colcon.colcon_core.shell:Creating environment descriptor '/home/nicola/mobileRobotics/colcon_ws/install/turtlebot3_HighLevelControl/share/turtlebot3_HighLevelControl/hook/ament_prefix_path.dsv'
[0.219s] INFO:colcon.colcon_core.shell:Creating environment hook '/home/nicola/mobileRobotics/colcon_ws/install/turtlebot3_HighLevelControl/share/turtlebot3_HighLevelControl/hook/ament_prefix_path.sh'
[0.220s] INFO:colcon.colcon_core.shell:Skip shell extension 'powershell' for command environment: Not usable outside of PowerShell
[0.220s] DEBUG:colcon.colcon_core.shell:Skip shell extension 'dsv' for command environment
[0.223s] INFO:colcon.colcon_ros.task.ament_python.build:Building ROS package in '/home/nicola/mobileRobotics/colcon_ws/src/turtlebot3_NavSLAM' with build type 'ament_python'
[0.223s] Level 1:colcon.colcon_core.shell:create_environment_hook('turtlebot3_NavSLAM', 'ament_prefix_path')
[0.225s] INFO:colcon.colcon_core.shell:Creating environment hook '/home/nicola/mobileRobotics/colcon_ws/install/turtlebot3_NavSLAM/share/turtlebot3_NavSLAM/hook/ament_prefix_path.ps1'
[0.226s] INFO:colcon.colcon_core.shell:Creating environment descriptor '/home/nicola/mobileRobotics/colcon_ws/install/turtlebot3_NavSLAM/share/turtlebot3_NavSLAM/hook/ament_prefix_path.dsv'
[0.226s] INFO:colcon.colcon_core.shell:Creating environment hook '/home/nicola/mobileRobotics/colcon_ws/install/turtlebot3_NavSLAM/share/turtlebot3_NavSLAM/hook/ament_prefix_path.sh'
[0.227s] INFO:colcon.colcon_core.shell:Skip shell extension 'powershell' for command environment: Not usable outside of PowerShell
[0.227s] DEBUG:colcon.colcon_core.shell:Skip shell extension 'dsv' for command environment
[0.230s] INFO:colcon.colcon_ros.task.ament_cmake.build:Building ROS package in '/home/nicola/mobileRobotics/colcon_ws/src/turtlebot3_description' with build type 'ament_cmake'
[0.230s] INFO:colcon.colcon_cmake.task.cmake.build:Building CMake package in '/home/nicola/mobileRobotics/colcon_ws/src/turtlebot3_description'
[0.231s] INFO:colcon.colcon_core.shell:Skip shell extension 'powershell' for command environment: Not usable outside of PowerShell
[0.231s] DEBUG:colcon.colcon_core.shell:Skip shell extension 'dsv' for command environment
[0.234s] INFO:colcon.colcon_ros.task.ament_python.build:Building ROS package in '/home/nicola/mobileRobotics/colcon_ws/src/turtlebot3_follow' with build type 'ament_python'
[0.235s] Level 1:colcon.colcon_core.shell:create_environment_hook('turtlebot3_follow', 'ament_prefix_path')
[0.236s] INFO:colcon.colcon_core.shell:Creating environment hook '/home/nicola/mobileRobotics/colcon_ws/install/turtlebot3_follow/share/turtlebot3_follow/hook/ament_prefix_path.ps1'
[0.237s] INFO:colcon.colcon_core.shell:Creating environment descriptor '/home/nicola/mobileRobotics/colcon_ws/install/turtlebot3_follow/share/turtlebot3_follow/hook/ament_prefix_path.dsv'
[0.237s] INFO:colcon.colcon_core.shell:Creating environment hook '/home/nicola/mobileRobotics/colcon_ws/install/turtlebot3_follow/share/turtlebot3_follow/hook/ament_prefix_path.sh'
[0.238s] INFO:colcon.colcon_core.shell:Skip shell extension 'powershell' for command environment: Not usable outside of PowerShell
[0.239s] DEBUG:colcon.colcon_core.shell:Skip shell extension 'dsv' for command environment
[0.242s] INFO:colcon.colcon_ros.task.ament_python.build:Building ROS package in '/home/nicola/mobileRobotics/colcon_ws/src/turtlebot3_visualizer' with build type 'ament_python'
[0.242s] Level 1:colcon.colcon_core.shell:create_environment_hook('turtlebot3_visualizer', 'ament_prefix_path')
[0.243s] INFO:colcon.colcon_core.shell:Creating environment hook '/home/nicola/mobileRobotics/colcon_ws/install/turtlebot3_visualizer/share/turtlebot3_visualizer/hook/ament_prefix_path.ps1'
[0.245s] INFO:colcon.colcon_core.shell:Creating environment descriptor '/home/nicola/mobileRobotics/colcon_ws/install/turtlebot3_visualizer/share/turtlebot3_visualizer/hook/ament_prefix_path.dsv'
[0.246s] INFO:colcon.colcon_core.shell:Creating environment hook '/home/nicola/mobileRobotics/colcon_ws/install/turtlebot3_visualizer/share/turtlebot3_visualizer/hook/ament_prefix_path.sh'
[0.247s] INFO:colcon.colcon_core.shell:Skip shell extension 'powershell' for command environment: Not usable outside of PowerShell
[0.247s] DEBUG:colcon.colcon_core.shell:Skip shell extension 'dsv' for command environment
[0.490s] INFO:colcon.colcon_core.task.python.build:Building Python package in '/home/nicola/mobileRobotics/colcon_ws/src/turtlebot3_HighLevelControl'
[0.491s] INFO:colcon.colcon_core.shell:Skip shell extension 'powershell' for command environment: Not usable outside of PowerShell
[0.492s] DEBUG:colcon.colcon_core.shell:Skip shell extension 'dsv' for command environment
[0.726s] INFO:colcon.colcon_core.task.python.build:Building Python package in '/home/nicola/mobileRobotics/colcon_ws/src/turtlebot3_NavSLAM'
[0.727s] INFO:colcon.colcon_core.shell:Skip shell extension 'powershell' for command environment: Not usable outside of PowerShell
[0.727s] DEBUG:colcon.colcon_core.shell:Skip shell extension 'dsv' for command environment
[0.735s] DEBUG:colcon.colcon_core.event_handler.log_command:Invoking command in '/home/nicola/mobileRobotics/colcon_ws/build/turtlebot3_description': /usr/bin/cmake --build /home/nicola/mobileRobotics/colcon_ws/build/turtlebot3_description -- -j8 -l8
[0.972s] INFO:colcon.colcon_core.task.python.build:Building Python package in '/home/nicola/mobileRobotics/colcon_ws/src/turtlebot3_follow'
[0.973s] INFO:colcon.colcon_core.shell:Skip shell extension 'powershell' for command environment: Not usable outside of PowerShell
[0.973s] DEBUG:colcon.colcon_core.shell:Skip shell extension 'dsv' for command environment
[1.211s] INFO:colcon.colcon_core.task.python.build:Building Python package in '/home/nicola/mobileRobotics/colcon_ws/src/turtlebot3_visualizer'
[1.212s] INFO:colcon.colcon_core.shell:Skip shell extension 'powershell' for command environment: Not usable outside of PowerShell
[1.212s] DEBUG:colcon.colcon_core.shell:Skip shell extension 'dsv' for command environment
[1.221s] DEBUG:colcon.colcon_core.event_handler.log_command:Invoked command in '/home/nicola/mobileRobotics/colcon_ws/build/turtlebot3_description' returned '0': /usr/bin/cmake --build /home/nicola/mobileRobotics/colcon_ws/build/turtlebot3_description -- -j8 -l8
[1.268s] DEBUG:colcon.colcon_core.event_handler.log_command:Invoking command in '/home/nicola/mobileRobotics/colcon_ws/build/turtlebot3_description': /usr/bin/cmake --install /home/nicola/mobileRobotics/colcon_ws/build/turtlebot3_description
[1.287s] Level 1:colcon.colcon_core.environment:create_environment_scripts_only(turtlebot3_description)
[1.302s] Level 1:colcon.colcon_core.environment:checking '/home/nicola/mobileRobotics/colcon_ws/install/turtlebot3_description' for CMake module files
[1.305s] Level 1:colcon.colcon_core.environment:checking '/home/nicola/mobileRobotics/colcon_ws/install/turtlebot3_description' for CMake config files
[1.306s] DEBUG:colcon.colcon_core.event_handler.log_command:Invoked command in '/home/nicola/mobileRobotics/colcon_ws/build/turtlebot3_description' returned '0': /usr/bin/cmake --install /home/nicola/mobileRobotics/colcon_ws/build/turtlebot3_description
[1.306s] Level 1:colcon.colcon_core.shell:create_environment_hook('turtlebot3_description', 'cmake_prefix_path')
[1.307s] INFO:colcon.colcon_core.shell:Creating environment hook '/home/nicola/mobileRobotics/colcon_ws/install/turtlebot3_description/share/turtlebot3_description/hook/cmake_prefix_path.ps1'
[1.308s] INFO:colcon.colcon_core.shell:Creating environment descriptor '/home/nicola/mobileRobotics/colcon_ws/install/turtlebot3_description/share/turtlebot3_description/hook/cmake_prefix_path.dsv'
[1.309s] INFO:colcon.colcon_core.shell:Creating environment hook '/home/nicola/mobileRobotics/colcon_ws/install/turtlebot3_description/share/turtlebot3_description/hook/cmake_prefix_path.sh'
[1.310s] Level 1:colcon.colcon_core.environment:checking '/home/nicola/mobileRobotics/colcon_ws/install/turtlebot3_description/bin'
[1.310s] Level 1:colcon.colcon_core.environment:checking '/home/nicola/mobileRobotics/colcon_ws/install/turtlebot3_description/lib/pkgconfig/turtlebot3_description.pc'
[1.310s] Level 1:colcon.colcon_core.environment:checking '/home/nicola/mobileRobotics/colcon_ws/install/turtlebot3_description/lib/python3.8/site-packages'
[1.311s] INFO:colcon.colcon_core.shell:Creating package script '/home/nicola/mobileRobotics/colcon_ws/install/turtlebot3_description/share/turtlebot3_description/package.ps1'
[1.313s] INFO:colcon.colcon_core.shell:Creating package descriptor '/home/nicola/mobileRobotics/colcon_ws/install/turtlebot3_description/share/turtlebot3_description/package.dsv'
[1.314s] INFO:colcon.colcon_core.shell:Creating package script '/home/nicola/mobileRobotics/colcon_ws/install/turtlebot3_description/share/turtlebot3_description/package.sh'
[1.315s] INFO:colcon.colcon_core.shell:Creating package script '/home/nicola/mobileRobotics/colcon_ws/install/turtlebot3_description/share/turtlebot3_description/package.bash'
[1.317s] INFO:colcon.colcon_core.shell:Creating package script '/home/nicola/mobileRobotics/colcon_ws/install/turtlebot3_description/share/turtlebot3_description/package.zsh'
[1.318s] Level 1:colcon.colcon_core.environment:create_file_with_runtime_dependencies(/home/nicola/mobileRobotics/colcon_ws/install/turtlebot3_description/share/colcon-core/packages/turtlebot3_description)
[1.343s] Level 1:colcon.colcon_core.environment:create_environment_scripts_only(turtlebot3_description)
[1.345s] Level 1:colcon.colcon_core.environment:checking '/home/nicola/mobileRobotics/colcon_ws/install/turtlebot3_description' for CMake module files
[1.346s] Level 1:colcon.colcon_core.environment:checking '/home/nicola/mobileRobotics/colcon_ws/install/turtlebot3_description' for CMake config files
[1.347s] Level 1:colcon.colcon_core.shell:create_environment_hook('turtlebot3_description', 'cmake_prefix_path')
[1.348s] INFO:colcon.colcon_core.shell:Creating environment hook '/home/nicola/mobileRobotics/colcon_ws/install/turtlebot3_description/share/turtlebot3_description/hook/cmake_prefix_path.ps1'
[1.349s] INFO:colcon.colcon_core.shell:Creating environment descriptor '/home/nicola/mobileRobotics/colcon_ws/install/turtlebot3_description/share/turtlebot3_description/hook/cmake_prefix_path.dsv'
[1.349s] INFO:colcon.colcon_core.shell:Creating environment hook '/home/nicola/mobileRobotics/colcon_ws/install/turtlebot3_description/share/turtlebot3_description/hook/cmake_prefix_path.sh'
[1.350s] Level 1:colcon.colcon_core.environment:checking '/home/nicola/mobileRobotics/colcon_ws/install/turtlebot3_description/bin'
[1.350s] Level 1:colcon.colcon_core.environment:checking '/home/nicola/mobileRobotics/colcon_ws/install/turtlebot3_description/lib/pkgconfig/turtlebot3_description.pc'
[1.350s] Level 1:colcon.colcon_core.environment:checking '/home/nicola/mobileRobotics/colcon_ws/install/turtlebot3_description/lib/python3.8/site-packages'
[1.352s] INFO:colcon.colcon_core.shell:Creating package script '/home/nicola/mobileRobotics/colcon_ws/install/turtlebot3_description/share/turtlebot3_description/package.ps1'
[1.352s] INFO:colcon.colcon_core.shell:Creating package descriptor '/home/nicola/mobileRobotics/colcon_ws/install/turtlebot3_description/share/turtlebot3_description/package.dsv'
[1.353s] INFO:colcon.colcon_core.shell:Creating package script '/home/nicola/mobileRobotics/colcon_ws/install/turtlebot3_description/share/turtlebot3_description/package.sh'
[1.354s] INFO:colcon.colcon_core.shell:Creating package script '/home/nicola/mobileRobotics/colcon_ws/install/turtlebot3_description/share/turtlebot3_description/package.bash'
[1.355s] INFO:colcon.colcon_core.shell:Creating package script '/home/nicola/mobileRobotics/colcon_ws/install/turtlebot3_description/share/turtlebot3_description/package.zsh'
[1.355s] Level 1:colcon.colcon_core.environment:create_file_with_runtime_dependencies(/home/nicola/mobileRobotics/colcon_ws/install/turtlebot3_description/share/colcon-core/packages/turtlebot3_description)
[1.760s] DEBUG:colcon.colcon_core.event_handler.log_command:Invoking command in '/home/nicola/mobileRobotics/colcon_ws/src/turtlebot3_follow': PYTHONPATH=/home/nicola/mobileRobotics/colcon_ws/install/turtlebot3_follow/lib/python3.8/site-packages: /usr/bin/python3 setup.py egg_info --egg-base ../../build/turtlebot3_follow build --build-base /home/nicola/mobileRobotics/colcon_ws/build/turtlebot3_follow/build install --prefix /home/nicola/mobileRobotics/colcon_ws/install/turtlebot3_follow --record /home/nicola/mobileRobotics/colcon_ws/build/turtlebot3_follow/install.log --single-version-externally-managed
[1.770s] DEBUG:colcon.colcon_core.event_handler.log_command:Invoking command in '/home/nicola/mobileRobotics/colcon_ws/src/turtlebot3_NavSLAM': PYTHONPATH=/home/nicola/mobileRobotics/colcon_ws/install/turtlebot3_NavSLAM/lib/python3.8/site-packages: /usr/bin/python3 setup.py egg_info --egg-base ../../build/turtlebot3_NavSLAM build --build-base /home/nicola/mobileRobotics/colcon_ws/build/turtlebot3_NavSLAM/build install --prefix /home/nicola/mobileRobotics/colcon_ws/install/turtlebot3_NavSLAM --record /home/nicola/mobileRobotics/colcon_ws/build/turtlebot3_NavSLAM/install.log --single-version-externally-managed
[1.858s] DEBUG:colcon.colcon_core.event_handler.log_command:Invoking command in '/home/nicola/mobileRobotics/colcon_ws/src/turtlebot3_HighLevelControl': PYTHONPATH=/home/nicola/mobileRobotics/colcon_ws/install/turtlebot3_HighLevelControl/lib/python3.8/site-packages: /usr/bin/python3 setup.py egg_info --egg-base ../../build/turtlebot3_HighLevelControl build --build-base /home/nicola/mobileRobotics/colcon_ws/build/turtlebot3_HighLevelControl/build install --prefix /home/nicola/mobileRobotics/colcon_ws/install/turtlebot3_HighLevelControl --record /home/nicola/mobileRobotics/colcon_ws/build/turtlebot3_HighLevelControl/install.log --single-version-externally-managed
[1.879s] DEBUG:colcon.colcon_core.event_handler.log_command:Invoking command in '/home/nicola/mobileRobotics/colcon_ws/src/turtlebot3_visualizer': PYTHONPATH=/home/nicola/mobileRobotics/colcon_ws/install/turtlebot3_visualizer/lib/python3.8/site-packages: /usr/bin/python3 setup.py egg_info --egg-base ../../build/turtlebot3_visualizer build --build-base /home/nicola/mobileRobotics/colcon_ws/build/turtlebot3_visualizer/build install --prefix /home/nicola/mobileRobotics/colcon_ws/install/turtlebot3_visualizer --record /home/nicola/mobileRobotics/colcon_ws/build/turtlebot3_visualizer/install.log --single-version-externally-managed
[2.138s] Level 1:colcon.colcon_core.environment:checking '/home/nicola/mobileRobotics/colcon_ws/install/turtlebot3_follow' for CMake module files
[2.139s] DEBUG:colcon.colcon_core.event_handler.log_command:Invoked command in '/home/nicola/mobileRobotics/colcon_ws/src/turtlebot3_follow' returned '0': PYTHONPATH=/home/nicola/mobileRobotics/colcon_ws/install/turtlebot3_follow/lib/python3.8/site-packages: /usr/bin/python3 setup.py egg_info --egg-base ../../build/turtlebot3_follow build --build-base /home/nicola/mobileRobotics/colcon_ws/build/turtlebot3_follow/build install --prefix /home/nicola/mobileRobotics/colcon_ws/install/turtlebot3_follow --record /home/nicola/mobileRobotics/colcon_ws/build/turtlebot3_follow/install.log --single-version-externally-managed
[2.140s] Level 1:colcon.colcon_core.environment:checking '/home/nicola/mobileRobotics/colcon_ws/install/turtlebot3_follow' for CMake config files
[2.141s] Level 1:colcon.colcon_core.environment:checking '/home/nicola/mobileRobotics/colcon_ws/install/turtlebot3_follow/lib'
[2.141s] Level 1:colcon.colcon_core.environment:checking '/home/nicola/mobileRobotics/colcon_ws/install/turtlebot3_follow/bin'
[2.141s] Level 1:colcon.colcon_core.environment:checking '/home/nicola/mobileRobotics/colcon_ws/install/turtlebot3_follow/lib/pkgconfig/turtlebot3_follow.pc'
[2.142s] Level 1:colcon.colcon_core.environment:checking '/home/nicola/mobileRobotics/colcon_ws/install/turtlebot3_follow/lib/python3.8/site-packages'
[2.142s] Level 1:colcon.colcon_core.shell:create_environment_hook('turtlebot3_follow', 'pythonpath')
[2.143s] INFO:colcon.colcon_core.shell:Creating environment hook '/home/nicola/mobileRobotics/colcon_ws/install/turtlebot3_follow/share/turtlebot3_follow/hook/pythonpath.ps1'
[2.144s] INFO:colcon.colcon_core.shell:Creating environment descriptor '/home/nicola/mobileRobotics/colcon_ws/install/turtlebot3_follow/share/turtlebot3_follow/hook/pythonpath.dsv'
[2.144s] INFO:colcon.colcon_core.shell:Creating environment hook '/home/nicola/mobileRobotics/colcon_ws/install/turtlebot3_follow/share/turtlebot3_follow/hook/pythonpath.sh'
[2.145s] Level 1:colcon.colcon_core.environment:create_environment_scripts_only(turtlebot3_follow)
[2.146s] INFO:colcon.colcon_core.shell:Creating package script '/home/nicola/mobileRobotics/colcon_ws/install/turtlebot3_follow/share/turtlebot3_follow/package.ps1'
[2.147s] INFO:colcon.colcon_core.shell:Creating package descriptor '/home/nicola/mobileRobotics/colcon_ws/install/turtlebot3_follow/share/turtlebot3_follow/package.dsv'
[2.148s] INFO:colcon.colcon_core.shell:Creating package script '/home/nicola/mobileRobotics/colcon_ws/install/turtlebot3_follow/share/turtlebot3_follow/package.sh'
[2.149s] INFO:colcon.colcon_core.shell:Creating package script '/home/nicola/mobileRobotics/colcon_ws/install/turtlebot3_follow/share/turtlebot3_follow/package.bash'
[2.150s] INFO:colcon.colcon_core.shell:Creating package script '/home/nicola/mobileRobotics/colcon_ws/install/turtlebot3_follow/share/turtlebot3_follow/package.zsh'
[2.151s] Level 1:colcon.colcon_core.environment:create_file_with_runtime_dependencies(/home/nicola/mobileRobotics/colcon_ws/install/turtlebot3_follow/share/colcon-core/packages/turtlebot3_follow)
[2.155s] Level 1:colcon.colcon_core.environment:checking '/home/nicola/mobileRobotics/colcon_ws/install/turtlebot3_NavSLAM' for CMake module files
[2.156s] DEBUG:colcon.colcon_core.event_handler.log_command:Invoked command in '/home/nicola/mobileRobotics/colcon_ws/src/turtlebot3_NavSLAM' returned '0': PYTHONPATH=/home/nicola/mobileRobotics/colcon_ws/install/turtlebot3_NavSLAM/lib/python3.8/site-packages: /usr/bin/python3 setup.py egg_info --egg-base ../../build/turtlebot3_NavSLAM build --build-base /home/nicola/mobileRobotics/colcon_ws/build/turtlebot3_NavSLAM/build install --prefix /home/nicola/mobileRobotics/colcon_ws/install/turtlebot3_NavSLAM --record /home/nicola/mobileRobotics/colcon_ws/build/turtlebot3_NavSLAM/install.log --single-version-externally-managed
[2.156s] Level 1:colcon.colcon_core.environment:checking '/home/nicola/mobileRobotics/colcon_ws/install/turtlebot3_NavSLAM' for CMake config files
[2.157s] Level 1:colcon.colcon_core.environment:checking '/home/nicola/mobileRobotics/colcon_ws/install/turtlebot3_NavSLAM/lib'
[2.157s] Level 1:colcon.colcon_core.environment:checking '/home/nicola/mobileRobotics/colcon_ws/install/turtlebot3_NavSLAM/bin'
[2.157s] Level 1:colcon.colcon_core.environment:checking '/home/nicola/mobileRobotics/colcon_ws/install/turtlebot3_NavSLAM/lib/pkgconfig/turtlebot3_NavSLAM.pc'
[2.158s] Level 1:colcon.colcon_core.environment:checking '/home/nicola/mobileRobotics/colcon_ws/install/turtlebot3_NavSLAM/lib/python3.8/site-packages'
[2.158s] Level 1:colcon.colcon_core.shell:create_environment_hook('turtlebot3_NavSLAM', 'pythonpath')
[2.158s] INFO:colcon.colcon_core.shell:Creating environment hook '/home/nicola/mobileRobotics/colcon_ws/install/turtlebot3_NavSLAM/share/turtlebot3_NavSLAM/hook/pythonpath.ps1'
[2.160s] INFO:colcon.colcon_core.shell:Creating environment descriptor '/home/nicola/mobileRobotics/colcon_ws/install/turtlebot3_NavSLAM/share/turtlebot3_NavSLAM/hook/pythonpath.dsv'
[2.160s] INFO:colcon.colcon_core.shell:Creating environment hook '/home/nicola/mobileRobotics/colcon_ws/install/turtlebot3_NavSLAM/share/turtlebot3_NavSLAM/hook/pythonpath.sh'
[2.161s] Level 1:colcon.colcon_core.environment:create_environment_scripts_only(turtlebot3_NavSLAM)
[2.162s] INFO:colcon.colcon_core.shell:Creating package script '/home/nicola/mobileRobotics/colcon_ws/install/turtlebot3_NavSLAM/share/turtlebot3_NavSLAM/package.ps1'
[2.163s] INFO:colcon.colcon_core.shell:Creating package descriptor '/home/nicola/mobileRobotics/colcon_ws/install/turtlebot3_NavSLAM/share/turtlebot3_NavSLAM/package.dsv'
[2.163s] INFO:colcon.colcon_core.shell:Creating package script '/home/nicola/mobileRobotics/colcon_ws/install/turtlebot3_NavSLAM/share/turtlebot3_NavSLAM/package.sh'
[2.164s] INFO:colcon.colcon_core.shell:Creating package script '/home/nicola/mobileRobotics/colcon_ws/install/turtlebot3_NavSLAM/share/turtlebot3_NavSLAM/package.bash'
[2.165s] INFO:colcon.colcon_core.shell:Creating package script '/home/nicola/mobileRobotics/colcon_ws/install/turtlebot3_NavSLAM/share/turtlebot3_NavSLAM/package.zsh'
[2.166s] Level 1:colcon.colcon_core.environment:create_file_with_runtime_dependencies(/home/nicola/mobileRobotics/colcon_ws/install/turtlebot3_NavSLAM/share/colcon-core/packages/turtlebot3_NavSLAM)
[2.223s] Level 1:colcon.colcon_core.environment:checking '/home/nicola/mobileRobotics/colcon_ws/install/turtlebot3_HighLevelControl' for CMake module files
[2.224s] DEBUG:colcon.colcon_core.event_handler.log_command:Invoked command in '/home/nicola/mobileRobotics/colcon_ws/src/turtlebot3_HighLevelControl' returned '0': PYTHONPATH=/home/nicola/mobileRobotics/colcon_ws/install/turtlebot3_HighLevelControl/lib/python3.8/site-packages: /usr/bin/python3 setup.py egg_info --egg-base ../../build/turtlebot3_HighLevelControl build --build-base /home/nicola/mobileRobotics/colcon_ws/build/turtlebot3_HighLevelControl/build install --prefix /home/nicola/mobileRobotics/colcon_ws/install/turtlebot3_HighLevelControl --record /home/nicola/mobileRobotics/colcon_ws/build/turtlebot3_HighLevelControl/install.log --single-version-externally-managed
[2.224s] Level 1:colcon.colcon_core.environment:checking '/home/nicola/mobileRobotics/colcon_ws/install/turtlebot3_HighLevelControl' for CMake config files
[2.225s] Level 1:colcon.colcon_core.environment:checking '/home/nicola/mobileRobotics/colcon_ws/install/turtlebot3_HighLevelControl/lib'
[2.225s] Level 1:colcon.colcon_core.environment:checking '/home/nicola/mobileRobotics/colcon_ws/install/turtlebot3_HighLevelControl/bin'
[2.226s] Level 1:colcon.colcon_core.environment:checking '/home/nicola/mobileRobotics/colcon_ws/install/turtlebot3_HighLevelControl/lib/pkgconfig/turtlebot3_HighLevelControl.pc'
[2.226s] Level 1:colcon.colcon_core.environment:checking '/home/nicola/mobileRobotics/colcon_ws/install/turtlebot3_HighLevelControl/lib/python3.8/site-packages'
[2.226s] Level 1:colcon.colcon_core.shell:create_environment_hook('turtlebot3_HighLevelControl', 'pythonpath')
[2.226s] INFO:colcon.colcon_core.shell:Creating environment hook '/home/nicola/mobileRobotics/colcon_ws/install/turtlebot3_HighLevelControl/share/turtlebot3_HighLevelControl/hook/pythonpath.ps1'
[2.227s] INFO:colcon.colcon_core.shell:Creating environment descriptor '/home/nicola/mobileRobotics/colcon_ws/install/turtlebot3_HighLevelControl/share/turtlebot3_HighLevelControl/hook/pythonpath.dsv'
[2.227s] INFO:colcon.colcon_core.shell:Creating environment hook '/home/nicola/mobileRobotics/colcon_ws/install/turtlebot3_HighLevelControl/share/turtlebot3_HighLevelControl/hook/pythonpath.sh'
[2.228s] Level 1:colcon.colcon_core.environment:create_environment_scripts_only(turtlebot3_HighLevelControl)
[2.229s] INFO:colcon.colcon_core.shell:Creating package script '/home/nicola/mobileRobotics/colcon_ws/install/turtlebot3_HighLevelControl/share/turtlebot3_HighLevelControl/package.ps1'
[2.229s] INFO:colcon.colcon_core.shell:Creating package descriptor '/home/nicola/mobileRobotics/colcon_ws/install/turtlebot3_HighLevelControl/share/turtlebot3_HighLevelControl/package.dsv'
[2.230s] INFO:colcon.colcon_core.shell:Creating package script '/home/nicola/mobileRobotics/colcon_ws/install/turtlebot3_HighLevelControl/share/turtlebot3_HighLevelControl/package.sh'
[2.231s] INFO:colcon.colcon_core.shell:Creating package script '/home/nicola/mobileRobotics/colcon_ws/install/turtlebot3_HighLevelControl/share/turtlebot3_HighLevelControl/package.bash'
[2.231s] INFO:colcon.colcon_core.shell:Creating package script '/home/nicola/mobileRobotics/colcon_ws/install/turtlebot3_HighLevelControl/share/turtlebot3_HighLevelControl/package.zsh'
[2.232s] Level 1:colcon.colcon_core.environment:create_file_with_runtime_dependencies(/home/nicola/mobileRobotics/colcon_ws/install/turtlebot3_HighLevelControl/share/colcon-core/packages/turtlebot3_HighLevelControl)
[2.239s] Level 1:colcon.colcon_core.environment:checking '/home/nicola/mobileRobotics/colcon_ws/install/turtlebot3_visualizer' for CMake module files
[2.239s] DEBUG:colcon.colcon_core.event_handler.log_command:Invoked command in '/home/nicola/mobileRobotics/colcon_ws/src/turtlebot3_visualizer' returned '0': PYTHONPATH=/home/nicola/mobileRobotics/colcon_ws/install/turtlebot3_visualizer/lib/python3.8/site-packages: /usr/bin/python3 setup.py egg_info --egg-base ../../build/turtlebot3_visualizer build --build-base /home/nicola/mobileRobotics/colcon_ws/build/turtlebot3_visualizer/build install --prefix /home/nicola/mobileRobotics/colcon_ws/install/turtlebot3_visualizer --record /home/nicola/mobileRobotics/colcon_ws/build/turtlebot3_visualizer/install.log --single-version-externally-managed
[2.240s] Level 1:colcon.colcon_core.environment:checking '/home/nicola/mobileRobotics/colcon_ws/install/turtlebot3_visualizer' for CMake config files
[2.241s] Level 1:colcon.colcon_core.environment:checking '/home/nicola/mobileRobotics/colcon_ws/install/turtlebot3_visualizer/lib'
[2.241s] Level 1:colcon.colcon_core.environment:checking '/home/nicola/mobileRobotics/colcon_ws/install/turtlebot3_visualizer/bin'
[2.241s] Level 1:colcon.colcon_core.environment:checking '/home/nicola/mobileRobotics/colcon_ws/install/turtlebot3_visualizer/lib/pkgconfig/turtlebot3_visualizer.pc'
[2.241s] Level 1:colcon.colcon_core.environment:checking '/home/nicola/mobileRobotics/colcon_ws/install/turtlebot3_visualizer/lib/python3.8/site-packages'
[2.241s] Level 1:colcon.colcon_core.shell:create_environment_hook('turtlebot3_visualizer', 'pythonpath')
[2.242s] INFO:colcon.colcon_core.shell:Creating environment hook '/home/nicola/mobileRobotics/colcon_ws/install/turtlebot3_visualizer/share/turtlebot3_visualizer/hook/pythonpath.ps1'
[2.242s] INFO:colcon.colcon_core.shell:Creating environment descriptor '/home/nicola/mobileRobotics/colcon_ws/install/turtlebot3_visualizer/share/turtlebot3_visualizer/hook/pythonpath.dsv'
[2.243s] INFO:colcon.colcon_core.shell:Creating environment hook '/home/nicola/mobileRobotics/colcon_ws/install/turtlebot3_visualizer/share/turtlebot3_visualizer/hook/pythonpath.sh'
[2.243s] Level 1:colcon.colcon_core.environment:create_environment_scripts_only(turtlebot3_visualizer)
[2.244s] INFO:colcon.colcon_core.shell:Creating package script '/home/nicola/mobileRobotics/colcon_ws/install/turtlebot3_visualizer/share/turtlebot3_visualizer/package.ps1'
[2.245s] INFO:colcon.colcon_core.shell:Creating package descriptor '/home/nicola/mobileRobotics/colcon_ws/install/turtlebot3_visualizer/share/turtlebot3_visualizer/package.dsv'
[2.246s] INFO:colcon.colcon_core.shell:Creating package script '/home/nicola/mobileRobotics/colcon_ws/install/turtlebot3_visualizer/share/turtlebot3_visualizer/package.sh'
[2.246s] INFO:colcon.colcon_core.shell:Creating package script '/home/nicola/mobileRobotics/colcon_ws/install/turtlebot3_visualizer/share/turtlebot3_visualizer/package.bash'
[2.247s] INFO:colcon.colcon_core.shell:Creating package script '/home/nicola/mobileRobotics/colcon_ws/install/turtlebot3_visualizer/share/turtlebot3_visualizer/package.zsh'
[2.248s] Level 1:colcon.colcon_core.environment:create_file_with_runtime_dependencies(/home/nicola/mobileRobotics/colcon_ws/install/turtlebot3_visualizer/share/colcon-core/packages/turtlebot3_visualizer)
[2.249s] DEBUG:colcon.colcon_parallel_executor.executor.parallel:closing loop
[2.249s] DEBUG:colcon.colcon_parallel_executor.executor.parallel:loop closed
[2.249s] DEBUG:colcon.colcon_parallel_executor.executor.parallel:run_until_complete finished with '0'
[2.249s] DEBUG:colcon.colcon_core.event_reactor:joining thread
[2.257s] INFO:colcon.colcon_core.plugin_system:Skipping extension 'colcon_notification.desktop_notification.terminal_notifier': Not used on non-Darwin systems
[2.257s] INFO:colcon.colcon_core.plugin_system:Skipping extension 'colcon_notification.desktop_notification.win32': Not used on non-Windows systems
[2.257s] INFO:colcon.colcon_notification.desktop_notification:Sending desktop notification using 'notify2'
[2.277s] DEBUG:colcon.colcon_core.event_reactor:joined thread
[2.278s] INFO:colcon.colcon_core.shell:Creating prefix script '/home/nicola/mobileRobotics/colcon_ws/install/local_setup.ps1'
[2.279s] INFO:colcon.colcon_core.shell:Creating prefix util module '/home/nicola/mobileRobotics/colcon_ws/install/_local_setup_util_ps1.py'
[2.281s] INFO:colcon.colcon_core.shell:Creating prefix chain script '/home/nicola/mobileRobotics/colcon_ws/install/setup.ps1'
[2.282s] INFO:colcon.colcon_core.shell:Creating prefix script '/home/nicola/mobileRobotics/colcon_ws/install/local_setup.sh'
[2.283s] INFO:colcon.colcon_core.shell:Creating prefix util module '/home/nicola/mobileRobotics/colcon_ws/install/_local_setup_util_sh.py'
[2.284s] INFO:colcon.colcon_core.shell:Creating prefix chain script '/home/nicola/mobileRobotics/colcon_ws/install/setup.sh'
[2.285s] INFO:colcon.colcon_core.shell:Creating prefix script '/home/nicola/mobileRobotics/colcon_ws/install/local_setup.bash'
[2.286s] INFO:colcon.colcon_core.shell:Creating prefix chain script '/home/nicola/mobileRobotics/colcon_ws/install/setup.bash'
[2.287s] INFO:colcon.colcon_core.shell:Creating prefix script '/home/nicola/mobileRobotics/colcon_ws/install/local_setup.zsh'
[2.288s] INFO:colcon.colcon_core.shell:Creating prefix chain script '/home/nicola/mobileRobotics/colcon_ws/install/setup.zsh'
