running egg_info
creating ../../build/turtlebot3_visualizer/turtlebot3_visualizer.egg-info
writing ../../build/turtlebot3_visualizer/turtlebot3_visualizer.egg-info/PKG-INFO
writing dependency_links to ../../build/turtlebot3_visualizer/turtlebot3_visualizer.egg-info/dependency_links.txt
writing entry points to ../../build/turtlebot3_visualizer/turtlebot3_visualizer.egg-info/entry_points.txt
writing requirements to ../../build/turtlebot3_visualizer/turtlebot3_visualizer.egg-info/requires.txt
writing top-level names to ../../build/turtlebot3_visualizer/turtlebot3_visualizer.egg-info/top_level.txt
writing manifest file '../../build/turtlebot3_visualizer/turtlebot3_visualizer.egg-info/SOURCES.txt'
reading manifest file '../../build/turtlebot3_visualizer/turtlebot3_visualizer.egg-info/SOURCES.txt'
writing manifest file '../../build/turtlebot3_visualizer/turtlebot3_visualizer.egg-info/SOURCES.txt'
running build
running build_py
creating /home/nicola/colcon_ws/build/turtlebot3_visualizer/build
creating /home/nicola/colcon_ws/build/turtlebot3_visualizer/build/lib
creating /home/nicola/colcon_ws/build/turtlebot3_visualizer/build/lib/turtlebot3_visualizer
copying turtlebot3_visualizer/__init__.py -> /home/nicola/colcon_ws/build/turtlebot3_visualizer/build/lib/turtlebot3_visualizer
running install
running install_lib
creating /home/nicola/colcon_ws/install/turtlebot3_visualizer/lib/python3.8/site-packages/turtlebot3_visualizer
copying /home/nicola/colcon_ws/build/turtlebot3_visualizer/build/lib/turtlebot3_visualizer/__init__.py -> /home/nicola/colcon_ws/install/turtlebot3_visualizer/lib/python3.8/site-packages/turtlebot3_visualizer
byte-compiling /home/nicola/colcon_ws/install/turtlebot3_visualizer/lib/python3.8/site-packages/turtlebot3_visualizer/__init__.py to __init__.cpython-38.pyc
running install_data
creating /home/nicola/colcon_ws/install/turtlebot3_visualizer/share/ament_index
creating /home/nicola/colcon_ws/install/turtlebot3_visualizer/share/ament_index/resource_index
creating /home/nicola/colcon_ws/install/turtlebot3_visualizer/share/ament_index/resource_index/packages
copying resource/turtlebot3_visualizer -> /home/nicola/colcon_ws/install/turtlebot3_visualizer/share/ament_index/resource_index/packages
copying package.xml -> /home/nicola/colcon_ws/install/turtlebot3_visualizer/share/turtlebot3_visualizer
creating /home/nicola/colcon_ws/install/turtlebot3_visualizer/share/turtlebot3_visualizer/launch
copying launch/turtlebot3_visualizer.launch.py -> /home/nicola/colcon_ws/install/turtlebot3_visualizer/share/turtlebot3_visualizer/launch
creating /home/nicola/colcon_ws/install/turtlebot3_visualizer/share/turtlebot3_visualizer/rviz
copying rviz/NAV2.rviz -> /home/nicola/colcon_ws/install/turtlebot3_visualizer/share/turtlebot3_visualizer/rviz
copying rviz/AMCL.rviz -> /home/nicola/colcon_ws/install/turtlebot3_visualizer/share/turtlebot3_visualizer/rviz
copying rviz/SLAM.rviz -> /home/nicola/colcon_ws/install/turtlebot3_visualizer/share/turtlebot3_visualizer/rviz
running install_egg_info
Copying ../../build/turtlebot3_visualizer/turtlebot3_visualizer.egg-info to /home/nicola/colcon_ws/install/turtlebot3_visualizer/lib/python3.8/site-packages/turtlebot3_visualizer-0.0.0-py3.8.egg-info
running install_scripts
writing list of installed files to '/home/nicola/colcon_ws/build/turtlebot3_visualizer/install.log'
