[2.328s] Invoking command in '/home/nicola/mobileRobotics/colcon_ws/src/turtlebot3_NavSLAM': PYTHONPATH=/home/nicola/mobileRobotics/colcon_ws/install/turtlebot3_NavSLAM/lib/python3.8/site-packages:${PYTHONPATH} /usr/bin/python3 setup.py egg_info --egg-base ../../build/turtlebot3_NavSLAM build --build-base /home/nicola/mobileRobotics/colcon_ws/build/turtlebot3_NavSLAM/build install --prefix /home/nicola/mobileRobotics/colcon_ws/install/turtlebot3_NavSLAM --record /home/nicola/mobileRobotics/colcon_ws/build/turtlebot3_NavSLAM/install.log --single-version-externally-managed
[2.832s] running egg_info
[2.833s] creating ../../build/turtlebot3_NavSLAM/turtlebot3_NavSLAM.egg-info
[2.834s] writing ../../build/turtlebot3_NavSLAM/turtlebot3_NavSLAM.egg-info/PKG-INFO
[2.834s] writing dependency_links to ../../build/turtlebot3_NavSLAM/turtlebot3_NavSLAM.egg-info/dependency_links.txt
[2.835s] writing entry points to ../../build/turtlebot3_NavSLAM/turtlebot3_NavSLAM.egg-info/entry_points.txt
[2.835s] writing requirements to ../../build/turtlebot3_NavSLAM/turtlebot3_NavSLAM.egg-info/requires.txt
[2.835s] writing top-level names to ../../build/turtlebot3_NavSLAM/turtlebot3_NavSLAM.egg-info/top_level.txt
[2.864s] writing manifest file '../../build/turtlebot3_NavSLAM/turtlebot3_NavSLAM.egg-info/SOURCES.txt'
[2.932s] reading manifest file '../../build/turtlebot3_NavSLAM/turtlebot3_NavSLAM.egg-info/SOURCES.txt'
[2.933s] writing manifest file '../../build/turtlebot3_NavSLAM/turtlebot3_NavSLAM.egg-info/SOURCES.txt'
[2.934s] running build
[2.934s] running build_py
[2.934s] creating /home/nicola/mobileRobotics/colcon_ws/build/turtlebot3_NavSLAM/build
[2.934s] creating /home/nicola/mobileRobotics/colcon_ws/build/turtlebot3_NavSLAM/build/lib
[2.935s] creating /home/nicola/mobileRobotics/colcon_ws/build/turtlebot3_NavSLAM/build/lib/turtlebot3_NavSLAM
[2.935s] copying turtlebot3_NavSLAM/__init__.py -> /home/nicola/mobileRobotics/colcon_ws/build/turtlebot3_NavSLAM/build/lib/turtlebot3_NavSLAM
[2.935s] running install
[2.936s] running install_lib
[2.938s] creating /home/nicola/mobileRobotics/colcon_ws/install/turtlebot3_NavSLAM/lib/python3.8/site-packages/turtlebot3_NavSLAM
[2.938s] copying /home/nicola/mobileRobotics/colcon_ws/build/turtlebot3_NavSLAM/build/lib/turtlebot3_NavSLAM/__init__.py -> /home/nicola/mobileRobotics/colcon_ws/install/turtlebot3_NavSLAM/lib/python3.8/site-packages/turtlebot3_NavSLAM
[2.939s] byte-compiling /home/nicola/mobileRobotics/colcon_ws/install/turtlebot3_NavSLAM/lib/python3.8/site-packages/turtlebot3_NavSLAM/__init__.py to __init__.cpython-38.pyc
[2.941s] running install_data
[2.943s] creating /home/nicola/mobileRobotics/colcon_ws/install/turtlebot3_NavSLAM/share/ament_index
[2.943s] creating /home/nicola/mobileRobotics/colcon_ws/install/turtlebot3_NavSLAM/share/ament_index/resource_index
[2.943s] creating /home/nicola/mobileRobotics/colcon_ws/install/turtlebot3_NavSLAM/share/ament_index/resource_index/packages
[2.943s] copying resource/turtlebot3_NavSLAM -> /home/nicola/mobileRobotics/colcon_ws/install/turtlebot3_NavSLAM/share/ament_index/resource_index/packages
[2.943s] copying package.xml -> /home/nicola/mobileRobotics/colcon_ws/install/turtlebot3_NavSLAM/share/turtlebot3_NavSLAM
[2.944s] creating /home/nicola/mobileRobotics/colcon_ws/install/turtlebot3_NavSLAM/share/turtlebot3_NavSLAM/launch
[2.944s] copying launch/turtlebot3_SLAM.launch.py -> /home/nicola/mobileRobotics/colcon_ws/install/turtlebot3_NavSLAM/share/turtlebot3_NavSLAM/launch
[2.959s] copying launch/turtlebot3_AMCL.launch.py -> /home/nicola/mobileRobotics/colcon_ws/install/turtlebot3_NavSLAM/share/turtlebot3_NavSLAM/launch
[2.989s] copying launch/turtlebot3_NAV2.launch.py -> /home/nicola/mobileRobotics/colcon_ws/install/turtlebot3_NavSLAM/share/turtlebot3_NavSLAM/launch
[3.016s] creating /home/nicola/mobileRobotics/colcon_ws/install/turtlebot3_NavSLAM/share/turtlebot3_NavSLAM/config
[3.016s] copying config/NAV2_param.yaml -> /home/nicola/mobileRobotics/colcon_ws/install/turtlebot3_NavSLAM/share/turtlebot3_NavSLAM/config
[3.037s] copying config/SLAM_param.yaml -> /home/nicola/mobileRobotics/colcon_ws/install/turtlebot3_NavSLAM/share/turtlebot3_NavSLAM/config
[3.070s] copying config/bt_config.xml -> /home/nicola/mobileRobotics/colcon_ws/install/turtlebot3_NavSLAM/share/turtlebot3_NavSLAM/config
[3.070s] creating /home/nicola/mobileRobotics/colcon_ws/install/turtlebot3_NavSLAM/share/turtlebot3_NavSLAM/rviz
[3.070s] creating /home/nicola/mobileRobotics/colcon_ws/install/turtlebot3_NavSLAM/share/turtlebot3_NavSLAM/map
[3.070s] copying map/test.yaml -> /home/nicola/mobileRobotics/colcon_ws/install/turtlebot3_NavSLAM/share/turtlebot3_NavSLAM/map
[3.103s] copying map/test.pgm -> /home/nicola/mobileRobotics/colcon_ws/install/turtlebot3_NavSLAM/share/turtlebot3_NavSLAM/map
[3.125s] copying map/map.yaml -> /home/nicola/mobileRobotics/colcon_ws/install/turtlebot3_NavSLAM/share/turtlebot3_NavSLAM/map
[3.156s] copying map/map.pgm -> /home/nicola/mobileRobotics/colcon_ws/install/turtlebot3_NavSLAM/share/turtlebot3_NavSLAM/map
[3.174s] running install_egg_info
[3.179s] Copying ../../build/turtlebot3_NavSLAM/turtlebot3_NavSLAM.egg-info to /home/nicola/mobileRobotics/colcon_ws/install/turtlebot3_NavSLAM/lib/python3.8/site-packages/turtlebot3_NavSLAM-0.0.0-py3.8.egg-info
[3.183s] running install_scripts
[3.231s] writing list of installed files to '/home/nicola/mobileRobotics/colcon_ws/build/turtlebot3_NavSLAM/install.log'
[3.317s] Invoked command in '/home/nicola/mobileRobotics/colcon_ws/src/turtlebot3_NavSLAM' returned '0': PYTHONPATH=/home/nicola/mobileRobotics/colcon_ws/install/turtlebot3_NavSLAM/lib/python3.8/site-packages:${PYTHONPATH} /usr/bin/python3 setup.py egg_info --egg-base ../../build/turtlebot3_NavSLAM build --build-base /home/nicola/mobileRobotics/colcon_ws/build/turtlebot3_NavSLAM/build install --prefix /home/nicola/mobileRobotics/colcon_ws/install/turtlebot3_NavSLAM --record /home/nicola/mobileRobotics/colcon_ws/build/turtlebot3_NavSLAM/install.log --single-version-externally-managed
