[0.651s] Invoking command in '/home/nicola/colcon_ws/build/turtlebot3_description': CMAKE_PREFIX_PATH=${CMAKE_PREFIX_PATH}:/home/nicola/colcon_ws/src/ROS2Package/install/turtlebot3_visualizer:/home/nicola/colcon_ws/src/ROS2Package/install/turtlebot3_NavSLAM:/home/nicola/colcon_ws/install/turtlebot3_visualizer:/home/nicola/colcon_ws/install/turtlebot3_NavSLAM:/home/nicola/colcon_ws/install/package1:/opt/ros/foxy /usr/bin/cmake --build /home/nicola/colcon_ws/build/turtlebot3_description -- -j8 -l8
[1.261s] Invoked command in '/home/nicola/colcon_ws/build/turtlebot3_description' returned '0': CMAKE_PREFIX_PATH=${CMAKE_PREFIX_PATH}:/home/nicola/colcon_ws/src/ROS2Package/install/turtlebot3_visualizer:/home/nicola/colcon_ws/src/ROS2Package/install/turtlebot3_NavSLAM:/home/nicola/colcon_ws/install/turtlebot3_visualizer:/home/nicola/colcon_ws/install/turtlebot3_NavSLAM:/home/nicola/colcon_ws/install/package1:/opt/ros/foxy /usr/bin/cmake --build /home/nicola/colcon_ws/build/turtlebot3_description -- -j8 -l8
[1.344s] Invoking command in '/home/nicola/colcon_ws/build/turtlebot3_description': CMAKE_PREFIX_PATH=${CMAKE_PREFIX_PATH}:/home/nicola/colcon_ws/src/ROS2Package/install/turtlebot3_visualizer:/home/nicola/colcon_ws/src/ROS2Package/install/turtlebot3_NavSLAM:/home/nicola/colcon_ws/install/turtlebot3_visualizer:/home/nicola/colcon_ws/install/turtlebot3_NavSLAM:/home/nicola/colcon_ws/install/package1:/opt/ros/foxy /usr/bin/cmake --install /home/nicola/colcon_ws/build/turtlebot3_description
[1.365s] -- Install configuration: ""
[1.366s] -- Up-to-date: /home/nicola/colcon_ws/install/turtlebot3_description/share/turtlebot3_description/meshes
[1.367s] -- Up-to-date: /home/nicola/colcon_ws/install/turtlebot3_description/share/turtlebot3_description/meshes/bases
[1.368s] -- Up-to-date: /home/nicola/colcon_ws/install/turtlebot3_description/share/turtlebot3_description/meshes/bases/burger_base.stl
[1.369s] -- Up-to-date: /home/nicola/colcon_ws/install/turtlebot3_description/share/turtlebot3_description/meshes/bases/burger_base_2.asset.meta
[1.369s] -- Up-to-date: /home/nicola/colcon_ws/install/turtlebot3_description/share/turtlebot3_description/meshes/bases/waffle_pi_base_0.asset.meta
[1.370s] -- Up-to-date: /home/nicola/colcon_ws/install/turtlebot3_description/share/turtlebot3_description/meshes/bases/waffle_pi_base_5.asset.meta
[1.370s] -- Up-to-date: /home/nicola/colcon_ws/install/turtlebot3_description/share/turtlebot3_description/meshes/bases/burger_base_0.asset
[1.370s] -- Up-to-date: /home/nicola/colcon_ws/install/turtlebot3_description/share/turtlebot3_description/meshes/bases/waffle_base_7.asset
[1.370s] -- Up-to-date: /home/nicola/colcon_ws/install/turtlebot3_description/share/turtlebot3_description/meshes/bases/burger_base_4.asset
[1.371s] -- Up-to-date: /home/nicola/colcon_ws/install/turtlebot3_description/share/turtlebot3_description/meshes/bases/waffle_base.prefab
[1.371s] -- Up-to-date: /home/nicola/colcon_ws/install/turtlebot3_description/share/turtlebot3_description/meshes/bases/burger_base_4.asset.meta
[1.371s] -- Up-to-date: /home/nicola/colcon_ws/install/turtlebot3_description/share/turtlebot3_description/meshes/bases/waffle_base_14.asset
[1.372s] -- Up-to-date: /home/nicola/colcon_ws/install/turtlebot3_description/share/turtlebot3_description/meshes/bases/burger_base.prefab
[1.372s] -- Up-to-date: /home/nicola/colcon_ws/install/turtlebot3_description/share/turtlebot3_description/meshes/bases/burger_base.stl.meta
[1.372s] -- Up-to-date: /home/nicola/colcon_ws/install/turtlebot3_description/share/turtlebot3_description/meshes/bases/waffle_base_3.asset.meta
[1.373s] -- Up-to-date: /home/nicola/colcon_ws/install/turtlebot3_description/share/turtlebot3_description/meshes/bases/waffle_base_8.asset
[1.373s] -- Up-to-date: /home/nicola/colcon_ws/install/turtlebot3_description/share/turtlebot3_description/meshes/bases/waffle_pi_base_4.asset.meta
[1.373s] -- Up-to-date: /home/nicola/colcon_ws/install/turtlebot3_description/share/turtlebot3_description/meshes/bases/waffle_pi_base_3.asset.meta
[1.373s] -- Up-to-date: /home/nicola/colcon_ws/install/turtlebot3_description/share/turtlebot3_description/meshes/bases/waffle_pi_base_2.asset
[1.374s] -- Up-to-date: /home/nicola/colcon_ws/install/turtlebot3_description/share/turtlebot3_description/meshes/bases/burger_base_3.asset
[1.374s] -- Up-to-date: /home/nicola/colcon_ws/install/turtlebot3_description/share/turtlebot3_description/meshes/bases/waffle_base_4.asset.meta
[1.374s] -- Up-to-date: /home/nicola/colcon_ws/install/turtlebot3_description/share/turtlebot3_description/meshes/bases/waffle_base_8.asset.meta
[1.374s] -- Up-to-date: /home/nicola/colcon_ws/install/turtlebot3_description/share/turtlebot3_description/meshes/bases/waffle_base_9.asset
[1.374s] -- Up-to-date: /home/nicola/colcon_ws/install/turtlebot3_description/share/turtlebot3_description/meshes/bases/burger_base.prefab.meta
[1.374s] -- Up-to-date: /home/nicola/colcon_ws/install/turtlebot3_description/share/turtlebot3_description/meshes/bases/waffle_base_2.asset.meta
[1.375s] -- Up-to-date: /home/nicola/colcon_ws/install/turtlebot3_description/share/turtlebot3_description/meshes/bases/waffle_pi_base_0.asset
[1.375s] -- Up-to-date: /home/nicola/colcon_ws/install/turtlebot3_description/share/turtlebot3_description/meshes/bases/waffle_base_6.asset.meta
[1.375s] -- Up-to-date: /home/nicola/colcon_ws/install/turtlebot3_description/share/turtlebot3_description/meshes/bases/waffle_pi_base.prefab.meta
[1.375s] -- Up-to-date: /home/nicola/colcon_ws/install/turtlebot3_description/share/turtlebot3_description/meshes/bases/waffle_base_2.asset
[1.375s] -- Up-to-date: /home/nicola/colcon_ws/install/turtlebot3_description/share/turtlebot3_description/meshes/bases/waffle_base_10.asset
[1.375s] -- Up-to-date: /home/nicola/colcon_ws/install/turtlebot3_description/share/turtlebot3_description/meshes/bases/burger_base_1.asset.meta
[1.376s] -- Up-to-date: /home/nicola/colcon_ws/install/turtlebot3_description/share/turtlebot3_description/meshes/bases/waffle_pi_base.stl
[1.376s] -- Up-to-date: /home/nicola/colcon_ws/install/turtlebot3_description/share/turtlebot3_description/meshes/bases/waffle_base_10.asset.meta
[1.376s] -- Up-to-date: /home/nicola/colcon_ws/install/turtlebot3_description/share/turtlebot3_description/meshes/bases/waffle_base_4.asset
[1.376s] -- Up-to-date: /home/nicola/colcon_ws/install/turtlebot3_description/share/turtlebot3_description/meshes/bases/waffle_base.stl
[1.377s] -- Up-to-date: /home/nicola/colcon_ws/install/turtlebot3_description/share/turtlebot3_description/meshes/bases/waffle_base_1.asset.meta
[1.378s] -- Up-to-date: /home/nicola/colcon_ws/install/turtlebot3_description/share/turtlebot3_description/meshes/bases/waffle_base_13.asset.meta
[1.379s] -- Up-to-date: /home/nicola/colcon_ws/install/turtlebot3_description/share/turtlebot3_description/meshes/bases/waffle_base_0.asset
[1.383s] -- Up-to-date: /home/nicola/colcon_ws/install/turtlebot3_description/share/turtlebot3_description/meshes/bases/waffle_pi_base_7.asset
[1.383s] -- Up-to-date: /home/nicola/colcon_ws/install/turtlebot3_description/share/turtlebot3_description/meshes/bases/waffle_base_6.asset
[1.383s] -- Up-to-date: /home/nicola/colcon_ws/install/turtlebot3_description/share/turtlebot3_description/meshes/bases/waffle_pi_base_7.asset.meta
[1.384s] -- Up-to-date: /home/nicola/colcon_ws/install/turtlebot3_description/share/turtlebot3_description/meshes/bases/waffle_base_3.asset
[1.384s] -- Up-to-date: /home/nicola/colcon_ws/install/turtlebot3_description/share/turtlebot3_description/meshes/bases/waffle_base_11.asset
[1.385s] -- Up-to-date: /home/nicola/colcon_ws/install/turtlebot3_description/share/turtlebot3_description/meshes/bases/waffle_base_9.asset.meta
[1.385s] -- Up-to-date: /home/nicola/colcon_ws/install/turtlebot3_description/share/turtlebot3_description/meshes/bases/waffle_pi_base_4.asset
[1.386s] -- Up-to-date: /home/nicola/colcon_ws/install/turtlebot3_description/share/turtlebot3_description/meshes/bases/waffle_base_13.asset
[1.386s] -- Up-to-date: /home/nicola/colcon_ws/install/turtlebot3_description/share/turtlebot3_description/meshes/bases/waffle_base_5.asset.meta
[1.386s] -- Up-to-date: /home/nicola/colcon_ws/install/turtlebot3_description/share/turtlebot3_description/meshes/bases/waffle_pi_base_6.asset
[1.387s] -- Up-to-date: /home/nicola/colcon_ws/install/turtlebot3_description/share/turtlebot3_description/meshes/bases/waffle_pi_base_3.asset
[1.387s] -- Up-to-date: /home/nicola/colcon_ws/install/turtlebot3_description/share/turtlebot3_description/meshes/bases/waffle_base.stl.meta
[1.388s] -- Up-to-date: /home/nicola/colcon_ws/install/turtlebot3_description/share/turtlebot3_description/meshes/bases/burger_base_3.asset.meta
[1.388s] -- Up-to-date: /home/nicola/colcon_ws/install/turtlebot3_description/share/turtlebot3_description/meshes/bases/waffle_base_11.asset.meta
[1.389s] -- Up-to-date: /home/nicola/colcon_ws/install/turtlebot3_description/share/turtlebot3_description/meshes/bases/waffle_pi_base_1.asset
[1.390s] -- Up-to-date: /home/nicola/colcon_ws/install/turtlebot3_description/share/turtlebot3_description/meshes/bases/waffle_base_7.asset.meta
[1.391s] -- Up-to-date: /home/nicola/colcon_ws/install/turtlebot3_description/share/turtlebot3_description/meshes/bases/waffle_pi_base.prefab
[1.391s] -- Up-to-date: /home/nicola/colcon_ws/install/turtlebot3_description/share/turtlebot3_description/meshes/bases/waffle_base.prefab.meta
[1.393s] -- Up-to-date: /home/nicola/colcon_ws/install/turtlebot3_description/share/turtlebot3_description/meshes/bases/waffle_base_12.asset
[1.395s] -- Up-to-date: /home/nicola/colcon_ws/install/turtlebot3_description/share/turtlebot3_description/meshes/bases/burger_base_1.asset
[1.395s] -- Up-to-date: /home/nicola/colcon_ws/install/turtlebot3_description/share/turtlebot3_description/meshes/bases/waffle_pi_base.stl.meta
[1.396s] -- Up-to-date: /home/nicola/colcon_ws/install/turtlebot3_description/share/turtlebot3_description/meshes/bases/burger_base_0.asset.meta
[1.396s] -- Up-to-date: /home/nicola/colcon_ws/install/turtlebot3_description/share/turtlebot3_description/meshes/bases/waffle_base_1.asset
[1.398s] -- Up-to-date: /home/nicola/colcon_ws/install/turtlebot3_description/share/turtlebot3_description/meshes/bases/waffle_base_14.asset.meta
[1.398s] -- Up-to-date: /home/nicola/colcon_ws/install/turtlebot3_description/share/turtlebot3_description/meshes/bases/burger_base_2.asset
[1.400s] -- Up-to-date: /home/nicola/colcon_ws/install/turtlebot3_description/share/turtlebot3_description/meshes/bases/waffle_pi_base_6.asset.meta
[1.400s] -- Up-to-date: /home/nicola/colcon_ws/install/turtlebot3_description/share/turtlebot3_description/meshes/bases/waffle_base_12.asset.meta
[1.401s] -- Up-to-date: /home/nicola/colcon_ws/install/turtlebot3_description/share/turtlebot3_description/meshes/bases/waffle_pi_base_1.asset.meta
[1.401s] -- Up-to-date: /home/nicola/colcon_ws/install/turtlebot3_description/share/turtlebot3_description/meshes/bases/waffle_base_5.asset
[1.401s] -- Up-to-date: /home/nicola/colcon_ws/install/turtlebot3_description/share/turtlebot3_description/meshes/bases/waffle_pi_base_5.asset
[1.402s] -- Up-to-date: /home/nicola/colcon_ws/install/turtlebot3_description/share/turtlebot3_description/meshes/bases/waffle_pi_base_2.asset.meta
[1.403s] -- Up-to-date: /home/nicola/colcon_ws/install/turtlebot3_description/share/turtlebot3_description/meshes/bases/waffle_base_0.asset.meta
[1.403s] -- Up-to-date: /home/nicola/colcon_ws/install/turtlebot3_description/share/turtlebot3_description/meshes/sensors
[1.404s] -- Up-to-date: /home/nicola/colcon_ws/install/turtlebot3_description/share/turtlebot3_description/meshes/sensors/lds_0.asset
[1.404s] -- Up-to-date: /home/nicola/colcon_ws/install/turtlebot3_description/share/turtlebot3_description/meshes/sensors/r200.jpg.meta
[1.404s] -- Up-to-date: /home/nicola/colcon_ws/install/turtlebot3_description/share/turtlebot3_description/meshes/sensors/astra.jpg
[1.405s] -- Up-to-date: /home/nicola/colcon_ws/install/turtlebot3_description/share/turtlebot3_description/meshes/sensors/lds_0.asset.meta
[1.405s] -- Up-to-date: /home/nicola/colcon_ws/install/turtlebot3_description/share/turtlebot3_description/meshes/sensors/astra.jpg.meta
[1.406s] -- Up-to-date: /home/nicola/colcon_ws/install/turtlebot3_description/share/turtlebot3_description/meshes/sensors/lds.prefab.meta
[1.406s] -- Up-to-date: /home/nicola/colcon_ws/install/turtlebot3_description/share/turtlebot3_description/meshes/sensors/lds.stl.meta
[1.407s] -- Up-to-date: /home/nicola/colcon_ws/install/turtlebot3_description/share/turtlebot3_description/meshes/sensors/astra.dae.meta
[1.407s] -- Up-to-date: /home/nicola/colcon_ws/install/turtlebot3_description/share/turtlebot3_description/meshes/sensors/astra.dae
[1.408s] -- Up-to-date: /home/nicola/colcon_ws/install/turtlebot3_description/share/turtlebot3_description/meshes/sensors/lds.prefab
[1.408s] -- Up-to-date: /home/nicola/colcon_ws/install/turtlebot3_description/share/turtlebot3_description/meshes/sensors/r200.dae.meta
[1.408s] -- Up-to-date: /home/nicola/colcon_ws/install/turtlebot3_description/share/turtlebot3_description/meshes/sensors/r200.dae
[1.409s] -- Up-to-date: /home/nicola/colcon_ws/install/turtlebot3_description/share/turtlebot3_description/meshes/sensors/r200.jpg
[1.409s] -- Up-to-date: /home/nicola/colcon_ws/install/turtlebot3_description/share/turtlebot3_description/meshes/sensors/lds.stl
[1.410s] -- Up-to-date: /home/nicola/colcon_ws/install/turtlebot3_description/share/turtlebot3_description/meshes/wheels
[1.410s] -- Up-to-date: /home/nicola/colcon_ws/install/turtlebot3_description/share/turtlebot3_description/meshes/wheels/left_tire_0.asset.meta
[1.411s] -- Up-to-date: /home/nicola/colcon_ws/install/turtlebot3_description/share/turtlebot3_description/meshes/wheels/left_tire.stl
[1.413s] -- Up-to-date: /home/nicola/colcon_ws/install/turtlebot3_description/share/turtlebot3_description/meshes/wheels/left_tire.prefab
[1.414s] -- Up-to-date: /home/nicola/colcon_ws/install/turtlebot3_description/share/turtlebot3_description/meshes/wheels/right_tire.prefab.meta
[1.414s] -- Up-to-date: /home/nicola/colcon_ws/install/turtlebot3_description/share/turtlebot3_description/meshes/wheels/right_tire_0.asset.meta
[1.415s] -- Up-to-date: /home/nicola/colcon_ws/install/turtlebot3_description/share/turtlebot3_description/meshes/wheels/right_tire_0.asset
[1.416s] -- Up-to-date: /home/nicola/colcon_ws/install/turtlebot3_description/share/turtlebot3_description/meshes/wheels/right_tire.prefab
[1.416s] -- Up-to-date: /home/nicola/colcon_ws/install/turtlebot3_description/share/turtlebot3_description/meshes/wheels/left_tire.prefab.meta
[1.417s] -- Up-to-date: /home/nicola/colcon_ws/install/turtlebot3_description/share/turtlebot3_description/meshes/wheels/left_tire_0.asset
[1.417s] -- Up-to-date: /home/nicola/colcon_ws/install/turtlebot3_description/share/turtlebot3_description/meshes/wheels/right_tire.stl
[1.418s] -- Up-to-date: /home/nicola/colcon_ws/install/turtlebot3_description/share/turtlebot3_description/meshes/wheels/right_tire.stl.meta
[1.418s] -- Up-to-date: /home/nicola/colcon_ws/install/turtlebot3_description/share/turtlebot3_description/meshes/wheels/left_tire.stl.meta
[1.419s] -- Up-to-date: /home/nicola/colcon_ws/install/turtlebot3_description/share/turtlebot3_description/urdf
[1.420s] -- Up-to-date: /home/nicola/colcon_ws/install/turtlebot3_description/share/turtlebot3_description/urdf/turtlebot3_burger.urdf
[1.420s] -- Up-to-date: /home/nicola/colcon_ws/install/turtlebot3_description/share/turtlebot3_description/urdf/common_properties.urdf
[1.421s] -- Up-to-date: /home/nicola/colcon_ws/install/turtlebot3_description/share/ament_index/resource_index/package_run_dependencies/turtlebot3_description
[1.421s] -- Up-to-date: /home/nicola/colcon_ws/install/turtlebot3_description/share/ament_index/resource_index/parent_prefix_path/turtlebot3_description
[1.422s] -- Up-to-date: /home/nicola/colcon_ws/install/turtlebot3_description/share/turtlebot3_description/environment/ament_prefix_path.sh
[1.423s] -- Up-to-date: /home/nicola/colcon_ws/install/turtlebot3_description/share/turtlebot3_description/environment/ament_prefix_path.dsv
[1.424s] -- Up-to-date: /home/nicola/colcon_ws/install/turtlebot3_description/share/turtlebot3_description/environment/path.sh
[1.425s] -- Up-to-date: /home/nicola/colcon_ws/install/turtlebot3_description/share/turtlebot3_description/environment/path.dsv
[1.428s] -- Up-to-date: /home/nicola/colcon_ws/install/turtlebot3_description/share/turtlebot3_description/local_setup.bash
[1.430s] -- Up-to-date: /home/nicola/colcon_ws/install/turtlebot3_description/share/turtlebot3_description/local_setup.sh
[1.430s] -- Up-to-date: /home/nicola/colcon_ws/install/turtlebot3_description/share/turtlebot3_description/local_setup.zsh
[1.431s] -- Up-to-date: /home/nicola/colcon_ws/install/turtlebot3_description/share/turtlebot3_description/local_setup.dsv
[1.431s] -- Installing: /home/nicola/colcon_ws/install/turtlebot3_description/share/turtlebot3_description/package.dsv
[1.432s] -- Up-to-date: /home/nicola/colcon_ws/install/turtlebot3_description/share/ament_index/resource_index/packages/turtlebot3_description
[1.433s] -- Up-to-date: /home/nicola/colcon_ws/install/turtlebot3_description/share/turtlebot3_description/cmake/ament_cmake_export_dependencies-extras.cmake
[1.434s] -- Up-to-date: /home/nicola/colcon_ws/install/turtlebot3_description/share/turtlebot3_description/cmake/turtlebot3_descriptionConfig.cmake
[1.436s] -- Up-to-date: /home/nicola/colcon_ws/install/turtlebot3_description/share/turtlebot3_description/cmake/turtlebot3_descriptionConfig-version.cmake
[1.437s] -- Up-to-date: /home/nicola/colcon_ws/install/turtlebot3_description/share/turtlebot3_description/package.xml
[1.438s] Invoked command in '/home/nicola/colcon_ws/build/turtlebot3_description' returned '0': CMAKE_PREFIX_PATH=${CMAKE_PREFIX_PATH}:/home/nicola/colcon_ws/src/ROS2Package/install/turtlebot3_visualizer:/home/nicola/colcon_ws/src/ROS2Package/install/turtlebot3_NavSLAM:/home/nicola/colcon_ws/install/turtlebot3_visualizer:/home/nicola/colcon_ws/install/turtlebot3_NavSLAM:/home/nicola/colcon_ws/install/package1:/opt/ros/foxy /usr/bin/cmake --install /home/nicola/colcon_ws/build/turtlebot3_description
