[12.658s] Invoking command in '/home/nicola/mobileRobotics/colcon_ws/src/turtlebot3_HighLevelControl': PYTHONPATH=/home/nicola/mobileRobotics/colcon_ws/install/turtlebot3_HighLevelControl/lib/python3.8/site-packages:${PYTHONPATH} /usr/bin/python3 setup.py egg_info --egg-base ../../build/turtlebot3_HighLevelControl build --build-base /home/nicola/mobileRobotics/colcon_ws/build/turtlebot3_HighLevelControl/build install --prefix /home/nicola/mobileRobotics/colcon_ws/install/turtlebot3_HighLevelControl --record /home/nicola/mobileRobotics/colcon_ws/build/turtlebot3_HighLevelControl/install.log --single-version-externally-managed
[14.855s] running egg_info
[14.862s] writing ../../build/turtlebot3_HighLevelControl/turtlebot3_HighLevelControl.egg-info/PKG-INFO
[14.864s] writing dependency_links to ../../build/turtlebot3_HighLevelControl/turtlebot3_HighLevelControl.egg-info/dependency_links.txt
[14.865s] writing entry points to ../../build/turtlebot3_HighLevelControl/turtlebot3_HighLevelControl.egg-info/entry_points.txt
[14.866s] writing requirements to ../../build/turtlebot3_HighLevelControl/turtlebot3_HighLevelControl.egg-info/requires.txt
[14.867s] writing top-level names to ../../build/turtlebot3_HighLevelControl/turtlebot3_HighLevelControl.egg-info/top_level.txt
[15.190s] reading manifest file '../../build/turtlebot3_HighLevelControl/turtlebot3_HighLevelControl.egg-info/SOURCES.txt'
[15.198s] writing manifest file '../../build/turtlebot3_HighLevelControl/turtlebot3_HighLevelControl.egg-info/SOURCES.txt'
[15.199s] running build
[15.200s] running build_py
[15.202s] copying turtlebot3_HighLevelControl/highLevelControl.py -> /home/nicola/mobileRobotics/colcon_ws/build/turtlebot3_HighLevelControl/build/lib/turtlebot3_HighLevelControl
[15.205s] running install
[15.205s] running install_lib
[15.209s] copying /home/nicola/mobileRobotics/colcon_ws/build/turtlebot3_HighLevelControl/build/lib/turtlebot3_HighLevelControl/highLevelControl.py -> /home/nicola/mobileRobotics/colcon_ws/install/turtlebot3_HighLevelControl/lib/python3.8/site-packages/turtlebot3_HighLevelControl
[15.231s] byte-compiling /home/nicola/mobileRobotics/colcon_ws/install/turtlebot3_HighLevelControl/lib/python3.8/site-packages/turtlebot3_HighLevelControl/highLevelControl.py to highLevelControl.cpython-38.pyc
[15.242s] running install_data
[15.244s] running install_egg_info
[15.246s] removing '/home/nicola/mobileRobotics/colcon_ws/install/turtlebot3_HighLevelControl/lib/python3.8/site-packages/turtlebot3_HighLevelControl-0.0.0-py3.8.egg-info' (and everything under it)
[15.249s] Copying ../../build/turtlebot3_HighLevelControl/turtlebot3_HighLevelControl.egg-info to /home/nicola/mobileRobotics/colcon_ws/install/turtlebot3_HighLevelControl/lib/python3.8/site-packages/turtlebot3_HighLevelControl-0.0.0-py3.8.egg-info
[15.258s] running install_scripts
[15.373s] Installing turtlebot3_HighLevelControl script to /home/nicola/mobileRobotics/colcon_ws/install/turtlebot3_HighLevelControl/lib/turtlebot3_HighLevelControl
[15.374s] writing list of installed files to '/home/nicola/mobileRobotics/colcon_ws/build/turtlebot3_HighLevelControl/install.log'
[15.518s] Invoked command in '/home/nicola/mobileRobotics/colcon_ws/src/turtlebot3_HighLevelControl' returned '0': PYTHONPATH=/home/nicola/mobileRobotics/colcon_ws/install/turtlebot3_HighLevelControl/lib/python3.8/site-packages:${PYTHONPATH} /usr/bin/python3 setup.py egg_info --egg-base ../../build/turtlebot3_HighLevelControl build --build-base /home/nicola/mobileRobotics/colcon_ws/build/turtlebot3_HighLevelControl/build install --prefix /home/nicola/mobileRobotics/colcon_ws/install/turtlebot3_HighLevelControl --record /home/nicola/mobileRobotics/colcon_ws/build/turtlebot3_HighLevelControl/install.log --single-version-externally-managed
