[11.011s] Invoking command in '/home/nicola/mobileRobotics/colcon_ws/src/turtlebot3_NavSLAM': PYTHONPATH=/home/nicola/mobileRobotics/colcon_ws/install/turtlebot3_NavSLAM/lib/python3.8/site-packages:${PYTHONPATH} /usr/bin/python3 setup.py egg_info --egg-base ../../build/turtlebot3_NavSLAM build --build-base /home/nicola/mobileRobotics/colcon_ws/build/turtlebot3_NavSLAM/build install --prefix /home/nicola/mobileRobotics/colcon_ws/install/turtlebot3_NavSLAM --record /home/nicola/mobileRobotics/colcon_ws/build/turtlebot3_NavSLAM/install.log --single-version-externally-managed
[12.976s] running egg_info
[12.977s] writing ../../build/turtlebot3_NavSLAM/turtlebot3_NavSLAM.egg-info/PKG-INFO
[12.978s] writing dependency_links to ../../build/turtlebot3_NavSLAM/turtlebot3_NavSLAM.egg-info/dependency_links.txt
[12.980s] writing entry points to ../../build/turtlebot3_NavSLAM/turtlebot3_NavSLAM.egg-info/entry_points.txt
[12.982s] writing requirements to ../../build/turtlebot3_NavSLAM/turtlebot3_NavSLAM.egg-info/requires.txt
[12.983s] writing top-level names to ../../build/turtlebot3_NavSLAM/turtlebot3_NavSLAM.egg-info/top_level.txt
[13.305s] reading manifest file '../../build/turtlebot3_NavSLAM/turtlebot3_NavSLAM.egg-info/SOURCES.txt'
[13.314s] writing manifest file '../../build/turtlebot3_NavSLAM/turtlebot3_NavSLAM.egg-info/SOURCES.txt'
[13.320s] running build
[13.321s] running build_py
[13.323s] running install
[13.333s] running install_lib
[13.334s] running install_data
[13.339s] running install_egg_info
[13.353s] removing '/home/nicola/mobileRobotics/colcon_ws/install/turtlebot3_NavSLAM/lib/python3.8/site-packages/turtlebot3_NavSLAM-0.0.0-py3.8.egg-info' (and everything under it)
[13.354s] Copying ../../build/turtlebot3_NavSLAM/turtlebot3_NavSLAM.egg-info to /home/nicola/mobileRobotics/colcon_ws/install/turtlebot3_NavSLAM/lib/python3.8/site-packages/turtlebot3_NavSLAM-0.0.0-py3.8.egg-info
[13.361s] running install_scripts
[13.492s] writing list of installed files to '/home/nicola/mobileRobotics/colcon_ws/build/turtlebot3_NavSLAM/install.log'
[13.627s] Invoked command in '/home/nicola/mobileRobotics/colcon_ws/src/turtlebot3_NavSLAM' returned '0': PYTHONPATH=/home/nicola/mobileRobotics/colcon_ws/install/turtlebot3_NavSLAM/lib/python3.8/site-packages:${PYTHONPATH} /usr/bin/python3 setup.py egg_info --egg-base ../../build/turtlebot3_NavSLAM build --build-base /home/nicola/mobileRobotics/colcon_ws/build/turtlebot3_NavSLAM/build install --prefix /home/nicola/mobileRobotics/colcon_ws/install/turtlebot3_NavSLAM --record /home/nicola/mobileRobotics/colcon_ws/build/turtlebot3_NavSLAM/install.log --single-version-externally-managed
