[0.247s] DEBUG:colcon:Command line arguments: ['/usr/bin/colcon', 'build']
[0.247s] DEBUG:colcon:Parsed command line arguments: Namespace(allow_overriding=[], ament_cmake_args=None, base_paths=['.'], build_base='build', catkin_cmake_args=None, catkin_skip_building_tests=False, cmake_args=None, cmake_clean_cache=False, cmake_clean_first=False, cmake_force_configure=False, cmake_target=None, cmake_target_skip_unavailable=False, continue_on_error=False, event_handlers=None, executor='parallel', ignore_user_meta=False, install_base='install', log_base=None, log_level=None, main=<bound method BuildVerb.main of <colcon_core.verb.build.BuildVerb object at 0x7fee11aae4c0>>, merge_install=False, metas=['./colcon.meta'], packages_above=None, packages_above_and_dependencies=None, packages_above_depth=None, packages_end=None, packages_ignore=None, packages_ignore_regex=None, packages_select=None, packages_select_build_failed=False, packages_select_by_dep=None, packages_select_regex=None, packages_select_test_failures=False, packages_skip=None, packages_skip_build_finished=False, packages_skip_by_dep=None, packages_skip_regex=None, packages_skip_test_passed=False, packages_skip_up_to=None, packages_start=None, packages_up_to=None, packages_up_to_regex=None, parallel_workers=8, paths=None, symlink_install=False, test_result_base=None, verb_extension=<colcon_core.verb.build.BuildVerb object at 0x7fee11aae4c0>, verb_name='build', verb_parser=<colcon_defaults.argument_parser.defaults.DefaultArgumentsDecorator object at 0x7fee11aaea00>)
[0.256s] Level 1:colcon.colcon_core.package_discovery:discover_packages(colcon_meta) check parameters
[0.256s] Level 1:colcon.colcon_core.package_discovery:discover_packages(recursive) check parameters
[0.256s] Level 1:colcon.colcon_core.package_discovery:discover_packages(ignore) check parameters
[0.256s] Level 1:colcon.colcon_core.package_discovery:discover_packages(path) check parameters
[0.256s] Level 1:colcon.colcon_core.package_discovery:discover_packages(colcon_meta) discover
[0.256s] Level 1:colcon.colcon_core.package_discovery:discover_packages(recursive) discover
[0.256s] INFO:colcon.colcon_core.package_discovery:Crawling recursively for packages in '/home/nicola/mobileRobotics/colcon_ws'
[0.256s] Level 1:colcon.colcon_core.package_identification:_identify(.) by extensions ['ignore', 'ignore_ament_install']
[0.257s] Level 1:colcon.colcon_core.package_identification:_identify(.) by extension 'ignore'
[0.257s] Level 1:colcon.colcon_core.package_identification:_identify(.) by extension 'ignore_ament_install'
[0.257s] Level 1:colcon.colcon_core.package_identification:_identify(.) by extensions ['colcon_pkg']
[0.257s] Level 1:colcon.colcon_core.package_identification:_identify(.) by extension 'colcon_pkg'
[0.257s] Level 1:colcon.colcon_core.package_identification:_identify(.) by extensions ['colcon_meta']
[0.257s] Level 1:colcon.colcon_core.package_identification:_identify(.) by extension 'colcon_meta'
[0.257s] Level 1:colcon.colcon_core.package_identification:_identify(.) by extensions ['ros']
[0.257s] Level 1:colcon.colcon_core.package_identification:_identify(.) by extension 'ros'
[0.276s] Level 1:colcon.colcon_core.package_identification:_identify(.) by extensions ['cmake', 'python']
[0.277s] Level 1:colcon.colcon_core.package_identification:_identify(.) by extension 'cmake'
[0.277s] Level 1:colcon.colcon_core.package_identification:_identify(.) by extension 'python'
[0.277s] Level 1:colcon.colcon_core.package_identification:_identify(.) by extensions ['python_setup_py']
[0.277s] Level 1:colcon.colcon_core.package_identification:_identify(.) by extension 'python_setup_py'
[0.277s] Level 1:colcon.colcon_core.package_identification:_identify(build) by extensions ['ignore', 'ignore_ament_install']
[0.277s] Level 1:colcon.colcon_core.package_identification:_identify(build) by extension 'ignore'
[0.277s] Level 1:colcon.colcon_core.package_identification:_identify(build) ignored
[0.277s] Level 1:colcon.colcon_core.package_identification:_identify(install) by extensions ['ignore', 'ignore_ament_install']
[0.277s] Level 1:colcon.colcon_core.package_identification:_identify(install) by extension 'ignore'
[0.278s] Level 1:colcon.colcon_core.package_identification:_identify(install) ignored
[0.278s] Level 1:colcon.colcon_core.package_identification:_identify(log) by extensions ['ignore', 'ignore_ament_install']
[0.278s] Level 1:colcon.colcon_core.package_identification:_identify(log) by extension 'ignore'
[0.278s] Level 1:colcon.colcon_core.package_identification:_identify(log) ignored
[0.278s] Level 1:colcon.colcon_core.package_identification:_identify(src) by extensions ['ignore', 'ignore_ament_install']
[0.278s] Level 1:colcon.colcon_core.package_identification:_identify(src) by extension 'ignore'
[0.278s] Level 1:colcon.colcon_core.package_identification:_identify(src) by extension 'ignore_ament_install'
[0.278s] Level 1:colcon.colcon_core.package_identification:_identify(src) by extensions ['colcon_pkg']
[0.278s] Level 1:colcon.colcon_core.package_identification:_identify(src) by extension 'colcon_pkg'
[0.278s] Level 1:colcon.colcon_core.package_identification:_identify(src) by extensions ['colcon_meta']
[0.278s] Level 1:colcon.colcon_core.package_identification:_identify(src) by extension 'colcon_meta'
[0.279s] Level 1:colcon.colcon_core.package_identification:_identify(src) by extensions ['ros']
[0.279s] Level 1:colcon.colcon_core.package_identification:_identify(src) by extension 'ros'
[0.279s] Level 1:colcon.colcon_core.package_identification:_identify(src) by extensions ['cmake', 'python']
[0.279s] Level 1:colcon.colcon_core.package_identification:_identify(src) by extension 'cmake'
[0.279s] Level 1:colcon.colcon_core.package_identification:_identify(src) by extension 'python'
[0.279s] Level 1:colcon.colcon_core.package_identification:_identify(src) by extensions ['python_setup_py']
[0.279s] Level 1:colcon.colcon_core.package_identification:_identify(src) by extension 'python_setup_py'
[0.279s] Level 1:colcon.colcon_core.package_identification:_identify(src/turtlebot3_NavSLAM) by extensions ['ignore', 'ignore_ament_install']
[0.279s] Level 1:colcon.colcon_core.package_identification:_identify(src/turtlebot3_NavSLAM) by extension 'ignore'
[0.279s] Level 1:colcon.colcon_core.package_identification:_identify(src/turtlebot3_NavSLAM) by extension 'ignore_ament_install'
[0.279s] Level 1:colcon.colcon_core.package_identification:_identify(src/turtlebot3_NavSLAM) by extensions ['colcon_pkg']
[0.279s] Level 1:colcon.colcon_core.package_identification:_identify(src/turtlebot3_NavSLAM) by extension 'colcon_pkg'
[0.279s] Level 1:colcon.colcon_core.package_identification:_identify(src/turtlebot3_NavSLAM) by extensions ['colcon_meta']
[0.280s] Level 1:colcon.colcon_core.package_identification:_identify(src/turtlebot3_NavSLAM) by extension 'colcon_meta'
[0.280s] Level 1:colcon.colcon_core.package_identification:_identify(src/turtlebot3_NavSLAM) by extensions ['ros']
[0.280s] Level 1:colcon.colcon_core.package_identification:_identify(src/turtlebot3_NavSLAM) by extension 'ros'
[0.283s] DEBUG:colcon.colcon_core.package_identification:Package 'src/turtlebot3_NavSLAM' with type 'ros.ament_python' and name 'turtlebot3_NavSLAM'
[0.284s] Level 1:colcon.colcon_core.package_identification:_identify(src/turtlebot3_description) by extensions ['ignore', 'ignore_ament_install']
[0.284s] Level 1:colcon.colcon_core.package_identification:_identify(src/turtlebot3_description) by extension 'ignore'
[0.284s] Level 1:colcon.colcon_core.package_identification:_identify(src/turtlebot3_description) by extension 'ignore_ament_install'
[0.284s] Level 1:colcon.colcon_core.package_identification:_identify(src/turtlebot3_description) by extensions ['colcon_pkg']
[0.284s] Level 1:colcon.colcon_core.package_identification:_identify(src/turtlebot3_description) by extension 'colcon_pkg'
[0.284s] Level 1:colcon.colcon_core.package_identification:_identify(src/turtlebot3_description) by extensions ['colcon_meta']
[0.284s] Level 1:colcon.colcon_core.package_identification:_identify(src/turtlebot3_description) by extension 'colcon_meta'
[0.284s] Level 1:colcon.colcon_core.package_identification:_identify(src/turtlebot3_description) by extensions ['ros']
[0.284s] Level 1:colcon.colcon_core.package_identification:_identify(src/turtlebot3_description) by extension 'ros'
[0.285s] DEBUG:colcon.colcon_core.package_identification:Package 'src/turtlebot3_description' with type 'ros.ament_cmake' and name 'turtlebot3_description'
[0.286s] Level 1:colcon.colcon_core.package_identification:_identify(src/turtlebot3_follow) by extensions ['ignore', 'ignore_ament_install']
[0.286s] Level 1:colcon.colcon_core.package_identification:_identify(src/turtlebot3_follow) by extension 'ignore'
[0.286s] Level 1:colcon.colcon_core.package_identification:_identify(src/turtlebot3_follow) by extension 'ignore_ament_install'
[0.286s] Level 1:colcon.colcon_core.package_identification:_identify(src/turtlebot3_follow) by extensions ['colcon_pkg']
[0.286s] Level 1:colcon.colcon_core.package_identification:_identify(src/turtlebot3_follow) by extension 'colcon_pkg'
[0.286s] Level 1:colcon.colcon_core.package_identification:_identify(src/turtlebot3_follow) by extensions ['colcon_meta']
[0.287s] Level 1:colcon.colcon_core.package_identification:_identify(src/turtlebot3_follow) by extension 'colcon_meta'
[0.287s] Level 1:colcon.colcon_core.package_identification:_identify(src/turtlebot3_follow) by extensions ['ros']
[0.287s] Level 1:colcon.colcon_core.package_identification:_identify(src/turtlebot3_follow) by extension 'ros'
[0.288s] DEBUG:colcon.colcon_core.package_identification:Package 'src/turtlebot3_follow' with type 'ros.ament_python' and name 'turtlebot3_follow'
[0.288s] Level 1:colcon.colcon_core.package_identification:_identify(src/turtlebot3_visualizer) by extensions ['ignore', 'ignore_ament_install']
[0.288s] Level 1:colcon.colcon_core.package_identification:_identify(src/turtlebot3_visualizer) by extension 'ignore'
[0.288s] Level 1:colcon.colcon_core.package_identification:_identify(src/turtlebot3_visualizer) by extension 'ignore_ament_install'
[0.289s] Level 1:colcon.colcon_core.package_identification:_identify(src/turtlebot3_visualizer) by extensions ['colcon_pkg']
[0.289s] Level 1:colcon.colcon_core.package_identification:_identify(src/turtlebot3_visualizer) by extension 'colcon_pkg'
[0.289s] Level 1:colcon.colcon_core.package_identification:_identify(src/turtlebot3_visualizer) by extensions ['colcon_meta']
[0.289s] Level 1:colcon.colcon_core.package_identification:_identify(src/turtlebot3_visualizer) by extension 'colcon_meta'
[0.289s] Level 1:colcon.colcon_core.package_identification:_identify(src/turtlebot3_visualizer) by extensions ['ros']
[0.289s] Level 1:colcon.colcon_core.package_identification:_identify(src/turtlebot3_visualizer) by extension 'ros'
[0.290s] DEBUG:colcon.colcon_core.package_identification:Package 'src/turtlebot3_visualizer' with type 'ros.ament_python' and name 'turtlebot3_visualizer'
[0.290s] Level 1:colcon.colcon_core.package_discovery:discover_packages(recursive) using defaults
[0.290s] Level 1:colcon.colcon_core.package_discovery:discover_packages(ignore) discover
[0.290s] Level 1:colcon.colcon_core.package_discovery:discover_packages(ignore) using defaults
[0.290s] Level 1:colcon.colcon_core.package_discovery:discover_packages(path) discover
[0.290s] Level 1:colcon.colcon_core.package_discovery:discover_packages(path) using defaults
[0.324s] Level 5:colcon.colcon_core.verb:set package 'turtlebot3_NavSLAM' build argument 'cmake_args' from command line to 'None'
[0.324s] Level 5:colcon.colcon_core.verb:set package 'turtlebot3_NavSLAM' build argument 'cmake_target' from command line to 'None'
[0.324s] Level 5:colcon.colcon_core.verb:set package 'turtlebot3_NavSLAM' build argument 'cmake_target_skip_unavailable' from command line to 'False'
[0.324s] Level 5:colcon.colcon_core.verb:set package 'turtlebot3_NavSLAM' build argument 'cmake_clean_cache' from command line to 'False'
[0.324s] Level 5:colcon.colcon_core.verb:set package 'turtlebot3_NavSLAM' build argument 'cmake_clean_first' from command line to 'False'
[0.324s] Level 5:colcon.colcon_core.verb:set package 'turtlebot3_NavSLAM' build argument 'cmake_force_configure' from command line to 'False'
[0.324s] Level 5:colcon.colcon_core.verb:set package 'turtlebot3_NavSLAM' build argument 'ament_cmake_args' from command line to 'None'
[0.324s] Level 5:colcon.colcon_core.verb:set package 'turtlebot3_NavSLAM' build argument 'catkin_cmake_args' from command line to 'None'
[0.324s] Level 5:colcon.colcon_core.verb:set package 'turtlebot3_NavSLAM' build argument 'catkin_skip_building_tests' from command line to 'False'
[0.325s] DEBUG:colcon.colcon_core.verb:Building package 'turtlebot3_NavSLAM' with the following arguments: {'ament_cmake_args': None, 'build_base': '/home/nicola/mobileRobotics/colcon_ws/build/turtlebot3_NavSLAM', 'catkin_cmake_args': None, 'catkin_skip_building_tests': False, 'cmake_args': None, 'cmake_clean_cache': False, 'cmake_clean_first': False, 'cmake_force_configure': False, 'cmake_target': None, 'cmake_target_skip_unavailable': False, 'install_base': '/home/nicola/mobileRobotics/colcon_ws/install/turtlebot3_NavSLAM', 'merge_install': False, 'path': '/home/nicola/mobileRobotics/colcon_ws/src/turtlebot3_NavSLAM', 'symlink_install': False, 'test_result_base': None}
[0.326s] Level 5:colcon.colcon_core.verb:set package 'turtlebot3_description' build argument 'cmake_args' from command line to 'None'
[0.326s] Level 5:colcon.colcon_core.verb:set package 'turtlebot3_description' build argument 'cmake_target' from command line to 'None'
[0.326s] Level 5:colcon.colcon_core.verb:set package 'turtlebot3_description' build argument 'cmake_target_skip_unavailable' from command line to 'False'
[0.326s] Level 5:colcon.colcon_core.verb:set package 'turtlebot3_description' build argument 'cmake_clean_cache' from command line to 'False'
[0.326s] Level 5:colcon.colcon_core.verb:set package 'turtlebot3_description' build argument 'cmake_clean_first' from command line to 'False'
[0.326s] Level 5:colcon.colcon_core.verb:set package 'turtlebot3_description' build argument 'cmake_force_configure' from command line to 'False'
[0.326s] Level 5:colcon.colcon_core.verb:set package 'turtlebot3_description' build argument 'ament_cmake_args' from command line to 'None'
[0.326s] Level 5:colcon.colcon_core.verb:set package 'turtlebot3_description' build argument 'catkin_cmake_args' from command line to 'None'
[0.326s] Level 5:colcon.colcon_core.verb:set package 'turtlebot3_description' build argument 'catkin_skip_building_tests' from command line to 'False'
[0.326s] DEBUG:colcon.colcon_core.verb:Building package 'turtlebot3_description' with the following arguments: {'ament_cmake_args': None, 'build_base': '/home/nicola/mobileRobotics/colcon_ws/build/turtlebot3_description', 'catkin_cmake_args': None, 'catkin_skip_building_tests': False, 'cmake_args': None, 'cmake_clean_cache': False, 'cmake_clean_first': False, 'cmake_force_configure': False, 'cmake_target': None, 'cmake_target_skip_unavailable': False, 'install_base': '/home/nicola/mobileRobotics/colcon_ws/install/turtlebot3_description', 'merge_install': False, 'path': '/home/nicola/mobileRobotics/colcon_ws/src/turtlebot3_description', 'symlink_install': False, 'test_result_base': None}
[0.327s] Level 5:colcon.colcon_core.verb:set package 'turtlebot3_follow' build argument 'cmake_args' from command line to 'None'
[0.327s] Level 5:colcon.colcon_core.verb:set package 'turtlebot3_follow' build argument 'cmake_target' from command line to 'None'
[0.327s] Level 5:colcon.colcon_core.verb:set package 'turtlebot3_follow' build argument 'cmake_target_skip_unavailable' from command line to 'False'
[0.327s] Level 5:colcon.colcon_core.verb:set package 'turtlebot3_follow' build argument 'cmake_clean_cache' from command line to 'False'
[0.328s] Level 5:colcon.colcon_core.verb:set package 'turtlebot3_follow' build argument 'cmake_clean_first' from command line to 'False'
[0.328s] Level 5:colcon.colcon_core.verb:set package 'turtlebot3_follow' build argument 'cmake_force_configure' from command line to 'False'
[0.328s] Level 5:colcon.colcon_core.verb:set package 'turtlebot3_follow' build argument 'ament_cmake_args' from command line to 'None'
[0.328s] Level 5:colcon.colcon_core.verb:set package 'turtlebot3_follow' build argument 'catkin_cmake_args' from command line to 'None'
[0.328s] Level 5:colcon.colcon_core.verb:set package 'turtlebot3_follow' build argument 'catkin_skip_building_tests' from command line to 'False'
[0.328s] DEBUG:colcon.colcon_core.verb:Building package 'turtlebot3_follow' with the following arguments: {'ament_cmake_args': None, 'build_base': '/home/nicola/mobileRobotics/colcon_ws/build/turtlebot3_follow', 'catkin_cmake_args': None, 'catkin_skip_building_tests': False, 'cmake_args': None, 'cmake_clean_cache': False, 'cmake_clean_first': False, 'cmake_force_configure': False, 'cmake_target': None, 'cmake_target_skip_unavailable': False, 'install_base': '/home/nicola/mobileRobotics/colcon_ws/install/turtlebot3_follow', 'merge_install': False, 'path': '/home/nicola/mobileRobotics/colcon_ws/src/turtlebot3_follow', 'symlink_install': False, 'test_result_base': None}
[0.329s] Level 5:colcon.colcon_core.verb:set package 'turtlebot3_visualizer' build argument 'cmake_args' from command line to 'None'
[0.329s] Level 5:colcon.colcon_core.verb:set package 'turtlebot3_visualizer' build argument 'cmake_target' from command line to 'None'
[0.329s] Level 5:colcon.colcon_core.verb:set package 'turtlebot3_visualizer' build argument 'cmake_target_skip_unavailable' from command line to 'False'
[0.329s] Level 5:colcon.colcon_core.verb:set package 'turtlebot3_visualizer' build argument 'cmake_clean_cache' from command line to 'False'
[0.329s] Level 5:colcon.colcon_core.verb:set package 'turtlebot3_visualizer' build argument 'cmake_clean_first' from command line to 'False'
[0.329s] Level 5:colcon.colcon_core.verb:set package 'turtlebot3_visualizer' build argument 'cmake_force_configure' from command line to 'False'
[0.329s] Level 5:colcon.colcon_core.verb:set package 'turtlebot3_visualizer' build argument 'ament_cmake_args' from command line to 'None'
[0.329s] Level 5:colcon.colcon_core.verb:set package 'turtlebot3_visualizer' build argument 'catkin_cmake_args' from command line to 'None'
[0.329s] Level 5:colcon.colcon_core.verb:set package 'turtlebot3_visualizer' build argument 'catkin_skip_building_tests' from command line to 'False'
[0.329s] DEBUG:colcon.colcon_core.verb:Building package 'turtlebot3_visualizer' with the following arguments: {'ament_cmake_args': None, 'build_base': '/home/nicola/mobileRobotics/colcon_ws/build/turtlebot3_visualizer', 'catkin_cmake_args': None, 'catkin_skip_building_tests': False, 'cmake_args': None, 'cmake_clean_cache': False, 'cmake_clean_first': False, 'cmake_force_configure': False, 'cmake_target': None, 'cmake_target_skip_unavailable': False, 'install_base': '/home/nicola/mobileRobotics/colcon_ws/install/turtlebot3_visualizer', 'merge_install': False, 'path': '/home/nicola/mobileRobotics/colcon_ws/src/turtlebot3_visualizer', 'symlink_install': False, 'test_result_base': None}
[0.331s] WARNING:colcon.colcon_ros.prefix_path.ament:The path '/home/nicola/mobileRobotics/colcon_ws/install/turtlebot3_visualizer' in the environment variable AMENT_PREFIX_PATH doesn't exist
[0.331s] WARNING:colcon.colcon_ros.prefix_path.ament:The path '/home/nicola/mobileRobotics/colcon_ws/install/turtlebot3_description' in the environment variable AMENT_PREFIX_PATH doesn't exist
[0.332s] WARNING:colcon.colcon_ros.prefix_path.ament:The path '/home/nicola/mobileRobotics/colcon_ws/install/turtlebot3_NavSLAM' in the environment variable AMENT_PREFIX_PATH doesn't exist
[0.332s] WARNING:colcon.colcon_ros.prefix_path.catkin:The path '/home/nicola/mobileRobotics/colcon_ws/install/turtlebot3_description' in the environment variable CMAKE_PREFIX_PATH doesn't exist
[0.336s] WARNING:colcon.colcon_core.verb:Some selected packages are already built in one or more underlay workspaces:
	'turtlebot3_description' is in: /opt/ros/foxy
If a package in a merged underlay workspace is overridden and it installs headers, then all packages in the overlay must sort their include directories by workspace order. Failure to do so may result in build failures or undefined behavior at run time.
If the overridden package is used by another package in any underlay, then the overriding package in the overlay must be API and ABI compatible or undefined behavior at run time may occur.

If you understand the risks and want to override a package anyways, add the following to the command line:
	--allow-overriding turtlebot3_description

This may be promoted to an error in a future release of colcon-core.
[0.338s] INFO:colcon.colcon_core.executor:Executing jobs using 'parallel' executor
[0.342s] DEBUG:colcon.colcon_parallel_executor.executor.parallel:run_until_complete
[0.343s] INFO:colcon.colcon_ros.task.ament_python.build:Building ROS package in '/home/nicola/mobileRobotics/colcon_ws/src/turtlebot3_NavSLAM' with build type 'ament_python'
[0.343s] Level 1:colcon.colcon_core.shell:create_environment_hook('turtlebot3_NavSLAM', 'ament_prefix_path')
[0.349s] INFO:colcon.colcon_core.plugin_system:Skipping extension 'colcon_core.shell.bat': Not used on non-Windows systems
[0.349s] INFO:colcon.colcon_core.shell:Creating environment hook '/home/nicola/mobileRobotics/colcon_ws/install/turtlebot3_NavSLAM/share/turtlebot3_NavSLAM/hook/ament_prefix_path.ps1'
[0.350s] INFO:colcon.colcon_core.shell:Creating environment descriptor '/home/nicola/mobileRobotics/colcon_ws/install/turtlebot3_NavSLAM/share/turtlebot3_NavSLAM/hook/ament_prefix_path.dsv'
[0.351s] INFO:colcon.colcon_core.shell:Creating environment hook '/home/nicola/mobileRobotics/colcon_ws/install/turtlebot3_NavSLAM/share/turtlebot3_NavSLAM/hook/ament_prefix_path.sh'
[0.353s] INFO:colcon.colcon_core.shell:Skip shell extension 'powershell' for command environment: Not usable outside of PowerShell
[0.353s] DEBUG:colcon.colcon_core.shell:Skip shell extension 'dsv' for command environment
[0.363s] INFO:colcon.colcon_ros.task.ament_cmake.build:Building ROS package in '/home/nicola/mobileRobotics/colcon_ws/src/turtlebot3_description' with build type 'ament_cmake'
[0.363s] INFO:colcon.colcon_cmake.task.cmake.build:Building CMake package in '/home/nicola/mobileRobotics/colcon_ws/src/turtlebot3_description'
[0.365s] INFO:colcon.colcon_core.shell:Skip shell extension 'powershell' for command environment: Not usable outside of PowerShell
[0.365s] DEBUG:colcon.colcon_core.shell:Skip shell extension 'dsv' for command environment
[0.376s] INFO:colcon.colcon_ros.task.ament_python.build:Building ROS package in '/home/nicola/mobileRobotics/colcon_ws/src/turtlebot3_follow' with build type 'ament_python'
[0.377s] Level 1:colcon.colcon_core.shell:create_environment_hook('turtlebot3_follow', 'ament_prefix_path')
[0.379s] INFO:colcon.colcon_core.shell:Creating environment hook '/home/nicola/mobileRobotics/colcon_ws/install/turtlebot3_follow/share/turtlebot3_follow/hook/ament_prefix_path.ps1'
[0.381s] INFO:colcon.colcon_core.shell:Creating environment descriptor '/home/nicola/mobileRobotics/colcon_ws/install/turtlebot3_follow/share/turtlebot3_follow/hook/ament_prefix_path.dsv'
[0.382s] INFO:colcon.colcon_core.shell:Creating environment hook '/home/nicola/mobileRobotics/colcon_ws/install/turtlebot3_follow/share/turtlebot3_follow/hook/ament_prefix_path.sh'
[0.383s] INFO:colcon.colcon_core.shell:Skip shell extension 'powershell' for command environment: Not usable outside of PowerShell
[0.383s] DEBUG:colcon.colcon_core.shell:Skip shell extension 'dsv' for command environment
[0.393s] INFO:colcon.colcon_ros.task.ament_python.build:Building ROS package in '/home/nicola/mobileRobotics/colcon_ws/src/turtlebot3_visualizer' with build type 'ament_python'
[0.394s] Level 1:colcon.colcon_core.shell:create_environment_hook('turtlebot3_visualizer', 'ament_prefix_path')
[0.395s] INFO:colcon.colcon_core.shell:Creating environment hook '/home/nicola/mobileRobotics/colcon_ws/install/turtlebot3_visualizer/share/turtlebot3_visualizer/hook/ament_prefix_path.ps1'
[0.397s] INFO:colcon.colcon_core.shell:Creating environment descriptor '/home/nicola/mobileRobotics/colcon_ws/install/turtlebot3_visualizer/share/turtlebot3_visualizer/hook/ament_prefix_path.dsv'
[0.398s] INFO:colcon.colcon_core.shell:Creating environment hook '/home/nicola/mobileRobotics/colcon_ws/install/turtlebot3_visualizer/share/turtlebot3_visualizer/hook/ament_prefix_path.sh'
[0.399s] INFO:colcon.colcon_core.shell:Skip shell extension 'powershell' for command environment: Not usable outside of PowerShell
[0.399s] DEBUG:colcon.colcon_core.shell:Skip shell extension 'dsv' for command environment
[0.806s] INFO:colcon.colcon_core.task.python.build:Building Python package in '/home/nicola/mobileRobotics/colcon_ws/src/turtlebot3_NavSLAM'
[0.808s] INFO:colcon.colcon_core.shell:Skip shell extension 'powershell' for command environment: Not usable outside of PowerShell
[0.808s] DEBUG:colcon.colcon_core.shell:Skip shell extension 'dsv' for command environment
[0.822s] DEBUG:colcon.colcon_core.event_handler.log_command:Invoking command in '/home/nicola/mobileRobotics/colcon_ws/build/turtlebot3_description': CMAKE_PREFIX_PATH=${CMAKE_PREFIX_PATH}:/home/nicola/mobileRobotics/colcon_ws/install/turtlebot3_visualizer:/home/nicola/mobileRobotics/colcon_ws/install/turtlebot3_NavSLAM:/opt/ros/foxy /usr/bin/cmake /home/nicola/mobileRobotics/colcon_ws/src/turtlebot3_description -DCMAKE_INSTALL_PREFIX=/home/nicola/mobileRobotics/colcon_ws/install/turtlebot3_description
[1.266s] INFO:colcon.colcon_core.task.python.build:Building Python package in '/home/nicola/mobileRobotics/colcon_ws/src/turtlebot3_follow'
[1.267s] INFO:colcon.colcon_core.shell:Skip shell extension 'powershell' for command environment: Not usable outside of PowerShell
[1.267s] DEBUG:colcon.colcon_core.shell:Skip shell extension 'dsv' for command environment
[1.663s] INFO:colcon.colcon_core.task.python.build:Building Python package in '/home/nicola/mobileRobotics/colcon_ws/src/turtlebot3_visualizer'
[1.665s] INFO:colcon.colcon_core.shell:Skip shell extension 'powershell' for command environment: Not usable outside of PowerShell
[1.665s] DEBUG:colcon.colcon_core.shell:Skip shell extension 'dsv' for command environment
[2.616s] DEBUG:colcon.colcon_core.event_handler.log_command:Invoking command in '/home/nicola/mobileRobotics/colcon_ws/src/turtlebot3_visualizer': PYTHONPATH=/home/nicola/mobileRobotics/colcon_ws/install/turtlebot3_visualizer/lib/python3.8/site-packages:${PYTHONPATH} /usr/bin/python3 setup.py egg_info --egg-base ../../build/turtlebot3_visualizer build --build-base /home/nicola/mobileRobotics/colcon_ws/build/turtlebot3_visualizer/build install --prefix /home/nicola/mobileRobotics/colcon_ws/install/turtlebot3_visualizer --record /home/nicola/mobileRobotics/colcon_ws/build/turtlebot3_visualizer/install.log --single-version-externally-managed
[2.672s] DEBUG:colcon.colcon_core.event_handler.log_command:Invoking command in '/home/nicola/mobileRobotics/colcon_ws/src/turtlebot3_NavSLAM': PYTHONPATH=/home/nicola/mobileRobotics/colcon_ws/install/turtlebot3_NavSLAM/lib/python3.8/site-packages:${PYTHONPATH} /usr/bin/python3 setup.py egg_info --egg-base ../../build/turtlebot3_NavSLAM build --build-base /home/nicola/mobileRobotics/colcon_ws/build/turtlebot3_NavSLAM/build install --prefix /home/nicola/mobileRobotics/colcon_ws/install/turtlebot3_NavSLAM --record /home/nicola/mobileRobotics/colcon_ws/build/turtlebot3_NavSLAM/install.log --single-version-externally-managed
[2.716s] DEBUG:colcon.colcon_core.event_handler.log_command:Invoking command in '/home/nicola/mobileRobotics/colcon_ws/src/turtlebot3_follow': PYTHONPATH=/home/nicola/mobileRobotics/colcon_ws/install/turtlebot3_follow/lib/python3.8/site-packages:${PYTHONPATH} /usr/bin/python3 setup.py egg_info --egg-base ../../build/turtlebot3_follow build --build-base /home/nicola/mobileRobotics/colcon_ws/build/turtlebot3_follow/build install --prefix /home/nicola/mobileRobotics/colcon_ws/install/turtlebot3_follow --record /home/nicola/mobileRobotics/colcon_ws/build/turtlebot3_follow/install.log --single-version-externally-managed
[3.521s] DEBUG:colcon.colcon_core.event_handler.log_command:Invoked command in '/home/nicola/mobileRobotics/colcon_ws/src/turtlebot3_follow' returned '0': PYTHONPATH=/home/nicola/mobileRobotics/colcon_ws/install/turtlebot3_follow/lib/python3.8/site-packages:${PYTHONPATH} /usr/bin/python3 setup.py egg_info --egg-base ../../build/turtlebot3_follow build --build-base /home/nicola/mobileRobotics/colcon_ws/build/turtlebot3_follow/build install --prefix /home/nicola/mobileRobotics/colcon_ws/install/turtlebot3_follow --record /home/nicola/mobileRobotics/colcon_ws/build/turtlebot3_follow/install.log --single-version-externally-managed
[3.535s] Level 1:colcon.colcon_core.environment:checking '/home/nicola/mobileRobotics/colcon_ws/install/turtlebot3_follow' for CMake module files
[3.536s] Level 1:colcon.colcon_core.environment:checking '/home/nicola/mobileRobotics/colcon_ws/install/turtlebot3_follow' for CMake config files
[3.538s] Level 1:colcon.colcon_core.environment:checking '/home/nicola/mobileRobotics/colcon_ws/install/turtlebot3_follow/lib'
[3.538s] Level 1:colcon.colcon_core.environment:checking '/home/nicola/mobileRobotics/colcon_ws/install/turtlebot3_follow/bin'
[3.539s] Level 1:colcon.colcon_core.environment:checking '/home/nicola/mobileRobotics/colcon_ws/install/turtlebot3_follow/lib/pkgconfig/turtlebot3_follow.pc'
[3.540s] Level 1:colcon.colcon_core.environment:checking '/home/nicola/mobileRobotics/colcon_ws/install/turtlebot3_follow/lib/python3.8/site-packages'
[3.540s] Level 1:colcon.colcon_core.shell:create_environment_hook('turtlebot3_follow', 'pythonpath')
[3.543s] INFO:colcon.colcon_core.shell:Creating environment hook '/home/nicola/mobileRobotics/colcon_ws/install/turtlebot3_follow/share/turtlebot3_follow/hook/pythonpath.ps1'
[3.545s] INFO:colcon.colcon_core.shell:Creating environment descriptor '/home/nicola/mobileRobotics/colcon_ws/install/turtlebot3_follow/share/turtlebot3_follow/hook/pythonpath.dsv'
[3.546s] INFO:colcon.colcon_core.shell:Creating environment hook '/home/nicola/mobileRobotics/colcon_ws/install/turtlebot3_follow/share/turtlebot3_follow/hook/pythonpath.sh'
[3.547s] Level 1:colcon.colcon_core.environment:create_environment_scripts_only(turtlebot3_follow)
[3.549s] INFO:colcon.colcon_core.shell:Creating package script '/home/nicola/mobileRobotics/colcon_ws/install/turtlebot3_follow/share/turtlebot3_follow/package.ps1'
[3.552s] INFO:colcon.colcon_core.shell:Creating package descriptor '/home/nicola/mobileRobotics/colcon_ws/install/turtlebot3_follow/share/turtlebot3_follow/package.dsv'
[3.554s] INFO:colcon.colcon_core.shell:Creating package script '/home/nicola/mobileRobotics/colcon_ws/install/turtlebot3_follow/share/turtlebot3_follow/package.sh'
[3.557s] INFO:colcon.colcon_core.shell:Creating package script '/home/nicola/mobileRobotics/colcon_ws/install/turtlebot3_follow/share/turtlebot3_follow/package.bash'
[3.560s] INFO:colcon.colcon_core.shell:Creating package script '/home/nicola/mobileRobotics/colcon_ws/install/turtlebot3_follow/share/turtlebot3_follow/package.zsh'
[3.563s] Level 1:colcon.colcon_core.environment:create_file_with_runtime_dependencies(/home/nicola/mobileRobotics/colcon_ws/install/turtlebot3_follow/share/colcon-core/packages/turtlebot3_follow)
[3.589s] Level 1:colcon.colcon_core.environment:checking '/home/nicola/mobileRobotics/colcon_ws/install/turtlebot3_visualizer' for CMake module files
[3.592s] Level 1:colcon.colcon_core.environment:checking '/home/nicola/mobileRobotics/colcon_ws/install/turtlebot3_visualizer' for CMake config files
[3.592s] DEBUG:colcon.colcon_core.event_handler.log_command:Invoked command in '/home/nicola/mobileRobotics/colcon_ws/src/turtlebot3_visualizer' returned '0': PYTHONPATH=/home/nicola/mobileRobotics/colcon_ws/install/turtlebot3_visualizer/lib/python3.8/site-packages:${PYTHONPATH} /usr/bin/python3 setup.py egg_info --egg-base ../../build/turtlebot3_visualizer build --build-base /home/nicola/mobileRobotics/colcon_ws/build/turtlebot3_visualizer/build install --prefix /home/nicola/mobileRobotics/colcon_ws/install/turtlebot3_visualizer --record /home/nicola/mobileRobotics/colcon_ws/build/turtlebot3_visualizer/install.log --single-version-externally-managed
[3.594s] Level 1:colcon.colcon_core.environment:checking '/home/nicola/mobileRobotics/colcon_ws/install/turtlebot3_visualizer/lib'
[3.594s] Level 1:colcon.colcon_core.environment:checking '/home/nicola/mobileRobotics/colcon_ws/install/turtlebot3_visualizer/bin'
[3.594s] Level 1:colcon.colcon_core.environment:checking '/home/nicola/mobileRobotics/colcon_ws/install/turtlebot3_visualizer/lib/pkgconfig/turtlebot3_visualizer.pc'
[3.595s] Level 1:colcon.colcon_core.environment:checking '/home/nicola/mobileRobotics/colcon_ws/install/turtlebot3_visualizer/lib/python3.8/site-packages'
[3.595s] Level 1:colcon.colcon_core.shell:create_environment_hook('turtlebot3_visualizer', 'pythonpath')
[3.597s] INFO:colcon.colcon_core.shell:Creating environment hook '/home/nicola/mobileRobotics/colcon_ws/install/turtlebot3_visualizer/share/turtlebot3_visualizer/hook/pythonpath.ps1'
[3.598s] INFO:colcon.colcon_core.shell:Creating environment descriptor '/home/nicola/mobileRobotics/colcon_ws/install/turtlebot3_visualizer/share/turtlebot3_visualizer/hook/pythonpath.dsv'
[3.600s] INFO:colcon.colcon_core.shell:Creating environment hook '/home/nicola/mobileRobotics/colcon_ws/install/turtlebot3_visualizer/share/turtlebot3_visualizer/hook/pythonpath.sh'
[3.601s] Level 1:colcon.colcon_core.environment:create_environment_scripts_only(turtlebot3_visualizer)
[3.603s] INFO:colcon.colcon_core.shell:Creating package script '/home/nicola/mobileRobotics/colcon_ws/install/turtlebot3_visualizer/share/turtlebot3_visualizer/package.ps1'
[3.606s] INFO:colcon.colcon_core.shell:Creating package descriptor '/home/nicola/mobileRobotics/colcon_ws/install/turtlebot3_visualizer/share/turtlebot3_visualizer/package.dsv'
[3.607s] INFO:colcon.colcon_core.shell:Creating package script '/home/nicola/mobileRobotics/colcon_ws/install/turtlebot3_visualizer/share/turtlebot3_visualizer/package.sh'
[3.610s] INFO:colcon.colcon_core.shell:Creating package script '/home/nicola/mobileRobotics/colcon_ws/install/turtlebot3_visualizer/share/turtlebot3_visualizer/package.bash'
[3.612s] INFO:colcon.colcon_core.shell:Creating package script '/home/nicola/mobileRobotics/colcon_ws/install/turtlebot3_visualizer/share/turtlebot3_visualizer/package.zsh'
[3.614s] Level 1:colcon.colcon_core.environment:create_file_with_runtime_dependencies(/home/nicola/mobileRobotics/colcon_ws/install/turtlebot3_visualizer/share/colcon-core/packages/turtlebot3_visualizer)
[3.659s] Level 1:colcon.colcon_core.environment:checking '/home/nicola/mobileRobotics/colcon_ws/install/turtlebot3_NavSLAM' for CMake module files
[3.661s] DEBUG:colcon.colcon_core.event_handler.log_command:Invoked command in '/home/nicola/mobileRobotics/colcon_ws/src/turtlebot3_NavSLAM' returned '0': PYTHONPATH=/home/nicola/mobileRobotics/colcon_ws/install/turtlebot3_NavSLAM/lib/python3.8/site-packages:${PYTHONPATH} /usr/bin/python3 setup.py egg_info --egg-base ../../build/turtlebot3_NavSLAM build --build-base /home/nicola/mobileRobotics/colcon_ws/build/turtlebot3_NavSLAM/build install --prefix /home/nicola/mobileRobotics/colcon_ws/install/turtlebot3_NavSLAM --record /home/nicola/mobileRobotics/colcon_ws/build/turtlebot3_NavSLAM/install.log --single-version-externally-managed
[3.662s] Level 1:colcon.colcon_core.environment:checking '/home/nicola/mobileRobotics/colcon_ws/install/turtlebot3_NavSLAM' for CMake config files
[3.663s] Level 1:colcon.colcon_core.environment:checking '/home/nicola/mobileRobotics/colcon_ws/install/turtlebot3_NavSLAM/lib'
[3.663s] Level 1:colcon.colcon_core.environment:checking '/home/nicola/mobileRobotics/colcon_ws/install/turtlebot3_NavSLAM/bin'
[3.663s] Level 1:colcon.colcon_core.environment:checking '/home/nicola/mobileRobotics/colcon_ws/install/turtlebot3_NavSLAM/lib/pkgconfig/turtlebot3_NavSLAM.pc'
[3.663s] Level 1:colcon.colcon_core.environment:checking '/home/nicola/mobileRobotics/colcon_ws/install/turtlebot3_NavSLAM/lib/python3.8/site-packages'
[3.663s] Level 1:colcon.colcon_core.shell:create_environment_hook('turtlebot3_NavSLAM', 'pythonpath')
[3.665s] INFO:colcon.colcon_core.shell:Creating environment hook '/home/nicola/mobileRobotics/colcon_ws/install/turtlebot3_NavSLAM/share/turtlebot3_NavSLAM/hook/pythonpath.ps1'
[3.666s] INFO:colcon.colcon_core.shell:Creating environment descriptor '/home/nicola/mobileRobotics/colcon_ws/install/turtlebot3_NavSLAM/share/turtlebot3_NavSLAM/hook/pythonpath.dsv'
[3.667s] INFO:colcon.colcon_core.shell:Creating environment hook '/home/nicola/mobileRobotics/colcon_ws/install/turtlebot3_NavSLAM/share/turtlebot3_NavSLAM/hook/pythonpath.sh'
[3.667s] Level 1:colcon.colcon_core.environment:create_environment_scripts_only(turtlebot3_NavSLAM)
[3.669s] INFO:colcon.colcon_core.shell:Creating package script '/home/nicola/mobileRobotics/colcon_ws/install/turtlebot3_NavSLAM/share/turtlebot3_NavSLAM/package.ps1'
[3.670s] INFO:colcon.colcon_core.shell:Creating package descriptor '/home/nicola/mobileRobotics/colcon_ws/install/turtlebot3_NavSLAM/share/turtlebot3_NavSLAM/package.dsv'
[3.671s] INFO:colcon.colcon_core.shell:Creating package script '/home/nicola/mobileRobotics/colcon_ws/install/turtlebot3_NavSLAM/share/turtlebot3_NavSLAM/package.sh'
[3.673s] INFO:colcon.colcon_core.shell:Creating package script '/home/nicola/mobileRobotics/colcon_ws/install/turtlebot3_NavSLAM/share/turtlebot3_NavSLAM/package.bash'
[3.674s] INFO:colcon.colcon_core.shell:Creating package script '/home/nicola/mobileRobotics/colcon_ws/install/turtlebot3_NavSLAM/share/turtlebot3_NavSLAM/package.zsh'
[3.676s] Level 1:colcon.colcon_core.environment:create_file_with_runtime_dependencies(/home/nicola/mobileRobotics/colcon_ws/install/turtlebot3_NavSLAM/share/colcon-core/packages/turtlebot3_NavSLAM)
[4.660s] DEBUG:colcon.colcon_core.event_handler.log_command:Invoked command in '/home/nicola/mobileRobotics/colcon_ws/build/turtlebot3_description' returned '0': CMAKE_PREFIX_PATH=${CMAKE_PREFIX_PATH}:/home/nicola/mobileRobotics/colcon_ws/install/turtlebot3_visualizer:/home/nicola/mobileRobotics/colcon_ws/install/turtlebot3_NavSLAM:/opt/ros/foxy /usr/bin/cmake /home/nicola/mobileRobotics/colcon_ws/src/turtlebot3_description -DCMAKE_INSTALL_PREFIX=/home/nicola/mobileRobotics/colcon_ws/install/turtlebot3_description
[4.665s] DEBUG:colcon.colcon_core.event_handler.log_command:Invoking command in '/home/nicola/mobileRobotics/colcon_ws/build/turtlebot3_description': CMAKE_PREFIX_PATH=${CMAKE_PREFIX_PATH}:/home/nicola/mobileRobotics/colcon_ws/install/turtlebot3_visualizer:/home/nicola/mobileRobotics/colcon_ws/install/turtlebot3_NavSLAM:/opt/ros/foxy /usr/bin/cmake --build /home/nicola/mobileRobotics/colcon_ws/build/turtlebot3_description -- -j8 -l8
[4.732s] DEBUG:colcon.colcon_core.event_handler.log_command:Invoked command in '/home/nicola/mobileRobotics/colcon_ws/build/turtlebot3_description' returned '0': CMAKE_PREFIX_PATH=${CMAKE_PREFIX_PATH}:/home/nicola/mobileRobotics/colcon_ws/install/turtlebot3_visualizer:/home/nicola/mobileRobotics/colcon_ws/install/turtlebot3_NavSLAM:/opt/ros/foxy /usr/bin/cmake --build /home/nicola/mobileRobotics/colcon_ws/build/turtlebot3_description -- -j8 -l8
[4.787s] DEBUG:colcon.colcon_core.event_handler.log_command:Invoking command in '/home/nicola/mobileRobotics/colcon_ws/build/turtlebot3_description': CMAKE_PREFIX_PATH=${CMAKE_PREFIX_PATH}:/home/nicola/mobileRobotics/colcon_ws/install/turtlebot3_visualizer:/home/nicola/mobileRobotics/colcon_ws/install/turtlebot3_NavSLAM:/opt/ros/foxy /usr/bin/cmake --install /home/nicola/mobileRobotics/colcon_ws/build/turtlebot3_description
[7.385s] Level 1:colcon.colcon_core.environment:create_environment_scripts_only(turtlebot3_description)
[7.387s] Level 1:colcon.colcon_core.environment:checking '/home/nicola/mobileRobotics/colcon_ws/install/turtlebot3_description' for CMake module files
[7.388s] DEBUG:colcon.colcon_core.event_handler.log_command:Invoked command in '/home/nicola/mobileRobotics/colcon_ws/build/turtlebot3_description' returned '0': CMAKE_PREFIX_PATH=${CMAKE_PREFIX_PATH}:/home/nicola/mobileRobotics/colcon_ws/install/turtlebot3_visualizer:/home/nicola/mobileRobotics/colcon_ws/install/turtlebot3_NavSLAM:/opt/ros/foxy /usr/bin/cmake --install /home/nicola/mobileRobotics/colcon_ws/build/turtlebot3_description
[7.389s] Level 1:colcon.colcon_core.environment:checking '/home/nicola/mobileRobotics/colcon_ws/install/turtlebot3_description' for CMake config files
[7.389s] Level 1:colcon.colcon_core.shell:create_environment_hook('turtlebot3_description', 'cmake_prefix_path')
[7.391s] INFO:colcon.colcon_core.shell:Creating environment hook '/home/nicola/mobileRobotics/colcon_ws/install/turtlebot3_description/share/turtlebot3_description/hook/cmake_prefix_path.ps1'
[7.393s] INFO:colcon.colcon_core.shell:Creating environment descriptor '/home/nicola/mobileRobotics/colcon_ws/install/turtlebot3_description/share/turtlebot3_description/hook/cmake_prefix_path.dsv'
[7.394s] INFO:colcon.colcon_core.shell:Creating environment hook '/home/nicola/mobileRobotics/colcon_ws/install/turtlebot3_description/share/turtlebot3_description/hook/cmake_prefix_path.sh'
[7.395s] Level 1:colcon.colcon_core.environment:checking '/home/nicola/mobileRobotics/colcon_ws/install/turtlebot3_description/bin'
[7.395s] Level 1:colcon.colcon_core.environment:checking '/home/nicola/mobileRobotics/colcon_ws/install/turtlebot3_description/lib/pkgconfig/turtlebot3_description.pc'
[7.395s] Level 1:colcon.colcon_core.environment:checking '/home/nicola/mobileRobotics/colcon_ws/install/turtlebot3_description/lib/python3.8/site-packages'
[7.396s] INFO:colcon.colcon_core.shell:Creating package script '/home/nicola/mobileRobotics/colcon_ws/install/turtlebot3_description/share/turtlebot3_description/package.ps1'
[7.397s] INFO:colcon.colcon_core.shell:Creating package descriptor '/home/nicola/mobileRobotics/colcon_ws/install/turtlebot3_description/share/turtlebot3_description/package.dsv'
[7.398s] INFO:colcon.colcon_core.shell:Creating package script '/home/nicola/mobileRobotics/colcon_ws/install/turtlebot3_description/share/turtlebot3_description/package.sh'
[7.399s] INFO:colcon.colcon_core.shell:Creating package script '/home/nicola/mobileRobotics/colcon_ws/install/turtlebot3_description/share/turtlebot3_description/package.bash'
[7.399s] INFO:colcon.colcon_core.shell:Creating package script '/home/nicola/mobileRobotics/colcon_ws/install/turtlebot3_description/share/turtlebot3_description/package.zsh'
[7.400s] Level 1:colcon.colcon_core.environment:create_file_with_runtime_dependencies(/home/nicola/mobileRobotics/colcon_ws/install/turtlebot3_description/share/colcon-core/packages/turtlebot3_description)
[7.437s] Level 1:colcon.colcon_core.environment:create_environment_scripts_only(turtlebot3_description)
[7.439s] Level 1:colcon.colcon_core.environment:checking '/home/nicola/mobileRobotics/colcon_ws/install/turtlebot3_description' for CMake module files
[7.440s] Level 1:colcon.colcon_core.environment:checking '/home/nicola/mobileRobotics/colcon_ws/install/turtlebot3_description' for CMake config files
[7.440s] Level 1:colcon.colcon_core.shell:create_environment_hook('turtlebot3_description', 'cmake_prefix_path')
[7.441s] INFO:colcon.colcon_core.shell:Creating environment hook '/home/nicola/mobileRobotics/colcon_ws/install/turtlebot3_description/share/turtlebot3_description/hook/cmake_prefix_path.ps1'
[7.442s] INFO:colcon.colcon_core.shell:Creating environment descriptor '/home/nicola/mobileRobotics/colcon_ws/install/turtlebot3_description/share/turtlebot3_description/hook/cmake_prefix_path.dsv'
[7.443s] INFO:colcon.colcon_core.shell:Creating environment hook '/home/nicola/mobileRobotics/colcon_ws/install/turtlebot3_description/share/turtlebot3_description/hook/cmake_prefix_path.sh'
[7.444s] Level 1:colcon.colcon_core.environment:checking '/home/nicola/mobileRobotics/colcon_ws/install/turtlebot3_description/bin'
[7.444s] Level 1:colcon.colcon_core.environment:checking '/home/nicola/mobileRobotics/colcon_ws/install/turtlebot3_description/lib/pkgconfig/turtlebot3_description.pc'
[7.444s] Level 1:colcon.colcon_core.environment:checking '/home/nicola/mobileRobotics/colcon_ws/install/turtlebot3_description/lib/python3.8/site-packages'
[7.445s] INFO:colcon.colcon_core.shell:Creating package script '/home/nicola/mobileRobotics/colcon_ws/install/turtlebot3_description/share/turtlebot3_description/package.ps1'
[7.446s] INFO:colcon.colcon_core.shell:Creating package descriptor '/home/nicola/mobileRobotics/colcon_ws/install/turtlebot3_description/share/turtlebot3_description/package.dsv'
[7.446s] INFO:colcon.colcon_core.shell:Creating package script '/home/nicola/mobileRobotics/colcon_ws/install/turtlebot3_description/share/turtlebot3_description/package.sh'
[7.447s] INFO:colcon.colcon_core.shell:Creating package script '/home/nicola/mobileRobotics/colcon_ws/install/turtlebot3_description/share/turtlebot3_description/package.bash'
[7.447s] INFO:colcon.colcon_core.shell:Creating package script '/home/nicola/mobileRobotics/colcon_ws/install/turtlebot3_description/share/turtlebot3_description/package.zsh'
[7.448s] Level 1:colcon.colcon_core.environment:create_file_with_runtime_dependencies(/home/nicola/mobileRobotics/colcon_ws/install/turtlebot3_description/share/colcon-core/packages/turtlebot3_description)
[7.449s] DEBUG:colcon.colcon_parallel_executor.executor.parallel:closing loop
[7.449s] DEBUG:colcon.colcon_parallel_executor.executor.parallel:loop closed
[7.449s] DEBUG:colcon.colcon_parallel_executor.executor.parallel:run_until_complete finished with '0'
[7.450s] DEBUG:colcon.colcon_core.event_reactor:joining thread
[7.460s] INFO:colcon.colcon_core.plugin_system:Skipping extension 'colcon_notification.desktop_notification.terminal_notifier': Not used on non-Darwin systems
[7.460s] INFO:colcon.colcon_core.plugin_system:Skipping extension 'colcon_notification.desktop_notification.win32': Not used on non-Windows systems
[7.460s] INFO:colcon.colcon_notification.desktop_notification:Sending desktop notification using 'notify2'
[7.489s] DEBUG:colcon.colcon_core.event_reactor:joined thread
[7.490s] INFO:colcon.colcon_core.shell:Creating prefix script '/home/nicola/mobileRobotics/colcon_ws/install/local_setup.ps1'
[7.493s] INFO:colcon.colcon_core.shell:Creating prefix util module '/home/nicola/mobileRobotics/colcon_ws/install/_local_setup_util_ps1.py'
[7.496s] INFO:colcon.colcon_core.shell:Creating prefix chain script '/home/nicola/mobileRobotics/colcon_ws/install/setup.ps1'
[7.498s] INFO:colcon.colcon_core.shell:Creating prefix script '/home/nicola/mobileRobotics/colcon_ws/install/local_setup.sh'
[7.499s] INFO:colcon.colcon_core.shell:Creating prefix util module '/home/nicola/mobileRobotics/colcon_ws/install/_local_setup_util_sh.py'
[7.500s] INFO:colcon.colcon_core.shell:Creating prefix chain script '/home/nicola/mobileRobotics/colcon_ws/install/setup.sh'
[7.502s] INFO:colcon.colcon_core.shell:Creating prefix script '/home/nicola/mobileRobotics/colcon_ws/install/local_setup.bash'
[7.503s] INFO:colcon.colcon_core.shell:Creating prefix chain script '/home/nicola/mobileRobotics/colcon_ws/install/setup.bash'
[7.506s] INFO:colcon.colcon_core.shell:Creating prefix script '/home/nicola/mobileRobotics/colcon_ws/install/local_setup.zsh'
[7.507s] INFO:colcon.colcon_core.shell:Creating prefix chain script '/home/nicola/mobileRobotics/colcon_ws/install/setup.zsh'
