[3.416s] Invoking command in '/home/nicola/mobileRobotics/colcon_ws/build/turtlebot3_description': CMAKE_PREFIX_PATH=${CMAKE_PREFIX_PATH}:/home/nicola/mobileRobotics/colcon_ws/install/turtlebot3_visualizer:/home/nicola/mobileRobotics/colcon_ws/install/turtlebot3_follow:/home/nicola/mobileRobotics/colcon_ws/install/turtlebot3_NavSLAM:/home/nicola/mobileRobotics/colcon_ws/install/turtlebot3_HighLevelControl:/opt/ros/foxy /usr/bin/cmake --build /home/nicola/mobileRobotics/colcon_ws/build/turtlebot3_description -- -j8 -l8
[4.149s] Invoked command in '/home/nicola/mobileRobotics/colcon_ws/build/turtlebot3_description' returned '0': CMAKE_PREFIX_PATH=${CMAKE_PREFIX_PATH}:/home/nicola/mobileRobotics/colcon_ws/install/turtlebot3_visualizer:/home/nicola/mobileRobotics/colcon_ws/install/turtlebot3_follow:/home/nicola/mobileRobotics/colcon_ws/install/turtlebot3_NavSLAM:/home/nicola/mobileRobotics/colcon_ws/install/turtlebot3_HighLevelControl:/opt/ros/foxy /usr/bin/cmake --build /home/nicola/mobileRobotics/colcon_ws/build/turtlebot3_description -- -j8 -l8
[4.194s] Invoking command in '/home/nicola/mobileRobotics/colcon_ws/build/turtlebot3_description': CMAKE_PREFIX_PATH=${CMAKE_PREFIX_PATH}:/home/nicola/mobileRobotics/colcon_ws/install/turtlebot3_visualizer:/home/nicola/mobileRobotics/colcon_ws/install/turtlebot3_follow:/home/nicola/mobileRobotics/colcon_ws/install/turtlebot3_NavSLAM:/home/nicola/mobileRobotics/colcon_ws/install/turtlebot3_HighLevelControl:/opt/ros/foxy /usr/bin/cmake --install /home/nicola/mobileRobotics/colcon_ws/build/turtlebot3_description
[4.206s] -- Install configuration: ""
[4.208s] -- Up-to-date: /home/nicola/mobileRobotics/colcon_ws/install/turtlebot3_description/share/turtlebot3_description/meshes
[4.208s] -- Up-to-date: /home/nicola/mobileRobotics/colcon_ws/install/turtlebot3_description/share/turtlebot3_description/meshes/bases
[4.208s] -- Up-to-date: /home/nicola/mobileRobotics/colcon_ws/install/turtlebot3_description/share/turtlebot3_description/meshes/bases/burger_base.stl
[4.209s] -- Up-to-date: /home/nicola/mobileRobotics/colcon_ws/install/turtlebot3_description/share/turtlebot3_description/meshes/bases/burger_base_2.asset.meta
[4.209s] -- Up-to-date: /home/nicola/mobileRobotics/colcon_ws/install/turtlebot3_description/share/turtlebot3_description/meshes/bases/waffle_pi_base_0.asset.meta
[4.209s] -- Up-to-date: /home/nicola/mobileRobotics/colcon_ws/install/turtlebot3_description/share/turtlebot3_description/meshes/bases/waffle_pi_base_5.asset.meta
[4.209s] -- Up-to-date: /home/nicola/mobileRobotics/colcon_ws/install/turtlebot3_description/share/turtlebot3_description/meshes/bases/burger_base_0.asset
[4.209s] -- Up-to-date: /home/nicola/mobileRobotics/colcon_ws/install/turtlebot3_description/share/turtlebot3_description/meshes/bases/waffle_base_7.asset
[4.209s] -- Up-to-date: /home/nicola/mobileRobotics/colcon_ws/install/turtlebot3_description/share/turtlebot3_description/meshes/bases/burger_base_4.asset
[4.210s] -- Up-to-date: /home/nicola/mobileRobotics/colcon_ws/install/turtlebot3_description/share/turtlebot3_description/meshes/bases/waffle_base.prefab
[4.210s] -- Up-to-date: /home/nicola/mobileRobotics/colcon_ws/install/turtlebot3_description/share/turtlebot3_description/meshes/bases/burger_base_4.asset.meta
[4.210s] -- Up-to-date: /home/nicola/mobileRobotics/colcon_ws/install/turtlebot3_description/share/turtlebot3_description/meshes/bases/waffle_base_14.asset
[4.210s] -- Up-to-date: /home/nicola/mobileRobotics/colcon_ws/install/turtlebot3_description/share/turtlebot3_description/meshes/bases/burger_base.prefab
[4.210s] -- Up-to-date: /home/nicola/mobileRobotics/colcon_ws/install/turtlebot3_description/share/turtlebot3_description/meshes/bases/burger_base.stl.meta
[4.210s] -- Up-to-date: /home/nicola/mobileRobotics/colcon_ws/install/turtlebot3_description/share/turtlebot3_description/meshes/bases/waffle_base_3.asset.meta
[4.210s] -- Up-to-date: /home/nicola/mobileRobotics/colcon_ws/install/turtlebot3_description/share/turtlebot3_description/meshes/bases/waffle_base_8.asset
[4.211s] -- Up-to-date: /home/nicola/mobileRobotics/colcon_ws/install/turtlebot3_description/share/turtlebot3_description/meshes/bases/waffle_pi_base_4.asset.meta
[4.211s] -- Up-to-date: /home/nicola/mobileRobotics/colcon_ws/install/turtlebot3_description/share/turtlebot3_description/meshes/bases/waffle_pi_base_3.asset.meta
[4.211s] -- Up-to-date: /home/nicola/mobileRobotics/colcon_ws/install/turtlebot3_description/share/turtlebot3_description/meshes/bases/waffle_pi_base_2.asset
[4.211s] -- Up-to-date: /home/nicola/mobileRobotics/colcon_ws/install/turtlebot3_description/share/turtlebot3_description/meshes/bases/burger_base_3.asset
[4.211s] -- Up-to-date: /home/nicola/mobileRobotics/colcon_ws/install/turtlebot3_description/share/turtlebot3_description/meshes/bases/waffle_base_4.asset.meta
[4.211s] -- Up-to-date: /home/nicola/mobileRobotics/colcon_ws/install/turtlebot3_description/share/turtlebot3_description/meshes/bases/waffle_base_8.asset.meta
[4.212s] -- Up-to-date: /home/nicola/mobileRobotics/colcon_ws/install/turtlebot3_description/share/turtlebot3_description/meshes/bases/waffle_base_9.asset
[4.212s] -- Up-to-date: /home/nicola/mobileRobotics/colcon_ws/install/turtlebot3_description/share/turtlebot3_description/meshes/bases/burger_base.prefab.meta
[4.212s] -- Up-to-date: /home/nicola/mobileRobotics/colcon_ws/install/turtlebot3_description/share/turtlebot3_description/meshes/bases/waffle_base_2.asset.meta
[4.212s] -- Up-to-date: /home/nicola/mobileRobotics/colcon_ws/install/turtlebot3_description/share/turtlebot3_description/meshes/bases/waffle_pi_base_0.asset
[4.212s] -- Up-to-date: /home/nicola/mobileRobotics/colcon_ws/install/turtlebot3_description/share/turtlebot3_description/meshes/bases/waffle_base_6.asset.meta
[4.212s] -- Up-to-date: /home/nicola/mobileRobotics/colcon_ws/install/turtlebot3_description/share/turtlebot3_description/meshes/bases/waffle_pi_base.prefab.meta
[4.212s] -- Up-to-date: /home/nicola/mobileRobotics/colcon_ws/install/turtlebot3_description/share/turtlebot3_description/meshes/bases/waffle_base_2.asset
[4.212s] -- Up-to-date: /home/nicola/mobileRobotics/colcon_ws/install/turtlebot3_description/share/turtlebot3_description/meshes/bases/waffle_base_10.asset
[4.213s] -- Up-to-date: /home/nicola/mobileRobotics/colcon_ws/install/turtlebot3_description/share/turtlebot3_description/meshes/bases/burger_base_1.asset.meta
[4.213s] -- Up-to-date: /home/nicola/mobileRobotics/colcon_ws/install/turtlebot3_description/share/turtlebot3_description/meshes/bases/waffle_pi_base.stl
[4.213s] -- Up-to-date: /home/nicola/mobileRobotics/colcon_ws/install/turtlebot3_description/share/turtlebot3_description/meshes/bases/waffle_base_10.asset.meta
[4.213s] -- Up-to-date: /home/nicola/mobileRobotics/colcon_ws/install/turtlebot3_description/share/turtlebot3_description/meshes/bases/waffle_base_4.asset
[4.213s] -- Up-to-date: /home/nicola/mobileRobotics/colcon_ws/install/turtlebot3_description/share/turtlebot3_description/meshes/bases/waffle_base.stl
[4.214s] -- Up-to-date: /home/nicola/mobileRobotics/colcon_ws/install/turtlebot3_description/share/turtlebot3_description/meshes/bases/waffle_base_1.asset.meta
[4.214s] -- Up-to-date: /home/nicola/mobileRobotics/colcon_ws/install/turtlebot3_description/share/turtlebot3_description/meshes/bases/waffle_base_13.asset.meta
[4.215s] -- Up-to-date: /home/nicola/mobileRobotics/colcon_ws/install/turtlebot3_description/share/turtlebot3_description/meshes/bases/waffle_base_0.asset
[4.217s] -- Up-to-date: /home/nicola/mobileRobotics/colcon_ws/install/turtlebot3_description/share/turtlebot3_description/meshes/bases/waffle_pi_base_7.asset
[4.217s] -- Up-to-date: /home/nicola/mobileRobotics/colcon_ws/install/turtlebot3_description/share/turtlebot3_description/meshes/bases/waffle_base_6.asset
[4.217s] -- Up-to-date: /home/nicola/mobileRobotics/colcon_ws/install/turtlebot3_description/share/turtlebot3_description/meshes/bases/waffle_pi_base_7.asset.meta
[4.217s] -- Up-to-date: /home/nicola/mobileRobotics/colcon_ws/install/turtlebot3_description/share/turtlebot3_description/meshes/bases/waffle_base_3.asset
[4.218s] -- Up-to-date: /home/nicola/mobileRobotics/colcon_ws/install/turtlebot3_description/share/turtlebot3_description/meshes/bases/waffle_base_11.asset
[4.218s] -- Up-to-date: /home/nicola/mobileRobotics/colcon_ws/install/turtlebot3_description/share/turtlebot3_description/meshes/bases/waffle_base_9.asset.meta
[4.218s] -- Up-to-date: /home/nicola/mobileRobotics/colcon_ws/install/turtlebot3_description/share/turtlebot3_description/meshes/bases/waffle_pi_base_4.asset
[4.218s] -- Up-to-date: /home/nicola/mobileRobotics/colcon_ws/install/turtlebot3_description/share/turtlebot3_description/meshes/bases/waffle_base_13.asset
[4.219s] -- Up-to-date: /home/nicola/mobileRobotics/colcon_ws/install/turtlebot3_description/share/turtlebot3_description/meshes/bases/waffle_base_5.asset.meta
[4.219s] -- Up-to-date: /home/nicola/mobileRobotics/colcon_ws/install/turtlebot3_description/share/turtlebot3_description/meshes/bases/waffle_pi_base_6.asset
[4.219s] -- Up-to-date: /home/nicola/mobileRobotics/colcon_ws/install/turtlebot3_description/share/turtlebot3_description/meshes/bases/waffle_pi_base_3.asset
[4.219s] -- Up-to-date: /home/nicola/mobileRobotics/colcon_ws/install/turtlebot3_description/share/turtlebot3_description/meshes/bases/waffle_base.stl.meta
[4.220s] -- Up-to-date: /home/nicola/mobileRobotics/colcon_ws/install/turtlebot3_description/share/turtlebot3_description/meshes/bases/burger_base_3.asset.meta
[4.220s] -- Up-to-date: /home/nicola/mobileRobotics/colcon_ws/install/turtlebot3_description/share/turtlebot3_description/meshes/bases/waffle_base_11.asset.meta
[4.220s] -- Up-to-date: /home/nicola/mobileRobotics/colcon_ws/install/turtlebot3_description/share/turtlebot3_description/meshes/bases/waffle_pi_base_1.asset
[4.220s] -- Up-to-date: /home/nicola/mobileRobotics/colcon_ws/install/turtlebot3_description/share/turtlebot3_description/meshes/bases/waffle_base_7.asset.meta
[4.221s] -- Up-to-date: /home/nicola/mobileRobotics/colcon_ws/install/turtlebot3_description/share/turtlebot3_description/meshes/bases/waffle_pi_base.prefab
[4.221s] -- Up-to-date: /home/nicola/mobileRobotics/colcon_ws/install/turtlebot3_description/share/turtlebot3_description/meshes/bases/waffle_base.prefab.meta
[4.221s] -- Up-to-date: /home/nicola/mobileRobotics/colcon_ws/install/turtlebot3_description/share/turtlebot3_description/meshes/bases/waffle_base_12.asset
[4.222s] -- Up-to-date: /home/nicola/mobileRobotics/colcon_ws/install/turtlebot3_description/share/turtlebot3_description/meshes/bases/burger_base_1.asset
[4.222s] -- Up-to-date: /home/nicola/mobileRobotics/colcon_ws/install/turtlebot3_description/share/turtlebot3_description/meshes/bases/waffle_pi_base.stl.meta
[4.222s] -- Up-to-date: /home/nicola/mobileRobotics/colcon_ws/install/turtlebot3_description/share/turtlebot3_description/meshes/bases/burger_base_0.asset.meta
[4.222s] -- Up-to-date: /home/nicola/mobileRobotics/colcon_ws/install/turtlebot3_description/share/turtlebot3_description/meshes/bases/waffle_base_1.asset
[4.222s] -- Up-to-date: /home/nicola/mobileRobotics/colcon_ws/install/turtlebot3_description/share/turtlebot3_description/meshes/bases/waffle_base_14.asset.meta
[4.223s] -- Up-to-date: /home/nicola/mobileRobotics/colcon_ws/install/turtlebot3_description/share/turtlebot3_description/meshes/bases/burger_base_2.asset
[4.223s] -- Up-to-date: /home/nicola/mobileRobotics/colcon_ws/install/turtlebot3_description/share/turtlebot3_description/meshes/bases/waffle_pi_base_6.asset.meta
[4.225s] -- Up-to-date: /home/nicola/mobileRobotics/colcon_ws/install/turtlebot3_description/share/turtlebot3_description/meshes/bases/waffle_base_12.asset.meta
[4.225s] -- Up-to-date: /home/nicola/mobileRobotics/colcon_ws/install/turtlebot3_description/share/turtlebot3_description/meshes/bases/waffle_pi_base_1.asset.meta
[4.225s] -- Up-to-date: /home/nicola/mobileRobotics/colcon_ws/install/turtlebot3_description/share/turtlebot3_description/meshes/bases/waffle_base_5.asset
[4.225s] -- Up-to-date: /home/nicola/mobileRobotics/colcon_ws/install/turtlebot3_description/share/turtlebot3_description/meshes/bases/waffle_pi_base_5.asset
[4.226s] -- Up-to-date: /home/nicola/mobileRobotics/colcon_ws/install/turtlebot3_description/share/turtlebot3_description/meshes/bases/waffle_pi_base_2.asset.meta
[4.227s] -- Up-to-date: /home/nicola/mobileRobotics/colcon_ws/install/turtlebot3_description/share/turtlebot3_description/meshes/bases/waffle_base_0.asset.meta
[4.228s] -- Up-to-date: /home/nicola/mobileRobotics/colcon_ws/install/turtlebot3_description/share/turtlebot3_description/meshes/sensors
[4.228s] -- Up-to-date: /home/nicola/mobileRobotics/colcon_ws/install/turtlebot3_description/share/turtlebot3_description/meshes/sensors/lds_0.asset
[4.229s] -- Up-to-date: /home/nicola/mobileRobotics/colcon_ws/install/turtlebot3_description/share/turtlebot3_description/meshes/sensors/r200.jpg.meta
[4.229s] -- Up-to-date: /home/nicola/mobileRobotics/colcon_ws/install/turtlebot3_description/share/turtlebot3_description/meshes/sensors/astra.jpg
[4.229s] -- Up-to-date: /home/nicola/mobileRobotics/colcon_ws/install/turtlebot3_description/share/turtlebot3_description/meshes/sensors/lds_0.asset.meta
[4.230s] -- Up-to-date: /home/nicola/mobileRobotics/colcon_ws/install/turtlebot3_description/share/turtlebot3_description/meshes/sensors/astra.jpg.meta
[4.230s] -- Up-to-date: /home/nicola/mobileRobotics/colcon_ws/install/turtlebot3_description/share/turtlebot3_description/meshes/sensors/lds.prefab.meta
[4.230s] -- Up-to-date: /home/nicola/mobileRobotics/colcon_ws/install/turtlebot3_description/share/turtlebot3_description/meshes/sensors/lds.stl.meta
[4.230s] -- Up-to-date: /home/nicola/mobileRobotics/colcon_ws/install/turtlebot3_description/share/turtlebot3_description/meshes/sensors/astra.dae.meta
[4.230s] -- Up-to-date: /home/nicola/mobileRobotics/colcon_ws/install/turtlebot3_description/share/turtlebot3_description/meshes/sensors/astra.dae
[4.231s] -- Up-to-date: /home/nicola/mobileRobotics/colcon_ws/install/turtlebot3_description/share/turtlebot3_description/meshes/sensors/lds.prefab
[4.231s] -- Up-to-date: /home/nicola/mobileRobotics/colcon_ws/install/turtlebot3_description/share/turtlebot3_description/meshes/sensors/r200.dae.meta
[4.232s] -- Up-to-date: /home/nicola/mobileRobotics/colcon_ws/install/turtlebot3_description/share/turtlebot3_description/meshes/sensors/r200.dae
[4.233s] -- Up-to-date: /home/nicola/mobileRobotics/colcon_ws/install/turtlebot3_description/share/turtlebot3_description/meshes/sensors/r200.jpg
[4.233s] -- Up-to-date: /home/nicola/mobileRobotics/colcon_ws/install/turtlebot3_description/share/turtlebot3_description/meshes/sensors/lds.stl
[4.234s] -- Up-to-date: /home/nicola/mobileRobotics/colcon_ws/install/turtlebot3_description/share/turtlebot3_description/meshes/wheels
[4.234s] -- Up-to-date: /home/nicola/mobileRobotics/colcon_ws/install/turtlebot3_description/share/turtlebot3_description/meshes/wheels/left_tire_0.asset.meta
[4.234s] -- Up-to-date: /home/nicola/mobileRobotics/colcon_ws/install/turtlebot3_description/share/turtlebot3_description/meshes/wheels/left_tire.stl
[4.235s] -- Up-to-date: /home/nicola/mobileRobotics/colcon_ws/install/turtlebot3_description/share/turtlebot3_description/meshes/wheels/left_tire.prefab
[4.235s] -- Up-to-date: /home/nicola/mobileRobotics/colcon_ws/install/turtlebot3_description/share/turtlebot3_description/meshes/wheels/right_tire.prefab.meta
[4.235s] -- Up-to-date: /home/nicola/mobileRobotics/colcon_ws/install/turtlebot3_description/share/turtlebot3_description/meshes/wheels/right_tire_0.asset.meta
[4.236s] -- Up-to-date: /home/nicola/mobileRobotics/colcon_ws/install/turtlebot3_description/share/turtlebot3_description/meshes/wheels/right_tire_0.asset
[4.237s] -- Up-to-date: /home/nicola/mobileRobotics/colcon_ws/install/turtlebot3_description/share/turtlebot3_description/meshes/wheels/right_tire.prefab
[4.238s] -- Up-to-date: /home/nicola/mobileRobotics/colcon_ws/install/turtlebot3_description/share/turtlebot3_description/meshes/wheels/left_tire.prefab.meta
[4.239s] -- Up-to-date: /home/nicola/mobileRobotics/colcon_ws/install/turtlebot3_description/share/turtlebot3_description/meshes/wheels/left_tire_0.asset
[4.239s] -- Up-to-date: /home/nicola/mobileRobotics/colcon_ws/install/turtlebot3_description/share/turtlebot3_description/meshes/wheels/right_tire.stl
[4.240s] -- Up-to-date: /home/nicola/mobileRobotics/colcon_ws/install/turtlebot3_description/share/turtlebot3_description/meshes/wheels/right_tire.stl.meta
[4.240s] -- Up-to-date: /home/nicola/mobileRobotics/colcon_ws/install/turtlebot3_description/share/turtlebot3_description/meshes/wheels/left_tire.stl.meta
[4.241s] -- Up-to-date: /home/nicola/mobileRobotics/colcon_ws/install/turtlebot3_description/share/turtlebot3_description/urdf
[4.242s] -- Up-to-date: /home/nicola/mobileRobotics/colcon_ws/install/turtlebot3_description/share/turtlebot3_description/urdf/turtlebot3_burger.urdf
[4.242s] -- Up-to-date: /home/nicola/mobileRobotics/colcon_ws/install/turtlebot3_description/share/turtlebot3_description/urdf/common_properties.urdf
[4.242s] -- Up-to-date: /home/nicola/mobileRobotics/colcon_ws/install/turtlebot3_description/share/ament_index/resource_index/package_run_dependencies/turtlebot3_description
[4.242s] -- Up-to-date: /home/nicola/mobileRobotics/colcon_ws/install/turtlebot3_description/share/ament_index/resource_index/parent_prefix_path/turtlebot3_description
[4.243s] -- Up-to-date: /home/nicola/mobileRobotics/colcon_ws/install/turtlebot3_description/share/turtlebot3_description/environment/ament_prefix_path.sh
[4.244s] -- Up-to-date: /home/nicola/mobileRobotics/colcon_ws/install/turtlebot3_description/share/turtlebot3_description/environment/ament_prefix_path.dsv
[4.244s] -- Up-to-date: /home/nicola/mobileRobotics/colcon_ws/install/turtlebot3_description/share/turtlebot3_description/environment/path.sh
[4.244s] -- Up-to-date: /home/nicola/mobileRobotics/colcon_ws/install/turtlebot3_description/share/turtlebot3_description/environment/path.dsv
[4.245s] -- Up-to-date: /home/nicola/mobileRobotics/colcon_ws/install/turtlebot3_description/share/turtlebot3_description/local_setup.bash
[4.245s] -- Up-to-date: /home/nicola/mobileRobotics/colcon_ws/install/turtlebot3_description/share/turtlebot3_description/local_setup.sh
[4.246s] -- Up-to-date: /home/nicola/mobileRobotics/colcon_ws/install/turtlebot3_description/share/turtlebot3_description/local_setup.zsh
[4.246s] -- Up-to-date: /home/nicola/mobileRobotics/colcon_ws/install/turtlebot3_description/share/turtlebot3_description/local_setup.dsv
[4.246s] -- Installing: /home/nicola/mobileRobotics/colcon_ws/install/turtlebot3_description/share/turtlebot3_description/package.dsv
[4.247s] -- Up-to-date: /home/nicola/mobileRobotics/colcon_ws/install/turtlebot3_description/share/ament_index/resource_index/packages/turtlebot3_description
[4.249s] -- Up-to-date: /home/nicola/mobileRobotics/colcon_ws/install/turtlebot3_description/share/turtlebot3_description/cmake/ament_cmake_export_dependencies-extras.cmake
[4.250s] -- Up-to-date: /home/nicola/mobileRobotics/colcon_ws/install/turtlebot3_description/share/turtlebot3_description/cmake/turtlebot3_descriptionConfig.cmake
[4.252s] -- Up-to-date: /home/nicola/mobileRobotics/colcon_ws/install/turtlebot3_description/share/turtlebot3_description/cmake/turtlebot3_descriptionConfig-version.cmake
[4.252s] -- Up-to-date: /home/nicola/mobileRobotics/colcon_ws/install/turtlebot3_description/share/turtlebot3_description/package.xml
[4.253s] Invoked command in '/home/nicola/mobileRobotics/colcon_ws/build/turtlebot3_description' returned '0': CMAKE_PREFIX_PATH=${CMAKE_PREFIX_PATH}:/home/nicola/mobileRobotics/colcon_ws/install/turtlebot3_visualizer:/home/nicola/mobileRobotics/colcon_ws/install/turtlebot3_follow:/home/nicola/mobileRobotics/colcon_ws/install/turtlebot3_NavSLAM:/home/nicola/mobileRobotics/colcon_ws/install/turtlebot3_HighLevelControl:/opt/ros/foxy /usr/bin/cmake --install /home/nicola/mobileRobotics/colcon_ws/build/turtlebot3_description
