[1.957s] Invoking command in '/home/nicola/mobileRobotics/colcon_ws/src/turtlebot3_NavSLAM': PYTHONPATH=/home/nicola/mobileRobotics/colcon_ws/install/turtlebot3_NavSLAM/lib/python3.8/site-packages:${PYTHONPATH} /usr/bin/python3 setup.py egg_info --egg-base ../../build/turtlebot3_NavSLAM build --build-base /home/nicola/mobileRobotics/colcon_ws/build/turtlebot3_NavSLAM/build install --prefix /home/nicola/mobileRobotics/colcon_ws/install/turtlebot3_NavSLAM --record /home/nicola/mobileRobotics/colcon_ws/build/turtlebot3_NavSLAM/install.log --single-version-externally-managed
[2.313s] running egg_info
[2.315s] writing ../../build/turtlebot3_NavSLAM/turtlebot3_NavSLAM.egg-info/PKG-INFO
[2.315s] writing dependency_links to ../../build/turtlebot3_NavSLAM/turtlebot3_NavSLAM.egg-info/dependency_links.txt
[2.315s] writing entry points to ../../build/turtlebot3_NavSLAM/turtlebot3_NavSLAM.egg-info/entry_points.txt
[2.316s] writing requirements to ../../build/turtlebot3_NavSLAM/turtlebot3_NavSLAM.egg-info/requires.txt
[2.316s] writing top-level names to ../../build/turtlebot3_NavSLAM/turtlebot3_NavSLAM.egg-info/top_level.txt
[2.391s] reading manifest file '../../build/turtlebot3_NavSLAM/turtlebot3_NavSLAM.egg-info/SOURCES.txt'
[2.396s] writing manifest file '../../build/turtlebot3_NavSLAM/turtlebot3_NavSLAM.egg-info/SOURCES.txt'
[2.397s] running build
[2.397s] running build_py
[2.397s] running install
[2.398s] running install_lib
[2.399s] running install_data
[2.403s] running install_egg_info
[2.404s] removing '/home/nicola/mobileRobotics/colcon_ws/install/turtlebot3_NavSLAM/lib/python3.8/site-packages/turtlebot3_NavSLAM-0.0.0-py3.8.egg-info' (and everything under it)
[2.405s] Copying ../../build/turtlebot3_NavSLAM/turtlebot3_NavSLAM.egg-info to /home/nicola/mobileRobotics/colcon_ws/install/turtlebot3_NavSLAM/lib/python3.8/site-packages/turtlebot3_NavSLAM-0.0.0-py3.8.egg-info
[2.409s] running install_scripts
[2.444s] writing list of installed files to '/home/nicola/mobileRobotics/colcon_ws/build/turtlebot3_NavSLAM/install.log'
[2.492s] Invoked command in '/home/nicola/mobileRobotics/colcon_ws/src/turtlebot3_NavSLAM' returned '0': PYTHONPATH=/home/nicola/mobileRobotics/colcon_ws/install/turtlebot3_NavSLAM/lib/python3.8/site-packages:${PYTHONPATH} /usr/bin/python3 setup.py egg_info --egg-base ../../build/turtlebot3_NavSLAM build --build-base /home/nicola/mobileRobotics/colcon_ws/build/turtlebot3_NavSLAM/build install --prefix /home/nicola/mobileRobotics/colcon_ws/install/turtlebot3_NavSLAM --record /home/nicola/mobileRobotics/colcon_ws/build/turtlebot3_NavSLAM/install.log --single-version-externally-managed
