[11.834s] Invoking command in '/home/nicola/mobileRobotics/colcon_ws/src/turtlebot3_NavSLAM': PYTHONPATH=/home/nicola/mobileRobotics/colcon_ws/install/turtlebot3_NavSLAM/lib/python3.8/site-packages:${PYTHONPATH} /usr/bin/python3 setup.py egg_info --egg-base ../../build/turtlebot3_NavSLAM build --build-base /home/nicola/mobileRobotics/colcon_ws/build/turtlebot3_NavSLAM/build install --prefix /home/nicola/mobileRobotics/colcon_ws/install/turtlebot3_NavSLAM --record /home/nicola/mobileRobotics/colcon_ws/build/turtlebot3_NavSLAM/install.log --single-version-externally-managed
[13.507s] running egg_info
[13.510s] writing ../../build/turtlebot3_NavSLAM/turtlebot3_NavSLAM.egg-info/PKG-INFO
[13.511s] writing dependency_links to ../../build/turtlebot3_NavSLAM/turtlebot3_NavSLAM.egg-info/dependency_links.txt
[13.513s] writing entry points to ../../build/turtlebot3_NavSLAM/turtlebot3_NavSLAM.egg-info/entry_points.txt
[13.514s] writing requirements to ../../build/turtlebot3_NavSLAM/turtlebot3_NavSLAM.egg-info/requires.txt
[13.514s] writing top-level names to ../../build/turtlebot3_NavSLAM/turtlebot3_NavSLAM.egg-info/top_level.txt
[13.752s] reading manifest file '../../build/turtlebot3_NavSLAM/turtlebot3_NavSLAM.egg-info/SOURCES.txt'
[13.759s] writing manifest file '../../build/turtlebot3_NavSLAM/turtlebot3_NavSLAM.egg-info/SOURCES.txt'
[13.761s] running build
[13.762s] running build_py
[13.763s] running install
[13.768s] running install_lib
[13.777s] running install_data
[13.781s] running install_egg_info
[13.792s] removing '/home/nicola/mobileRobotics/colcon_ws/install/turtlebot3_NavSLAM/lib/python3.8/site-packages/turtlebot3_NavSLAM-0.0.0-py3.8.egg-info' (and everything under it)
[13.795s] Copying ../../build/turtlebot3_NavSLAM/turtlebot3_NavSLAM.egg-info to /home/nicola/mobileRobotics/colcon_ws/install/turtlebot3_NavSLAM/lib/python3.8/site-packages/turtlebot3_NavSLAM-0.0.0-py3.8.egg-info
[13.801s] running install_scripts
[13.917s] writing list of installed files to '/home/nicola/mobileRobotics/colcon_ws/build/turtlebot3_NavSLAM/install.log'
[14.090s] Invoked command in '/home/nicola/mobileRobotics/colcon_ws/src/turtlebot3_NavSLAM' returned '0': PYTHONPATH=/home/nicola/mobileRobotics/colcon_ws/install/turtlebot3_NavSLAM/lib/python3.8/site-packages:${PYTHONPATH} /usr/bin/python3 setup.py egg_info --egg-base ../../build/turtlebot3_NavSLAM build --build-base /home/nicola/mobileRobotics/colcon_ws/build/turtlebot3_NavSLAM/build install --prefix /home/nicola/mobileRobotics/colcon_ws/install/turtlebot3_NavSLAM --record /home/nicola/mobileRobotics/colcon_ws/build/turtlebot3_NavSLAM/install.log --single-version-externally-managed
