[11.684s] Invoking command in '/home/nicola/mobileRobotics/colcon_ws/src/turtlebot3_NavSLAM': PYTHONPATH=/home/nicola/mobileRobotics/colcon_ws/install/turtlebot3_NavSLAM/lib/python3.8/site-packages:${PYTHONPATH} /usr/bin/python3 setup.py egg_info --egg-base ../../build/turtlebot3_NavSLAM build --build-base /home/nicola/mobileRobotics/colcon_ws/build/turtlebot3_NavSLAM/build install --prefix /home/nicola/mobileRobotics/colcon_ws/install/turtlebot3_NavSLAM --record /home/nicola/mobileRobotics/colcon_ws/build/turtlebot3_NavSLAM/install.log --single-version-externally-managed
[13.660s] running egg_info
[13.665s] writing ../../build/turtlebot3_NavSLAM/turtlebot3_NavSLAM.egg-info/PKG-INFO
[13.666s] writing dependency_links to ../../build/turtlebot3_NavSLAM/turtlebot3_NavSLAM.egg-info/dependency_links.txt
[13.667s] writing entry points to ../../build/turtlebot3_NavSLAM/turtlebot3_NavSLAM.egg-info/entry_points.txt
[13.668s] writing requirements to ../../build/turtlebot3_NavSLAM/turtlebot3_NavSLAM.egg-info/requires.txt
[13.669s] writing top-level names to ../../build/turtlebot3_NavSLAM/turtlebot3_NavSLAM.egg-info/top_level.txt
[14.015s] reading manifest file '../../build/turtlebot3_NavSLAM/turtlebot3_NavSLAM.egg-info/SOURCES.txt'
[14.025s] writing manifest file '../../build/turtlebot3_NavSLAM/turtlebot3_NavSLAM.egg-info/SOURCES.txt'
[14.026s] running build
[14.027s] running build_py
[14.028s] running install
[14.045s] running install_lib
[14.050s] running install_data
[14.062s] running install_egg_info
[14.081s] removing '/home/nicola/mobileRobotics/colcon_ws/install/turtlebot3_NavSLAM/lib/python3.8/site-packages/turtlebot3_NavSLAM-0.0.0-py3.8.egg-info' (and everything under it)
[14.083s] Copying ../../build/turtlebot3_NavSLAM/turtlebot3_NavSLAM.egg-info to /home/nicola/mobileRobotics/colcon_ws/install/turtlebot3_NavSLAM/lib/python3.8/site-packages/turtlebot3_NavSLAM-0.0.0-py3.8.egg-info
[14.086s] running install_scripts
[14.259s] writing list of installed files to '/home/nicola/mobileRobotics/colcon_ws/build/turtlebot3_NavSLAM/install.log'
[14.441s] Invoked command in '/home/nicola/mobileRobotics/colcon_ws/src/turtlebot3_NavSLAM' returned '0': PYTHONPATH=/home/nicola/mobileRobotics/colcon_ws/install/turtlebot3_NavSLAM/lib/python3.8/site-packages:${PYTHONPATH} /usr/bin/python3 setup.py egg_info --egg-base ../../build/turtlebot3_NavSLAM build --build-base /home/nicola/mobileRobotics/colcon_ws/build/turtlebot3_NavSLAM/build install --prefix /home/nicola/mobileRobotics/colcon_ws/install/turtlebot3_NavSLAM --record /home/nicola/mobileRobotics/colcon_ws/build/turtlebot3_NavSLAM/install.log --single-version-externally-managed
