[1.465s] Invoking command in '/home/nicola/mobileRobotics/colcon_ws/src/turtlebot3_visualizer': PYTHONPATH=/home/nicola/mobileRobotics/colcon_ws/install/turtlebot3_visualizer/lib/python3.8/site-packages:${PYTHONPATH} /usr/bin/python3 setup.py egg_info --egg-base ../../build/turtlebot3_visualizer build --build-base /home/nicola/mobileRobotics/colcon_ws/build/turtlebot3_visualizer/build install --prefix /home/nicola/mobileRobotics/colcon_ws/install/turtlebot3_visualizer --record /home/nicola/mobileRobotics/colcon_ws/build/turtlebot3_visualizer/install.log --single-version-externally-managed
[1.758s] running egg_info
[1.759s] writing ../../build/turtlebot3_visualizer/turtlebot3_visualizer.egg-info/PKG-INFO
[1.759s] writing dependency_links to ../../build/turtlebot3_visualizer/turtlebot3_visualizer.egg-info/dependency_links.txt
[1.759s] writing entry points to ../../build/turtlebot3_visualizer/turtlebot3_visualizer.egg-info/entry_points.txt
[1.760s] writing requirements to ../../build/turtlebot3_visualizer/turtlebot3_visualizer.egg-info/requires.txt
[1.760s] writing top-level names to ../../build/turtlebot3_visualizer/turtlebot3_visualizer.egg-info/top_level.txt
[1.799s] reading manifest file '../../build/turtlebot3_visualizer/turtlebot3_visualizer.egg-info/SOURCES.txt'
[1.800s] writing manifest file '../../build/turtlebot3_visualizer/turtlebot3_visualizer.egg-info/SOURCES.txt'
[1.801s] running build
[1.801s] running build_py
[1.801s] running install
[1.801s] running install_lib
[1.803s] running install_data
[1.804s] running install_egg_info
[1.808s] removing '/home/nicola/mobileRobotics/colcon_ws/install/turtlebot3_visualizer/lib/python3.8/site-packages/turtlebot3_visualizer-0.0.0-py3.8.egg-info' (and everything under it)
[1.808s] Copying ../../build/turtlebot3_visualizer/turtlebot3_visualizer.egg-info to /home/nicola/mobileRobotics/colcon_ws/install/turtlebot3_visualizer/lib/python3.8/site-packages/turtlebot3_visualizer-0.0.0-py3.8.egg-info
[1.809s] running install_scripts
[1.830s] writing list of installed files to '/home/nicola/mobileRobotics/colcon_ws/build/turtlebot3_visualizer/install.log'
[1.894s] Invoked command in '/home/nicola/mobileRobotics/colcon_ws/src/turtlebot3_visualizer' returned '0': PYTHONPATH=/home/nicola/mobileRobotics/colcon_ws/install/turtlebot3_visualizer/lib/python3.8/site-packages:${PYTHONPATH} /usr/bin/python3 setup.py egg_info --egg-base ../../build/turtlebot3_visualizer build --build-base /home/nicola/mobileRobotics/colcon_ws/build/turtlebot3_visualizer/build install --prefix /home/nicola/mobileRobotics/colcon_ws/install/turtlebot3_visualizer --record /home/nicola/mobileRobotics/colcon_ws/build/turtlebot3_visualizer/install.log --single-version-externally-managed
