[0.896s] Invoking command in '/home/nicola/colcon_ws/build/turtlebot3_description': CMAKE_PREFIX_PATH=${CMAKE_PREFIX_PATH}:/home/nicola/colcon_ws/src/ROS2Package/install/turtlebot3_visualizer:/home/nicola/colcon_ws/src/ROS2Package/install/turtlebot3_NavSLAM:/home/nicola/colcon_ws/install/turtlebot3_visualizer:/home/nicola/colcon_ws/install/turtlebot3_NavSLAM:/home/nicola/colcon_ws/install/package1:/opt/ros/foxy /usr/bin/cmake --build /home/nicola/colcon_ws/build/turtlebot3_description -- -j8 -l8
[1.546s] Invoked command in '/home/nicola/colcon_ws/build/turtlebot3_description' returned '0': CMAKE_PREFIX_PATH=${CMAKE_PREFIX_PATH}:/home/nicola/colcon_ws/src/ROS2Package/install/turtlebot3_visualizer:/home/nicola/colcon_ws/src/ROS2Package/install/turtlebot3_NavSLAM:/home/nicola/colcon_ws/install/turtlebot3_visualizer:/home/nicola/colcon_ws/install/turtlebot3_NavSLAM:/home/nicola/colcon_ws/install/package1:/opt/ros/foxy /usr/bin/cmake --build /home/nicola/colcon_ws/build/turtlebot3_description -- -j8 -l8
[1.635s] Invoking command in '/home/nicola/colcon_ws/build/turtlebot3_description': CMAKE_PREFIX_PATH=${CMAKE_PREFIX_PATH}:/home/nicola/colcon_ws/src/ROS2Package/install/turtlebot3_visualizer:/home/nicola/colcon_ws/src/ROS2Package/install/turtlebot3_NavSLAM:/home/nicola/colcon_ws/install/turtlebot3_visualizer:/home/nicola/colcon_ws/install/turtlebot3_NavSLAM:/home/nicola/colcon_ws/install/package1:/opt/ros/foxy /usr/bin/cmake --install /home/nicola/colcon_ws/build/turtlebot3_description
[1.660s] -- Install configuration: ""
[1.660s] -- Up-to-date: /home/nicola/colcon_ws/install/turtlebot3_description/share/turtlebot3_description/meshes
[1.661s] -- Up-to-date: /home/nicola/colcon_ws/install/turtlebot3_description/share/turtlebot3_description/meshes/bases
[1.662s] -- Up-to-date: /home/nicola/colcon_ws/install/turtlebot3_description/share/turtlebot3_description/meshes/bases/burger_base.stl
[1.664s] -- Up-to-date: /home/nicola/colcon_ws/install/turtlebot3_description/share/turtlebot3_description/meshes/bases/burger_base_2.asset.meta
[1.665s] -- Up-to-date: /home/nicola/colcon_ws/install/turtlebot3_description/share/turtlebot3_description/meshes/bases/waffle_pi_base_0.asset.meta
[1.665s] -- Up-to-date: /home/nicola/colcon_ws/install/turtlebot3_description/share/turtlebot3_description/meshes/bases/waffle_pi_base_5.asset.meta
[1.666s] -- Up-to-date: /home/nicola/colcon_ws/install/turtlebot3_description/share/turtlebot3_description/meshes/bases/burger_base_0.asset
[1.667s] -- Up-to-date: /home/nicola/colcon_ws/install/turtlebot3_description/share/turtlebot3_description/meshes/bases/waffle_base_7.asset
[1.668s] -- Up-to-date: /home/nicola/colcon_ws/install/turtlebot3_description/share/turtlebot3_description/meshes/bases/burger_base_4.asset
[1.668s] -- Up-to-date: /home/nicola/colcon_ws/install/turtlebot3_description/share/turtlebot3_description/meshes/bases/waffle_base.prefab
[1.669s] -- Up-to-date: /home/nicola/colcon_ws/install/turtlebot3_description/share/turtlebot3_description/meshes/bases/burger_base_4.asset.meta
[1.669s] -- Up-to-date: /home/nicola/colcon_ws/install/turtlebot3_description/share/turtlebot3_description/meshes/bases/waffle_base_14.asset
[1.669s] -- Up-to-date: /home/nicola/colcon_ws/install/turtlebot3_description/share/turtlebot3_description/meshes/bases/burger_base.prefab
[1.670s] -- Up-to-date: /home/nicola/colcon_ws/install/turtlebot3_description/share/turtlebot3_description/meshes/bases/burger_base.stl.meta
[1.670s] -- Up-to-date: /home/nicola/colcon_ws/install/turtlebot3_description/share/turtlebot3_description/meshes/bases/waffle_base_3.asset.meta
[1.670s] -- Up-to-date: /home/nicola/colcon_ws/install/turtlebot3_description/share/turtlebot3_description/meshes/bases/waffle_base_8.asset
[1.670s] -- Up-to-date: /home/nicola/colcon_ws/install/turtlebot3_description/share/turtlebot3_description/meshes/bases/waffle_pi_base_4.asset.meta
[1.670s] -- Up-to-date: /home/nicola/colcon_ws/install/turtlebot3_description/share/turtlebot3_description/meshes/bases/waffle_pi_base_3.asset.meta
[1.671s] -- Up-to-date: /home/nicola/colcon_ws/install/turtlebot3_description/share/turtlebot3_description/meshes/bases/waffle_pi_base_2.asset
[1.671s] -- Up-to-date: /home/nicola/colcon_ws/install/turtlebot3_description/share/turtlebot3_description/meshes/bases/burger_base_3.asset
[1.671s] -- Up-to-date: /home/nicola/colcon_ws/install/turtlebot3_description/share/turtlebot3_description/meshes/bases/waffle_base_4.asset.meta
[1.671s] -- Up-to-date: /home/nicola/colcon_ws/install/turtlebot3_description/share/turtlebot3_description/meshes/bases/waffle_base_8.asset.meta
[1.672s] -- Up-to-date: /home/nicola/colcon_ws/install/turtlebot3_description/share/turtlebot3_description/meshes/bases/waffle_base_9.asset
[1.673s] -- Up-to-date: /home/nicola/colcon_ws/install/turtlebot3_description/share/turtlebot3_description/meshes/bases/burger_base.prefab.meta
[1.673s] -- Up-to-date: /home/nicola/colcon_ws/install/turtlebot3_description/share/turtlebot3_description/meshes/bases/waffle_base_2.asset.meta
[1.673s] -- Up-to-date: /home/nicola/colcon_ws/install/turtlebot3_description/share/turtlebot3_description/meshes/bases/waffle_pi_base_0.asset
[1.674s] -- Up-to-date: /home/nicola/colcon_ws/install/turtlebot3_description/share/turtlebot3_description/meshes/bases/waffle_base_6.asset.meta
[1.676s] -- Up-to-date: /home/nicola/colcon_ws/install/turtlebot3_description/share/turtlebot3_description/meshes/bases/waffle_pi_base.prefab.meta
[1.677s] -- Up-to-date: /home/nicola/colcon_ws/install/turtlebot3_description/share/turtlebot3_description/meshes/bases/waffle_base_2.asset
[1.677s] -- Up-to-date: /home/nicola/colcon_ws/install/turtlebot3_description/share/turtlebot3_description/meshes/bases/waffle_base_10.asset
[1.680s] -- Up-to-date: /home/nicola/colcon_ws/install/turtlebot3_description/share/turtlebot3_description/meshes/bases/burger_base_1.asset.meta
[1.681s] -- Up-to-date: /home/nicola/colcon_ws/install/turtlebot3_description/share/turtlebot3_description/meshes/bases/waffle_pi_base.stl
[1.681s] -- Up-to-date: /home/nicola/colcon_ws/install/turtlebot3_description/share/turtlebot3_description/meshes/bases/waffle_base_10.asset.meta
[1.682s] -- Up-to-date: /home/nicola/colcon_ws/install/turtlebot3_description/share/turtlebot3_description/meshes/bases/waffle_base_4.asset
[1.683s] -- Up-to-date: /home/nicola/colcon_ws/install/turtlebot3_description/share/turtlebot3_description/meshes/bases/waffle_base.stl
[1.683s] -- Up-to-date: /home/nicola/colcon_ws/install/turtlebot3_description/share/turtlebot3_description/meshes/bases/waffle_base_1.asset.meta
[1.684s] -- Up-to-date: /home/nicola/colcon_ws/install/turtlebot3_description/share/turtlebot3_description/meshes/bases/waffle_base_13.asset.meta
[1.684s] -- Up-to-date: /home/nicola/colcon_ws/install/turtlebot3_description/share/turtlebot3_description/meshes/bases/waffle_base_0.asset
[1.685s] -- Up-to-date: /home/nicola/colcon_ws/install/turtlebot3_description/share/turtlebot3_description/meshes/bases/waffle_pi_base_7.asset
[1.685s] -- Up-to-date: /home/nicola/colcon_ws/install/turtlebot3_description/share/turtlebot3_description/meshes/bases/waffle_base_6.asset
[1.686s] -- Up-to-date: /home/nicola/colcon_ws/install/turtlebot3_description/share/turtlebot3_description/meshes/bases/waffle_pi_base_7.asset.meta
[1.686s] -- Up-to-date: /home/nicola/colcon_ws/install/turtlebot3_description/share/turtlebot3_description/meshes/bases/waffle_base_3.asset
[1.686s] -- Up-to-date: /home/nicola/colcon_ws/install/turtlebot3_description/share/turtlebot3_description/meshes/bases/waffle_base_11.asset
[1.687s] -- Up-to-date: /home/nicola/colcon_ws/install/turtlebot3_description/share/turtlebot3_description/meshes/bases/waffle_base_9.asset.meta
[1.688s] -- Up-to-date: /home/nicola/colcon_ws/install/turtlebot3_description/share/turtlebot3_description/meshes/bases/waffle_pi_base_4.asset
[1.688s] -- Up-to-date: /home/nicola/colcon_ws/install/turtlebot3_description/share/turtlebot3_description/meshes/bases/waffle_base_13.asset
[1.689s] -- Up-to-date: /home/nicola/colcon_ws/install/turtlebot3_description/share/turtlebot3_description/meshes/bases/waffle_base_5.asset.meta
[1.689s] -- Up-to-date: /home/nicola/colcon_ws/install/turtlebot3_description/share/turtlebot3_description/meshes/bases/waffle_pi_base_6.asset
[1.690s] -- Up-to-date: /home/nicola/colcon_ws/install/turtlebot3_description/share/turtlebot3_description/meshes/bases/waffle_pi_base_3.asset
[1.690s] -- Up-to-date: /home/nicola/colcon_ws/install/turtlebot3_description/share/turtlebot3_description/meshes/bases/waffle_base.stl.meta
[1.690s] -- Up-to-date: /home/nicola/colcon_ws/install/turtlebot3_description/share/turtlebot3_description/meshes/bases/burger_base_3.asset.meta
[1.691s] -- Up-to-date: /home/nicola/colcon_ws/install/turtlebot3_description/share/turtlebot3_description/meshes/bases/waffle_base_11.asset.meta
[1.691s] -- Up-to-date: /home/nicola/colcon_ws/install/turtlebot3_description/share/turtlebot3_description/meshes/bases/waffle_pi_base_1.asset
[1.692s] -- Up-to-date: /home/nicola/colcon_ws/install/turtlebot3_description/share/turtlebot3_description/meshes/bases/waffle_base_7.asset.meta
[1.692s] -- Up-to-date: /home/nicola/colcon_ws/install/turtlebot3_description/share/turtlebot3_description/meshes/bases/waffle_pi_base.prefab
[1.693s] -- Up-to-date: /home/nicola/colcon_ws/install/turtlebot3_description/share/turtlebot3_description/meshes/bases/waffle_base.prefab.meta
[1.693s] -- Up-to-date: /home/nicola/colcon_ws/install/turtlebot3_description/share/turtlebot3_description/meshes/bases/waffle_base_12.asset
[1.694s] -- Up-to-date: /home/nicola/colcon_ws/install/turtlebot3_description/share/turtlebot3_description/meshes/bases/burger_base_1.asset
[1.694s] -- Up-to-date: /home/nicola/colcon_ws/install/turtlebot3_description/share/turtlebot3_description/meshes/bases/waffle_pi_base.stl.meta
[1.694s] -- Up-to-date: /home/nicola/colcon_ws/install/turtlebot3_description/share/turtlebot3_description/meshes/bases/burger_base_0.asset.meta
[1.695s] -- Up-to-date: /home/nicola/colcon_ws/install/turtlebot3_description/share/turtlebot3_description/meshes/bases/waffle_base_1.asset
[1.695s] -- Up-to-date: /home/nicola/colcon_ws/install/turtlebot3_description/share/turtlebot3_description/meshes/bases/waffle_base_14.asset.meta
[1.695s] -- Up-to-date: /home/nicola/colcon_ws/install/turtlebot3_description/share/turtlebot3_description/meshes/bases/burger_base_2.asset
[1.695s] -- Up-to-date: /home/nicola/colcon_ws/install/turtlebot3_description/share/turtlebot3_description/meshes/bases/waffle_pi_base_6.asset.meta
[1.696s] -- Up-to-date: /home/nicola/colcon_ws/install/turtlebot3_description/share/turtlebot3_description/meshes/bases/waffle_base_12.asset.meta
[1.699s] -- Up-to-date: /home/nicola/colcon_ws/install/turtlebot3_description/share/turtlebot3_description/meshes/bases/waffle_pi_base_1.asset.meta
[1.699s] -- Up-to-date: /home/nicola/colcon_ws/install/turtlebot3_description/share/turtlebot3_description/meshes/bases/waffle_base_5.asset
[1.700s] -- Up-to-date: /home/nicola/colcon_ws/install/turtlebot3_description/share/turtlebot3_description/meshes/bases/waffle_pi_base_5.asset
[1.701s] -- Up-to-date: /home/nicola/colcon_ws/install/turtlebot3_description/share/turtlebot3_description/meshes/bases/waffle_pi_base_2.asset.meta
[1.702s] -- Up-to-date: /home/nicola/colcon_ws/install/turtlebot3_description/share/turtlebot3_description/meshes/bases/waffle_base_0.asset.meta
[1.702s] -- Up-to-date: /home/nicola/colcon_ws/install/turtlebot3_description/share/turtlebot3_description/meshes/sensors
[1.704s] -- Up-to-date: /home/nicola/colcon_ws/install/turtlebot3_description/share/turtlebot3_description/meshes/sensors/lds_0.asset
[1.705s] -- Up-to-date: /home/nicola/colcon_ws/install/turtlebot3_description/share/turtlebot3_description/meshes/sensors/r200.jpg.meta
[1.708s] -- Up-to-date: /home/nicola/colcon_ws/install/turtlebot3_description/share/turtlebot3_description/meshes/sensors/astra.jpg
[1.708s] -- Up-to-date: /home/nicola/colcon_ws/install/turtlebot3_description/share/turtlebot3_description/meshes/sensors/lds_0.asset.meta
[1.708s] -- Up-to-date: /home/nicola/colcon_ws/install/turtlebot3_description/share/turtlebot3_description/meshes/sensors/astra.jpg.meta
[1.709s] -- Up-to-date: /home/nicola/colcon_ws/install/turtlebot3_description/share/turtlebot3_description/meshes/sensors/lds.prefab.meta
[1.710s] -- Up-to-date: /home/nicola/colcon_ws/install/turtlebot3_description/share/turtlebot3_description/meshes/sensors/lds.stl.meta
[1.711s] -- Up-to-date: /home/nicola/colcon_ws/install/turtlebot3_description/share/turtlebot3_description/meshes/sensors/astra.dae.meta
[1.711s] -- Up-to-date: /home/nicola/colcon_ws/install/turtlebot3_description/share/turtlebot3_description/meshes/sensors/astra.dae
[1.712s] -- Up-to-date: /home/nicola/colcon_ws/install/turtlebot3_description/share/turtlebot3_description/meshes/sensors/lds.prefab
[1.712s] -- Up-to-date: /home/nicola/colcon_ws/install/turtlebot3_description/share/turtlebot3_description/meshes/sensors/r200.dae.meta
[1.713s] -- Up-to-date: /home/nicola/colcon_ws/install/turtlebot3_description/share/turtlebot3_description/meshes/sensors/r200.dae
[1.713s] -- Up-to-date: /home/nicola/colcon_ws/install/turtlebot3_description/share/turtlebot3_description/meshes/sensors/r200.jpg
[1.713s] -- Up-to-date: /home/nicola/colcon_ws/install/turtlebot3_description/share/turtlebot3_description/meshes/sensors/lds.stl
[1.714s] -- Up-to-date: /home/nicola/colcon_ws/install/turtlebot3_description/share/turtlebot3_description/meshes/wheels
[1.714s] -- Up-to-date: /home/nicola/colcon_ws/install/turtlebot3_description/share/turtlebot3_description/meshes/wheels/left_tire_0.asset.meta
[1.714s] -- Up-to-date: /home/nicola/colcon_ws/install/turtlebot3_description/share/turtlebot3_description/meshes/wheels/left_tire.stl
[1.715s] -- Up-to-date: /home/nicola/colcon_ws/install/turtlebot3_description/share/turtlebot3_description/meshes/wheels/left_tire.prefab
[1.716s] -- Up-to-date: /home/nicola/colcon_ws/install/turtlebot3_description/share/turtlebot3_description/meshes/wheels/right_tire.prefab.meta
[1.717s] -- Up-to-date: /home/nicola/colcon_ws/install/turtlebot3_description/share/turtlebot3_description/meshes/wheels/right_tire_0.asset.meta
[1.717s] -- Up-to-date: /home/nicola/colcon_ws/install/turtlebot3_description/share/turtlebot3_description/meshes/wheels/right_tire_0.asset
[1.718s] -- Up-to-date: /home/nicola/colcon_ws/install/turtlebot3_description/share/turtlebot3_description/meshes/wheels/right_tire.prefab
[1.718s] -- Up-to-date: /home/nicola/colcon_ws/install/turtlebot3_description/share/turtlebot3_description/meshes/wheels/left_tire.prefab.meta
[1.721s] -- Up-to-date: /home/nicola/colcon_ws/install/turtlebot3_description/share/turtlebot3_description/meshes/wheels/left_tire_0.asset
[1.722s] -- Up-to-date: /home/nicola/colcon_ws/install/turtlebot3_description/share/turtlebot3_description/meshes/wheels/right_tire.stl
[1.723s] -- Up-to-date: /home/nicola/colcon_ws/install/turtlebot3_description/share/turtlebot3_description/meshes/wheels/right_tire.stl.meta
[1.723s] -- Up-to-date: /home/nicola/colcon_ws/install/turtlebot3_description/share/turtlebot3_description/meshes/wheels/left_tire.stl.meta
[1.724s] -- Up-to-date: /home/nicola/colcon_ws/install/turtlebot3_description/share/turtlebot3_description/urdf
[1.724s] -- Up-to-date: /home/nicola/colcon_ws/install/turtlebot3_description/share/turtlebot3_description/urdf/turtlebot3_burger.urdf
[1.725s] -- Up-to-date: /home/nicola/colcon_ws/install/turtlebot3_description/share/turtlebot3_description/urdf/common_properties.urdf
[1.726s] -- Up-to-date: /home/nicola/colcon_ws/install/turtlebot3_description/share/ament_index/resource_index/package_run_dependencies/turtlebot3_description
[1.727s] -- Up-to-date: /home/nicola/colcon_ws/install/turtlebot3_description/share/ament_index/resource_index/parent_prefix_path/turtlebot3_description
[1.729s] -- Up-to-date: /home/nicola/colcon_ws/install/turtlebot3_description/share/turtlebot3_description/environment/ament_prefix_path.sh
[1.729s] -- Up-to-date: /home/nicola/colcon_ws/install/turtlebot3_description/share/turtlebot3_description/environment/ament_prefix_path.dsv
[1.730s] -- Up-to-date: /home/nicola/colcon_ws/install/turtlebot3_description/share/turtlebot3_description/environment/path.sh
[1.732s] -- Up-to-date: /home/nicola/colcon_ws/install/turtlebot3_description/share/turtlebot3_description/environment/path.dsv
[1.736s] -- Up-to-date: /home/nicola/colcon_ws/install/turtlebot3_description/share/turtlebot3_description/local_setup.bash
[1.736s] -- Up-to-date: /home/nicola/colcon_ws/install/turtlebot3_description/share/turtlebot3_description/local_setup.sh
[1.737s] -- Up-to-date: /home/nicola/colcon_ws/install/turtlebot3_description/share/turtlebot3_description/local_setup.zsh
[1.737s] -- Up-to-date: /home/nicola/colcon_ws/install/turtlebot3_description/share/turtlebot3_description/local_setup.dsv
[1.738s] -- Up-to-date: /home/nicola/colcon_ws/install/turtlebot3_description/share/turtlebot3_description/package.dsv
[1.739s] -- Up-to-date: /home/nicola/colcon_ws/install/turtlebot3_description/share/ament_index/resource_index/packages/turtlebot3_description
[1.740s] -- Up-to-date: /home/nicola/colcon_ws/install/turtlebot3_description/share/turtlebot3_description/cmake/ament_cmake_export_dependencies-extras.cmake
[1.741s] -- Up-to-date: /home/nicola/colcon_ws/install/turtlebot3_description/share/turtlebot3_description/cmake/turtlebot3_descriptionConfig.cmake
[1.741s] -- Up-to-date: /home/nicola/colcon_ws/install/turtlebot3_description/share/turtlebot3_description/cmake/turtlebot3_descriptionConfig-version.cmake
[1.743s] -- Up-to-date: /home/nicola/colcon_ws/install/turtlebot3_description/share/turtlebot3_description/package.xml
[1.744s] Invoked command in '/home/nicola/colcon_ws/build/turtlebot3_description' returned '0': CMAKE_PREFIX_PATH=${CMAKE_PREFIX_PATH}:/home/nicola/colcon_ws/src/ROS2Package/install/turtlebot3_visualizer:/home/nicola/colcon_ws/src/ROS2Package/install/turtlebot3_NavSLAM:/home/nicola/colcon_ws/install/turtlebot3_visualizer:/home/nicola/colcon_ws/install/turtlebot3_NavSLAM:/home/nicola/colcon_ws/install/package1:/opt/ros/foxy /usr/bin/cmake --install /home/nicola/colcon_ws/build/turtlebot3_description
