[10.975s] Invoking command in '/home/nicola/mobileRobotics/colcon_ws/src/turtlebot3_follow': PYTHONPATH=/home/nicola/mobileRobotics/colcon_ws/install/turtlebot3_follow/lib/python3.8/site-packages:${PYTHONPATH} /usr/bin/python3 setup.py egg_info --egg-base ../../build/turtlebot3_follow build --build-base /home/nicola/mobileRobotics/colcon_ws/build/turtlebot3_follow/build install --prefix /home/nicola/mobileRobotics/colcon_ws/install/turtlebot3_follow --record /home/nicola/mobileRobotics/colcon_ws/build/turtlebot3_follow/install.log --single-version-externally-managed
[12.791s] running egg_info
[12.798s] writing ../../build/turtlebot3_follow/turtlebot3_follow.egg-info/PKG-INFO
[12.800s] writing dependency_links to ../../build/turtlebot3_follow/turtlebot3_follow.egg-info/dependency_links.txt
[12.801s] writing entry points to ../../build/turtlebot3_follow/turtlebot3_follow.egg-info/entry_points.txt
[12.802s] writing requirements to ../../build/turtlebot3_follow/turtlebot3_follow.egg-info/requires.txt
[12.803s] writing top-level names to ../../build/turtlebot3_follow/turtlebot3_follow.egg-info/top_level.txt
[13.110s] reading manifest file '../../build/turtlebot3_follow/turtlebot3_follow.egg-info/SOURCES.txt'
[13.115s] writing manifest file '../../build/turtlebot3_follow/turtlebot3_follow.egg-info/SOURCES.txt'
[13.116s] running build
[13.119s] running build_py
[13.120s] running install
[13.124s] running install_lib
[13.133s] running install_data
[13.136s] running install_egg_info
[13.147s] removing '/home/nicola/mobileRobotics/colcon_ws/install/turtlebot3_follow/lib/python3.8/site-packages/turtlebot3_follow-0.0.0-py3.8.egg-info' (and everything under it)
[13.149s] Copying ../../build/turtlebot3_follow/turtlebot3_follow.egg-info to /home/nicola/mobileRobotics/colcon_ws/install/turtlebot3_follow/lib/python3.8/site-packages/turtlebot3_follow-0.0.0-py3.8.egg-info
[13.153s] running install_scripts
[13.282s] Installing turtlebot3_follow script to /home/nicola/mobileRobotics/colcon_ws/install/turtlebot3_follow/lib/turtlebot3_follow
[13.284s] writing list of installed files to '/home/nicola/mobileRobotics/colcon_ws/build/turtlebot3_follow/install.log'
[13.422s] Invoked command in '/home/nicola/mobileRobotics/colcon_ws/src/turtlebot3_follow' returned '0': PYTHONPATH=/home/nicola/mobileRobotics/colcon_ws/install/turtlebot3_follow/lib/python3.8/site-packages:${PYTHONPATH} /usr/bin/python3 setup.py egg_info --egg-base ../../build/turtlebot3_follow build --build-base /home/nicola/mobileRobotics/colcon_ws/build/turtlebot3_follow/build install --prefix /home/nicola/mobileRobotics/colcon_ws/install/turtlebot3_follow --record /home/nicola/mobileRobotics/colcon_ws/build/turtlebot3_follow/install.log --single-version-externally-managed
