[0.503s] Invoking command in '/home/nicola/mobileRobotics/colcon_ws/build/turtlebot3_description': /usr/bin/cmake --build /home/nicola/mobileRobotics/colcon_ws/build/turtlebot3_description -- -j8 -l8
[0.987s] Invoked command in '/home/nicola/mobileRobotics/colcon_ws/build/turtlebot3_description' returned '0': /usr/bin/cmake --build /home/nicola/mobileRobotics/colcon_ws/build/turtlebot3_description -- -j8 -l8
[1.035s] Invoking command in '/home/nicola/mobileRobotics/colcon_ws/build/turtlebot3_description': /usr/bin/cmake --install /home/nicola/mobileRobotics/colcon_ws/build/turtlebot3_description
[1.046s] -- Install configuration: ""
[1.047s] -- Up-to-date: /home/nicola/mobileRobotics/colcon_ws/install/turtlebot3_description/share/turtlebot3_description/meshes
[1.047s] -- Up-to-date: /home/nicola/mobileRobotics/colcon_ws/install/turtlebot3_description/share/turtlebot3_description/meshes/bases
[1.048s] -- Up-to-date: /home/nicola/mobileRobotics/colcon_ws/install/turtlebot3_description/share/turtlebot3_description/meshes/bases/burger_base.stl
[1.049s] -- Up-to-date: /home/nicola/mobileRobotics/colcon_ws/install/turtlebot3_description/share/turtlebot3_description/meshes/bases/burger_base_2.asset.meta
[1.049s] -- Up-to-date: /home/nicola/mobileRobotics/colcon_ws/install/turtlebot3_description/share/turtlebot3_description/meshes/bases/waffle_pi_base_0.asset.meta
[1.049s] -- Up-to-date: /home/nicola/mobileRobotics/colcon_ws/install/turtlebot3_description/share/turtlebot3_description/meshes/bases/waffle_pi_base_5.asset.meta
[1.049s] -- Up-to-date: /home/nicola/mobileRobotics/colcon_ws/install/turtlebot3_description/share/turtlebot3_description/meshes/bases/burger_base_0.asset
[1.050s] -- Up-to-date: /home/nicola/mobileRobotics/colcon_ws/install/turtlebot3_description/share/turtlebot3_description/meshes/bases/waffle_base_7.asset
[1.050s] -- Up-to-date: /home/nicola/mobileRobotics/colcon_ws/install/turtlebot3_description/share/turtlebot3_description/meshes/bases/burger_base_4.asset
[1.050s] -- Up-to-date: /home/nicola/mobileRobotics/colcon_ws/install/turtlebot3_description/share/turtlebot3_description/meshes/bases/waffle_base.prefab
[1.050s] -- Up-to-date: /home/nicola/mobileRobotics/colcon_ws/install/turtlebot3_description/share/turtlebot3_description/meshes/bases/burger_base_4.asset.meta
[1.051s] -- Up-to-date: /home/nicola/mobileRobotics/colcon_ws/install/turtlebot3_description/share/turtlebot3_description/meshes/bases/waffle_base_14.asset
[1.051s] -- Up-to-date: /home/nicola/mobileRobotics/colcon_ws/install/turtlebot3_description/share/turtlebot3_description/meshes/bases/burger_base.prefab
[1.051s] -- Up-to-date: /home/nicola/mobileRobotics/colcon_ws/install/turtlebot3_description/share/turtlebot3_description/meshes/bases/burger_base.stl.meta
[1.051s] -- Up-to-date: /home/nicola/mobileRobotics/colcon_ws/install/turtlebot3_description/share/turtlebot3_description/meshes/bases/waffle_base_3.asset.meta
[1.051s] -- Up-to-date: /home/nicola/mobileRobotics/colcon_ws/install/turtlebot3_description/share/turtlebot3_description/meshes/bases/waffle_base_8.asset
[1.052s] -- Up-to-date: /home/nicola/mobileRobotics/colcon_ws/install/turtlebot3_description/share/turtlebot3_description/meshes/bases/waffle_pi_base_4.asset.meta
[1.052s] -- Up-to-date: /home/nicola/mobileRobotics/colcon_ws/install/turtlebot3_description/share/turtlebot3_description/meshes/bases/waffle_pi_base_3.asset.meta
[1.052s] -- Up-to-date: /home/nicola/mobileRobotics/colcon_ws/install/turtlebot3_description/share/turtlebot3_description/meshes/bases/waffle_pi_base_2.asset
[1.052s] -- Up-to-date: /home/nicola/mobileRobotics/colcon_ws/install/turtlebot3_description/share/turtlebot3_description/meshes/bases/burger_base_3.asset
[1.052s] -- Up-to-date: /home/nicola/mobileRobotics/colcon_ws/install/turtlebot3_description/share/turtlebot3_description/meshes/bases/waffle_base_4.asset.meta
[1.052s] -- Up-to-date: /home/nicola/mobileRobotics/colcon_ws/install/turtlebot3_description/share/turtlebot3_description/meshes/bases/waffle_base_8.asset.meta
[1.052s] -- Up-to-date: /home/nicola/mobileRobotics/colcon_ws/install/turtlebot3_description/share/turtlebot3_description/meshes/bases/waffle_base_9.asset
[1.052s] -- Up-to-date: /home/nicola/mobileRobotics/colcon_ws/install/turtlebot3_description/share/turtlebot3_description/meshes/bases/burger_base.prefab.meta
[1.053s] -- Up-to-date: /home/nicola/mobileRobotics/colcon_ws/install/turtlebot3_description/share/turtlebot3_description/meshes/bases/waffle_base_2.asset.meta
[1.053s] -- Up-to-date: /home/nicola/mobileRobotics/colcon_ws/install/turtlebot3_description/share/turtlebot3_description/meshes/bases/waffle_pi_base_0.asset
[1.053s] -- Up-to-date: /home/nicola/mobileRobotics/colcon_ws/install/turtlebot3_description/share/turtlebot3_description/meshes/bases/waffle_base_6.asset.meta
[1.053s] -- Up-to-date: /home/nicola/mobileRobotics/colcon_ws/install/turtlebot3_description/share/turtlebot3_description/meshes/bases/waffle_pi_base.prefab.meta
[1.053s] -- Up-to-date: /home/nicola/mobileRobotics/colcon_ws/install/turtlebot3_description/share/turtlebot3_description/meshes/bases/waffle_base_2.asset
[1.053s] -- Up-to-date: /home/nicola/mobileRobotics/colcon_ws/install/turtlebot3_description/share/turtlebot3_description/meshes/bases/waffle_base_10.asset
[1.053s] -- Up-to-date: /home/nicola/mobileRobotics/colcon_ws/install/turtlebot3_description/share/turtlebot3_description/meshes/bases/burger_base_1.asset.meta
[1.053s] -- Up-to-date: /home/nicola/mobileRobotics/colcon_ws/install/turtlebot3_description/share/turtlebot3_description/meshes/bases/waffle_pi_base.stl
[1.053s] -- Up-to-date: /home/nicola/mobileRobotics/colcon_ws/install/turtlebot3_description/share/turtlebot3_description/meshes/bases/waffle_base_10.asset.meta
[1.054s] -- Up-to-date: /home/nicola/mobileRobotics/colcon_ws/install/turtlebot3_description/share/turtlebot3_description/meshes/bases/waffle_base_4.asset
[1.054s] -- Up-to-date: /home/nicola/mobileRobotics/colcon_ws/install/turtlebot3_description/share/turtlebot3_description/meshes/bases/waffle_base.stl
[1.054s] -- Up-to-date: /home/nicola/mobileRobotics/colcon_ws/install/turtlebot3_description/share/turtlebot3_description/meshes/bases/waffle_base_1.asset.meta
[1.055s] -- Up-to-date: /home/nicola/mobileRobotics/colcon_ws/install/turtlebot3_description/share/turtlebot3_description/meshes/bases/waffle_base_13.asset.meta
[1.056s] -- Up-to-date: /home/nicola/mobileRobotics/colcon_ws/install/turtlebot3_description/share/turtlebot3_description/meshes/bases/waffle_base_0.asset
[1.056s] -- Up-to-date: /home/nicola/mobileRobotics/colcon_ws/install/turtlebot3_description/share/turtlebot3_description/meshes/bases/waffle_pi_base_7.asset
[1.058s] -- Up-to-date: /home/nicola/mobileRobotics/colcon_ws/install/turtlebot3_description/share/turtlebot3_description/meshes/bases/waffle_base_6.asset
[1.058s] -- Up-to-date: /home/nicola/mobileRobotics/colcon_ws/install/turtlebot3_description/share/turtlebot3_description/meshes/bases/waffle_pi_base_7.asset.meta
[1.058s] -- Up-to-date: /home/nicola/mobileRobotics/colcon_ws/install/turtlebot3_description/share/turtlebot3_description/meshes/bases/waffle_base_3.asset
[1.058s] -- Up-to-date: /home/nicola/mobileRobotics/colcon_ws/install/turtlebot3_description/share/turtlebot3_description/meshes/bases/waffle_base_11.asset
[1.059s] -- Up-to-date: /home/nicola/mobileRobotics/colcon_ws/install/turtlebot3_description/share/turtlebot3_description/meshes/bases/waffle_base_9.asset.meta
[1.059s] -- Up-to-date: /home/nicola/mobileRobotics/colcon_ws/install/turtlebot3_description/share/turtlebot3_description/meshes/bases/waffle_pi_base_4.asset
[1.059s] -- Up-to-date: /home/nicola/mobileRobotics/colcon_ws/install/turtlebot3_description/share/turtlebot3_description/meshes/bases/waffle_base_13.asset
[1.059s] -- Up-to-date: /home/nicola/mobileRobotics/colcon_ws/install/turtlebot3_description/share/turtlebot3_description/meshes/bases/waffle_base_5.asset.meta
[1.059s] -- Up-to-date: /home/nicola/mobileRobotics/colcon_ws/install/turtlebot3_description/share/turtlebot3_description/meshes/bases/waffle_pi_base_6.asset
[1.059s] -- Up-to-date: /home/nicola/mobileRobotics/colcon_ws/install/turtlebot3_description/share/turtlebot3_description/meshes/bases/waffle_pi_base_3.asset
[1.060s] -- Up-to-date: /home/nicola/mobileRobotics/colcon_ws/install/turtlebot3_description/share/turtlebot3_description/meshes/bases/waffle_base.stl.meta
[1.060s] -- Up-to-date: /home/nicola/mobileRobotics/colcon_ws/install/turtlebot3_description/share/turtlebot3_description/meshes/bases/burger_base_3.asset.meta
[1.060s] -- Up-to-date: /home/nicola/mobileRobotics/colcon_ws/install/turtlebot3_description/share/turtlebot3_description/meshes/bases/waffle_base_11.asset.meta
[1.060s] -- Up-to-date: /home/nicola/mobileRobotics/colcon_ws/install/turtlebot3_description/share/turtlebot3_description/meshes/bases/waffle_pi_base_1.asset
[1.060s] -- Up-to-date: /home/nicola/mobileRobotics/colcon_ws/install/turtlebot3_description/share/turtlebot3_description/meshes/bases/waffle_base_7.asset.meta
[1.060s] -- Up-to-date: /home/nicola/mobileRobotics/colcon_ws/install/turtlebot3_description/share/turtlebot3_description/meshes/bases/waffle_pi_base.prefab
[1.061s] -- Up-to-date: /home/nicola/mobileRobotics/colcon_ws/install/turtlebot3_description/share/turtlebot3_description/meshes/bases/waffle_base.prefab.meta
[1.061s] -- Up-to-date: /home/nicola/mobileRobotics/colcon_ws/install/turtlebot3_description/share/turtlebot3_description/meshes/bases/waffle_base_12.asset
[1.061s] -- Up-to-date: /home/nicola/mobileRobotics/colcon_ws/install/turtlebot3_description/share/turtlebot3_description/meshes/bases/burger_base_1.asset
[1.062s] -- Up-to-date: /home/nicola/mobileRobotics/colcon_ws/install/turtlebot3_description/share/turtlebot3_description/meshes/bases/waffle_pi_base.stl.meta
[1.062s] -- Up-to-date: /home/nicola/mobileRobotics/colcon_ws/install/turtlebot3_description/share/turtlebot3_description/meshes/bases/burger_base_0.asset.meta
[1.062s] -- Up-to-date: /home/nicola/mobileRobotics/colcon_ws/install/turtlebot3_description/share/turtlebot3_description/meshes/bases/waffle_base_1.asset
[1.062s] -- Up-to-date: /home/nicola/mobileRobotics/colcon_ws/install/turtlebot3_description/share/turtlebot3_description/meshes/bases/waffle_base_14.asset.meta
[1.062s] -- Up-to-date: /home/nicola/mobileRobotics/colcon_ws/install/turtlebot3_description/share/turtlebot3_description/meshes/bases/burger_base_2.asset
[1.062s] -- Up-to-date: /home/nicola/mobileRobotics/colcon_ws/install/turtlebot3_description/share/turtlebot3_description/meshes/bases/waffle_pi_base_6.asset.meta
[1.062s] -- Up-to-date: /home/nicola/mobileRobotics/colcon_ws/install/turtlebot3_description/share/turtlebot3_description/meshes/bases/waffle_base_12.asset.meta
[1.063s] -- Up-to-date: /home/nicola/mobileRobotics/colcon_ws/install/turtlebot3_description/share/turtlebot3_description/meshes/bases/waffle_pi_base_1.asset.meta
[1.063s] -- Up-to-date: /home/nicola/mobileRobotics/colcon_ws/install/turtlebot3_description/share/turtlebot3_description/meshes/bases/waffle_base_5.asset
[1.063s] -- Up-to-date: /home/nicola/mobileRobotics/colcon_ws/install/turtlebot3_description/share/turtlebot3_description/meshes/bases/waffle_pi_base_5.asset
[1.063s] -- Up-to-date: /home/nicola/mobileRobotics/colcon_ws/install/turtlebot3_description/share/turtlebot3_description/meshes/bases/waffle_pi_base_2.asset.meta
[1.063s] -- Up-to-date: /home/nicola/mobileRobotics/colcon_ws/install/turtlebot3_description/share/turtlebot3_description/meshes/bases/waffle_base_0.asset.meta
[1.063s] -- Up-to-date: /home/nicola/mobileRobotics/colcon_ws/install/turtlebot3_description/share/turtlebot3_description/meshes/sensors
[1.064s] -- Up-to-date: /home/nicola/mobileRobotics/colcon_ws/install/turtlebot3_description/share/turtlebot3_description/meshes/sensors/lds_0.asset
[1.064s] -- Up-to-date: /home/nicola/mobileRobotics/colcon_ws/install/turtlebot3_description/share/turtlebot3_description/meshes/sensors/r200.jpg.meta
[1.064s] -- Up-to-date: /home/nicola/mobileRobotics/colcon_ws/install/turtlebot3_description/share/turtlebot3_description/meshes/sensors/astra.jpg
[1.064s] -- Up-to-date: /home/nicola/mobileRobotics/colcon_ws/install/turtlebot3_description/share/turtlebot3_description/meshes/sensors/lds_0.asset.meta
[1.064s] -- Up-to-date: /home/nicola/mobileRobotics/colcon_ws/install/turtlebot3_description/share/turtlebot3_description/meshes/sensors/astra.jpg.meta
[1.065s] -- Up-to-date: /home/nicola/mobileRobotics/colcon_ws/install/turtlebot3_description/share/turtlebot3_description/meshes/sensors/lds.prefab.meta
[1.065s] -- Up-to-date: /home/nicola/mobileRobotics/colcon_ws/install/turtlebot3_description/share/turtlebot3_description/meshes/sensors/lds.stl.meta
[1.065s] -- Up-to-date: /home/nicola/mobileRobotics/colcon_ws/install/turtlebot3_description/share/turtlebot3_description/meshes/sensors/astra.dae.meta
[1.065s] -- Up-to-date: /home/nicola/mobileRobotics/colcon_ws/install/turtlebot3_description/share/turtlebot3_description/meshes/sensors/astra.dae
[1.065s] -- Up-to-date: /home/nicola/mobileRobotics/colcon_ws/install/turtlebot3_description/share/turtlebot3_description/meshes/sensors/lds.prefab
[1.066s] -- Up-to-date: /home/nicola/mobileRobotics/colcon_ws/install/turtlebot3_description/share/turtlebot3_description/meshes/sensors/r200.dae.meta
[1.066s] -- Up-to-date: /home/nicola/mobileRobotics/colcon_ws/install/turtlebot3_description/share/turtlebot3_description/meshes/sensors/r200.dae
[1.067s] -- Up-to-date: /home/nicola/mobileRobotics/colcon_ws/install/turtlebot3_description/share/turtlebot3_description/meshes/sensors/r200.jpg
[1.067s] -- Up-to-date: /home/nicola/mobileRobotics/colcon_ws/install/turtlebot3_description/share/turtlebot3_description/meshes/sensors/lds.stl
[1.067s] -- Up-to-date: /home/nicola/mobileRobotics/colcon_ws/install/turtlebot3_description/share/turtlebot3_description/meshes/wheels
[1.067s] -- Up-to-date: /home/nicola/mobileRobotics/colcon_ws/install/turtlebot3_description/share/turtlebot3_description/meshes/wheels/left_tire_0.asset.meta
[1.067s] -- Up-to-date: /home/nicola/mobileRobotics/colcon_ws/install/turtlebot3_description/share/turtlebot3_description/meshes/wheels/left_tire.stl
[1.068s] -- Up-to-date: /home/nicola/mobileRobotics/colcon_ws/install/turtlebot3_description/share/turtlebot3_description/meshes/wheels/left_tire.prefab
[1.068s] -- Up-to-date: /home/nicola/mobileRobotics/colcon_ws/install/turtlebot3_description/share/turtlebot3_description/meshes/wheels/right_tire.prefab.meta
[1.069s] -- Up-to-date: /home/nicola/mobileRobotics/colcon_ws/install/turtlebot3_description/share/turtlebot3_description/meshes/wheels/right_tire_0.asset.meta
[1.069s] -- Up-to-date: /home/nicola/mobileRobotics/colcon_ws/install/turtlebot3_description/share/turtlebot3_description/meshes/wheels/right_tire_0.asset
[1.070s] -- Up-to-date: /home/nicola/mobileRobotics/colcon_ws/install/turtlebot3_description/share/turtlebot3_description/meshes/wheels/right_tire.prefab
[1.070s] -- Up-to-date: /home/nicola/mobileRobotics/colcon_ws/install/turtlebot3_description/share/turtlebot3_description/meshes/wheels/left_tire.prefab.meta
[1.070s] -- Up-to-date: /home/nicola/mobileRobotics/colcon_ws/install/turtlebot3_description/share/turtlebot3_description/meshes/wheels/left_tire_0.asset
[1.070s] -- Up-to-date: /home/nicola/mobileRobotics/colcon_ws/install/turtlebot3_description/share/turtlebot3_description/meshes/wheels/right_tire.stl
[1.071s] -- Up-to-date: /home/nicola/mobileRobotics/colcon_ws/install/turtlebot3_description/share/turtlebot3_description/meshes/wheels/right_tire.stl.meta
[1.071s] -- Up-to-date: /home/nicola/mobileRobotics/colcon_ws/install/turtlebot3_description/share/turtlebot3_description/meshes/wheels/left_tire.stl.meta
[1.071s] -- Up-to-date: /home/nicola/mobileRobotics/colcon_ws/install/turtlebot3_description/share/turtlebot3_description/urdf
[1.071s] -- Up-to-date: /home/nicola/mobileRobotics/colcon_ws/install/turtlebot3_description/share/turtlebot3_description/urdf/turtlebot3_burger.urdf
[1.071s] -- Up-to-date: /home/nicola/mobileRobotics/colcon_ws/install/turtlebot3_description/share/turtlebot3_description/urdf/common_properties.urdf
[1.071s] -- Up-to-date: /home/nicola/mobileRobotics/colcon_ws/install/turtlebot3_description/share/ament_index/resource_index/package_run_dependencies/turtlebot3_description
[1.072s] -- Up-to-date: /home/nicola/mobileRobotics/colcon_ws/install/turtlebot3_description/share/ament_index/resource_index/parent_prefix_path/turtlebot3_description
[1.072s] -- Up-to-date: /home/nicola/mobileRobotics/colcon_ws/install/turtlebot3_description/share/turtlebot3_description/environment/ament_prefix_path.sh
[1.072s] -- Up-to-date: /home/nicola/mobileRobotics/colcon_ws/install/turtlebot3_description/share/turtlebot3_description/environment/ament_prefix_path.dsv
[1.072s] -- Up-to-date: /home/nicola/mobileRobotics/colcon_ws/install/turtlebot3_description/share/turtlebot3_description/environment/path.sh
[1.072s] -- Up-to-date: /home/nicola/mobileRobotics/colcon_ws/install/turtlebot3_description/share/turtlebot3_description/environment/path.dsv
[1.072s] -- Up-to-date: /home/nicola/mobileRobotics/colcon_ws/install/turtlebot3_description/share/turtlebot3_description/local_setup.bash
[1.072s] -- Up-to-date: /home/nicola/mobileRobotics/colcon_ws/install/turtlebot3_description/share/turtlebot3_description/local_setup.sh
[1.072s] -- Up-to-date: /home/nicola/mobileRobotics/colcon_ws/install/turtlebot3_description/share/turtlebot3_description/local_setup.zsh
[1.072s] -- Up-to-date: /home/nicola/mobileRobotics/colcon_ws/install/turtlebot3_description/share/turtlebot3_description/local_setup.dsv
[1.073s] -- Installing: /home/nicola/mobileRobotics/colcon_ws/install/turtlebot3_description/share/turtlebot3_description/package.dsv
[1.073s] -- Up-to-date: /home/nicola/mobileRobotics/colcon_ws/install/turtlebot3_description/share/ament_index/resource_index/packages/turtlebot3_description
[1.073s] -- Up-to-date: /home/nicola/mobileRobotics/colcon_ws/install/turtlebot3_description/share/turtlebot3_description/cmake/ament_cmake_export_dependencies-extras.cmake
[1.073s] -- Up-to-date: /home/nicola/mobileRobotics/colcon_ws/install/turtlebot3_description/share/turtlebot3_description/cmake/turtlebot3_descriptionConfig.cmake
[1.073s] -- Up-to-date: /home/nicola/mobileRobotics/colcon_ws/install/turtlebot3_description/share/turtlebot3_description/cmake/turtlebot3_descriptionConfig-version.cmake
[1.073s] -- Up-to-date: /home/nicola/mobileRobotics/colcon_ws/install/turtlebot3_description/share/turtlebot3_description/package.xml
[1.074s] Invoked command in '/home/nicola/mobileRobotics/colcon_ws/build/turtlebot3_description' returned '0': /usr/bin/cmake --install /home/nicola/mobileRobotics/colcon_ws/build/turtlebot3_description
