[2.648s] Invoking command in '/home/nicola/colcon_ws/src/turtlebot3_NavSLAM': PYTHONPATH=/home/nicola/colcon_ws/install/turtlebot3_NavSLAM/lib/python3.8/site-packages:${PYTHONPATH} /usr/bin/python3 setup.py egg_info --egg-base ../../build/turtlebot3_NavSLAM build --build-base /home/nicola/colcon_ws/build/turtlebot3_NavSLAM/build install --prefix /home/nicola/colcon_ws/install/turtlebot3_NavSLAM --record /home/nicola/colcon_ws/build/turtlebot3_NavSLAM/install.log --single-version-externally-managed
[3.532s] running egg_info
[3.535s] creating ../../build/turtlebot3_NavSLAM/turtlebot3_NavSLAM.egg-info
[3.535s] writing ../../build/turtlebot3_NavSLAM/turtlebot3_NavSLAM.egg-info/PKG-INFO
[3.536s] writing dependency_links to ../../build/turtlebot3_NavSLAM/turtlebot3_NavSLAM.egg-info/dependency_links.txt
[3.537s] writing entry points to ../../build/turtlebot3_NavSLAM/turtlebot3_NavSLAM.egg-info/entry_points.txt
[3.537s] writing requirements to ../../build/turtlebot3_NavSLAM/turtlebot3_NavSLAM.egg-info/requires.txt
[3.538s] writing top-level names to ../../build/turtlebot3_NavSLAM/turtlebot3_NavSLAM.egg-info/top_level.txt
[3.542s] writing manifest file '../../build/turtlebot3_NavSLAM/turtlebot3_NavSLAM.egg-info/SOURCES.txt'
[3.670s] reading manifest file '../../build/turtlebot3_NavSLAM/turtlebot3_NavSLAM.egg-info/SOURCES.txt'
[3.674s] writing manifest file '../../build/turtlebot3_NavSLAM/turtlebot3_NavSLAM.egg-info/SOURCES.txt'
[3.674s] running build
[3.674s] running build_py
[3.675s] creating /home/nicola/colcon_ws/build/turtlebot3_NavSLAM/build
[3.675s] creating /home/nicola/colcon_ws/build/turtlebot3_NavSLAM/build/lib
[3.675s] creating /home/nicola/colcon_ws/build/turtlebot3_NavSLAM/build/lib/turtlebot3_NavSLAM
[3.675s] copying turtlebot3_NavSLAM/__init__.py -> /home/nicola/colcon_ws/build/turtlebot3_NavSLAM/build/lib/turtlebot3_NavSLAM
[3.675s] running install
[3.677s] running install_lib
[3.682s] creating /home/nicola/colcon_ws/install/turtlebot3_NavSLAM/lib/python3.8/site-packages/turtlebot3_NavSLAM
[3.682s] copying /home/nicola/colcon_ws/build/turtlebot3_NavSLAM/build/lib/turtlebot3_NavSLAM/__init__.py -> /home/nicola/colcon_ws/install/turtlebot3_NavSLAM/lib/python3.8/site-packages/turtlebot3_NavSLAM
[3.683s] byte-compiling /home/nicola/colcon_ws/install/turtlebot3_NavSLAM/lib/python3.8/site-packages/turtlebot3_NavSLAM/__init__.py to __init__.cpython-38.pyc
[3.688s] running install_data
[3.690s] creating /home/nicola/colcon_ws/install/turtlebot3_NavSLAM/share/ament_index
[3.691s] creating /home/nicola/colcon_ws/install/turtlebot3_NavSLAM/share/ament_index/resource_index
[3.691s] creating /home/nicola/colcon_ws/install/turtlebot3_NavSLAM/share/ament_index/resource_index/packages
[3.691s] copying resource/turtlebot3_NavSLAM -> /home/nicola/colcon_ws/install/turtlebot3_NavSLAM/share/ament_index/resource_index/packages
[3.691s] copying package.xml -> /home/nicola/colcon_ws/install/turtlebot3_NavSLAM/share/turtlebot3_NavSLAM
[3.691s] creating /home/nicola/colcon_ws/install/turtlebot3_NavSLAM/share/turtlebot3_NavSLAM/launch
[3.692s] copying launch/turtlebot3_SLAM.launch.py -> /home/nicola/colcon_ws/install/turtlebot3_NavSLAM/share/turtlebot3_NavSLAM/launch
[3.692s] copying launch/turtlebot3_AMCL.launch.py -> /home/nicola/colcon_ws/install/turtlebot3_NavSLAM/share/turtlebot3_NavSLAM/launch
[3.693s] copying launch/turtlebot3_NAV2.launch.py -> /home/nicola/colcon_ws/install/turtlebot3_NavSLAM/share/turtlebot3_NavSLAM/launch
[3.693s] creating /home/nicola/colcon_ws/install/turtlebot3_NavSLAM/share/turtlebot3_NavSLAM/config
[3.693s] copying config/NAV2_param.yaml -> /home/nicola/colcon_ws/install/turtlebot3_NavSLAM/share/turtlebot3_NavSLAM/config
[3.693s] copying config/SLAM_param.yaml -> /home/nicola/colcon_ws/install/turtlebot3_NavSLAM/share/turtlebot3_NavSLAM/config
[3.694s] copying config/bt_config.xml -> /home/nicola/colcon_ws/install/turtlebot3_NavSLAM/share/turtlebot3_NavSLAM/config
[3.694s] creating /home/nicola/colcon_ws/install/turtlebot3_NavSLAM/share/turtlebot3_NavSLAM/rviz
[3.694s] creating /home/nicola/colcon_ws/install/turtlebot3_NavSLAM/share/turtlebot3_NavSLAM/map
[3.694s] copying map/test.yaml -> /home/nicola/colcon_ws/install/turtlebot3_NavSLAM/share/turtlebot3_NavSLAM/map
[3.695s] copying map/test.pgm -> /home/nicola/colcon_ws/install/turtlebot3_NavSLAM/share/turtlebot3_NavSLAM/map
[3.695s] copying map/map.yaml -> /home/nicola/colcon_ws/install/turtlebot3_NavSLAM/share/turtlebot3_NavSLAM/map
[3.695s] copying map/map.pgm -> /home/nicola/colcon_ws/install/turtlebot3_NavSLAM/share/turtlebot3_NavSLAM/map
[3.695s] running install_egg_info
[3.701s] Copying ../../build/turtlebot3_NavSLAM/turtlebot3_NavSLAM.egg-info to /home/nicola/colcon_ws/install/turtlebot3_NavSLAM/lib/python3.8/site-packages/turtlebot3_NavSLAM-0.0.0-py3.8.egg-info
[3.705s] running install_scripts
[3.761s] writing list of installed files to '/home/nicola/colcon_ws/build/turtlebot3_NavSLAM/install.log'
[3.827s] Invoked command in '/home/nicola/colcon_ws/src/turtlebot3_NavSLAM' returned '0': PYTHONPATH=/home/nicola/colcon_ws/install/turtlebot3_NavSLAM/lib/python3.8/site-packages:${PYTHONPATH} /usr/bin/python3 setup.py egg_info --egg-base ../../build/turtlebot3_NavSLAM build --build-base /home/nicola/colcon_ws/build/turtlebot3_NavSLAM/build install --prefix /home/nicola/colcon_ws/install/turtlebot3_NavSLAM --record /home/nicola/colcon_ws/build/turtlebot3_NavSLAM/install.log --single-version-externally-managed
