[13.129s] Invoking command in '/home/nicola/mobileRobotics/colcon_ws/src/turtlebot3_HighLevelControl': PYTHONPATH=/home/nicola/mobileRobotics/colcon_ws/install/turtlebot3_HighLevelControl/lib/python3.8/site-packages:${PYTHONPATH} /usr/bin/python3 setup.py egg_info --egg-base ../../build/turtlebot3_HighLevelControl build --build-base /home/nicola/mobileRobotics/colcon_ws/build/turtlebot3_HighLevelControl/build install --prefix /home/nicola/mobileRobotics/colcon_ws/install/turtlebot3_HighLevelControl --record /home/nicola/mobileRobotics/colcon_ws/build/turtlebot3_HighLevelControl/install.log --single-version-externally-managed
[15.205s] running egg_info
[15.213s] writing ../../build/turtlebot3_HighLevelControl/turtlebot3_HighLevelControl.egg-info/PKG-INFO
[15.215s] writing dependency_links to ../../build/turtlebot3_HighLevelControl/turtlebot3_HighLevelControl.egg-info/dependency_links.txt
[15.218s] writing entry points to ../../build/turtlebot3_HighLevelControl/turtlebot3_HighLevelControl.egg-info/entry_points.txt
[15.219s] writing requirements to ../../build/turtlebot3_HighLevelControl/turtlebot3_HighLevelControl.egg-info/requires.txt
[15.220s] writing top-level names to ../../build/turtlebot3_HighLevelControl/turtlebot3_HighLevelControl.egg-info/top_level.txt
[15.560s] reading manifest file '../../build/turtlebot3_HighLevelControl/turtlebot3_HighLevelControl.egg-info/SOURCES.txt'
[15.568s] writing manifest file '../../build/turtlebot3_HighLevelControl/turtlebot3_HighLevelControl.egg-info/SOURCES.txt'
[15.569s] running build
[15.570s] running build_py
[15.571s] copying turtlebot3_HighLevelControl/highLevelControl.py -> /home/nicola/mobileRobotics/colcon_ws/build/turtlebot3_HighLevelControl/build/lib/turtlebot3_HighLevelControl
[15.573s] running install
[15.580s] running install_lib
[15.587s] copying /home/nicola/mobileRobotics/colcon_ws/build/turtlebot3_HighLevelControl/build/lib/turtlebot3_HighLevelControl/highLevelControl.py -> /home/nicola/mobileRobotics/colcon_ws/install/turtlebot3_HighLevelControl/lib/python3.8/site-packages/turtlebot3_HighLevelControl
[15.592s] byte-compiling /home/nicola/mobileRobotics/colcon_ws/install/turtlebot3_HighLevelControl/lib/python3.8/site-packages/turtlebot3_HighLevelControl/highLevelControl.py to highLevelControl.cpython-38.pyc
[15.609s] running install_data
[15.614s] running install_egg_info
[15.626s] removing '/home/nicola/mobileRobotics/colcon_ws/install/turtlebot3_HighLevelControl/lib/python3.8/site-packages/turtlebot3_HighLevelControl-0.0.0-py3.8.egg-info' (and everything under it)
[15.628s] Copying ../../build/turtlebot3_HighLevelControl/turtlebot3_HighLevelControl.egg-info to /home/nicola/mobileRobotics/colcon_ws/install/turtlebot3_HighLevelControl/lib/python3.8/site-packages/turtlebot3_HighLevelControl-0.0.0-py3.8.egg-info
[15.638s] running install_scripts
[15.794s] Installing turtlebot3_HighLevelControl script to /home/nicola/mobileRobotics/colcon_ws/install/turtlebot3_HighLevelControl/lib/turtlebot3_HighLevelControl
[15.796s] writing list of installed files to '/home/nicola/mobileRobotics/colcon_ws/build/turtlebot3_HighLevelControl/install.log'
[15.970s] Invoked command in '/home/nicola/mobileRobotics/colcon_ws/src/turtlebot3_HighLevelControl' returned '0': PYTHONPATH=/home/nicola/mobileRobotics/colcon_ws/install/turtlebot3_HighLevelControl/lib/python3.8/site-packages:${PYTHONPATH} /usr/bin/python3 setup.py egg_info --egg-base ../../build/turtlebot3_HighLevelControl build --build-base /home/nicola/mobileRobotics/colcon_ws/build/turtlebot3_HighLevelControl/build install --prefix /home/nicola/mobileRobotics/colcon_ws/install/turtlebot3_HighLevelControl --record /home/nicola/mobileRobotics/colcon_ws/build/turtlebot3_HighLevelControl/install.log --single-version-externally-managed
