running egg_info
creating ../../build/turtlebot3_HighLevelControl/turtlebot3_HighLevelControl.egg-info
writing ../../build/turtlebot3_HighLevelControl/turtlebot3_HighLevelControl.egg-info/PKG-INFO
writing dependency_links to ../../build/turtlebot3_HighLevelControl/turtlebot3_HighLevelControl.egg-info/dependency_links.txt
writing entry points to ../../build/turtlebot3_HighLevelControl/turtlebot3_HighLevelControl.egg-info/entry_points.txt
writing requirements to ../../build/turtlebot3_HighLevelControl/turtlebot3_HighLevelControl.egg-info/requires.txt
writing top-level names to ../../build/turtlebot3_HighLevelControl/turtlebot3_HighLevelControl.egg-info/top_level.txt
writing manifest file '../../build/turtlebot3_HighLevelControl/turtlebot3_HighLevelControl.egg-info/SOURCES.txt'
reading manifest file '../../build/turtlebot3_HighLevelControl/turtlebot3_HighLevelControl.egg-info/SOURCES.txt'
writing manifest file '../../build/turtlebot3_HighLevelControl/turtlebot3_HighLevelControl.egg-info/SOURCES.txt'
running build
running build_py
creating /home/nicola/mobileRobotics/colcon_ws/build/turtlebot3_HighLevelControl/build
creating /home/nicola/mobileRobotics/colcon_ws/build/turtlebot3_HighLevelControl/build/lib
creating /home/nicola/mobileRobotics/colcon_ws/build/turtlebot3_HighLevelControl/build/lib/turtlebot3_HighLevelControl
copying turtlebot3_HighLevelControl/highLevelControl.py -> /home/nicola/mobileRobotics/colcon_ws/build/turtlebot3_HighLevelControl/build/lib/turtlebot3_HighLevelControl
copying turtlebot3_HighLevelControl/__init__.py -> /home/nicola/mobileRobotics/colcon_ws/build/turtlebot3_HighLevelControl/build/lib/turtlebot3_HighLevelControl
running install
running install_lib
creating /home/nicola/mobileRobotics/colcon_ws/install/turtlebot3_HighLevelControl/lib/python3.8/site-packages/turtlebot3_HighLevelControl
copying /home/nicola/mobileRobotics/colcon_ws/build/turtlebot3_HighLevelControl/build/lib/turtlebot3_HighLevelControl/highLevelControl.py -> /home/nicola/mobileRobotics/colcon_ws/install/turtlebot3_HighLevelControl/lib/python3.8/site-packages/turtlebot3_HighLevelControl
copying /home/nicola/mobileRobotics/colcon_ws/build/turtlebot3_HighLevelControl/build/lib/turtlebot3_HighLevelControl/__init__.py -> /home/nicola/mobileRobotics/colcon_ws/install/turtlebot3_HighLevelControl/lib/python3.8/site-packages/turtlebot3_HighLevelControl
byte-compiling /home/nicola/mobileRobotics/colcon_ws/install/turtlebot3_HighLevelControl/lib/python3.8/site-packages/turtlebot3_HighLevelControl/highLevelControl.py to highLevelControl.cpython-38.pyc
byte-compiling /home/nicola/mobileRobotics/colcon_ws/install/turtlebot3_HighLevelControl/lib/python3.8/site-packages/turtlebot3_HighLevelControl/__init__.py to __init__.cpython-38.pyc
running install_data
creating /home/nicola/mobileRobotics/colcon_ws/install/turtlebot3_HighLevelControl/share/ament_index
creating /home/nicola/mobileRobotics/colcon_ws/install/turtlebot3_HighLevelControl/share/ament_index/resource_index
creating /home/nicola/mobileRobotics/colcon_ws/install/turtlebot3_HighLevelControl/share/ament_index/resource_index/packages
copying resource/turtlebot3_HighLevelControl -> /home/nicola/mobileRobotics/colcon_ws/install/turtlebot3_HighLevelControl/share/ament_index/resource_index/packages
copying package.xml -> /home/nicola/mobileRobotics/colcon_ws/install/turtlebot3_HighLevelControl/share/turtlebot3_HighLevelControl
running install_egg_info
Copying ../../build/turtlebot3_HighLevelControl/turtlebot3_HighLevelControl.egg-info to /home/nicola/mobileRobotics/colcon_ws/install/turtlebot3_HighLevelControl/lib/python3.8/site-packages/turtlebot3_HighLevelControl-0.0.0-py3.8.egg-info
running install_scripts
Installing turtlebot3_HighLevelControl script to /home/nicola/mobileRobotics/colcon_ws/install/turtlebot3_HighLevelControl/lib/turtlebot3_HighLevelControl
writing list of installed files to '/home/nicola/mobileRobotics/colcon_ws/build/turtlebot3_HighLevelControl/install.log'
