[2.401s] Invoking command in '/home/nicola/colcon_ws/src/turtlebot3_NavSLAM': PYTHONPATH=/home/nicola/colcon_ws/install/turtlebot3_NavSLAM/lib/python3.8/site-packages:${PYTHONPATH} /usr/bin/python3 setup.py egg_info --egg-base ../../build/turtlebot3_NavSLAM build --build-base /home/nicola/colcon_ws/build/turtlebot3_NavSLAM/build install --prefix /home/nicola/colcon_ws/install/turtlebot3_NavSLAM --record /home/nicola/colcon_ws/build/turtlebot3_NavSLAM/install.log --single-version-externally-managed
[2.960s] running egg_info
[2.962s] writing ../../build/turtlebot3_NavSLAM/turtlebot3_NavSLAM.egg-info/PKG-INFO
[2.963s] writing dependency_links to ../../build/turtlebot3_NavSLAM/turtlebot3_NavSLAM.egg-info/dependency_links.txt
[2.963s] writing entry points to ../../build/turtlebot3_NavSLAM/turtlebot3_NavSLAM.egg-info/entry_points.txt
[2.963s] writing requirements to ../../build/turtlebot3_NavSLAM/turtlebot3_NavSLAM.egg-info/requires.txt
[2.964s] writing top-level names to ../../build/turtlebot3_NavSLAM/turtlebot3_NavSLAM.egg-info/top_level.txt
[3.050s] reading manifest file '../../build/turtlebot3_NavSLAM/turtlebot3_NavSLAM.egg-info/SOURCES.txt'
[3.053s] writing manifest file '../../build/turtlebot3_NavSLAM/turtlebot3_NavSLAM.egg-info/SOURCES.txt'
[3.054s] running build
[3.054s] running build_py
[3.054s] running install
[3.056s] running install_lib
[3.061s] running install_data
[3.064s] copying launch/turtlebot3_NAV2.launch.py -> /home/nicola/colcon_ws/install/turtlebot3_NavSLAM/share/turtlebot3_NavSLAM/launch
[3.065s] running install_egg_info
[3.069s] removing '/home/nicola/colcon_ws/install/turtlebot3_NavSLAM/lib/python3.8/site-packages/turtlebot3_NavSLAM-0.0.0-py3.8.egg-info' (and everything under it)
[3.070s] Copying ../../build/turtlebot3_NavSLAM/turtlebot3_NavSLAM.egg-info to /home/nicola/colcon_ws/install/turtlebot3_NavSLAM/lib/python3.8/site-packages/turtlebot3_NavSLAM-0.0.0-py3.8.egg-info
[3.072s] running install_scripts
[3.116s] writing list of installed files to '/home/nicola/colcon_ws/build/turtlebot3_NavSLAM/install.log'
[3.175s] Invoked command in '/home/nicola/colcon_ws/src/turtlebot3_NavSLAM' returned '0': PYTHONPATH=/home/nicola/colcon_ws/install/turtlebot3_NavSLAM/lib/python3.8/site-packages:${PYTHONPATH} /usr/bin/python3 setup.py egg_info --egg-base ../../build/turtlebot3_NavSLAM build --build-base /home/nicola/colcon_ws/build/turtlebot3_NavSLAM/build install --prefix /home/nicola/colcon_ws/install/turtlebot3_NavSLAM --record /home/nicola/colcon_ws/build/turtlebot3_NavSLAM/install.log --single-version-externally-managed
