[4.561s] Invoking command in '/home/nicola/mobileRobotics/colcon_ws/build/turtlebot3_description': CMAKE_PREFIX_PATH=${CMAKE_PREFIX_PATH}:/home/nicola/mobileRobotics/colcon_ws/install/turtlebot3_visualizer:/home/nicola/mobileRobotics/colcon_ws/install/turtlebot3_follow:/home/nicola/mobileRobotics/colcon_ws/install/turtlebot3_NavSLAM:/home/nicola/mobileRobotics/colcon_ws/install/turtlebot3_HighLevelControl:/opt/ros/foxy /usr/bin/cmake --build /home/nicola/mobileRobotics/colcon_ws/build/turtlebot3_description -- -j8 -l8
[9.384s] Invoked command in '/home/nicola/mobileRobotics/colcon_ws/build/turtlebot3_description' returned '0': CMAKE_PREFIX_PATH=${CMAKE_PREFIX_PATH}:/home/nicola/mobileRobotics/colcon_ws/install/turtlebot3_visualizer:/home/nicola/mobileRobotics/colcon_ws/install/turtlebot3_follow:/home/nicola/mobileRobotics/colcon_ws/install/turtlebot3_NavSLAM:/home/nicola/mobileRobotics/colcon_ws/install/turtlebot3_HighLevelControl:/opt/ros/foxy /usr/bin/cmake --build /home/nicola/mobileRobotics/colcon_ws/build/turtlebot3_description -- -j8 -l8
[9.801s] Invoking command in '/home/nicola/mobileRobotics/colcon_ws/build/turtlebot3_description': CMAKE_PREFIX_PATH=${CMAKE_PREFIX_PATH}:/home/nicola/mobileRobotics/colcon_ws/install/turtlebot3_visualizer:/home/nicola/mobileRobotics/colcon_ws/install/turtlebot3_follow:/home/nicola/mobileRobotics/colcon_ws/install/turtlebot3_NavSLAM:/home/nicola/mobileRobotics/colcon_ws/install/turtlebot3_HighLevelControl:/opt/ros/foxy /usr/bin/cmake --install /home/nicola/mobileRobotics/colcon_ws/build/turtlebot3_description
[9.863s] -- Install configuration: ""
[9.868s] -- Up-to-date: /home/nicola/mobileRobotics/colcon_ws/install/turtlebot3_description/share/turtlebot3_description/meshes
[9.870s] -- Up-to-date: /home/nicola/mobileRobotics/colcon_ws/install/turtlebot3_description/share/turtlebot3_description/meshes/bases
[9.878s] -- Up-to-date: /home/nicola/mobileRobotics/colcon_ws/install/turtlebot3_description/share/turtlebot3_description/meshes/bases/burger_base.stl
[9.879s] -- Up-to-date: /home/nicola/mobileRobotics/colcon_ws/install/turtlebot3_description/share/turtlebot3_description/meshes/bases/burger_base_2.asset.meta
[9.880s] -- Up-to-date: /home/nicola/mobileRobotics/colcon_ws/install/turtlebot3_description/share/turtlebot3_description/meshes/bases/waffle_pi_base_0.asset.meta
[9.880s] -- Up-to-date: /home/nicola/mobileRobotics/colcon_ws/install/turtlebot3_description/share/turtlebot3_description/meshes/bases/waffle_pi_base_5.asset.meta
[9.881s] -- Up-to-date: /home/nicola/mobileRobotics/colcon_ws/install/turtlebot3_description/share/turtlebot3_description/meshes/bases/burger_base_0.asset
[9.882s] -- Up-to-date: /home/nicola/mobileRobotics/colcon_ws/install/turtlebot3_description/share/turtlebot3_description/meshes/bases/waffle_base_7.asset
[9.882s] -- Up-to-date: /home/nicola/mobileRobotics/colcon_ws/install/turtlebot3_description/share/turtlebot3_description/meshes/bases/burger_base_4.asset
[9.883s] -- Up-to-date: /home/nicola/mobileRobotics/colcon_ws/install/turtlebot3_description/share/turtlebot3_description/meshes/bases/waffle_base.prefab
[9.884s] -- Up-to-date: /home/nicola/mobileRobotics/colcon_ws/install/turtlebot3_description/share/turtlebot3_description/meshes/bases/burger_base_4.asset.meta
[9.885s] -- Up-to-date: /home/nicola/mobileRobotics/colcon_ws/install/turtlebot3_description/share/turtlebot3_description/meshes/bases/waffle_base_14.asset
[9.886s] -- Up-to-date: /home/nicola/mobileRobotics/colcon_ws/install/turtlebot3_description/share/turtlebot3_description/meshes/bases/burger_base.prefab
[9.888s] -- Up-to-date: /home/nicola/mobileRobotics/colcon_ws/install/turtlebot3_description/share/turtlebot3_description/meshes/bases/burger_base.stl.meta
[9.888s] -- Up-to-date: /home/nicola/mobileRobotics/colcon_ws/install/turtlebot3_description/share/turtlebot3_description/meshes/bases/waffle_base_3.asset.meta
[9.889s] -- Up-to-date: /home/nicola/mobileRobotics/colcon_ws/install/turtlebot3_description/share/turtlebot3_description/meshes/bases/waffle_base_8.asset
[9.890s] -- Up-to-date: /home/nicola/mobileRobotics/colcon_ws/install/turtlebot3_description/share/turtlebot3_description/meshes/bases/waffle_pi_base_4.asset.meta
[9.891s] -- Up-to-date: /home/nicola/mobileRobotics/colcon_ws/install/turtlebot3_description/share/turtlebot3_description/meshes/bases/waffle_pi_base_3.asset.meta
[9.892s] -- Up-to-date: /home/nicola/mobileRobotics/colcon_ws/install/turtlebot3_description/share/turtlebot3_description/meshes/bases/waffle_pi_base_2.asset
[9.893s] -- Up-to-date: /home/nicola/mobileRobotics/colcon_ws/install/turtlebot3_description/share/turtlebot3_description/meshes/bases/burger_base_3.asset
[9.894s] -- Up-to-date: /home/nicola/mobileRobotics/colcon_ws/install/turtlebot3_description/share/turtlebot3_description/meshes/bases/waffle_base_4.asset.meta
[9.896s] -- Up-to-date: /home/nicola/mobileRobotics/colcon_ws/install/turtlebot3_description/share/turtlebot3_description/meshes/bases/waffle_base_8.asset.meta
[9.899s] -- Up-to-date: /home/nicola/mobileRobotics/colcon_ws/install/turtlebot3_description/share/turtlebot3_description/meshes/bases/waffle_base_9.asset
[9.902s] -- Up-to-date: /home/nicola/mobileRobotics/colcon_ws/install/turtlebot3_description/share/turtlebot3_description/meshes/bases/burger_base.prefab.meta
[9.910s] -- Up-to-date: /home/nicola/mobileRobotics/colcon_ws/install/turtlebot3_description/share/turtlebot3_description/meshes/bases/waffle_base_2.asset.meta
[9.920s] -- Up-to-date: /home/nicola/mobileRobotics/colcon_ws/install/turtlebot3_description/share/turtlebot3_description/meshes/bases/waffle_pi_base_0.asset
[9.921s] -- Up-to-date: /home/nicola/mobileRobotics/colcon_ws/install/turtlebot3_description/share/turtlebot3_description/meshes/bases/waffle_base_6.asset.meta
[9.923s] -- Up-to-date: /home/nicola/mobileRobotics/colcon_ws/install/turtlebot3_description/share/turtlebot3_description/meshes/bases/waffle_pi_base.prefab.meta
[9.926s] -- Up-to-date: /home/nicola/mobileRobotics/colcon_ws/install/turtlebot3_description/share/turtlebot3_description/meshes/bases/waffle_base_2.asset
[9.927s] -- Up-to-date: /home/nicola/mobileRobotics/colcon_ws/install/turtlebot3_description/share/turtlebot3_description/meshes/bases/waffle_base_10.asset
[9.931s] -- Up-to-date: /home/nicola/mobileRobotics/colcon_ws/install/turtlebot3_description/share/turtlebot3_description/meshes/bases/burger_base_1.asset.meta
[9.933s] -- Up-to-date: /home/nicola/mobileRobotics/colcon_ws/install/turtlebot3_description/share/turtlebot3_description/meshes/bases/waffle_pi_base.stl
[9.935s] -- Up-to-date: /home/nicola/mobileRobotics/colcon_ws/install/turtlebot3_description/share/turtlebot3_description/meshes/bases/waffle_base_10.asset.meta
[9.937s] -- Up-to-date: /home/nicola/mobileRobotics/colcon_ws/install/turtlebot3_description/share/turtlebot3_description/meshes/bases/waffle_base_4.asset
[9.942s] -- Up-to-date: /home/nicola/mobileRobotics/colcon_ws/install/turtlebot3_description/share/turtlebot3_description/meshes/bases/waffle_base.stl
[9.943s] -- Up-to-date: /home/nicola/mobileRobotics/colcon_ws/install/turtlebot3_description/share/turtlebot3_description/meshes/bases/waffle_base_1.asset.meta
[9.944s] -- Up-to-date: /home/nicola/mobileRobotics/colcon_ws/install/turtlebot3_description/share/turtlebot3_description/meshes/bases/waffle_base_13.asset.meta
[9.945s] -- Up-to-date: /home/nicola/mobileRobotics/colcon_ws/install/turtlebot3_description/share/turtlebot3_description/meshes/bases/waffle_base_0.asset
[9.948s] -- Up-to-date: /home/nicola/mobileRobotics/colcon_ws/install/turtlebot3_description/share/turtlebot3_description/meshes/bases/waffle_pi_base_7.asset
[9.953s] -- Up-to-date: /home/nicola/mobileRobotics/colcon_ws/install/turtlebot3_description/share/turtlebot3_description/meshes/bases/waffle_base_6.asset
[9.965s] -- Up-to-date: /home/nicola/mobileRobotics/colcon_ws/install/turtlebot3_description/share/turtlebot3_description/meshes/bases/waffle_pi_base_7.asset.meta
[9.969s] -- Up-to-date: /home/nicola/mobileRobotics/colcon_ws/install/turtlebot3_description/share/turtlebot3_description/meshes/bases/waffle_base_3.asset
[9.970s] -- Up-to-date: /home/nicola/mobileRobotics/colcon_ws/install/turtlebot3_description/share/turtlebot3_description/meshes/bases/waffle_base_11.asset
[9.971s] -- Up-to-date: /home/nicola/mobileRobotics/colcon_ws/install/turtlebot3_description/share/turtlebot3_description/meshes/bases/waffle_base_9.asset.meta
[9.973s] -- Up-to-date: /home/nicola/mobileRobotics/colcon_ws/install/turtlebot3_description/share/turtlebot3_description/meshes/bases/waffle_pi_base_4.asset
[9.976s] -- Up-to-date: /home/nicola/mobileRobotics/colcon_ws/install/turtlebot3_description/share/turtlebot3_description/meshes/bases/waffle_base_13.asset
[9.978s] -- Up-to-date: /home/nicola/mobileRobotics/colcon_ws/install/turtlebot3_description/share/turtlebot3_description/meshes/bases/waffle_base_5.asset.meta
[9.979s] -- Up-to-date: /home/nicola/mobileRobotics/colcon_ws/install/turtlebot3_description/share/turtlebot3_description/meshes/bases/waffle_pi_base_6.asset
[9.984s] -- Up-to-date: /home/nicola/mobileRobotics/colcon_ws/install/turtlebot3_description/share/turtlebot3_description/meshes/bases/waffle_pi_base_3.asset
[9.993s] -- Up-to-date: /home/nicola/mobileRobotics/colcon_ws/install/turtlebot3_description/share/turtlebot3_description/meshes/bases/waffle_base.stl.meta
[9.996s] -- Up-to-date: /home/nicola/mobileRobotics/colcon_ws/install/turtlebot3_description/share/turtlebot3_description/meshes/bases/burger_base_3.asset.meta
[9.998s] -- Up-to-date: /home/nicola/mobileRobotics/colcon_ws/install/turtlebot3_description/share/turtlebot3_description/meshes/bases/waffle_base_11.asset.meta
[9.999s] -- Up-to-date: /home/nicola/mobileRobotics/colcon_ws/install/turtlebot3_description/share/turtlebot3_description/meshes/bases/waffle_pi_base_1.asset
[10.000s] -- Up-to-date: /home/nicola/mobileRobotics/colcon_ws/install/turtlebot3_description/share/turtlebot3_description/meshes/bases/waffle_base_7.asset.meta
[10.001s] -- Up-to-date: /home/nicola/mobileRobotics/colcon_ws/install/turtlebot3_description/share/turtlebot3_description/meshes/bases/waffle_pi_base.prefab
[10.002s] -- Up-to-date: /home/nicola/mobileRobotics/colcon_ws/install/turtlebot3_description/share/turtlebot3_description/meshes/bases/waffle_base.prefab.meta
[10.010s] -- Up-to-date: /home/nicola/mobileRobotics/colcon_ws/install/turtlebot3_description/share/turtlebot3_description/meshes/bases/waffle_base_12.asset
[10.013s] -- Up-to-date: /home/nicola/mobileRobotics/colcon_ws/install/turtlebot3_description/share/turtlebot3_description/meshes/bases/burger_base_1.asset
[10.014s] -- Up-to-date: /home/nicola/mobileRobotics/colcon_ws/install/turtlebot3_description/share/turtlebot3_description/meshes/bases/waffle_pi_base.stl.meta
[10.017s] -- Up-to-date: /home/nicola/mobileRobotics/colcon_ws/install/turtlebot3_description/share/turtlebot3_description/meshes/bases/burger_base_0.asset.meta
[10.022s] -- Up-to-date: /home/nicola/mobileRobotics/colcon_ws/install/turtlebot3_description/share/turtlebot3_description/meshes/bases/waffle_base_1.asset
[10.026s] -- Up-to-date: /home/nicola/mobileRobotics/colcon_ws/install/turtlebot3_description/share/turtlebot3_description/meshes/bases/waffle_base_14.asset.meta
[10.028s] -- Up-to-date: /home/nicola/mobileRobotics/colcon_ws/install/turtlebot3_description/share/turtlebot3_description/meshes/bases/burger_base_2.asset
[10.030s] -- Up-to-date: /home/nicola/mobileRobotics/colcon_ws/install/turtlebot3_description/share/turtlebot3_description/meshes/bases/waffle_pi_base_6.asset.meta
[10.032s] -- Up-to-date: /home/nicola/mobileRobotics/colcon_ws/install/turtlebot3_description/share/turtlebot3_description/meshes/bases/waffle_base_12.asset.meta
[10.033s] -- Up-to-date: /home/nicola/mobileRobotics/colcon_ws/install/turtlebot3_description/share/turtlebot3_description/meshes/bases/waffle_pi_base_1.asset.meta
[10.043s] -- Up-to-date: /home/nicola/mobileRobotics/colcon_ws/install/turtlebot3_description/share/turtlebot3_description/meshes/bases/waffle_base_5.asset
[10.045s] -- Up-to-date: /home/nicola/mobileRobotics/colcon_ws/install/turtlebot3_description/share/turtlebot3_description/meshes/bases/waffle_pi_base_5.asset
[10.055s] -- Up-to-date: /home/nicola/mobileRobotics/colcon_ws/install/turtlebot3_description/share/turtlebot3_description/meshes/bases/waffle_pi_base_2.asset.meta
[10.062s] -- Up-to-date: /home/nicola/mobileRobotics/colcon_ws/install/turtlebot3_description/share/turtlebot3_description/meshes/bases/waffle_base_0.asset.meta
[10.065s] -- Up-to-date: /home/nicola/mobileRobotics/colcon_ws/install/turtlebot3_description/share/turtlebot3_description/meshes/sensors
[10.065s] -- Up-to-date: /home/nicola/mobileRobotics/colcon_ws/install/turtlebot3_description/share/turtlebot3_description/meshes/sensors/lds_0.asset
[10.067s] -- Up-to-date: /home/nicola/mobileRobotics/colcon_ws/install/turtlebot3_description/share/turtlebot3_description/meshes/sensors/r200.jpg.meta
[10.070s] -- Up-to-date: /home/nicola/mobileRobotics/colcon_ws/install/turtlebot3_description/share/turtlebot3_description/meshes/sensors/astra.jpg
[10.071s] -- Up-to-date: /home/nicola/mobileRobotics/colcon_ws/install/turtlebot3_description/share/turtlebot3_description/meshes/sensors/lds_0.asset.meta
[10.072s] -- Up-to-date: /home/nicola/mobileRobotics/colcon_ws/install/turtlebot3_description/share/turtlebot3_description/meshes/sensors/astra.jpg.meta
[10.085s] -- Up-to-date: /home/nicola/mobileRobotics/colcon_ws/install/turtlebot3_description/share/turtlebot3_description/meshes/sensors/lds.prefab.meta
[10.086s] -- Up-to-date: /home/nicola/mobileRobotics/colcon_ws/install/turtlebot3_description/share/turtlebot3_description/meshes/sensors/lds.stl.meta
[10.087s] -- Up-to-date: /home/nicola/mobileRobotics/colcon_ws/install/turtlebot3_description/share/turtlebot3_description/meshes/sensors/astra.dae.meta
[10.090s] -- Up-to-date: /home/nicola/mobileRobotics/colcon_ws/install/turtlebot3_description/share/turtlebot3_description/meshes/sensors/astra.dae
[10.097s] -- Up-to-date: /home/nicola/mobileRobotics/colcon_ws/install/turtlebot3_description/share/turtlebot3_description/meshes/sensors/lds.prefab
[10.097s] -- Up-to-date: /home/nicola/mobileRobotics/colcon_ws/install/turtlebot3_description/share/turtlebot3_description/meshes/sensors/r200.dae.meta
[10.098s] -- Up-to-date: /home/nicola/mobileRobotics/colcon_ws/install/turtlebot3_description/share/turtlebot3_description/meshes/sensors/r200.dae
[10.099s] -- Up-to-date: /home/nicola/mobileRobotics/colcon_ws/install/turtlebot3_description/share/turtlebot3_description/meshes/sensors/r200.jpg
[10.100s] -- Up-to-date: /home/nicola/mobileRobotics/colcon_ws/install/turtlebot3_description/share/turtlebot3_description/meshes/sensors/lds.stl
[10.100s] -- Up-to-date: /home/nicola/mobileRobotics/colcon_ws/install/turtlebot3_description/share/turtlebot3_description/meshes/wheels
[10.101s] -- Up-to-date: /home/nicola/mobileRobotics/colcon_ws/install/turtlebot3_description/share/turtlebot3_description/meshes/wheels/left_tire_0.asset.meta
[10.102s] -- Up-to-date: /home/nicola/mobileRobotics/colcon_ws/install/turtlebot3_description/share/turtlebot3_description/meshes/wheels/left_tire.stl
[10.103s] -- Up-to-date: /home/nicola/mobileRobotics/colcon_ws/install/turtlebot3_description/share/turtlebot3_description/meshes/wheels/left_tire.prefab
[10.105s] -- Up-to-date: /home/nicola/mobileRobotics/colcon_ws/install/turtlebot3_description/share/turtlebot3_description/meshes/wheels/right_tire.prefab.meta
[10.107s] -- Up-to-date: /home/nicola/mobileRobotics/colcon_ws/install/turtlebot3_description/share/turtlebot3_description/meshes/wheels/right_tire_0.asset.meta
[10.113s] -- Up-to-date: /home/nicola/mobileRobotics/colcon_ws/install/turtlebot3_description/share/turtlebot3_description/meshes/wheels/right_tire_0.asset
[10.121s] -- Up-to-date: /home/nicola/mobileRobotics/colcon_ws/install/turtlebot3_description/share/turtlebot3_description/meshes/wheels/right_tire.prefab
[10.124s] -- Up-to-date: /home/nicola/mobileRobotics/colcon_ws/install/turtlebot3_description/share/turtlebot3_description/meshes/wheels/left_tire.prefab.meta
[10.125s] -- Up-to-date: /home/nicola/mobileRobotics/colcon_ws/install/turtlebot3_description/share/turtlebot3_description/meshes/wheels/left_tire_0.asset
[10.126s] -- Up-to-date: /home/nicola/mobileRobotics/colcon_ws/install/turtlebot3_description/share/turtlebot3_description/meshes/wheels/right_tire.stl
[10.127s] -- Up-to-date: /home/nicola/mobileRobotics/colcon_ws/install/turtlebot3_description/share/turtlebot3_description/meshes/wheels/right_tire.stl.meta
[10.128s] -- Up-to-date: /home/nicola/mobileRobotics/colcon_ws/install/turtlebot3_description/share/turtlebot3_description/meshes/wheels/left_tire.stl.meta
[10.131s] -- Up-to-date: /home/nicola/mobileRobotics/colcon_ws/install/turtlebot3_description/share/turtlebot3_description/urdf
[10.141s] -- Up-to-date: /home/nicola/mobileRobotics/colcon_ws/install/turtlebot3_description/share/turtlebot3_description/urdf/turtlebot3_burger.urdf
[10.146s] -- Up-to-date: /home/nicola/mobileRobotics/colcon_ws/install/turtlebot3_description/share/turtlebot3_description/urdf/common_properties.urdf
[10.147s] -- Up-to-date: /home/nicola/mobileRobotics/colcon_ws/install/turtlebot3_description/share/ament_index/resource_index/package_run_dependencies/turtlebot3_description
[10.147s] -- Up-to-date: /home/nicola/mobileRobotics/colcon_ws/install/turtlebot3_description/share/ament_index/resource_index/parent_prefix_path/turtlebot3_description
[10.148s] -- Up-to-date: /home/nicola/mobileRobotics/colcon_ws/install/turtlebot3_description/share/turtlebot3_description/environment/ament_prefix_path.sh
[10.149s] -- Up-to-date: /home/nicola/mobileRobotics/colcon_ws/install/turtlebot3_description/share/turtlebot3_description/environment/ament_prefix_path.dsv
[10.150s] -- Up-to-date: /home/nicola/mobileRobotics/colcon_ws/install/turtlebot3_description/share/turtlebot3_description/environment/path.sh
[10.152s] -- Up-to-date: /home/nicola/mobileRobotics/colcon_ws/install/turtlebot3_description/share/turtlebot3_description/environment/path.dsv
[10.153s] -- Up-to-date: /home/nicola/mobileRobotics/colcon_ws/install/turtlebot3_description/share/turtlebot3_description/local_setup.bash
[10.154s] -- Up-to-date: /home/nicola/mobileRobotics/colcon_ws/install/turtlebot3_description/share/turtlebot3_description/local_setup.sh
[10.155s] -- Up-to-date: /home/nicola/mobileRobotics/colcon_ws/install/turtlebot3_description/share/turtlebot3_description/local_setup.zsh
[10.156s] -- Up-to-date: /home/nicola/mobileRobotics/colcon_ws/install/turtlebot3_description/share/turtlebot3_description/local_setup.dsv
[10.157s] -- Installing: /home/nicola/mobileRobotics/colcon_ws/install/turtlebot3_description/share/turtlebot3_description/package.dsv
[10.158s] -- Up-to-date: /home/nicola/mobileRobotics/colcon_ws/install/turtlebot3_description/share/ament_index/resource_index/packages/turtlebot3_description
[10.159s] -- Up-to-date: /home/nicola/mobileRobotics/colcon_ws/install/turtlebot3_description/share/turtlebot3_description/cmake/ament_cmake_export_dependencies-extras.cmake
[10.160s] -- Up-to-date: /home/nicola/mobileRobotics/colcon_ws/install/turtlebot3_description/share/turtlebot3_description/cmake/turtlebot3_descriptionConfig.cmake
[10.161s] -- Up-to-date: /home/nicola/mobileRobotics/colcon_ws/install/turtlebot3_description/share/turtlebot3_description/cmake/turtlebot3_descriptionConfig-version.cmake
[10.169s] -- Up-to-date: /home/nicola/mobileRobotics/colcon_ws/install/turtlebot3_description/share/turtlebot3_description/package.xml
[10.171s] Invoked command in '/home/nicola/mobileRobotics/colcon_ws/build/turtlebot3_description' returned '0': CMAKE_PREFIX_PATH=${CMAKE_PREFIX_PATH}:/home/nicola/mobileRobotics/colcon_ws/install/turtlebot3_visualizer:/home/nicola/mobileRobotics/colcon_ws/install/turtlebot3_follow:/home/nicola/mobileRobotics/colcon_ws/install/turtlebot3_NavSLAM:/home/nicola/mobileRobotics/colcon_ws/install/turtlebot3_HighLevelControl:/opt/ros/foxy /usr/bin/cmake --install /home/nicola/mobileRobotics/colcon_ws/build/turtlebot3_description
