[1.740s] Invoking command in '/home/nicola/mobileRobotics/colcon_ws/build/turtlebot3_description': CMAKE_PREFIX_PATH=${CMAKE_PREFIX_PATH}:/opt/ros/foxy:/home/nicola/mobileRobotics/colcon_ws/install/turtlebot3_visualizer:/home/nicola/mobileRobotics/colcon_ws/install/turtlebot3_follow:/home/nicola/mobileRobotics/colcon_ws/install/turtlebot3_NavSLAM:/home/nicola/mobileRobotics/colcon_ws/install/turtlebot3_HighLevelControl /usr/bin/cmake --build /home/nicola/mobileRobotics/colcon_ws/build/turtlebot3_description -- -j8 -l8
[2.286s] Invoked command in '/home/nicola/mobileRobotics/colcon_ws/build/turtlebot3_description' returned '0': CMAKE_PREFIX_PATH=${CMAKE_PREFIX_PATH}:/opt/ros/foxy:/home/nicola/mobileRobotics/colcon_ws/install/turtlebot3_visualizer:/home/nicola/mobileRobotics/colcon_ws/install/turtlebot3_follow:/home/nicola/mobileRobotics/colcon_ws/install/turtlebot3_NavSLAM:/home/nicola/mobileRobotics/colcon_ws/install/turtlebot3_HighLevelControl /usr/bin/cmake --build /home/nicola/mobileRobotics/colcon_ws/build/turtlebot3_description -- -j8 -l8
[2.333s] Invoking command in '/home/nicola/mobileRobotics/colcon_ws/build/turtlebot3_description': CMAKE_PREFIX_PATH=${CMAKE_PREFIX_PATH}:/opt/ros/foxy:/home/nicola/mobileRobotics/colcon_ws/install/turtlebot3_visualizer:/home/nicola/mobileRobotics/colcon_ws/install/turtlebot3_follow:/home/nicola/mobileRobotics/colcon_ws/install/turtlebot3_NavSLAM:/home/nicola/mobileRobotics/colcon_ws/install/turtlebot3_HighLevelControl /usr/bin/cmake --install /home/nicola/mobileRobotics/colcon_ws/build/turtlebot3_description
[2.346s] -- Install configuration: ""
[2.346s] -- Up-to-date: /home/nicola/mobileRobotics/colcon_ws/install/turtlebot3_description/share/turtlebot3_description/meshes
[2.347s] -- Up-to-date: /home/nicola/mobileRobotics/colcon_ws/install/turtlebot3_description/share/turtlebot3_description/meshes/bases
[2.348s] -- Up-to-date: /home/nicola/mobileRobotics/colcon_ws/install/turtlebot3_description/share/turtlebot3_description/meshes/bases/burger_base.stl
[2.348s] -- Up-to-date: /home/nicola/mobileRobotics/colcon_ws/install/turtlebot3_description/share/turtlebot3_description/meshes/bases/burger_base_2.asset.meta
[2.348s] -- Up-to-date: /home/nicola/mobileRobotics/colcon_ws/install/turtlebot3_description/share/turtlebot3_description/meshes/bases/waffle_pi_base_0.asset.meta
[2.348s] -- Up-to-date: /home/nicola/mobileRobotics/colcon_ws/install/turtlebot3_description/share/turtlebot3_description/meshes/bases/waffle_pi_base_5.asset.meta
[2.349s] -- Up-to-date: /home/nicola/mobileRobotics/colcon_ws/install/turtlebot3_description/share/turtlebot3_description/meshes/bases/burger_base_0.asset
[2.349s] -- Up-to-date: /home/nicola/mobileRobotics/colcon_ws/install/turtlebot3_description/share/turtlebot3_description/meshes/bases/waffle_base_7.asset
[2.349s] -- Up-to-date: /home/nicola/mobileRobotics/colcon_ws/install/turtlebot3_description/share/turtlebot3_description/meshes/bases/burger_base_4.asset
[2.350s] -- Up-to-date: /home/nicola/mobileRobotics/colcon_ws/install/turtlebot3_description/share/turtlebot3_description/meshes/bases/waffle_base.prefab
[2.350s] -- Up-to-date: /home/nicola/mobileRobotics/colcon_ws/install/turtlebot3_description/share/turtlebot3_description/meshes/bases/burger_base_4.asset.meta
[2.350s] -- Up-to-date: /home/nicola/mobileRobotics/colcon_ws/install/turtlebot3_description/share/turtlebot3_description/meshes/bases/waffle_base_14.asset
[2.350s] -- Up-to-date: /home/nicola/mobileRobotics/colcon_ws/install/turtlebot3_description/share/turtlebot3_description/meshes/bases/burger_base.prefab
[2.350s] -- Up-to-date: /home/nicola/mobileRobotics/colcon_ws/install/turtlebot3_description/share/turtlebot3_description/meshes/bases/burger_base.stl.meta
[2.351s] -- Up-to-date: /home/nicola/mobileRobotics/colcon_ws/install/turtlebot3_description/share/turtlebot3_description/meshes/bases/waffle_base_3.asset.meta
[2.351s] -- Up-to-date: /home/nicola/mobileRobotics/colcon_ws/install/turtlebot3_description/share/turtlebot3_description/meshes/bases/waffle_base_8.asset
[2.351s] -- Up-to-date: /home/nicola/mobileRobotics/colcon_ws/install/turtlebot3_description/share/turtlebot3_description/meshes/bases/waffle_pi_base_4.asset.meta
[2.351s] -- Up-to-date: /home/nicola/mobileRobotics/colcon_ws/install/turtlebot3_description/share/turtlebot3_description/meshes/bases/waffle_pi_base_3.asset.meta
[2.351s] -- Up-to-date: /home/nicola/mobileRobotics/colcon_ws/install/turtlebot3_description/share/turtlebot3_description/meshes/bases/waffle_pi_base_2.asset
[2.351s] -- Up-to-date: /home/nicola/mobileRobotics/colcon_ws/install/turtlebot3_description/share/turtlebot3_description/meshes/bases/burger_base_3.asset
[2.352s] -- Up-to-date: /home/nicola/mobileRobotics/colcon_ws/install/turtlebot3_description/share/turtlebot3_description/meshes/bases/waffle_base_4.asset.meta
[2.352s] -- Up-to-date: /home/nicola/mobileRobotics/colcon_ws/install/turtlebot3_description/share/turtlebot3_description/meshes/bases/waffle_base_8.asset.meta
[2.352s] -- Up-to-date: /home/nicola/mobileRobotics/colcon_ws/install/turtlebot3_description/share/turtlebot3_description/meshes/bases/waffle_base_9.asset
[2.353s] -- Up-to-date: /home/nicola/mobileRobotics/colcon_ws/install/turtlebot3_description/share/turtlebot3_description/meshes/bases/burger_base.prefab.meta
[2.354s] -- Up-to-date: /home/nicola/mobileRobotics/colcon_ws/install/turtlebot3_description/share/turtlebot3_description/meshes/bases/waffle_base_2.asset.meta
[2.355s] -- Up-to-date: /home/nicola/mobileRobotics/colcon_ws/install/turtlebot3_description/share/turtlebot3_description/meshes/bases/waffle_pi_base_0.asset
[2.357s] -- Up-to-date: /home/nicola/mobileRobotics/colcon_ws/install/turtlebot3_description/share/turtlebot3_description/meshes/bases/waffle_base_6.asset.meta
[2.357s] -- Up-to-date: /home/nicola/mobileRobotics/colcon_ws/install/turtlebot3_description/share/turtlebot3_description/meshes/bases/waffle_pi_base.prefab.meta
[2.357s] -- Up-to-date: /home/nicola/mobileRobotics/colcon_ws/install/turtlebot3_description/share/turtlebot3_description/meshes/bases/waffle_base_2.asset
[2.357s] -- Up-to-date: /home/nicola/mobileRobotics/colcon_ws/install/turtlebot3_description/share/turtlebot3_description/meshes/bases/waffle_base_10.asset
[2.358s] -- Up-to-date: /home/nicola/mobileRobotics/colcon_ws/install/turtlebot3_description/share/turtlebot3_description/meshes/bases/burger_base_1.asset.meta
[2.358s] -- Up-to-date: /home/nicola/mobileRobotics/colcon_ws/install/turtlebot3_description/share/turtlebot3_description/meshes/bases/waffle_pi_base.stl
[2.358s] -- Up-to-date: /home/nicola/mobileRobotics/colcon_ws/install/turtlebot3_description/share/turtlebot3_description/meshes/bases/waffle_base_10.asset.meta
[2.358s] -- Up-to-date: /home/nicola/mobileRobotics/colcon_ws/install/turtlebot3_description/share/turtlebot3_description/meshes/bases/waffle_base_4.asset
[2.359s] -- Up-to-date: /home/nicola/mobileRobotics/colcon_ws/install/turtlebot3_description/share/turtlebot3_description/meshes/bases/waffle_base.stl
[2.359s] -- Up-to-date: /home/nicola/mobileRobotics/colcon_ws/install/turtlebot3_description/share/turtlebot3_description/meshes/bases/waffle_base_1.asset.meta
[2.359s] -- Up-to-date: /home/nicola/mobileRobotics/colcon_ws/install/turtlebot3_description/share/turtlebot3_description/meshes/bases/waffle_base_13.asset.meta
[2.359s] -- Up-to-date: /home/nicola/mobileRobotics/colcon_ws/install/turtlebot3_description/share/turtlebot3_description/meshes/bases/waffle_base_0.asset
[2.360s] -- Up-to-date: /home/nicola/mobileRobotics/colcon_ws/install/turtlebot3_description/share/turtlebot3_description/meshes/bases/waffle_pi_base_7.asset
[2.360s] -- Up-to-date: /home/nicola/mobileRobotics/colcon_ws/install/turtlebot3_description/share/turtlebot3_description/meshes/bases/waffle_base_6.asset
[2.360s] -- Up-to-date: /home/nicola/mobileRobotics/colcon_ws/install/turtlebot3_description/share/turtlebot3_description/meshes/bases/waffle_pi_base_7.asset.meta
[2.361s] -- Up-to-date: /home/nicola/mobileRobotics/colcon_ws/install/turtlebot3_description/share/turtlebot3_description/meshes/bases/waffle_base_3.asset
[2.361s] -- Up-to-date: /home/nicola/mobileRobotics/colcon_ws/install/turtlebot3_description/share/turtlebot3_description/meshes/bases/waffle_base_11.asset
[2.361s] -- Up-to-date: /home/nicola/mobileRobotics/colcon_ws/install/turtlebot3_description/share/turtlebot3_description/meshes/bases/waffle_base_9.asset.meta
[2.361s] -- Up-to-date: /home/nicola/mobileRobotics/colcon_ws/install/turtlebot3_description/share/turtlebot3_description/meshes/bases/waffle_pi_base_4.asset
[2.361s] -- Up-to-date: /home/nicola/mobileRobotics/colcon_ws/install/turtlebot3_description/share/turtlebot3_description/meshes/bases/waffle_base_13.asset
[2.362s] -- Up-to-date: /home/nicola/mobileRobotics/colcon_ws/install/turtlebot3_description/share/turtlebot3_description/meshes/bases/waffle_base_5.asset.meta
[2.362s] -- Up-to-date: /home/nicola/mobileRobotics/colcon_ws/install/turtlebot3_description/share/turtlebot3_description/meshes/bases/waffle_pi_base_6.asset
[2.362s] -- Up-to-date: /home/nicola/mobileRobotics/colcon_ws/install/turtlebot3_description/share/turtlebot3_description/meshes/bases/waffle_pi_base_3.asset
[2.362s] -- Up-to-date: /home/nicola/mobileRobotics/colcon_ws/install/turtlebot3_description/share/turtlebot3_description/meshes/bases/waffle_base.stl.meta
[2.363s] -- Up-to-date: /home/nicola/mobileRobotics/colcon_ws/install/turtlebot3_description/share/turtlebot3_description/meshes/bases/burger_base_3.asset.meta
[2.367s] -- Up-to-date: /home/nicola/mobileRobotics/colcon_ws/install/turtlebot3_description/share/turtlebot3_description/meshes/bases/waffle_base_11.asset.meta
[2.367s] -- Up-to-date: /home/nicola/mobileRobotics/colcon_ws/install/turtlebot3_description/share/turtlebot3_description/meshes/bases/waffle_pi_base_1.asset
[2.367s] -- Up-to-date: /home/nicola/mobileRobotics/colcon_ws/install/turtlebot3_description/share/turtlebot3_description/meshes/bases/waffle_base_7.asset.meta
[2.367s] -- Up-to-date: /home/nicola/mobileRobotics/colcon_ws/install/turtlebot3_description/share/turtlebot3_description/meshes/bases/waffle_pi_base.prefab
[2.367s] -- Up-to-date: /home/nicola/mobileRobotics/colcon_ws/install/turtlebot3_description/share/turtlebot3_description/meshes/bases/waffle_base.prefab.meta
[2.368s] -- Up-to-date: /home/nicola/mobileRobotics/colcon_ws/install/turtlebot3_description/share/turtlebot3_description/meshes/bases/waffle_base_12.asset
[2.368s] -- Up-to-date: /home/nicola/mobileRobotics/colcon_ws/install/turtlebot3_description/share/turtlebot3_description/meshes/bases/burger_base_1.asset
[2.368s] -- Up-to-date: /home/nicola/mobileRobotics/colcon_ws/install/turtlebot3_description/share/turtlebot3_description/meshes/bases/waffle_pi_base.stl.meta
[2.368s] -- Up-to-date: /home/nicola/mobileRobotics/colcon_ws/install/turtlebot3_description/share/turtlebot3_description/meshes/bases/burger_base_0.asset.meta
[2.368s] -- Up-to-date: /home/nicola/mobileRobotics/colcon_ws/install/turtlebot3_description/share/turtlebot3_description/meshes/bases/waffle_base_1.asset
[2.369s] -- Up-to-date: /home/nicola/mobileRobotics/colcon_ws/install/turtlebot3_description/share/turtlebot3_description/meshes/bases/waffle_base_14.asset.meta
[2.370s] -- Up-to-date: /home/nicola/mobileRobotics/colcon_ws/install/turtlebot3_description/share/turtlebot3_description/meshes/bases/burger_base_2.asset
[2.370s] -- Up-to-date: /home/nicola/mobileRobotics/colcon_ws/install/turtlebot3_description/share/turtlebot3_description/meshes/bases/waffle_pi_base_6.asset.meta
[2.370s] -- Up-to-date: /home/nicola/mobileRobotics/colcon_ws/install/turtlebot3_description/share/turtlebot3_description/meshes/bases/waffle_base_12.asset.meta
[2.371s] -- Up-to-date: /home/nicola/mobileRobotics/colcon_ws/install/turtlebot3_description/share/turtlebot3_description/meshes/bases/waffle_pi_base_1.asset.meta
[2.371s] -- Up-to-date: /home/nicola/mobileRobotics/colcon_ws/install/turtlebot3_description/share/turtlebot3_description/meshes/bases/waffle_base_5.asset
[2.371s] -- Up-to-date: /home/nicola/mobileRobotics/colcon_ws/install/turtlebot3_description/share/turtlebot3_description/meshes/bases/waffle_pi_base_5.asset
[2.372s] -- Up-to-date: /home/nicola/mobileRobotics/colcon_ws/install/turtlebot3_description/share/turtlebot3_description/meshes/bases/waffle_pi_base_2.asset.meta
[2.372s] -- Up-to-date: /home/nicola/mobileRobotics/colcon_ws/install/turtlebot3_description/share/turtlebot3_description/meshes/bases/waffle_base_0.asset.meta
[2.372s] -- Up-to-date: /home/nicola/mobileRobotics/colcon_ws/install/turtlebot3_description/share/turtlebot3_description/meshes/sensors
[2.373s] -- Up-to-date: /home/nicola/mobileRobotics/colcon_ws/install/turtlebot3_description/share/turtlebot3_description/meshes/sensors/lds_0.asset
[2.373s] -- Up-to-date: /home/nicola/mobileRobotics/colcon_ws/install/turtlebot3_description/share/turtlebot3_description/meshes/sensors/r200.jpg.meta
[2.374s] -- Up-to-date: /home/nicola/mobileRobotics/colcon_ws/install/turtlebot3_description/share/turtlebot3_description/meshes/sensors/astra.jpg
[2.374s] -- Up-to-date: /home/nicola/mobileRobotics/colcon_ws/install/turtlebot3_description/share/turtlebot3_description/meshes/sensors/lds_0.asset.meta
[2.374s] -- Up-to-date: /home/nicola/mobileRobotics/colcon_ws/install/turtlebot3_description/share/turtlebot3_description/meshes/sensors/astra.jpg.meta
[2.375s] -- Up-to-date: /home/nicola/mobileRobotics/colcon_ws/install/turtlebot3_description/share/turtlebot3_description/meshes/sensors/lds.prefab.meta
[2.376s] -- Up-to-date: /home/nicola/mobileRobotics/colcon_ws/install/turtlebot3_description/share/turtlebot3_description/meshes/sensors/lds.stl.meta
[2.377s] -- Up-to-date: /home/nicola/mobileRobotics/colcon_ws/install/turtlebot3_description/share/turtlebot3_description/meshes/sensors/astra.dae.meta
[2.377s] -- Up-to-date: /home/nicola/mobileRobotics/colcon_ws/install/turtlebot3_description/share/turtlebot3_description/meshes/sensors/astra.dae
[2.377s] -- Up-to-date: /home/nicola/mobileRobotics/colcon_ws/install/turtlebot3_description/share/turtlebot3_description/meshes/sensors/lds.prefab
[2.377s] -- Up-to-date: /home/nicola/mobileRobotics/colcon_ws/install/turtlebot3_description/share/turtlebot3_description/meshes/sensors/r200.dae.meta
[2.378s] -- Up-to-date: /home/nicola/mobileRobotics/colcon_ws/install/turtlebot3_description/share/turtlebot3_description/meshes/sensors/r200.dae
[2.378s] -- Up-to-date: /home/nicola/mobileRobotics/colcon_ws/install/turtlebot3_description/share/turtlebot3_description/meshes/sensors/r200.jpg
[2.379s] -- Up-to-date: /home/nicola/mobileRobotics/colcon_ws/install/turtlebot3_description/share/turtlebot3_description/meshes/sensors/lds.stl
[2.380s] -- Up-to-date: /home/nicola/mobileRobotics/colcon_ws/install/turtlebot3_description/share/turtlebot3_description/meshes/wheels
[2.380s] -- Up-to-date: /home/nicola/mobileRobotics/colcon_ws/install/turtlebot3_description/share/turtlebot3_description/meshes/wheels/left_tire_0.asset.meta
[2.380s] -- Up-to-date: /home/nicola/mobileRobotics/colcon_ws/install/turtlebot3_description/share/turtlebot3_description/meshes/wheels/left_tire.stl
[2.381s] -- Up-to-date: /home/nicola/mobileRobotics/colcon_ws/install/turtlebot3_description/share/turtlebot3_description/meshes/wheels/left_tire.prefab
[2.381s] -- Up-to-date: /home/nicola/mobileRobotics/colcon_ws/install/turtlebot3_description/share/turtlebot3_description/meshes/wheels/right_tire.prefab.meta
[2.382s] -- Up-to-date: /home/nicola/mobileRobotics/colcon_ws/install/turtlebot3_description/share/turtlebot3_description/meshes/wheels/right_tire_0.asset.meta
[2.382s] -- Up-to-date: /home/nicola/mobileRobotics/colcon_ws/install/turtlebot3_description/share/turtlebot3_description/meshes/wheels/right_tire_0.asset
[2.383s] -- Up-to-date: /home/nicola/mobileRobotics/colcon_ws/install/turtlebot3_description/share/turtlebot3_description/meshes/wheels/right_tire.prefab
[2.383s] -- Up-to-date: /home/nicola/mobileRobotics/colcon_ws/install/turtlebot3_description/share/turtlebot3_description/meshes/wheels/left_tire.prefab.meta
[2.384s] -- Up-to-date: /home/nicola/mobileRobotics/colcon_ws/install/turtlebot3_description/share/turtlebot3_description/meshes/wheels/left_tire_0.asset
[2.384s] -- Up-to-date: /home/nicola/mobileRobotics/colcon_ws/install/turtlebot3_description/share/turtlebot3_description/meshes/wheels/right_tire.stl
[2.384s] -- Up-to-date: /home/nicola/mobileRobotics/colcon_ws/install/turtlebot3_description/share/turtlebot3_description/meshes/wheels/right_tire.stl.meta
[2.384s] -- Up-to-date: /home/nicola/mobileRobotics/colcon_ws/install/turtlebot3_description/share/turtlebot3_description/meshes/wheels/left_tire.stl.meta
[2.385s] -- Up-to-date: /home/nicola/mobileRobotics/colcon_ws/install/turtlebot3_description/share/turtlebot3_description/urdf
[2.387s] -- Up-to-date: /home/nicola/mobileRobotics/colcon_ws/install/turtlebot3_description/share/turtlebot3_description/urdf/turtlebot3_burger.urdf
[2.388s] -- Up-to-date: /home/nicola/mobileRobotics/colcon_ws/install/turtlebot3_description/share/turtlebot3_description/urdf/common_properties.urdf
[2.388s] -- Up-to-date: /home/nicola/mobileRobotics/colcon_ws/install/turtlebot3_description/share/ament_index/resource_index/package_run_dependencies/turtlebot3_description
[2.388s] -- Up-to-date: /home/nicola/mobileRobotics/colcon_ws/install/turtlebot3_description/share/ament_index/resource_index/parent_prefix_path/turtlebot3_description
[2.388s] -- Up-to-date: /home/nicola/mobileRobotics/colcon_ws/install/turtlebot3_description/share/turtlebot3_description/environment/ament_prefix_path.sh
[2.388s] -- Up-to-date: /home/nicola/mobileRobotics/colcon_ws/install/turtlebot3_description/share/turtlebot3_description/environment/ament_prefix_path.dsv
[2.389s] -- Up-to-date: /home/nicola/mobileRobotics/colcon_ws/install/turtlebot3_description/share/turtlebot3_description/environment/path.sh
[2.389s] -- Up-to-date: /home/nicola/mobileRobotics/colcon_ws/install/turtlebot3_description/share/turtlebot3_description/environment/path.dsv
[2.389s] -- Up-to-date: /home/nicola/mobileRobotics/colcon_ws/install/turtlebot3_description/share/turtlebot3_description/local_setup.bash
[2.389s] -- Up-to-date: /home/nicola/mobileRobotics/colcon_ws/install/turtlebot3_description/share/turtlebot3_description/local_setup.sh
[2.389s] -- Up-to-date: /home/nicola/mobileRobotics/colcon_ws/install/turtlebot3_description/share/turtlebot3_description/local_setup.zsh
[2.389s] -- Up-to-date: /home/nicola/mobileRobotics/colcon_ws/install/turtlebot3_description/share/turtlebot3_description/local_setup.dsv
[2.390s] -- Installing: /home/nicola/mobileRobotics/colcon_ws/install/turtlebot3_description/share/turtlebot3_description/package.dsv
[2.392s] -- Up-to-date: /home/nicola/mobileRobotics/colcon_ws/install/turtlebot3_description/share/ament_index/resource_index/packages/turtlebot3_description
[2.392s] -- Up-to-date: /home/nicola/mobileRobotics/colcon_ws/install/turtlebot3_description/share/turtlebot3_description/cmake/ament_cmake_export_dependencies-extras.cmake
[2.392s] -- Up-to-date: /home/nicola/mobileRobotics/colcon_ws/install/turtlebot3_description/share/turtlebot3_description/cmake/turtlebot3_descriptionConfig.cmake
[2.392s] -- Up-to-date: /home/nicola/mobileRobotics/colcon_ws/install/turtlebot3_description/share/turtlebot3_description/cmake/turtlebot3_descriptionConfig-version.cmake
[2.392s] -- Up-to-date: /home/nicola/mobileRobotics/colcon_ws/install/turtlebot3_description/share/turtlebot3_description/package.xml
[2.393s] Invoked command in '/home/nicola/mobileRobotics/colcon_ws/build/turtlebot3_description' returned '0': CMAKE_PREFIX_PATH=${CMAKE_PREFIX_PATH}:/opt/ros/foxy:/home/nicola/mobileRobotics/colcon_ws/install/turtlebot3_visualizer:/home/nicola/mobileRobotics/colcon_ws/install/turtlebot3_follow:/home/nicola/mobileRobotics/colcon_ws/install/turtlebot3_NavSLAM:/home/nicola/mobileRobotics/colcon_ws/install/turtlebot3_HighLevelControl /usr/bin/cmake --install /home/nicola/mobileRobotics/colcon_ws/build/turtlebot3_description
