[2.787s] Invoking command in '/home/nicola/colcon_ws/src/turtlebot3_visualizer': PYTHONPATH=/home/nicola/colcon_ws/install/turtlebot3_visualizer/lib/python3.8/site-packages:${PYTHONPATH} /usr/bin/python3 setup.py egg_info --egg-base ../../build/turtlebot3_visualizer build --build-base /home/nicola/colcon_ws/build/turtlebot3_visualizer/build install --prefix /home/nicola/colcon_ws/install/turtlebot3_visualizer --record /home/nicola/colcon_ws/build/turtlebot3_visualizer/install.log --single-version-externally-managed
[3.360s] running egg_info
[3.362s] writing ../../build/turtlebot3_visualizer/turtlebot3_visualizer.egg-info/PKG-INFO
[3.363s] writing dependency_links to ../../build/turtlebot3_visualizer/turtlebot3_visualizer.egg-info/dependency_links.txt
[3.364s] writing entry points to ../../build/turtlebot3_visualizer/turtlebot3_visualizer.egg-info/entry_points.txt
[3.365s] writing requirements to ../../build/turtlebot3_visualizer/turtlebot3_visualizer.egg-info/requires.txt
[3.365s] writing top-level names to ../../build/turtlebot3_visualizer/turtlebot3_visualizer.egg-info/top_level.txt
[3.453s] reading manifest file '../../build/turtlebot3_visualizer/turtlebot3_visualizer.egg-info/SOURCES.txt'
[3.455s] writing manifest file '../../build/turtlebot3_visualizer/turtlebot3_visualizer.egg-info/SOURCES.txt'
[3.456s] running build
[3.456s] running build_py
[3.456s] running install
[3.458s] running install_lib
[3.462s] running install_data
[3.463s] running install_egg_info
[3.468s] removing '/home/nicola/colcon_ws/install/turtlebot3_visualizer/lib/python3.8/site-packages/turtlebot3_visualizer-0.0.0-py3.8.egg-info' (and everything under it)
[3.469s] Copying ../../build/turtlebot3_visualizer/turtlebot3_visualizer.egg-info to /home/nicola/colcon_ws/install/turtlebot3_visualizer/lib/python3.8/site-packages/turtlebot3_visualizer-0.0.0-py3.8.egg-info
[3.471s] running install_scripts
[3.516s] writing list of installed files to '/home/nicola/colcon_ws/build/turtlebot3_visualizer/install.log'
[3.571s] Invoked command in '/home/nicola/colcon_ws/src/turtlebot3_visualizer' returned '0': PYTHONPATH=/home/nicola/colcon_ws/install/turtlebot3_visualizer/lib/python3.8/site-packages:${PYTHONPATH} /usr/bin/python3 setup.py egg_info --egg-base ../../build/turtlebot3_visualizer build --build-base /home/nicola/colcon_ws/build/turtlebot3_visualizer/build install --prefix /home/nicola/colcon_ws/install/turtlebot3_visualizer --record /home/nicola/colcon_ws/build/turtlebot3_visualizer/install.log --single-version-externally-managed
