[2.338s] Invoking command in '/home/nicola/mobileRobotics/colcon_ws/src/turtlebot3_follow': PYTHONPATH=/home/nicola/mobileRobotics/colcon_ws/install/turtlebot3_follow/lib/python3.8/site-packages:${PYTHONPATH} /usr/bin/python3 setup.py egg_info --egg-base ../../build/turtlebot3_follow build --build-base /home/nicola/mobileRobotics/colcon_ws/build/turtlebot3_follow/build install --prefix /home/nicola/mobileRobotics/colcon_ws/install/turtlebot3_follow --record /home/nicola/mobileRobotics/colcon_ws/build/turtlebot3_follow/install.log --single-version-externally-managed
[2.988s] running egg_info
[2.989s] creating ../../build/turtlebot3_follow/turtlebot3_follow.egg-info
[2.990s] writing ../../build/turtlebot3_follow/turtlebot3_follow.egg-info/PKG-INFO
[2.990s] writing dependency_links to ../../build/turtlebot3_follow/turtlebot3_follow.egg-info/dependency_links.txt
[2.990s] writing entry points to ../../build/turtlebot3_follow/turtlebot3_follow.egg-info/entry_points.txt
[2.991s] writing requirements to ../../build/turtlebot3_follow/turtlebot3_follow.egg-info/requires.txt
[2.991s] writing top-level names to ../../build/turtlebot3_follow/turtlebot3_follow.egg-info/top_level.txt
[2.992s] writing manifest file '../../build/turtlebot3_follow/turtlebot3_follow.egg-info/SOURCES.txt'
[3.048s] reading manifest file '../../build/turtlebot3_follow/turtlebot3_follow.egg-info/SOURCES.txt'
[3.049s] writing manifest file '../../build/turtlebot3_follow/turtlebot3_follow.egg-info/SOURCES.txt'
[3.050s] running build
[3.050s] running build_py
[3.050s] creating /home/nicola/mobileRobotics/colcon_ws/build/turtlebot3_follow/build
[3.050s] creating /home/nicola/mobileRobotics/colcon_ws/build/turtlebot3_follow/build/lib
[3.050s] creating /home/nicola/mobileRobotics/colcon_ws/build/turtlebot3_follow/build/lib/turtlebot3_follow
[3.050s] copying turtlebot3_follow/__init__.py -> /home/nicola/mobileRobotics/colcon_ws/build/turtlebot3_follow/build/lib/turtlebot3_follow
[3.050s] copying turtlebot3_follow/follow.py -> /home/nicola/mobileRobotics/colcon_ws/build/turtlebot3_follow/build/lib/turtlebot3_follow
[3.050s] running install
[3.051s] running install_lib
[3.053s] creating /home/nicola/mobileRobotics/colcon_ws/install/turtlebot3_follow/lib/python3.8/site-packages/turtlebot3_follow
[3.053s] copying /home/nicola/mobileRobotics/colcon_ws/build/turtlebot3_follow/build/lib/turtlebot3_follow/__init__.py -> /home/nicola/mobileRobotics/colcon_ws/install/turtlebot3_follow/lib/python3.8/site-packages/turtlebot3_follow
[3.053s] copying /home/nicola/mobileRobotics/colcon_ws/build/turtlebot3_follow/build/lib/turtlebot3_follow/follow.py -> /home/nicola/mobileRobotics/colcon_ws/install/turtlebot3_follow/lib/python3.8/site-packages/turtlebot3_follow
[3.054s] byte-compiling /home/nicola/mobileRobotics/colcon_ws/install/turtlebot3_follow/lib/python3.8/site-packages/turtlebot3_follow/__init__.py to __init__.cpython-38.pyc
[3.056s] byte-compiling /home/nicola/mobileRobotics/colcon_ws/install/turtlebot3_follow/lib/python3.8/site-packages/turtlebot3_follow/follow.py to follow.cpython-38.pyc
[3.057s] running install_data
[3.058s] creating /home/nicola/mobileRobotics/colcon_ws/install/turtlebot3_follow/share/ament_index
[3.058s] creating /home/nicola/mobileRobotics/colcon_ws/install/turtlebot3_follow/share/ament_index/resource_index
[3.058s] creating /home/nicola/mobileRobotics/colcon_ws/install/turtlebot3_follow/share/ament_index/resource_index/packages
[3.058s] copying resource/turtlebot3_follow -> /home/nicola/mobileRobotics/colcon_ws/install/turtlebot3_follow/share/ament_index/resource_index/packages
[3.058s] copying package.xml -> /home/nicola/mobileRobotics/colcon_ws/install/turtlebot3_follow/share/turtlebot3_follow
[3.058s] running install_egg_info
[3.062s] Copying ../../build/turtlebot3_follow/turtlebot3_follow.egg-info to /home/nicola/mobileRobotics/colcon_ws/install/turtlebot3_follow/lib/python3.8/site-packages/turtlebot3_follow-0.0.0-py3.8.egg-info
[3.063s] running install_scripts
[3.090s] Installing turtlebot3_follow script to /home/nicola/mobileRobotics/colcon_ws/install/turtlebot3_follow/lib/turtlebot3_follow
[3.091s] writing list of installed files to '/home/nicola/mobileRobotics/colcon_ws/build/turtlebot3_follow/install.log'
[3.144s] Invoked command in '/home/nicola/mobileRobotics/colcon_ws/src/turtlebot3_follow' returned '0': PYTHONPATH=/home/nicola/mobileRobotics/colcon_ws/install/turtlebot3_follow/lib/python3.8/site-packages:${PYTHONPATH} /usr/bin/python3 setup.py egg_info --egg-base ../../build/turtlebot3_follow build --build-base /home/nicola/mobileRobotics/colcon_ws/build/turtlebot3_follow/build install --prefix /home/nicola/mobileRobotics/colcon_ws/install/turtlebot3_follow --record /home/nicola/mobileRobotics/colcon_ws/build/turtlebot3_follow/install.log --single-version-externally-managed
