[4.142s] Invoking command in '/home/nicola/mobileRobotics/colcon_ws/build/turtlebot3_description': CMAKE_PREFIX_PATH=${CMAKE_PREFIX_PATH}:/opt/ros/foxy:/home/nicola/mobileRobotics/colcon_ws/install/turtlebot3_visualizer:/home/nicola/mobileRobotics/colcon_ws/install/turtlebot3_follow:/home/nicola/mobileRobotics/colcon_ws/install/turtlebot3_NavSLAM:/home/nicola/mobileRobotics/colcon_ws/install/turtlebot3_HighLevelControl /usr/bin/cmake --build /home/nicola/mobileRobotics/colcon_ws/build/turtlebot3_description -- -j8 -l8
[8.626s] Invoked command in '/home/nicola/mobileRobotics/colcon_ws/build/turtlebot3_description' returned '0': CMAKE_PREFIX_PATH=${CMAKE_PREFIX_PATH}:/opt/ros/foxy:/home/nicola/mobileRobotics/colcon_ws/install/turtlebot3_visualizer:/home/nicola/mobileRobotics/colcon_ws/install/turtlebot3_follow:/home/nicola/mobileRobotics/colcon_ws/install/turtlebot3_NavSLAM:/home/nicola/mobileRobotics/colcon_ws/install/turtlebot3_HighLevelControl /usr/bin/cmake --build /home/nicola/mobileRobotics/colcon_ws/build/turtlebot3_description -- -j8 -l8
[8.864s] Invoking command in '/home/nicola/mobileRobotics/colcon_ws/build/turtlebot3_description': CMAKE_PREFIX_PATH=${CMAKE_PREFIX_PATH}:/opt/ros/foxy:/home/nicola/mobileRobotics/colcon_ws/install/turtlebot3_visualizer:/home/nicola/mobileRobotics/colcon_ws/install/turtlebot3_follow:/home/nicola/mobileRobotics/colcon_ws/install/turtlebot3_NavSLAM:/home/nicola/mobileRobotics/colcon_ws/install/turtlebot3_HighLevelControl /usr/bin/cmake --install /home/nicola/mobileRobotics/colcon_ws/build/turtlebot3_description
[8.949s] -- Install configuration: ""
[8.951s] -- Up-to-date: /home/nicola/mobileRobotics/colcon_ws/install/turtlebot3_description/share/turtlebot3_description/meshes
[8.952s] -- Up-to-date: /home/nicola/mobileRobotics/colcon_ws/install/turtlebot3_description/share/turtlebot3_description/meshes/bases
[8.953s] -- Up-to-date: /home/nicola/mobileRobotics/colcon_ws/install/turtlebot3_description/share/turtlebot3_description/meshes/bases/burger_base.stl
[8.953s] -- Up-to-date: /home/nicola/mobileRobotics/colcon_ws/install/turtlebot3_description/share/turtlebot3_description/meshes/bases/burger_base_2.asset.meta
[8.956s] -- Up-to-date: /home/nicola/mobileRobotics/colcon_ws/install/turtlebot3_description/share/turtlebot3_description/meshes/bases/waffle_pi_base_0.asset.meta
[8.959s] -- Up-to-date: /home/nicola/mobileRobotics/colcon_ws/install/turtlebot3_description/share/turtlebot3_description/meshes/bases/waffle_pi_base_5.asset.meta
[8.961s] -- Up-to-date: /home/nicola/mobileRobotics/colcon_ws/install/turtlebot3_description/share/turtlebot3_description/meshes/bases/burger_base_0.asset
[8.961s] -- Up-to-date: /home/nicola/mobileRobotics/colcon_ws/install/turtlebot3_description/share/turtlebot3_description/meshes/bases/waffle_base_7.asset
[8.962s] -- Up-to-date: /home/nicola/mobileRobotics/colcon_ws/install/turtlebot3_description/share/turtlebot3_description/meshes/bases/burger_base_4.asset
[8.963s] -- Up-to-date: /home/nicola/mobileRobotics/colcon_ws/install/turtlebot3_description/share/turtlebot3_description/meshes/bases/waffle_base.prefab
[8.963s] -- Up-to-date: /home/nicola/mobileRobotics/colcon_ws/install/turtlebot3_description/share/turtlebot3_description/meshes/bases/burger_base_4.asset.meta
[8.964s] -- Up-to-date: /home/nicola/mobileRobotics/colcon_ws/install/turtlebot3_description/share/turtlebot3_description/meshes/bases/waffle_base_14.asset
[8.965s] -- Up-to-date: /home/nicola/mobileRobotics/colcon_ws/install/turtlebot3_description/share/turtlebot3_description/meshes/bases/burger_base.prefab
[8.966s] -- Up-to-date: /home/nicola/mobileRobotics/colcon_ws/install/turtlebot3_description/share/turtlebot3_description/meshes/bases/burger_base.stl.meta
[8.967s] -- Up-to-date: /home/nicola/mobileRobotics/colcon_ws/install/turtlebot3_description/share/turtlebot3_description/meshes/bases/waffle_base_3.asset.meta
[8.968s] -- Up-to-date: /home/nicola/mobileRobotics/colcon_ws/install/turtlebot3_description/share/turtlebot3_description/meshes/bases/waffle_base_8.asset
[8.970s] -- Up-to-date: /home/nicola/mobileRobotics/colcon_ws/install/turtlebot3_description/share/turtlebot3_description/meshes/bases/waffle_pi_base_4.asset.meta
[8.971s] -- Up-to-date: /home/nicola/mobileRobotics/colcon_ws/install/turtlebot3_description/share/turtlebot3_description/meshes/bases/waffle_pi_base_3.asset.meta
[8.972s] -- Up-to-date: /home/nicola/mobileRobotics/colcon_ws/install/turtlebot3_description/share/turtlebot3_description/meshes/bases/waffle_pi_base_2.asset
[8.973s] -- Up-to-date: /home/nicola/mobileRobotics/colcon_ws/install/turtlebot3_description/share/turtlebot3_description/meshes/bases/burger_base_3.asset
[8.975s] -- Up-to-date: /home/nicola/mobileRobotics/colcon_ws/install/turtlebot3_description/share/turtlebot3_description/meshes/bases/waffle_base_4.asset.meta
[8.979s] -- Up-to-date: /home/nicola/mobileRobotics/colcon_ws/install/turtlebot3_description/share/turtlebot3_description/meshes/bases/waffle_base_8.asset.meta
[8.981s] -- Up-to-date: /home/nicola/mobileRobotics/colcon_ws/install/turtlebot3_description/share/turtlebot3_description/meshes/bases/waffle_base_9.asset
[8.986s] -- Up-to-date: /home/nicola/mobileRobotics/colcon_ws/install/turtlebot3_description/share/turtlebot3_description/meshes/bases/burger_base.prefab.meta
[8.987s] -- Up-to-date: /home/nicola/mobileRobotics/colcon_ws/install/turtlebot3_description/share/turtlebot3_description/meshes/bases/waffle_base_2.asset.meta
[8.987s] -- Up-to-date: /home/nicola/mobileRobotics/colcon_ws/install/turtlebot3_description/share/turtlebot3_description/meshes/bases/waffle_pi_base_0.asset
[8.988s] -- Up-to-date: /home/nicola/mobileRobotics/colcon_ws/install/turtlebot3_description/share/turtlebot3_description/meshes/bases/waffle_base_6.asset.meta
[8.989s] -- Up-to-date: /home/nicola/mobileRobotics/colcon_ws/install/turtlebot3_description/share/turtlebot3_description/meshes/bases/waffle_pi_base.prefab.meta
[8.991s] -- Up-to-date: /home/nicola/mobileRobotics/colcon_ws/install/turtlebot3_description/share/turtlebot3_description/meshes/bases/waffle_base_2.asset
[8.992s] -- Up-to-date: /home/nicola/mobileRobotics/colcon_ws/install/turtlebot3_description/share/turtlebot3_description/meshes/bases/waffle_base_10.asset
[8.993s] -- Up-to-date: /home/nicola/mobileRobotics/colcon_ws/install/turtlebot3_description/share/turtlebot3_description/meshes/bases/burger_base_1.asset.meta
[8.995s] -- Up-to-date: /home/nicola/mobileRobotics/colcon_ws/install/turtlebot3_description/share/turtlebot3_description/meshes/bases/waffle_pi_base.stl
[8.996s] -- Up-to-date: /home/nicola/mobileRobotics/colcon_ws/install/turtlebot3_description/share/turtlebot3_description/meshes/bases/waffle_base_10.asset.meta
[8.998s] -- Up-to-date: /home/nicola/mobileRobotics/colcon_ws/install/turtlebot3_description/share/turtlebot3_description/meshes/bases/waffle_base_4.asset
[8.999s] -- Up-to-date: /home/nicola/mobileRobotics/colcon_ws/install/turtlebot3_description/share/turtlebot3_description/meshes/bases/waffle_base.stl
[9.006s] -- Up-to-date: /home/nicola/mobileRobotics/colcon_ws/install/turtlebot3_description/share/turtlebot3_description/meshes/bases/waffle_base_1.asset.meta
[9.007s] -- Up-to-date: /home/nicola/mobileRobotics/colcon_ws/install/turtlebot3_description/share/turtlebot3_description/meshes/bases/waffle_base_13.asset.meta
[9.008s] -- Up-to-date: /home/nicola/mobileRobotics/colcon_ws/install/turtlebot3_description/share/turtlebot3_description/meshes/bases/waffle_base_0.asset
[9.011s] -- Up-to-date: /home/nicola/mobileRobotics/colcon_ws/install/turtlebot3_description/share/turtlebot3_description/meshes/bases/waffle_pi_base_7.asset
[9.012s] -- Up-to-date: /home/nicola/mobileRobotics/colcon_ws/install/turtlebot3_description/share/turtlebot3_description/meshes/bases/waffle_base_6.asset
[9.015s] -- Up-to-date: /home/nicola/mobileRobotics/colcon_ws/install/turtlebot3_description/share/turtlebot3_description/meshes/bases/waffle_pi_base_7.asset.meta
[9.015s] -- Up-to-date: /home/nicola/mobileRobotics/colcon_ws/install/turtlebot3_description/share/turtlebot3_description/meshes/bases/waffle_base_3.asset
[9.016s] -- Up-to-date: /home/nicola/mobileRobotics/colcon_ws/install/turtlebot3_description/share/turtlebot3_description/meshes/bases/waffle_base_11.asset
[9.017s] -- Up-to-date: /home/nicola/mobileRobotics/colcon_ws/install/turtlebot3_description/share/turtlebot3_description/meshes/bases/waffle_base_9.asset.meta
[9.017s] -- Up-to-date: /home/nicola/mobileRobotics/colcon_ws/install/turtlebot3_description/share/turtlebot3_description/meshes/bases/waffle_pi_base_4.asset
[9.018s] -- Up-to-date: /home/nicola/mobileRobotics/colcon_ws/install/turtlebot3_description/share/turtlebot3_description/meshes/bases/waffle_base_13.asset
[9.019s] -- Up-to-date: /home/nicola/mobileRobotics/colcon_ws/install/turtlebot3_description/share/turtlebot3_description/meshes/bases/waffle_base_5.asset.meta
[9.019s] -- Up-to-date: /home/nicola/mobileRobotics/colcon_ws/install/turtlebot3_description/share/turtlebot3_description/meshes/bases/waffle_pi_base_6.asset
[9.022s] -- Up-to-date: /home/nicola/mobileRobotics/colcon_ws/install/turtlebot3_description/share/turtlebot3_description/meshes/bases/waffle_pi_base_3.asset
[9.027s] -- Up-to-date: /home/nicola/mobileRobotics/colcon_ws/install/turtlebot3_description/share/turtlebot3_description/meshes/bases/waffle_base.stl.meta
[9.028s] -- Up-to-date: /home/nicola/mobileRobotics/colcon_ws/install/turtlebot3_description/share/turtlebot3_description/meshes/bases/burger_base_3.asset.meta
[9.029s] -- Up-to-date: /home/nicola/mobileRobotics/colcon_ws/install/turtlebot3_description/share/turtlebot3_description/meshes/bases/waffle_base_11.asset.meta
[9.029s] -- Up-to-date: /home/nicola/mobileRobotics/colcon_ws/install/turtlebot3_description/share/turtlebot3_description/meshes/bases/waffle_pi_base_1.asset
[9.050s] -- Up-to-date: /home/nicola/mobileRobotics/colcon_ws/install/turtlebot3_description/share/turtlebot3_description/meshes/bases/waffle_base_7.asset.meta
[9.052s] -- Up-to-date: /home/nicola/mobileRobotics/colcon_ws/install/turtlebot3_description/share/turtlebot3_description/meshes/bases/waffle_pi_base.prefab
[9.053s] -- Up-to-date: /home/nicola/mobileRobotics/colcon_ws/install/turtlebot3_description/share/turtlebot3_description/meshes/bases/waffle_base.prefab.meta
[9.055s] -- Up-to-date: /home/nicola/mobileRobotics/colcon_ws/install/turtlebot3_description/share/turtlebot3_description/meshes/bases/waffle_base_12.asset
[9.057s] -- Up-to-date: /home/nicola/mobileRobotics/colcon_ws/install/turtlebot3_description/share/turtlebot3_description/meshes/bases/burger_base_1.asset
[9.058s] -- Up-to-date: /home/nicola/mobileRobotics/colcon_ws/install/turtlebot3_description/share/turtlebot3_description/meshes/bases/waffle_pi_base.stl.meta
[9.059s] -- Up-to-date: /home/nicola/mobileRobotics/colcon_ws/install/turtlebot3_description/share/turtlebot3_description/meshes/bases/burger_base_0.asset.meta
[9.059s] -- Up-to-date: /home/nicola/mobileRobotics/colcon_ws/install/turtlebot3_description/share/turtlebot3_description/meshes/bases/waffle_base_1.asset
[9.060s] -- Up-to-date: /home/nicola/mobileRobotics/colcon_ws/install/turtlebot3_description/share/turtlebot3_description/meshes/bases/waffle_base_14.asset.meta
[9.061s] -- Up-to-date: /home/nicola/mobileRobotics/colcon_ws/install/turtlebot3_description/share/turtlebot3_description/meshes/bases/burger_base_2.asset
[9.061s] -- Up-to-date: /home/nicola/mobileRobotics/colcon_ws/install/turtlebot3_description/share/turtlebot3_description/meshes/bases/waffle_pi_base_6.asset.meta
[9.062s] -- Up-to-date: /home/nicola/mobileRobotics/colcon_ws/install/turtlebot3_description/share/turtlebot3_description/meshes/bases/waffle_base_12.asset.meta
[9.063s] -- Up-to-date: /home/nicola/mobileRobotics/colcon_ws/install/turtlebot3_description/share/turtlebot3_description/meshes/bases/waffle_pi_base_1.asset.meta
[9.064s] -- Up-to-date: /home/nicola/mobileRobotics/colcon_ws/install/turtlebot3_description/share/turtlebot3_description/meshes/bases/waffle_base_5.asset
[9.065s] -- Up-to-date: /home/nicola/mobileRobotics/colcon_ws/install/turtlebot3_description/share/turtlebot3_description/meshes/bases/waffle_pi_base_5.asset
[9.067s] -- Up-to-date: /home/nicola/mobileRobotics/colcon_ws/install/turtlebot3_description/share/turtlebot3_description/meshes/bases/waffle_pi_base_2.asset.meta
[9.068s] -- Up-to-date: /home/nicola/mobileRobotics/colcon_ws/install/turtlebot3_description/share/turtlebot3_description/meshes/bases/waffle_base_0.asset.meta
[9.069s] -- Up-to-date: /home/nicola/mobileRobotics/colcon_ws/install/turtlebot3_description/share/turtlebot3_description/meshes/sensors
[9.069s] -- Up-to-date: /home/nicola/mobileRobotics/colcon_ws/install/turtlebot3_description/share/turtlebot3_description/meshes/sensors/lds_0.asset
[9.070s] -- Up-to-date: /home/nicola/mobileRobotics/colcon_ws/install/turtlebot3_description/share/turtlebot3_description/meshes/sensors/r200.jpg.meta
[9.072s] -- Up-to-date: /home/nicola/mobileRobotics/colcon_ws/install/turtlebot3_description/share/turtlebot3_description/meshes/sensors/astra.jpg
[9.074s] -- Up-to-date: /home/nicola/mobileRobotics/colcon_ws/install/turtlebot3_description/share/turtlebot3_description/meshes/sensors/lds_0.asset.meta
[9.075s] -- Up-to-date: /home/nicola/mobileRobotics/colcon_ws/install/turtlebot3_description/share/turtlebot3_description/meshes/sensors/astra.jpg.meta
[9.077s] -- Up-to-date: /home/nicola/mobileRobotics/colcon_ws/install/turtlebot3_description/share/turtlebot3_description/meshes/sensors/lds.prefab.meta
[9.078s] -- Up-to-date: /home/nicola/mobileRobotics/colcon_ws/install/turtlebot3_description/share/turtlebot3_description/meshes/sensors/lds.stl.meta
[9.080s] -- Up-to-date: /home/nicola/mobileRobotics/colcon_ws/install/turtlebot3_description/share/turtlebot3_description/meshes/sensors/astra.dae.meta
[9.082s] -- Up-to-date: /home/nicola/mobileRobotics/colcon_ws/install/turtlebot3_description/share/turtlebot3_description/meshes/sensors/astra.dae
[9.083s] -- Up-to-date: /home/nicola/mobileRobotics/colcon_ws/install/turtlebot3_description/share/turtlebot3_description/meshes/sensors/lds.prefab
[9.084s] -- Up-to-date: /home/nicola/mobileRobotics/colcon_ws/install/turtlebot3_description/share/turtlebot3_description/meshes/sensors/r200.dae.meta
[9.086s] -- Up-to-date: /home/nicola/mobileRobotics/colcon_ws/install/turtlebot3_description/share/turtlebot3_description/meshes/sensors/r200.dae
[9.087s] -- Up-to-date: /home/nicola/mobileRobotics/colcon_ws/install/turtlebot3_description/share/turtlebot3_description/meshes/sensors/r200.jpg
[9.088s] -- Up-to-date: /home/nicola/mobileRobotics/colcon_ws/install/turtlebot3_description/share/turtlebot3_description/meshes/sensors/lds.stl
[9.089s] -- Up-to-date: /home/nicola/mobileRobotics/colcon_ws/install/turtlebot3_description/share/turtlebot3_description/meshes/wheels
[9.090s] -- Up-to-date: /home/nicola/mobileRobotics/colcon_ws/install/turtlebot3_description/share/turtlebot3_description/meshes/wheels/left_tire_0.asset.meta
[9.108s] -- Up-to-date: /home/nicola/mobileRobotics/colcon_ws/install/turtlebot3_description/share/turtlebot3_description/meshes/wheels/left_tire.stl
[9.109s] -- Up-to-date: /home/nicola/mobileRobotics/colcon_ws/install/turtlebot3_description/share/turtlebot3_description/meshes/wheels/left_tire.prefab
[9.111s] -- Up-to-date: /home/nicola/mobileRobotics/colcon_ws/install/turtlebot3_description/share/turtlebot3_description/meshes/wheels/right_tire.prefab.meta
[9.113s] -- Up-to-date: /home/nicola/mobileRobotics/colcon_ws/install/turtlebot3_description/share/turtlebot3_description/meshes/wheels/right_tire_0.asset.meta
[9.117s] -- Up-to-date: /home/nicola/mobileRobotics/colcon_ws/install/turtlebot3_description/share/turtlebot3_description/meshes/wheels/right_tire_0.asset
[9.126s] -- Up-to-date: /home/nicola/mobileRobotics/colcon_ws/install/turtlebot3_description/share/turtlebot3_description/meshes/wheels/right_tire.prefab
[9.127s] -- Up-to-date: /home/nicola/mobileRobotics/colcon_ws/install/turtlebot3_description/share/turtlebot3_description/meshes/wheels/left_tire.prefab.meta
[9.130s] -- Up-to-date: /home/nicola/mobileRobotics/colcon_ws/install/turtlebot3_description/share/turtlebot3_description/meshes/wheels/left_tire_0.asset
[9.132s] -- Up-to-date: /home/nicola/mobileRobotics/colcon_ws/install/turtlebot3_description/share/turtlebot3_description/meshes/wheels/right_tire.stl
[9.135s] -- Up-to-date: /home/nicola/mobileRobotics/colcon_ws/install/turtlebot3_description/share/turtlebot3_description/meshes/wheels/right_tire.stl.meta
[9.136s] -- Up-to-date: /home/nicola/mobileRobotics/colcon_ws/install/turtlebot3_description/share/turtlebot3_description/meshes/wheels/left_tire.stl.meta
[9.137s] -- Up-to-date: /home/nicola/mobileRobotics/colcon_ws/install/turtlebot3_description/share/turtlebot3_description/urdf
[9.137s] -- Up-to-date: /home/nicola/mobileRobotics/colcon_ws/install/turtlebot3_description/share/turtlebot3_description/urdf/turtlebot3_burger.urdf
[9.138s] -- Up-to-date: /home/nicola/mobileRobotics/colcon_ws/install/turtlebot3_description/share/turtlebot3_description/urdf/common_properties.urdf
[9.139s] -- Up-to-date: /home/nicola/mobileRobotics/colcon_ws/install/turtlebot3_description/share/ament_index/resource_index/package_run_dependencies/turtlebot3_description
[9.139s] -- Up-to-date: /home/nicola/mobileRobotics/colcon_ws/install/turtlebot3_description/share/ament_index/resource_index/parent_prefix_path/turtlebot3_description
[9.140s] -- Up-to-date: /home/nicola/mobileRobotics/colcon_ws/install/turtlebot3_description/share/turtlebot3_description/environment/ament_prefix_path.sh
[9.140s] -- Up-to-date: /home/nicola/mobileRobotics/colcon_ws/install/turtlebot3_description/share/turtlebot3_description/environment/ament_prefix_path.dsv
[9.141s] -- Up-to-date: /home/nicola/mobileRobotics/colcon_ws/install/turtlebot3_description/share/turtlebot3_description/environment/path.sh
[9.142s] -- Up-to-date: /home/nicola/mobileRobotics/colcon_ws/install/turtlebot3_description/share/turtlebot3_description/environment/path.dsv
[9.143s] -- Up-to-date: /home/nicola/mobileRobotics/colcon_ws/install/turtlebot3_description/share/turtlebot3_description/local_setup.bash
[9.150s] -- Up-to-date: /home/nicola/mobileRobotics/colcon_ws/install/turtlebot3_description/share/turtlebot3_description/local_setup.sh
[9.182s] -- Up-to-date: /home/nicola/mobileRobotics/colcon_ws/install/turtlebot3_description/share/turtlebot3_description/local_setup.zsh
[9.184s] -- Up-to-date: /home/nicola/mobileRobotics/colcon_ws/install/turtlebot3_description/share/turtlebot3_description/local_setup.dsv
[9.194s] -- Installing: /home/nicola/mobileRobotics/colcon_ws/install/turtlebot3_description/share/turtlebot3_description/package.dsv
[9.206s] -- Up-to-date: /home/nicola/mobileRobotics/colcon_ws/install/turtlebot3_description/share/ament_index/resource_index/packages/turtlebot3_description
[9.219s] -- Up-to-date: /home/nicola/mobileRobotics/colcon_ws/install/turtlebot3_description/share/turtlebot3_description/cmake/ament_cmake_export_dependencies-extras.cmake
[9.220s] -- Up-to-date: /home/nicola/mobileRobotics/colcon_ws/install/turtlebot3_description/share/turtlebot3_description/cmake/turtlebot3_descriptionConfig.cmake
[9.220s] -- Up-to-date: /home/nicola/mobileRobotics/colcon_ws/install/turtlebot3_description/share/turtlebot3_description/cmake/turtlebot3_descriptionConfig-version.cmake
[9.221s] -- Up-to-date: /home/nicola/mobileRobotics/colcon_ws/install/turtlebot3_description/share/turtlebot3_description/package.xml
[9.224s] Invoked command in '/home/nicola/mobileRobotics/colcon_ws/build/turtlebot3_description' returned '0': CMAKE_PREFIX_PATH=${CMAKE_PREFIX_PATH}:/opt/ros/foxy:/home/nicola/mobileRobotics/colcon_ws/install/turtlebot3_visualizer:/home/nicola/mobileRobotics/colcon_ws/install/turtlebot3_follow:/home/nicola/mobileRobotics/colcon_ws/install/turtlebot3_NavSLAM:/home/nicola/mobileRobotics/colcon_ws/install/turtlebot3_HighLevelControl /usr/bin/cmake --install /home/nicola/mobileRobotics/colcon_ws/build/turtlebot3_description
