[0.161s] DEBUG:colcon:Command line arguments: ['/usr/bin/colcon', 'build']
[0.162s] DEBUG:colcon:Parsed command line arguments: Namespace(allow_overriding=[], ament_cmake_args=None, base_paths=['.'], build_base='build', catkin_cmake_args=None, catkin_skip_building_tests=False, cmake_args=None, cmake_clean_cache=False, cmake_clean_first=False, cmake_force_configure=False, cmake_target=None, cmake_target_skip_unavailable=False, continue_on_error=False, event_handlers=None, executor='parallel', ignore_user_meta=False, install_base='install', log_base=None, log_level=None, main=<bound method BuildVerb.main of <colcon_core.verb.build.BuildVerb object at 0x7fa596d488b0>>, merge_install=False, metas=['./colcon.meta'], packages_above=None, packages_above_and_dependencies=None, packages_above_depth=None, packages_end=None, packages_ignore=None, packages_ignore_regex=None, packages_select=None, packages_select_build_failed=False, packages_select_by_dep=None, packages_select_regex=None, packages_select_test_failures=False, packages_skip=None, packages_skip_build_finished=False, packages_skip_by_dep=None, packages_skip_regex=None, packages_skip_test_passed=False, packages_skip_up_to=None, packages_start=None, packages_up_to=None, packages_up_to_regex=None, parallel_workers=8, paths=None, symlink_install=False, test_result_base=None, verb_extension=<colcon_core.verb.build.BuildVerb object at 0x7fa596d488b0>, verb_name='build', verb_parser=<colcon_defaults.argument_parser.defaults.DefaultArgumentsDecorator object at 0x7fa596d48e20>)
[0.167s] Level 1:colcon.colcon_core.package_discovery:discover_packages(colcon_meta) check parameters
[0.167s] Level 1:colcon.colcon_core.package_discovery:discover_packages(recursive) check parameters
[0.167s] Level 1:colcon.colcon_core.package_discovery:discover_packages(ignore) check parameters
[0.167s] Level 1:colcon.colcon_core.package_discovery:discover_packages(path) check parameters
[0.167s] Level 1:colcon.colcon_core.package_discovery:discover_packages(colcon_meta) discover
[0.167s] Level 1:colcon.colcon_core.package_discovery:discover_packages(recursive) discover
[0.167s] INFO:colcon.colcon_core.package_discovery:Crawling recursively for packages in '/home/nicola/mobileRobotics/colcon_ws'
[0.167s] Level 1:colcon.colcon_core.package_identification:_identify(.) by extensions ['ignore', 'ignore_ament_install']
[0.167s] Level 1:colcon.colcon_core.package_identification:_identify(.) by extension 'ignore'
[0.167s] Level 1:colcon.colcon_core.package_identification:_identify(.) by extension 'ignore_ament_install'
[0.167s] Level 1:colcon.colcon_core.package_identification:_identify(.) by extensions ['colcon_pkg']
[0.167s] Level 1:colcon.colcon_core.package_identification:_identify(.) by extension 'colcon_pkg'
[0.167s] Level 1:colcon.colcon_core.package_identification:_identify(.) by extensions ['colcon_meta']
[0.168s] Level 1:colcon.colcon_core.package_identification:_identify(.) by extension 'colcon_meta'
[0.168s] Level 1:colcon.colcon_core.package_identification:_identify(.) by extensions ['ros']
[0.168s] Level 1:colcon.colcon_core.package_identification:_identify(.) by extension 'ros'
[0.181s] Level 1:colcon.colcon_core.package_identification:_identify(.) by extensions ['cmake', 'python']
[0.181s] Level 1:colcon.colcon_core.package_identification:_identify(.) by extension 'cmake'
[0.181s] Level 1:colcon.colcon_core.package_identification:_identify(.) by extension 'python'
[0.181s] Level 1:colcon.colcon_core.package_identification:_identify(.) by extensions ['python_setup_py']
[0.181s] Level 1:colcon.colcon_core.package_identification:_identify(.) by extension 'python_setup_py'
[0.181s] Level 1:colcon.colcon_core.package_identification:_identify(build) by extensions ['ignore', 'ignore_ament_install']
[0.181s] Level 1:colcon.colcon_core.package_identification:_identify(build) by extension 'ignore'
[0.181s] Level 1:colcon.colcon_core.package_identification:_identify(build) ignored
[0.182s] Level 1:colcon.colcon_core.package_identification:_identify(install) by extensions ['ignore', 'ignore_ament_install']
[0.182s] Level 1:colcon.colcon_core.package_identification:_identify(install) by extension 'ignore'
[0.182s] Level 1:colcon.colcon_core.package_identification:_identify(install) ignored
[0.182s] Level 1:colcon.colcon_core.package_identification:_identify(log) by extensions ['ignore', 'ignore_ament_install']
[0.182s] Level 1:colcon.colcon_core.package_identification:_identify(log) by extension 'ignore'
[0.182s] Level 1:colcon.colcon_core.package_identification:_identify(log) ignored
[0.182s] Level 1:colcon.colcon_core.package_identification:_identify(src) by extensions ['ignore', 'ignore_ament_install']
[0.182s] Level 1:colcon.colcon_core.package_identification:_identify(src) by extension 'ignore'
[0.182s] Level 1:colcon.colcon_core.package_identification:_identify(src) by extension 'ignore_ament_install'
[0.182s] Level 1:colcon.colcon_core.package_identification:_identify(src) by extensions ['colcon_pkg']
[0.182s] Level 1:colcon.colcon_core.package_identification:_identify(src) by extension 'colcon_pkg'
[0.182s] Level 1:colcon.colcon_core.package_identification:_identify(src) by extensions ['colcon_meta']
[0.183s] Level 1:colcon.colcon_core.package_identification:_identify(src) by extension 'colcon_meta'
[0.183s] Level 1:colcon.colcon_core.package_identification:_identify(src) by extensions ['ros']
[0.183s] Level 1:colcon.colcon_core.package_identification:_identify(src) by extension 'ros'
[0.183s] Level 1:colcon.colcon_core.package_identification:_identify(src) by extensions ['cmake', 'python']
[0.183s] Level 1:colcon.colcon_core.package_identification:_identify(src) by extension 'cmake'
[0.183s] Level 1:colcon.colcon_core.package_identification:_identify(src) by extension 'python'
[0.183s] Level 1:colcon.colcon_core.package_identification:_identify(src) by extensions ['python_setup_py']
[0.183s] Level 1:colcon.colcon_core.package_identification:_identify(src) by extension 'python_setup_py'
[0.183s] Level 1:colcon.colcon_core.package_identification:_identify(src/turtlebot3_NavSLAM) by extensions ['ignore', 'ignore_ament_install']
[0.183s] Level 1:colcon.colcon_core.package_identification:_identify(src/turtlebot3_NavSLAM) by extension 'ignore'
[0.183s] Level 1:colcon.colcon_core.package_identification:_identify(src/turtlebot3_NavSLAM) by extension 'ignore_ament_install'
[0.183s] Level 1:colcon.colcon_core.package_identification:_identify(src/turtlebot3_NavSLAM) by extensions ['colcon_pkg']
[0.183s] Level 1:colcon.colcon_core.package_identification:_identify(src/turtlebot3_NavSLAM) by extension 'colcon_pkg'
[0.183s] Level 1:colcon.colcon_core.package_identification:_identify(src/turtlebot3_NavSLAM) by extensions ['colcon_meta']
[0.183s] Level 1:colcon.colcon_core.package_identification:_identify(src/turtlebot3_NavSLAM) by extension 'colcon_meta'
[0.183s] Level 1:colcon.colcon_core.package_identification:_identify(src/turtlebot3_NavSLAM) by extensions ['ros']
[0.183s] Level 1:colcon.colcon_core.package_identification:_identify(src/turtlebot3_NavSLAM) by extension 'ros'
[0.186s] DEBUG:colcon.colcon_core.package_identification:Package 'src/turtlebot3_NavSLAM' with type 'ros.ament_python' and name 'turtlebot3_NavSLAM'
[0.186s] Level 1:colcon.colcon_core.package_identification:_identify(src/turtlebot3_description) by extensions ['ignore', 'ignore_ament_install']
[0.186s] Level 1:colcon.colcon_core.package_identification:_identify(src/turtlebot3_description) by extension 'ignore'
[0.187s] Level 1:colcon.colcon_core.package_identification:_identify(src/turtlebot3_description) by extension 'ignore_ament_install'
[0.187s] Level 1:colcon.colcon_core.package_identification:_identify(src/turtlebot3_description) by extensions ['colcon_pkg']
[0.187s] Level 1:colcon.colcon_core.package_identification:_identify(src/turtlebot3_description) by extension 'colcon_pkg'
[0.187s] Level 1:colcon.colcon_core.package_identification:_identify(src/turtlebot3_description) by extensions ['colcon_meta']
[0.187s] Level 1:colcon.colcon_core.package_identification:_identify(src/turtlebot3_description) by extension 'colcon_meta'
[0.187s] Level 1:colcon.colcon_core.package_identification:_identify(src/turtlebot3_description) by extensions ['ros']
[0.187s] Level 1:colcon.colcon_core.package_identification:_identify(src/turtlebot3_description) by extension 'ros'
[0.188s] DEBUG:colcon.colcon_core.package_identification:Package 'src/turtlebot3_description' with type 'ros.ament_cmake' and name 'turtlebot3_description'
[0.188s] Level 1:colcon.colcon_core.package_identification:_identify(src/turtlebot3_follow) by extensions ['ignore', 'ignore_ament_install']
[0.188s] Level 1:colcon.colcon_core.package_identification:_identify(src/turtlebot3_follow) by extension 'ignore'
[0.188s] Level 1:colcon.colcon_core.package_identification:_identify(src/turtlebot3_follow) by extension 'ignore_ament_install'
[0.188s] Level 1:colcon.colcon_core.package_identification:_identify(src/turtlebot3_follow) by extensions ['colcon_pkg']
[0.188s] Level 1:colcon.colcon_core.package_identification:_identify(src/turtlebot3_follow) by extension 'colcon_pkg'
[0.188s] Level 1:colcon.colcon_core.package_identification:_identify(src/turtlebot3_follow) by extensions ['colcon_meta']
[0.188s] Level 1:colcon.colcon_core.package_identification:_identify(src/turtlebot3_follow) by extension 'colcon_meta'
[0.188s] Level 1:colcon.colcon_core.package_identification:_identify(src/turtlebot3_follow) by extensions ['ros']
[0.188s] Level 1:colcon.colcon_core.package_identification:_identify(src/turtlebot3_follow) by extension 'ros'
[0.189s] DEBUG:colcon.colcon_core.package_identification:Package 'src/turtlebot3_follow' with type 'ros.ament_python' and name 'turtlebot3_follow'
[0.189s] Level 1:colcon.colcon_core.package_identification:_identify(src/turtlebot3_visualizer) by extensions ['ignore', 'ignore_ament_install']
[0.189s] Level 1:colcon.colcon_core.package_identification:_identify(src/turtlebot3_visualizer) by extension 'ignore'
[0.189s] Level 1:colcon.colcon_core.package_identification:_identify(src/turtlebot3_visualizer) by extension 'ignore_ament_install'
[0.189s] Level 1:colcon.colcon_core.package_identification:_identify(src/turtlebot3_visualizer) by extensions ['colcon_pkg']
[0.189s] Level 1:colcon.colcon_core.package_identification:_identify(src/turtlebot3_visualizer) by extension 'colcon_pkg'
[0.189s] Level 1:colcon.colcon_core.package_identification:_identify(src/turtlebot3_visualizer) by extensions ['colcon_meta']
[0.189s] Level 1:colcon.colcon_core.package_identification:_identify(src/turtlebot3_visualizer) by extension 'colcon_meta'
[0.189s] Level 1:colcon.colcon_core.package_identification:_identify(src/turtlebot3_visualizer) by extensions ['ros']
[0.189s] Level 1:colcon.colcon_core.package_identification:_identify(src/turtlebot3_visualizer) by extension 'ros'
[0.190s] DEBUG:colcon.colcon_core.package_identification:Package 'src/turtlebot3_visualizer' with type 'ros.ament_python' and name 'turtlebot3_visualizer'
[0.190s] Level 1:colcon.colcon_core.package_discovery:discover_packages(recursive) using defaults
[0.190s] Level 1:colcon.colcon_core.package_discovery:discover_packages(ignore) discover
[0.190s] Level 1:colcon.colcon_core.package_discovery:discover_packages(ignore) using defaults
[0.190s] Level 1:colcon.colcon_core.package_discovery:discover_packages(path) discover
[0.190s] Level 1:colcon.colcon_core.package_discovery:discover_packages(path) using defaults
[0.211s] Level 5:colcon.colcon_core.verb:set package 'turtlebot3_NavSLAM' build argument 'cmake_args' from command line to 'None'
[0.212s] Level 5:colcon.colcon_core.verb:set package 'turtlebot3_NavSLAM' build argument 'cmake_target' from command line to 'None'
[0.212s] Level 5:colcon.colcon_core.verb:set package 'turtlebot3_NavSLAM' build argument 'cmake_target_skip_unavailable' from command line to 'False'
[0.212s] Level 5:colcon.colcon_core.verb:set package 'turtlebot3_NavSLAM' build argument 'cmake_clean_cache' from command line to 'False'
[0.212s] Level 5:colcon.colcon_core.verb:set package 'turtlebot3_NavSLAM' build argument 'cmake_clean_first' from command line to 'False'
[0.212s] Level 5:colcon.colcon_core.verb:set package 'turtlebot3_NavSLAM' build argument 'cmake_force_configure' from command line to 'False'
[0.212s] Level 5:colcon.colcon_core.verb:set package 'turtlebot3_NavSLAM' build argument 'ament_cmake_args' from command line to 'None'
[0.212s] Level 5:colcon.colcon_core.verb:set package 'turtlebot3_NavSLAM' build argument 'catkin_cmake_args' from command line to 'None'
[0.212s] Level 5:colcon.colcon_core.verb:set package 'turtlebot3_NavSLAM' build argument 'catkin_skip_building_tests' from command line to 'False'
[0.212s] DEBUG:colcon.colcon_core.verb:Building package 'turtlebot3_NavSLAM' with the following arguments: {'ament_cmake_args': None, 'build_base': '/home/nicola/mobileRobotics/colcon_ws/build/turtlebot3_NavSLAM', 'catkin_cmake_args': None, 'catkin_skip_building_tests': False, 'cmake_args': None, 'cmake_clean_cache': False, 'cmake_clean_first': False, 'cmake_force_configure': False, 'cmake_target': None, 'cmake_target_skip_unavailable': False, 'install_base': '/home/nicola/mobileRobotics/colcon_ws/install/turtlebot3_NavSLAM', 'merge_install': False, 'path': '/home/nicola/mobileRobotics/colcon_ws/src/turtlebot3_NavSLAM', 'symlink_install': False, 'test_result_base': None}
[0.213s] Level 5:colcon.colcon_core.verb:set package 'turtlebot3_description' build argument 'cmake_args' from command line to 'None'
[0.213s] Level 5:colcon.colcon_core.verb:set package 'turtlebot3_description' build argument 'cmake_target' from command line to 'None'
[0.213s] Level 5:colcon.colcon_core.verb:set package 'turtlebot3_description' build argument 'cmake_target_skip_unavailable' from command line to 'False'
[0.213s] Level 5:colcon.colcon_core.verb:set package 'turtlebot3_description' build argument 'cmake_clean_cache' from command line to 'False'
[0.213s] Level 5:colcon.colcon_core.verb:set package 'turtlebot3_description' build argument 'cmake_clean_first' from command line to 'False'
[0.213s] Level 5:colcon.colcon_core.verb:set package 'turtlebot3_description' build argument 'cmake_force_configure' from command line to 'False'
[0.213s] Level 5:colcon.colcon_core.verb:set package 'turtlebot3_description' build argument 'ament_cmake_args' from command line to 'None'
[0.213s] Level 5:colcon.colcon_core.verb:set package 'turtlebot3_description' build argument 'catkin_cmake_args' from command line to 'None'
[0.213s] Level 5:colcon.colcon_core.verb:set package 'turtlebot3_description' build argument 'catkin_skip_building_tests' from command line to 'False'
[0.213s] DEBUG:colcon.colcon_core.verb:Building package 'turtlebot3_description' with the following arguments: {'ament_cmake_args': None, 'build_base': '/home/nicola/mobileRobotics/colcon_ws/build/turtlebot3_description', 'catkin_cmake_args': None, 'catkin_skip_building_tests': False, 'cmake_args': None, 'cmake_clean_cache': False, 'cmake_clean_first': False, 'cmake_force_configure': False, 'cmake_target': None, 'cmake_target_skip_unavailable': False, 'install_base': '/home/nicola/mobileRobotics/colcon_ws/install/turtlebot3_description', 'merge_install': False, 'path': '/home/nicola/mobileRobotics/colcon_ws/src/turtlebot3_description', 'symlink_install': False, 'test_result_base': None}
[0.214s] Level 5:colcon.colcon_core.verb:set package 'turtlebot3_follow' build argument 'cmake_args' from command line to 'None'
[0.214s] Level 5:colcon.colcon_core.verb:set package 'turtlebot3_follow' build argument 'cmake_target' from command line to 'None'
[0.214s] Level 5:colcon.colcon_core.verb:set package 'turtlebot3_follow' build argument 'cmake_target_skip_unavailable' from command line to 'False'
[0.214s] Level 5:colcon.colcon_core.verb:set package 'turtlebot3_follow' build argument 'cmake_clean_cache' from command line to 'False'
[0.214s] Level 5:colcon.colcon_core.verb:set package 'turtlebot3_follow' build argument 'cmake_clean_first' from command line to 'False'
[0.214s] Level 5:colcon.colcon_core.verb:set package 'turtlebot3_follow' build argument 'cmake_force_configure' from command line to 'False'
[0.214s] Level 5:colcon.colcon_core.verb:set package 'turtlebot3_follow' build argument 'ament_cmake_args' from command line to 'None'
[0.214s] Level 5:colcon.colcon_core.verb:set package 'turtlebot3_follow' build argument 'catkin_cmake_args' from command line to 'None'
[0.214s] Level 5:colcon.colcon_core.verb:set package 'turtlebot3_follow' build argument 'catkin_skip_building_tests' from command line to 'False'
[0.214s] DEBUG:colcon.colcon_core.verb:Building package 'turtlebot3_follow' with the following arguments: {'ament_cmake_args': None, 'build_base': '/home/nicola/mobileRobotics/colcon_ws/build/turtlebot3_follow', 'catkin_cmake_args': None, 'catkin_skip_building_tests': False, 'cmake_args': None, 'cmake_clean_cache': False, 'cmake_clean_first': False, 'cmake_force_configure': False, 'cmake_target': None, 'cmake_target_skip_unavailable': False, 'install_base': '/home/nicola/mobileRobotics/colcon_ws/install/turtlebot3_follow', 'merge_install': False, 'path': '/home/nicola/mobileRobotics/colcon_ws/src/turtlebot3_follow', 'symlink_install': False, 'test_result_base': None}
[0.215s] Level 5:colcon.colcon_core.verb:set package 'turtlebot3_visualizer' build argument 'cmake_args' from command line to 'None'
[0.215s] Level 5:colcon.colcon_core.verb:set package 'turtlebot3_visualizer' build argument 'cmake_target' from command line to 'None'
[0.215s] Level 5:colcon.colcon_core.verb:set package 'turtlebot3_visualizer' build argument 'cmake_target_skip_unavailable' from command line to 'False'
[0.215s] Level 5:colcon.colcon_core.verb:set package 'turtlebot3_visualizer' build argument 'cmake_clean_cache' from command line to 'False'
[0.215s] Level 5:colcon.colcon_core.verb:set package 'turtlebot3_visualizer' build argument 'cmake_clean_first' from command line to 'False'
[0.215s] Level 5:colcon.colcon_core.verb:set package 'turtlebot3_visualizer' build argument 'cmake_force_configure' from command line to 'False'
[0.215s] Level 5:colcon.colcon_core.verb:set package 'turtlebot3_visualizer' build argument 'ament_cmake_args' from command line to 'None'
[0.215s] Level 5:colcon.colcon_core.verb:set package 'turtlebot3_visualizer' build argument 'catkin_cmake_args' from command line to 'None'
[0.215s] Level 5:colcon.colcon_core.verb:set package 'turtlebot3_visualizer' build argument 'catkin_skip_building_tests' from command line to 'False'
[0.215s] DEBUG:colcon.colcon_core.verb:Building package 'turtlebot3_visualizer' with the following arguments: {'ament_cmake_args': None, 'build_base': '/home/nicola/mobileRobotics/colcon_ws/build/turtlebot3_visualizer', 'catkin_cmake_args': None, 'catkin_skip_building_tests': False, 'cmake_args': None, 'cmake_clean_cache': False, 'cmake_clean_first': False, 'cmake_force_configure': False, 'cmake_target': None, 'cmake_target_skip_unavailable': False, 'install_base': '/home/nicola/mobileRobotics/colcon_ws/install/turtlebot3_visualizer', 'merge_install': False, 'path': '/home/nicola/mobileRobotics/colcon_ws/src/turtlebot3_visualizer', 'symlink_install': False, 'test_result_base': None}
[0.220s] WARNING:colcon.colcon_core.verb:Some selected packages are already built in one or more underlay workspaces:
	'turtlebot3_NavSLAM' is in: /home/nicola/mobileRobotics/colcon_ws/install/turtlebot3_NavSLAM
	'turtlebot3_description' is in: /home/nicola/mobileRobotics/colcon_ws/install/turtlebot3_description, /opt/ros/foxy
	'turtlebot3_follow' is in: /home/nicola/mobileRobotics/colcon_ws/install/turtlebot3_follow
	'turtlebot3_visualizer' is in: /home/nicola/mobileRobotics/colcon_ws/install/turtlebot3_visualizer
If a package in a merged underlay workspace is overridden and it installs headers, then all packages in the overlay must sort their include directories by workspace order. Failure to do so may result in build failures or undefined behavior at run time.
If the overridden package is used by another package in any underlay, then the overriding package in the overlay must be API and ABI compatible or undefined behavior at run time may occur.

If you understand the risks and want to override a package anyways, add the following to the command line:
	--allow-overriding turtlebot3_NavSLAM turtlebot3_description turtlebot3_follow turtlebot3_visualizer

This may be promoted to an error in a future release of colcon-core.
[0.220s] INFO:colcon.colcon_core.executor:Executing jobs using 'parallel' executor
[0.222s] DEBUG:colcon.colcon_parallel_executor.executor.parallel:run_until_complete
[0.223s] INFO:colcon.colcon_ros.task.ament_python.build:Building ROS package in '/home/nicola/mobileRobotics/colcon_ws/src/turtlebot3_NavSLAM' with build type 'ament_python'
[0.223s] Level 1:colcon.colcon_core.shell:create_environment_hook('turtlebot3_NavSLAM', 'ament_prefix_path')
[0.227s] INFO:colcon.colcon_core.plugin_system:Skipping extension 'colcon_core.shell.bat': Not used on non-Windows systems
[0.227s] INFO:colcon.colcon_core.shell:Creating environment hook '/home/nicola/mobileRobotics/colcon_ws/install/turtlebot3_NavSLAM/share/turtlebot3_NavSLAM/hook/ament_prefix_path.ps1'
[0.228s] INFO:colcon.colcon_core.shell:Creating environment descriptor '/home/nicola/mobileRobotics/colcon_ws/install/turtlebot3_NavSLAM/share/turtlebot3_NavSLAM/hook/ament_prefix_path.dsv'
[0.228s] INFO:colcon.colcon_core.shell:Creating environment hook '/home/nicola/mobileRobotics/colcon_ws/install/turtlebot3_NavSLAM/share/turtlebot3_NavSLAM/hook/ament_prefix_path.sh'
[0.229s] INFO:colcon.colcon_core.shell:Skip shell extension 'powershell' for command environment: Not usable outside of PowerShell
[0.229s] DEBUG:colcon.colcon_core.shell:Skip shell extension 'dsv' for command environment
[0.235s] INFO:colcon.colcon_ros.task.ament_cmake.build:Building ROS package in '/home/nicola/mobileRobotics/colcon_ws/src/turtlebot3_description' with build type 'ament_cmake'
[0.235s] INFO:colcon.colcon_cmake.task.cmake.build:Building CMake package in '/home/nicola/mobileRobotics/colcon_ws/src/turtlebot3_description'
[0.236s] INFO:colcon.colcon_core.shell:Skip shell extension 'powershell' for command environment: Not usable outside of PowerShell
[0.236s] DEBUG:colcon.colcon_core.shell:Skip shell extension 'dsv' for command environment
[0.242s] INFO:colcon.colcon_ros.task.ament_python.build:Building ROS package in '/home/nicola/mobileRobotics/colcon_ws/src/turtlebot3_follow' with build type 'ament_python'
[0.243s] Level 1:colcon.colcon_core.shell:create_environment_hook('turtlebot3_follow', 'ament_prefix_path')
[0.244s] INFO:colcon.colcon_core.shell:Creating environment hook '/home/nicola/mobileRobotics/colcon_ws/install/turtlebot3_follow/share/turtlebot3_follow/hook/ament_prefix_path.ps1'
[0.245s] INFO:colcon.colcon_core.shell:Creating environment descriptor '/home/nicola/mobileRobotics/colcon_ws/install/turtlebot3_follow/share/turtlebot3_follow/hook/ament_prefix_path.dsv'
[0.245s] INFO:colcon.colcon_core.shell:Creating environment hook '/home/nicola/mobileRobotics/colcon_ws/install/turtlebot3_follow/share/turtlebot3_follow/hook/ament_prefix_path.sh'
[0.246s] INFO:colcon.colcon_core.shell:Skip shell extension 'powershell' for command environment: Not usable outside of PowerShell
[0.246s] DEBUG:colcon.colcon_core.shell:Skip shell extension 'dsv' for command environment
[0.253s] INFO:colcon.colcon_ros.task.ament_python.build:Building ROS package in '/home/nicola/mobileRobotics/colcon_ws/src/turtlebot3_visualizer' with build type 'ament_python'
[0.253s] Level 1:colcon.colcon_core.shell:create_environment_hook('turtlebot3_visualizer', 'ament_prefix_path')
[0.254s] INFO:colcon.colcon_core.shell:Creating environment hook '/home/nicola/mobileRobotics/colcon_ws/install/turtlebot3_visualizer/share/turtlebot3_visualizer/hook/ament_prefix_path.ps1'
[0.256s] INFO:colcon.colcon_core.shell:Creating environment descriptor '/home/nicola/mobileRobotics/colcon_ws/install/turtlebot3_visualizer/share/turtlebot3_visualizer/hook/ament_prefix_path.dsv'
[0.256s] INFO:colcon.colcon_core.shell:Creating environment hook '/home/nicola/mobileRobotics/colcon_ws/install/turtlebot3_visualizer/share/turtlebot3_visualizer/hook/ament_prefix_path.sh'
[0.257s] INFO:colcon.colcon_core.shell:Skip shell extension 'powershell' for command environment: Not usable outside of PowerShell
[0.257s] DEBUG:colcon.colcon_core.shell:Skip shell extension 'dsv' for command environment
[0.531s] INFO:colcon.colcon_core.task.python.build:Building Python package in '/home/nicola/mobileRobotics/colcon_ws/src/turtlebot3_NavSLAM'
[0.532s] INFO:colcon.colcon_core.shell:Skip shell extension 'powershell' for command environment: Not usable outside of PowerShell
[0.532s] DEBUG:colcon.colcon_core.shell:Skip shell extension 'dsv' for command environment
[0.545s] DEBUG:colcon.colcon_core.event_handler.log_command:Invoking command in '/home/nicola/mobileRobotics/colcon_ws/build/turtlebot3_description': CMAKE_PREFIX_PATH=${CMAKE_PREFIX_PATH}:/home/nicola/mobileRobotics/colcon_ws/install/turtlebot3_visualizer:/home/nicola/mobileRobotics/colcon_ws/install/turtlebot3_follow:/home/nicola/mobileRobotics/colcon_ws/install/turtlebot3_NavSLAM:/opt/ros/foxy /usr/bin/cmake --build /home/nicola/mobileRobotics/colcon_ws/build/turtlebot3_description -- -j8 -l8
[0.809s] INFO:colcon.colcon_core.task.python.build:Building Python package in '/home/nicola/mobileRobotics/colcon_ws/src/turtlebot3_follow'
[0.810s] INFO:colcon.colcon_core.shell:Skip shell extension 'powershell' for command environment: Not usable outside of PowerShell
[0.810s] DEBUG:colcon.colcon_core.shell:Skip shell extension 'dsv' for command environment
[1.085s] INFO:colcon.colcon_core.task.python.build:Building Python package in '/home/nicola/mobileRobotics/colcon_ws/src/turtlebot3_visualizer'
[1.086s] INFO:colcon.colcon_core.shell:Skip shell extension 'powershell' for command environment: Not usable outside of PowerShell
[1.086s] DEBUG:colcon.colcon_core.shell:Skip shell extension 'dsv' for command environment
[1.094s] DEBUG:colcon.colcon_core.event_handler.log_command:Invoked command in '/home/nicola/mobileRobotics/colcon_ws/build/turtlebot3_description' returned '0': CMAKE_PREFIX_PATH=${CMAKE_PREFIX_PATH}:/home/nicola/mobileRobotics/colcon_ws/install/turtlebot3_visualizer:/home/nicola/mobileRobotics/colcon_ws/install/turtlebot3_follow:/home/nicola/mobileRobotics/colcon_ws/install/turtlebot3_NavSLAM:/opt/ros/foxy /usr/bin/cmake --build /home/nicola/mobileRobotics/colcon_ws/build/turtlebot3_description -- -j8 -l8
[1.137s] DEBUG:colcon.colcon_core.event_handler.log_command:Invoking command in '/home/nicola/mobileRobotics/colcon_ws/build/turtlebot3_description': CMAKE_PREFIX_PATH=${CMAKE_PREFIX_PATH}:/home/nicola/mobileRobotics/colcon_ws/install/turtlebot3_visualizer:/home/nicola/mobileRobotics/colcon_ws/install/turtlebot3_follow:/home/nicola/mobileRobotics/colcon_ws/install/turtlebot3_NavSLAM:/opt/ros/foxy /usr/bin/cmake --install /home/nicola/mobileRobotics/colcon_ws/build/turtlebot3_description
[1.153s] Level 1:colcon.colcon_core.environment:create_environment_scripts_only(turtlebot3_description)
[1.170s] Level 1:colcon.colcon_core.environment:checking '/home/nicola/mobileRobotics/colcon_ws/install/turtlebot3_description' for CMake module files
[1.173s] Level 1:colcon.colcon_core.environment:checking '/home/nicola/mobileRobotics/colcon_ws/install/turtlebot3_description' for CMake config files
[1.176s] Level 1:colcon.colcon_core.shell:create_environment_hook('turtlebot3_description', 'cmake_prefix_path')
[1.177s] INFO:colcon.colcon_core.shell:Creating environment hook '/home/nicola/mobileRobotics/colcon_ws/install/turtlebot3_description/share/turtlebot3_description/hook/cmake_prefix_path.ps1'
[1.178s] INFO:colcon.colcon_core.shell:Creating environment descriptor '/home/nicola/mobileRobotics/colcon_ws/install/turtlebot3_description/share/turtlebot3_description/hook/cmake_prefix_path.dsv'
[1.179s] INFO:colcon.colcon_core.shell:Creating environment hook '/home/nicola/mobileRobotics/colcon_ws/install/turtlebot3_description/share/turtlebot3_description/hook/cmake_prefix_path.sh'
[1.181s] Level 1:colcon.colcon_core.environment:checking '/home/nicola/mobileRobotics/colcon_ws/install/turtlebot3_description/bin'
[1.182s] Level 1:colcon.colcon_core.environment:checking '/home/nicola/mobileRobotics/colcon_ws/install/turtlebot3_description/lib/pkgconfig/turtlebot3_description.pc'
[1.182s] Level 1:colcon.colcon_core.environment:checking '/home/nicola/mobileRobotics/colcon_ws/install/turtlebot3_description/lib/python3.8/site-packages'
[1.183s] INFO:colcon.colcon_core.shell:Creating package script '/home/nicola/mobileRobotics/colcon_ws/install/turtlebot3_description/share/turtlebot3_description/package.ps1'
[1.185s] INFO:colcon.colcon_core.shell:Creating package descriptor '/home/nicola/mobileRobotics/colcon_ws/install/turtlebot3_description/share/turtlebot3_description/package.dsv'
[1.186s] INFO:colcon.colcon_core.shell:Creating package script '/home/nicola/mobileRobotics/colcon_ws/install/turtlebot3_description/share/turtlebot3_description/package.sh'
[1.188s] INFO:colcon.colcon_core.shell:Creating package script '/home/nicola/mobileRobotics/colcon_ws/install/turtlebot3_description/share/turtlebot3_description/package.bash'
[1.190s] INFO:colcon.colcon_core.shell:Creating package script '/home/nicola/mobileRobotics/colcon_ws/install/turtlebot3_description/share/turtlebot3_description/package.zsh'
[1.192s] Level 1:colcon.colcon_core.environment:create_file_with_runtime_dependencies(/home/nicola/mobileRobotics/colcon_ws/install/turtlebot3_description/share/colcon-core/packages/turtlebot3_description)
[1.193s] DEBUG:colcon.colcon_core.event_handler.log_command:Invoked command in '/home/nicola/mobileRobotics/colcon_ws/build/turtlebot3_description' returned '0': CMAKE_PREFIX_PATH=${CMAKE_PREFIX_PATH}:/home/nicola/mobileRobotics/colcon_ws/install/turtlebot3_visualizer:/home/nicola/mobileRobotics/colcon_ws/install/turtlebot3_follow:/home/nicola/mobileRobotics/colcon_ws/install/turtlebot3_NavSLAM:/opt/ros/foxy /usr/bin/cmake --install /home/nicola/mobileRobotics/colcon_ws/build/turtlebot3_description
[1.218s] Level 1:colcon.colcon_core.environment:create_environment_scripts_only(turtlebot3_description)
[1.219s] Level 1:colcon.colcon_core.environment:checking '/home/nicola/mobileRobotics/colcon_ws/install/turtlebot3_description' for CMake module files
[1.220s] Level 1:colcon.colcon_core.environment:checking '/home/nicola/mobileRobotics/colcon_ws/install/turtlebot3_description' for CMake config files
[1.221s] Level 1:colcon.colcon_core.shell:create_environment_hook('turtlebot3_description', 'cmake_prefix_path')
[1.222s] INFO:colcon.colcon_core.shell:Creating environment hook '/home/nicola/mobileRobotics/colcon_ws/install/turtlebot3_description/share/turtlebot3_description/hook/cmake_prefix_path.ps1'
[1.222s] INFO:colcon.colcon_core.shell:Creating environment descriptor '/home/nicola/mobileRobotics/colcon_ws/install/turtlebot3_description/share/turtlebot3_description/hook/cmake_prefix_path.dsv'
[1.223s] INFO:colcon.colcon_core.shell:Creating environment hook '/home/nicola/mobileRobotics/colcon_ws/install/turtlebot3_description/share/turtlebot3_description/hook/cmake_prefix_path.sh'
[1.224s] Level 1:colcon.colcon_core.environment:checking '/home/nicola/mobileRobotics/colcon_ws/install/turtlebot3_description/bin'
[1.224s] Level 1:colcon.colcon_core.environment:checking '/home/nicola/mobileRobotics/colcon_ws/install/turtlebot3_description/lib/pkgconfig/turtlebot3_description.pc'
[1.224s] Level 1:colcon.colcon_core.environment:checking '/home/nicola/mobileRobotics/colcon_ws/install/turtlebot3_description/lib/python3.8/site-packages'
[1.225s] INFO:colcon.colcon_core.shell:Creating package script '/home/nicola/mobileRobotics/colcon_ws/install/turtlebot3_description/share/turtlebot3_description/package.ps1'
[1.226s] INFO:colcon.colcon_core.shell:Creating package descriptor '/home/nicola/mobileRobotics/colcon_ws/install/turtlebot3_description/share/turtlebot3_description/package.dsv'
[1.227s] INFO:colcon.colcon_core.shell:Creating package script '/home/nicola/mobileRobotics/colcon_ws/install/turtlebot3_description/share/turtlebot3_description/package.sh'
[1.228s] INFO:colcon.colcon_core.shell:Creating package script '/home/nicola/mobileRobotics/colcon_ws/install/turtlebot3_description/share/turtlebot3_description/package.bash'
[1.228s] INFO:colcon.colcon_core.shell:Creating package script '/home/nicola/mobileRobotics/colcon_ws/install/turtlebot3_description/share/turtlebot3_description/package.zsh'
[1.229s] Level 1:colcon.colcon_core.environment:create_file_with_runtime_dependencies(/home/nicola/mobileRobotics/colcon_ws/install/turtlebot3_description/share/colcon-core/packages/turtlebot3_description)
[1.641s] DEBUG:colcon.colcon_core.event_handler.log_command:Invoking command in '/home/nicola/mobileRobotics/colcon_ws/src/turtlebot3_NavSLAM': PYTHONPATH=/home/nicola/mobileRobotics/colcon_ws/install/turtlebot3_NavSLAM/lib/python3.8/site-packages:${PYTHONPATH} /usr/bin/python3 setup.py egg_info --egg-base ../../build/turtlebot3_NavSLAM build --build-base /home/nicola/mobileRobotics/colcon_ws/build/turtlebot3_NavSLAM/build install --prefix /home/nicola/mobileRobotics/colcon_ws/install/turtlebot3_NavSLAM --record /home/nicola/mobileRobotics/colcon_ws/build/turtlebot3_NavSLAM/install.log --single-version-externally-managed
[1.659s] DEBUG:colcon.colcon_core.event_handler.log_command:Invoking command in '/home/nicola/mobileRobotics/colcon_ws/src/turtlebot3_visualizer': PYTHONPATH=/home/nicola/mobileRobotics/colcon_ws/install/turtlebot3_visualizer/lib/python3.8/site-packages:${PYTHONPATH} /usr/bin/python3 setup.py egg_info --egg-base ../../build/turtlebot3_visualizer build --build-base /home/nicola/mobileRobotics/colcon_ws/build/turtlebot3_visualizer/build install --prefix /home/nicola/mobileRobotics/colcon_ws/install/turtlebot3_visualizer --record /home/nicola/mobileRobotics/colcon_ws/build/turtlebot3_visualizer/install.log --single-version-externally-managed
[1.676s] DEBUG:colcon.colcon_core.event_handler.log_command:Invoking command in '/home/nicola/mobileRobotics/colcon_ws/src/turtlebot3_follow': PYTHONPATH=/home/nicola/mobileRobotics/colcon_ws/install/turtlebot3_follow/lib/python3.8/site-packages:${PYTHONPATH} /usr/bin/python3 setup.py egg_info --egg-base ../../build/turtlebot3_follow build --build-base /home/nicola/mobileRobotics/colcon_ws/build/turtlebot3_follow/build install --prefix /home/nicola/mobileRobotics/colcon_ws/install/turtlebot3_follow --record /home/nicola/mobileRobotics/colcon_ws/build/turtlebot3_follow/install.log --single-version-externally-managed
[2.025s] Level 1:colcon.colcon_core.environment:checking '/home/nicola/mobileRobotics/colcon_ws/install/turtlebot3_visualizer' for CMake module files
[2.026s] DEBUG:colcon.colcon_core.event_handler.log_command:Invoked command in '/home/nicola/mobileRobotics/colcon_ws/src/turtlebot3_visualizer' returned '0': PYTHONPATH=/home/nicola/mobileRobotics/colcon_ws/install/turtlebot3_visualizer/lib/python3.8/site-packages:${PYTHONPATH} /usr/bin/python3 setup.py egg_info --egg-base ../../build/turtlebot3_visualizer build --build-base /home/nicola/mobileRobotics/colcon_ws/build/turtlebot3_visualizer/build install --prefix /home/nicola/mobileRobotics/colcon_ws/install/turtlebot3_visualizer --record /home/nicola/mobileRobotics/colcon_ws/build/turtlebot3_visualizer/install.log --single-version-externally-managed
[2.026s] Level 1:colcon.colcon_core.environment:checking '/home/nicola/mobileRobotics/colcon_ws/install/turtlebot3_visualizer' for CMake config files
[2.027s] Level 1:colcon.colcon_core.environment:checking '/home/nicola/mobileRobotics/colcon_ws/install/turtlebot3_visualizer/lib'
[2.028s] Level 1:colcon.colcon_core.environment:checking '/home/nicola/mobileRobotics/colcon_ws/install/turtlebot3_visualizer/bin'
[2.028s] Level 1:colcon.colcon_core.environment:checking '/home/nicola/mobileRobotics/colcon_ws/install/turtlebot3_visualizer/lib/pkgconfig/turtlebot3_visualizer.pc'
[2.028s] Level 1:colcon.colcon_core.environment:checking '/home/nicola/mobileRobotics/colcon_ws/install/turtlebot3_visualizer/lib/python3.8/site-packages'
[2.028s] Level 1:colcon.colcon_core.shell:create_environment_hook('turtlebot3_visualizer', 'pythonpath')
[2.029s] INFO:colcon.colcon_core.shell:Creating environment hook '/home/nicola/mobileRobotics/colcon_ws/install/turtlebot3_visualizer/share/turtlebot3_visualizer/hook/pythonpath.ps1'
[2.030s] INFO:colcon.colcon_core.shell:Creating environment descriptor '/home/nicola/mobileRobotics/colcon_ws/install/turtlebot3_visualizer/share/turtlebot3_visualizer/hook/pythonpath.dsv'
[2.031s] INFO:colcon.colcon_core.shell:Creating environment hook '/home/nicola/mobileRobotics/colcon_ws/install/turtlebot3_visualizer/share/turtlebot3_visualizer/hook/pythonpath.sh'
[2.031s] Level 1:colcon.colcon_core.environment:create_environment_scripts_only(turtlebot3_visualizer)
[2.032s] INFO:colcon.colcon_core.shell:Creating package script '/home/nicola/mobileRobotics/colcon_ws/install/turtlebot3_visualizer/share/turtlebot3_visualizer/package.ps1'
[2.033s] INFO:colcon.colcon_core.shell:Creating package descriptor '/home/nicola/mobileRobotics/colcon_ws/install/turtlebot3_visualizer/share/turtlebot3_visualizer/package.dsv'
[2.033s] INFO:colcon.colcon_core.shell:Creating package script '/home/nicola/mobileRobotics/colcon_ws/install/turtlebot3_visualizer/share/turtlebot3_visualizer/package.sh'
[2.034s] INFO:colcon.colcon_core.shell:Creating package script '/home/nicola/mobileRobotics/colcon_ws/install/turtlebot3_visualizer/share/turtlebot3_visualizer/package.bash'
[2.034s] INFO:colcon.colcon_core.shell:Creating package script '/home/nicola/mobileRobotics/colcon_ws/install/turtlebot3_visualizer/share/turtlebot3_visualizer/package.zsh'
[2.035s] Level 1:colcon.colcon_core.environment:create_file_with_runtime_dependencies(/home/nicola/mobileRobotics/colcon_ws/install/turtlebot3_visualizer/share/colcon-core/packages/turtlebot3_visualizer)
[2.049s] Level 1:colcon.colcon_core.environment:checking '/home/nicola/mobileRobotics/colcon_ws/install/turtlebot3_follow' for CMake module files
[2.050s] DEBUG:colcon.colcon_core.event_handler.log_command:Invoked command in '/home/nicola/mobileRobotics/colcon_ws/src/turtlebot3_follow' returned '0': PYTHONPATH=/home/nicola/mobileRobotics/colcon_ws/install/turtlebot3_follow/lib/python3.8/site-packages:${PYTHONPATH} /usr/bin/python3 setup.py egg_info --egg-base ../../build/turtlebot3_follow build --build-base /home/nicola/mobileRobotics/colcon_ws/build/turtlebot3_follow/build install --prefix /home/nicola/mobileRobotics/colcon_ws/install/turtlebot3_follow --record /home/nicola/mobileRobotics/colcon_ws/build/turtlebot3_follow/install.log --single-version-externally-managed
[2.050s] Level 1:colcon.colcon_core.environment:checking '/home/nicola/mobileRobotics/colcon_ws/install/turtlebot3_follow' for CMake config files
[2.051s] Level 1:colcon.colcon_core.environment:checking '/home/nicola/mobileRobotics/colcon_ws/install/turtlebot3_follow/lib'
[2.051s] Level 1:colcon.colcon_core.environment:checking '/home/nicola/mobileRobotics/colcon_ws/install/turtlebot3_follow/bin'
[2.051s] Level 1:colcon.colcon_core.environment:checking '/home/nicola/mobileRobotics/colcon_ws/install/turtlebot3_follow/lib/pkgconfig/turtlebot3_follow.pc'
[2.051s] Level 1:colcon.colcon_core.environment:checking '/home/nicola/mobileRobotics/colcon_ws/install/turtlebot3_follow/lib/python3.8/site-packages'
[2.051s] Level 1:colcon.colcon_core.shell:create_environment_hook('turtlebot3_follow', 'pythonpath')
[2.052s] INFO:colcon.colcon_core.shell:Creating environment hook '/home/nicola/mobileRobotics/colcon_ws/install/turtlebot3_follow/share/turtlebot3_follow/hook/pythonpath.ps1'
[2.053s] INFO:colcon.colcon_core.shell:Creating environment descriptor '/home/nicola/mobileRobotics/colcon_ws/install/turtlebot3_follow/share/turtlebot3_follow/hook/pythonpath.dsv'
[2.053s] INFO:colcon.colcon_core.shell:Creating environment hook '/home/nicola/mobileRobotics/colcon_ws/install/turtlebot3_follow/share/turtlebot3_follow/hook/pythonpath.sh'
[2.053s] Level 1:colcon.colcon_core.environment:create_environment_scripts_only(turtlebot3_follow)
[2.054s] INFO:colcon.colcon_core.shell:Creating package script '/home/nicola/mobileRobotics/colcon_ws/install/turtlebot3_follow/share/turtlebot3_follow/package.ps1'
[2.055s] INFO:colcon.colcon_core.shell:Creating package descriptor '/home/nicola/mobileRobotics/colcon_ws/install/turtlebot3_follow/share/turtlebot3_follow/package.dsv'
[2.055s] INFO:colcon.colcon_core.shell:Creating package script '/home/nicola/mobileRobotics/colcon_ws/install/turtlebot3_follow/share/turtlebot3_follow/package.sh'
[2.056s] INFO:colcon.colcon_core.shell:Creating package script '/home/nicola/mobileRobotics/colcon_ws/install/turtlebot3_follow/share/turtlebot3_follow/package.bash'
[2.056s] INFO:colcon.colcon_core.shell:Creating package script '/home/nicola/mobileRobotics/colcon_ws/install/turtlebot3_follow/share/turtlebot3_follow/package.zsh'
[2.057s] Level 1:colcon.colcon_core.environment:create_file_with_runtime_dependencies(/home/nicola/mobileRobotics/colcon_ws/install/turtlebot3_follow/share/colcon-core/packages/turtlebot3_follow)
[2.059s] Level 1:colcon.colcon_core.environment:checking '/home/nicola/mobileRobotics/colcon_ws/install/turtlebot3_NavSLAM' for CMake module files
[2.060s] DEBUG:colcon.colcon_core.event_handler.log_command:Invoked command in '/home/nicola/mobileRobotics/colcon_ws/src/turtlebot3_NavSLAM' returned '0': PYTHONPATH=/home/nicola/mobileRobotics/colcon_ws/install/turtlebot3_NavSLAM/lib/python3.8/site-packages:${PYTHONPATH} /usr/bin/python3 setup.py egg_info --egg-base ../../build/turtlebot3_NavSLAM build --build-base /home/nicola/mobileRobotics/colcon_ws/build/turtlebot3_NavSLAM/build install --prefix /home/nicola/mobileRobotics/colcon_ws/install/turtlebot3_NavSLAM --record /home/nicola/mobileRobotics/colcon_ws/build/turtlebot3_NavSLAM/install.log --single-version-externally-managed
[2.060s] Level 1:colcon.colcon_core.environment:checking '/home/nicola/mobileRobotics/colcon_ws/install/turtlebot3_NavSLAM' for CMake config files
[2.061s] Level 1:colcon.colcon_core.environment:checking '/home/nicola/mobileRobotics/colcon_ws/install/turtlebot3_NavSLAM/lib'
[2.061s] Level 1:colcon.colcon_core.environment:checking '/home/nicola/mobileRobotics/colcon_ws/install/turtlebot3_NavSLAM/bin'
[2.061s] Level 1:colcon.colcon_core.environment:checking '/home/nicola/mobileRobotics/colcon_ws/install/turtlebot3_NavSLAM/lib/pkgconfig/turtlebot3_NavSLAM.pc'
[2.061s] Level 1:colcon.colcon_core.environment:checking '/home/nicola/mobileRobotics/colcon_ws/install/turtlebot3_NavSLAM/lib/python3.8/site-packages'
[2.061s] Level 1:colcon.colcon_core.shell:create_environment_hook('turtlebot3_NavSLAM', 'pythonpath')
[2.062s] INFO:colcon.colcon_core.shell:Creating environment hook '/home/nicola/mobileRobotics/colcon_ws/install/turtlebot3_NavSLAM/share/turtlebot3_NavSLAM/hook/pythonpath.ps1'
[2.062s] INFO:colcon.colcon_core.shell:Creating environment descriptor '/home/nicola/mobileRobotics/colcon_ws/install/turtlebot3_NavSLAM/share/turtlebot3_NavSLAM/hook/pythonpath.dsv'
[2.063s] INFO:colcon.colcon_core.shell:Creating environment hook '/home/nicola/mobileRobotics/colcon_ws/install/turtlebot3_NavSLAM/share/turtlebot3_NavSLAM/hook/pythonpath.sh'
[2.063s] Level 1:colcon.colcon_core.environment:create_environment_scripts_only(turtlebot3_NavSLAM)
[2.064s] INFO:colcon.colcon_core.shell:Creating package script '/home/nicola/mobileRobotics/colcon_ws/install/turtlebot3_NavSLAM/share/turtlebot3_NavSLAM/package.ps1'
[2.065s] INFO:colcon.colcon_core.shell:Creating package descriptor '/home/nicola/mobileRobotics/colcon_ws/install/turtlebot3_NavSLAM/share/turtlebot3_NavSLAM/package.dsv'
[2.065s] INFO:colcon.colcon_core.shell:Creating package script '/home/nicola/mobileRobotics/colcon_ws/install/turtlebot3_NavSLAM/share/turtlebot3_NavSLAM/package.sh'
[2.066s] INFO:colcon.colcon_core.shell:Creating package script '/home/nicola/mobileRobotics/colcon_ws/install/turtlebot3_NavSLAM/share/turtlebot3_NavSLAM/package.bash'
[2.066s] INFO:colcon.colcon_core.shell:Creating package script '/home/nicola/mobileRobotics/colcon_ws/install/turtlebot3_NavSLAM/share/turtlebot3_NavSLAM/package.zsh'
[2.066s] Level 1:colcon.colcon_core.environment:create_file_with_runtime_dependencies(/home/nicola/mobileRobotics/colcon_ws/install/turtlebot3_NavSLAM/share/colcon-core/packages/turtlebot3_NavSLAM)
[2.067s] DEBUG:colcon.colcon_parallel_executor.executor.parallel:closing loop
[2.067s] DEBUG:colcon.colcon_parallel_executor.executor.parallel:loop closed
[2.067s] DEBUG:colcon.colcon_parallel_executor.executor.parallel:run_until_complete finished with '0'
[2.067s] DEBUG:colcon.colcon_core.event_reactor:joining thread
[2.076s] INFO:colcon.colcon_core.plugin_system:Skipping extension 'colcon_notification.desktop_notification.terminal_notifier': Not used on non-Darwin systems
[2.076s] INFO:colcon.colcon_core.plugin_system:Skipping extension 'colcon_notification.desktop_notification.win32': Not used on non-Windows systems
[2.076s] INFO:colcon.colcon_notification.desktop_notification:Sending desktop notification using 'notify2'
[2.093s] DEBUG:colcon.colcon_core.event_reactor:joined thread
[2.094s] INFO:colcon.colcon_core.shell:Creating prefix script '/home/nicola/mobileRobotics/colcon_ws/install/local_setup.ps1'
[2.095s] INFO:colcon.colcon_core.shell:Creating prefix util module '/home/nicola/mobileRobotics/colcon_ws/install/_local_setup_util_ps1.py'
[2.097s] INFO:colcon.colcon_core.shell:Creating prefix chain script '/home/nicola/mobileRobotics/colcon_ws/install/setup.ps1'
[2.099s] INFO:colcon.colcon_core.shell:Creating prefix script '/home/nicola/mobileRobotics/colcon_ws/install/local_setup.sh'
[2.099s] INFO:colcon.colcon_core.shell:Creating prefix util module '/home/nicola/mobileRobotics/colcon_ws/install/_local_setup_util_sh.py'
[2.100s] INFO:colcon.colcon_core.shell:Creating prefix chain script '/home/nicola/mobileRobotics/colcon_ws/install/setup.sh'
[2.102s] INFO:colcon.colcon_core.shell:Creating prefix script '/home/nicola/mobileRobotics/colcon_ws/install/local_setup.bash'
[2.102s] INFO:colcon.colcon_core.shell:Creating prefix chain script '/home/nicola/mobileRobotics/colcon_ws/install/setup.bash'
[2.104s] INFO:colcon.colcon_core.shell:Creating prefix script '/home/nicola/mobileRobotics/colcon_ws/install/local_setup.zsh'
[2.104s] INFO:colcon.colcon_core.shell:Creating prefix chain script '/home/nicola/mobileRobotics/colcon_ws/install/setup.zsh'
