[2.871s] Invoking command in '/home/nicola/mobileRobotics/colcon_ws/src/turtlebot3_follow': PYTHONPATH=/home/nicola/mobileRobotics/colcon_ws/install/turtlebot3_follow/lib/python3.8/site-packages:${PYTHONPATH} /usr/bin/python3 setup.py egg_info --egg-base ../../build/turtlebot3_follow build --build-base /home/nicola/mobileRobotics/colcon_ws/build/turtlebot3_follow/build install --prefix /home/nicola/mobileRobotics/colcon_ws/install/turtlebot3_follow --record /home/nicola/mobileRobotics/colcon_ws/build/turtlebot3_follow/install.log --single-version-externally-managed
[3.186s] running egg_info
[3.187s] writing ../../build/turtlebot3_follow/turtlebot3_follow.egg-info/PKG-INFO
[3.187s] writing dependency_links to ../../build/turtlebot3_follow/turtlebot3_follow.egg-info/dependency_links.txt
[3.187s] writing entry points to ../../build/turtlebot3_follow/turtlebot3_follow.egg-info/entry_points.txt
[3.187s] writing requirements to ../../build/turtlebot3_follow/turtlebot3_follow.egg-info/requires.txt
[3.187s] writing top-level names to ../../build/turtlebot3_follow/turtlebot3_follow.egg-info/top_level.txt
[3.235s] reading manifest file '../../build/turtlebot3_follow/turtlebot3_follow.egg-info/SOURCES.txt'
[3.235s] writing manifest file '../../build/turtlebot3_follow/turtlebot3_follow.egg-info/SOURCES.txt'
[3.235s] running build
[3.235s] running build_py
[3.235s] running install
[3.236s] running install_lib
[3.238s] running install_data
[3.238s] running install_egg_info
[3.241s] removing '/home/nicola/mobileRobotics/colcon_ws/install/turtlebot3_follow/lib/python3.8/site-packages/turtlebot3_follow-0.0.0-py3.8.egg-info' (and everything under it)
[3.241s] Copying ../../build/turtlebot3_follow/turtlebot3_follow.egg-info to /home/nicola/mobileRobotics/colcon_ws/install/turtlebot3_follow/lib/python3.8/site-packages/turtlebot3_follow-0.0.0-py3.8.egg-info
[3.242s] running install_scripts
[3.265s] Installing turtlebot3_follow script to /home/nicola/mobileRobotics/colcon_ws/install/turtlebot3_follow/lib/turtlebot3_follow
[3.265s] writing list of installed files to '/home/nicola/mobileRobotics/colcon_ws/build/turtlebot3_follow/install.log'
[3.297s] Invoked command in '/home/nicola/mobileRobotics/colcon_ws/src/turtlebot3_follow' returned '0': PYTHONPATH=/home/nicola/mobileRobotics/colcon_ws/install/turtlebot3_follow/lib/python3.8/site-packages:${PYTHONPATH} /usr/bin/python3 setup.py egg_info --egg-base ../../build/turtlebot3_follow build --build-base /home/nicola/mobileRobotics/colcon_ws/build/turtlebot3_follow/build install --prefix /home/nicola/mobileRobotics/colcon_ws/install/turtlebot3_follow --record /home/nicola/mobileRobotics/colcon_ws/build/turtlebot3_follow/install.log --single-version-externally-managed
