[2.720s] Invoking command in '/home/nicola/colcon_ws/src/turtlebot3_NavSLAM': PYTHONPATH=/home/nicola/colcon_ws/install/turtlebot3_NavSLAM/lib/python3.8/site-packages:${PYTHONPATH} /usr/bin/python3 setup.py egg_info --egg-base ../../build/turtlebot3_NavSLAM build --build-base /home/nicola/colcon_ws/build/turtlebot3_NavSLAM/build install --prefix /home/nicola/colcon_ws/install/turtlebot3_NavSLAM --record /home/nicola/colcon_ws/build/turtlebot3_NavSLAM/install.log --single-version-externally-managed
[3.321s] running egg_info
[3.323s] writing ../../build/turtlebot3_NavSLAM/turtlebot3_NavSLAM.egg-info/PKG-INFO
[3.324s] writing dependency_links to ../../build/turtlebot3_NavSLAM/turtlebot3_NavSLAM.egg-info/dependency_links.txt
[3.324s] writing entry points to ../../build/turtlebot3_NavSLAM/turtlebot3_NavSLAM.egg-info/entry_points.txt
[3.325s] writing requirements to ../../build/turtlebot3_NavSLAM/turtlebot3_NavSLAM.egg-info/requires.txt
[3.326s] writing top-level names to ../../build/turtlebot3_NavSLAM/turtlebot3_NavSLAM.egg-info/top_level.txt
[3.411s] reading manifest file '../../build/turtlebot3_NavSLAM/turtlebot3_NavSLAM.egg-info/SOURCES.txt'
[3.413s] writing manifest file '../../build/turtlebot3_NavSLAM/turtlebot3_NavSLAM.egg-info/SOURCES.txt'
[3.413s] running build
[3.413s] running build_py
[3.413s] running install
[3.415s] running install_lib
[3.418s] running install_data
[3.419s] copying launch/turtlebot3_AMCL.launch.py -> /home/nicola/colcon_ws/install/turtlebot3_NavSLAM/share/turtlebot3_NavSLAM/launch
[3.420s] running install_egg_info
[3.426s] removing '/home/nicola/colcon_ws/install/turtlebot3_NavSLAM/lib/python3.8/site-packages/turtlebot3_NavSLAM-0.0.0-py3.8.egg-info' (and everything under it)
[3.426s] Copying ../../build/turtlebot3_NavSLAM/turtlebot3_NavSLAM.egg-info to /home/nicola/colcon_ws/install/turtlebot3_NavSLAM/lib/python3.8/site-packages/turtlebot3_NavSLAM-0.0.0-py3.8.egg-info
[3.429s] running install_scripts
[3.484s] writing list of installed files to '/home/nicola/colcon_ws/build/turtlebot3_NavSLAM/install.log'
[3.544s] Invoked command in '/home/nicola/colcon_ws/src/turtlebot3_NavSLAM' returned '0': PYTHONPATH=/home/nicola/colcon_ws/install/turtlebot3_NavSLAM/lib/python3.8/site-packages:${PYTHONPATH} /usr/bin/python3 setup.py egg_info --egg-base ../../build/turtlebot3_NavSLAM build --build-base /home/nicola/colcon_ws/build/turtlebot3_NavSLAM/build install --prefix /home/nicola/colcon_ws/install/turtlebot3_NavSLAM --record /home/nicola/colcon_ws/build/turtlebot3_NavSLAM/install.log --single-version-externally-managed
