[10.963s] Invoking command in '/home/nicola/mobileRobotics/colcon_ws/src/turtlebot3_visualizer': PYTHONPATH=/home/nicola/mobileRobotics/colcon_ws/install/turtlebot3_visualizer/lib/python3.8/site-packages:${PYTHONPATH} /usr/bin/python3 setup.py egg_info --egg-base ../../build/turtlebot3_visualizer build --build-base /home/nicola/mobileRobotics/colcon_ws/build/turtlebot3_visualizer/build install --prefix /home/nicola/mobileRobotics/colcon_ws/install/turtlebot3_visualizer --record /home/nicola/mobileRobotics/colcon_ws/build/turtlebot3_visualizer/install.log --single-version-externally-managed
[12.547s] running egg_info
[12.552s] writing ../../build/turtlebot3_visualizer/turtlebot3_visualizer.egg-info/PKG-INFO
[12.554s] writing dependency_links to ../../build/turtlebot3_visualizer/turtlebot3_visualizer.egg-info/dependency_links.txt
[12.555s] writing entry points to ../../build/turtlebot3_visualizer/turtlebot3_visualizer.egg-info/entry_points.txt
[12.556s] writing requirements to ../../build/turtlebot3_visualizer/turtlebot3_visualizer.egg-info/requires.txt
[12.559s] writing top-level names to ../../build/turtlebot3_visualizer/turtlebot3_visualizer.egg-info/top_level.txt
[12.828s] reading manifest file '../../build/turtlebot3_visualizer/turtlebot3_visualizer.egg-info/SOURCES.txt'
[12.834s] writing manifest file '../../build/turtlebot3_visualizer/turtlebot3_visualizer.egg-info/SOURCES.txt'
[12.837s] running build
[12.837s] running build_py
[12.838s] running install
[12.842s] running install_lib
[12.850s] running install_data
[12.859s] running install_egg_info
[12.868s] removing '/home/nicola/mobileRobotics/colcon_ws/install/turtlebot3_visualizer/lib/python3.8/site-packages/turtlebot3_visualizer-0.0.0-py3.8.egg-info' (and everything under it)
[12.869s] Copying ../../build/turtlebot3_visualizer/turtlebot3_visualizer.egg-info to /home/nicola/mobileRobotics/colcon_ws/install/turtlebot3_visualizer/lib/python3.8/site-packages/turtlebot3_visualizer-0.0.0-py3.8.egg-info
[12.875s] running install_scripts
[12.983s] writing list of installed files to '/home/nicola/mobileRobotics/colcon_ws/build/turtlebot3_visualizer/install.log'
[13.107s] Invoked command in '/home/nicola/mobileRobotics/colcon_ws/src/turtlebot3_visualizer' returned '0': PYTHONPATH=/home/nicola/mobileRobotics/colcon_ws/install/turtlebot3_visualizer/lib/python3.8/site-packages:${PYTHONPATH} /usr/bin/python3 setup.py egg_info --egg-base ../../build/turtlebot3_visualizer build --build-base /home/nicola/mobileRobotics/colcon_ws/build/turtlebot3_visualizer/build install --prefix /home/nicola/mobileRobotics/colcon_ws/install/turtlebot3_visualizer --record /home/nicola/mobileRobotics/colcon_ws/build/turtlebot3_visualizer/install.log --single-version-externally-managed
