[13.353s] Invoking command in '/home/nicola/mobileRobotics/colcon_ws/src/turtlebot3_follow': PYTHONPATH=/home/nicola/mobileRobotics/colcon_ws/install/turtlebot3_follow/lib/python3.8/site-packages:${PYTHONPATH} /usr/bin/python3 setup.py egg_info --egg-base ../../build/turtlebot3_follow build --build-base /home/nicola/mobileRobotics/colcon_ws/build/turtlebot3_follow/build install --prefix /home/nicola/mobileRobotics/colcon_ws/install/turtlebot3_follow --record /home/nicola/mobileRobotics/colcon_ws/build/turtlebot3_follow/install.log --single-version-externally-managed
[15.650s] running egg_info
[15.658s] writing ../../build/turtlebot3_follow/turtlebot3_follow.egg-info/PKG-INFO
[15.660s] writing dependency_links to ../../build/turtlebot3_follow/turtlebot3_follow.egg-info/dependency_links.txt
[15.662s] writing entry points to ../../build/turtlebot3_follow/turtlebot3_follow.egg-info/entry_points.txt
[15.664s] writing requirements to ../../build/turtlebot3_follow/turtlebot3_follow.egg-info/requires.txt
[15.664s] writing top-level names to ../../build/turtlebot3_follow/turtlebot3_follow.egg-info/top_level.txt
[16.018s] reading manifest file '../../build/turtlebot3_follow/turtlebot3_follow.egg-info/SOURCES.txt'
[16.026s] writing manifest file '../../build/turtlebot3_follow/turtlebot3_follow.egg-info/SOURCES.txt'
[16.027s] running build
[16.028s] running build_py
[16.030s] running install
[16.037s] running install_lib
[16.048s] running install_data
[16.052s] running install_egg_info
[16.071s] removing '/home/nicola/mobileRobotics/colcon_ws/install/turtlebot3_follow/lib/python3.8/site-packages/turtlebot3_follow-0.0.0-py3.8.egg-info' (and everything under it)
[16.072s] Copying ../../build/turtlebot3_follow/turtlebot3_follow.egg-info to /home/nicola/mobileRobotics/colcon_ws/install/turtlebot3_follow/lib/python3.8/site-packages/turtlebot3_follow-0.0.0-py3.8.egg-info
[16.078s] running install_scripts
[16.248s] Installing turtlebot3_follow script to /home/nicola/mobileRobotics/colcon_ws/install/turtlebot3_follow/lib/turtlebot3_follow
[16.251s] writing list of installed files to '/home/nicola/mobileRobotics/colcon_ws/build/turtlebot3_follow/install.log'
[16.428s] Invoked command in '/home/nicola/mobileRobotics/colcon_ws/src/turtlebot3_follow' returned '0': PYTHONPATH=/home/nicola/mobileRobotics/colcon_ws/install/turtlebot3_follow/lib/python3.8/site-packages:${PYTHONPATH} /usr/bin/python3 setup.py egg_info --egg-base ../../build/turtlebot3_follow build --build-base /home/nicola/mobileRobotics/colcon_ws/build/turtlebot3_follow/build install --prefix /home/nicola/mobileRobotics/colcon_ws/install/turtlebot3_follow --record /home/nicola/mobileRobotics/colcon_ws/build/turtlebot3_follow/install.log --single-version-externally-managed
