[12.419s] Invoking command in '/home/nicola/mobileRobotics/colcon_ws/src/turtlebot3_HighLevelControl': PYTHONPATH=/home/nicola/mobileRobotics/colcon_ws/install/turtlebot3_HighLevelControl/lib/python3.8/site-packages:${PYTHONPATH} /usr/bin/python3 setup.py egg_info --egg-base ../../build/turtlebot3_HighLevelControl build --build-base /home/nicola/mobileRobotics/colcon_ws/build/turtlebot3_HighLevelControl/build install --prefix /home/nicola/mobileRobotics/colcon_ws/install/turtlebot3_HighLevelControl --record /home/nicola/mobileRobotics/colcon_ws/build/turtlebot3_HighLevelControl/install.log --single-version-externally-managed
[14.295s] running egg_info
[14.304s] writing ../../build/turtlebot3_HighLevelControl/turtlebot3_HighLevelControl.egg-info/PKG-INFO
[14.305s] writing dependency_links to ../../build/turtlebot3_HighLevelControl/turtlebot3_HighLevelControl.egg-info/dependency_links.txt
[14.306s] writing entry points to ../../build/turtlebot3_HighLevelControl/turtlebot3_HighLevelControl.egg-info/entry_points.txt
[14.308s] writing requirements to ../../build/turtlebot3_HighLevelControl/turtlebot3_HighLevelControl.egg-info/requires.txt
[14.309s] writing top-level names to ../../build/turtlebot3_HighLevelControl/turtlebot3_HighLevelControl.egg-info/top_level.txt
[14.671s] reading manifest file '../../build/turtlebot3_HighLevelControl/turtlebot3_HighLevelControl.egg-info/SOURCES.txt'
[14.680s] writing manifest file '../../build/turtlebot3_HighLevelControl/turtlebot3_HighLevelControl.egg-info/SOURCES.txt'
[14.680s] running build
[14.681s] running build_py
[14.681s] copying turtlebot3_HighLevelControl/highLevelControl.py -> /home/nicola/mobileRobotics/colcon_ws/build/turtlebot3_HighLevelControl/build/lib/turtlebot3_HighLevelControl
[14.684s] running install
[14.692s] running install_lib
[14.699s] copying /home/nicola/mobileRobotics/colcon_ws/build/turtlebot3_HighLevelControl/build/lib/turtlebot3_HighLevelControl/highLevelControl.py -> /home/nicola/mobileRobotics/colcon_ws/install/turtlebot3_HighLevelControl/lib/python3.8/site-packages/turtlebot3_HighLevelControl
[14.703s] byte-compiling /home/nicola/mobileRobotics/colcon_ws/install/turtlebot3_HighLevelControl/lib/python3.8/site-packages/turtlebot3_HighLevelControl/highLevelControl.py to highLevelControl.cpython-38.pyc
[14.723s] running install_data
[14.726s] running install_egg_info
[14.741s] removing '/home/nicola/mobileRobotics/colcon_ws/install/turtlebot3_HighLevelControl/lib/python3.8/site-packages/turtlebot3_HighLevelControl-0.0.0-py3.8.egg-info' (and everything under it)
[14.743s] Copying ../../build/turtlebot3_HighLevelControl/turtlebot3_HighLevelControl.egg-info to /home/nicola/mobileRobotics/colcon_ws/install/turtlebot3_HighLevelControl/lib/python3.8/site-packages/turtlebot3_HighLevelControl-0.0.0-py3.8.egg-info
[14.752s] running install_scripts
[14.918s] Installing turtlebot3_HighLevelControl script to /home/nicola/mobileRobotics/colcon_ws/install/turtlebot3_HighLevelControl/lib/turtlebot3_HighLevelControl
[14.919s] writing list of installed files to '/home/nicola/mobileRobotics/colcon_ws/build/turtlebot3_HighLevelControl/install.log'
[15.098s] Invoked command in '/home/nicola/mobileRobotics/colcon_ws/src/turtlebot3_HighLevelControl' returned '0': PYTHONPATH=/home/nicola/mobileRobotics/colcon_ws/install/turtlebot3_HighLevelControl/lib/python3.8/site-packages:${PYTHONPATH} /usr/bin/python3 setup.py egg_info --egg-base ../../build/turtlebot3_HighLevelControl build --build-base /home/nicola/mobileRobotics/colcon_ws/build/turtlebot3_HighLevelControl/build install --prefix /home/nicola/mobileRobotics/colcon_ws/install/turtlebot3_HighLevelControl --record /home/nicola/mobileRobotics/colcon_ws/build/turtlebot3_HighLevelControl/install.log --single-version-externally-managed
