[2.414s] Invoking command in '/home/nicola/colcon_ws/src/turtlebot3_visualizer': PYTHONPATH=/home/nicola/colcon_ws/install/turtlebot3_visualizer/lib/python3.8/site-packages:${PYTHONPATH} /usr/bin/python3 setup.py egg_info --egg-base ../../build/turtlebot3_visualizer build --build-base /home/nicola/colcon_ws/build/turtlebot3_visualizer/build install --prefix /home/nicola/colcon_ws/install/turtlebot3_visualizer --record /home/nicola/colcon_ws/build/turtlebot3_visualizer/install.log --single-version-externally-managed
[2.967s] running egg_info
[2.969s] writing ../../build/turtlebot3_visualizer/turtlebot3_visualizer.egg-info/PKG-INFO
[2.970s] writing dependency_links to ../../build/turtlebot3_visualizer/turtlebot3_visualizer.egg-info/dependency_links.txt
[2.970s] writing entry points to ../../build/turtlebot3_visualizer/turtlebot3_visualizer.egg-info/entry_points.txt
[2.970s] writing requirements to ../../build/turtlebot3_visualizer/turtlebot3_visualizer.egg-info/requires.txt
[2.970s] writing top-level names to ../../build/turtlebot3_visualizer/turtlebot3_visualizer.egg-info/top_level.txt
[3.060s] reading manifest file '../../build/turtlebot3_visualizer/turtlebot3_visualizer.egg-info/SOURCES.txt'
[3.062s] writing manifest file '../../build/turtlebot3_visualizer/turtlebot3_visualizer.egg-info/SOURCES.txt'
[3.063s] running build
[3.063s] running build_py
[3.063s] running install
[3.065s] running install_lib
[3.069s] running install_data
[3.070s] copying launch/turtlebot3_visualizer.launch.py -> /home/nicola/colcon_ws/install/turtlebot3_visualizer/share/turtlebot3_visualizer/launch
[3.071s] running install_egg_info
[3.075s] removing '/home/nicola/colcon_ws/install/turtlebot3_visualizer/lib/python3.8/site-packages/turtlebot3_visualizer-0.0.0-py3.8.egg-info' (and everything under it)
[3.075s] Copying ../../build/turtlebot3_visualizer/turtlebot3_visualizer.egg-info to /home/nicola/colcon_ws/install/turtlebot3_visualizer/lib/python3.8/site-packages/turtlebot3_visualizer-0.0.0-py3.8.egg-info
[3.077s] running install_scripts
[3.124s] writing list of installed files to '/home/nicola/colcon_ws/build/turtlebot3_visualizer/install.log'
[3.181s] Invoked command in '/home/nicola/colcon_ws/src/turtlebot3_visualizer' returned '0': PYTHONPATH=/home/nicola/colcon_ws/install/turtlebot3_visualizer/lib/python3.8/site-packages:${PYTHONPATH} /usr/bin/python3 setup.py egg_info --egg-base ../../build/turtlebot3_visualizer build --build-base /home/nicola/colcon_ws/build/turtlebot3_visualizer/build install --prefix /home/nicola/colcon_ws/install/turtlebot3_visualizer --record /home/nicola/colcon_ws/build/turtlebot3_visualizer/install.log --single-version-externally-managed
