[2.587s] Invoking command in '/home/nicola/mobileRobotics/colcon_ws/src/turtlebot3_visualizer': PYTHONPATH=/home/nicola/mobileRobotics/colcon_ws/install/turtlebot3_visualizer/lib/python3.8/site-packages:${PYTHONPATH} /usr/bin/python3 setup.py egg_info --egg-base ../../build/turtlebot3_visualizer build --build-base /home/nicola/mobileRobotics/colcon_ws/build/turtlebot3_visualizer/build install --prefix /home/nicola/mobileRobotics/colcon_ws/install/turtlebot3_visualizer --record /home/nicola/mobileRobotics/colcon_ws/build/turtlebot3_visualizer/install.log --single-version-externally-managed
[2.885s] running egg_info
[2.885s] writing ../../build/turtlebot3_visualizer/turtlebot3_visualizer.egg-info/PKG-INFO
[2.886s] writing dependency_links to ../../build/turtlebot3_visualizer/turtlebot3_visualizer.egg-info/dependency_links.txt
[2.886s] writing entry points to ../../build/turtlebot3_visualizer/turtlebot3_visualizer.egg-info/entry_points.txt
[2.886s] writing requirements to ../../build/turtlebot3_visualizer/turtlebot3_visualizer.egg-info/requires.txt
[2.886s] writing top-level names to ../../build/turtlebot3_visualizer/turtlebot3_visualizer.egg-info/top_level.txt
[2.930s] reading manifest file '../../build/turtlebot3_visualizer/turtlebot3_visualizer.egg-info/SOURCES.txt'
[2.932s] writing manifest file '../../build/turtlebot3_visualizer/turtlebot3_visualizer.egg-info/SOURCES.txt'
[2.932s] running build
[2.933s] running build_py
[2.933s] running install
[2.934s] running install_lib
[2.936s] running install_data
[2.937s] running install_egg_info
[2.940s] removing '/home/nicola/mobileRobotics/colcon_ws/install/turtlebot3_visualizer/lib/python3.8/site-packages/turtlebot3_visualizer-0.0.0-py3.8.egg-info' (and everything under it)
[2.941s] Copying ../../build/turtlebot3_visualizer/turtlebot3_visualizer.egg-info to /home/nicola/mobileRobotics/colcon_ws/install/turtlebot3_visualizer/lib/python3.8/site-packages/turtlebot3_visualizer-0.0.0-py3.8.egg-info
[2.942s] running install_scripts
[2.970s] writing list of installed files to '/home/nicola/mobileRobotics/colcon_ws/build/turtlebot3_visualizer/install.log'
[3.003s] Invoked command in '/home/nicola/mobileRobotics/colcon_ws/src/turtlebot3_visualizer' returned '0': PYTHONPATH=/home/nicola/mobileRobotics/colcon_ws/install/turtlebot3_visualizer/lib/python3.8/site-packages:${PYTHONPATH} /usr/bin/python3 setup.py egg_info --egg-base ../../build/turtlebot3_visualizer build --build-base /home/nicola/mobileRobotics/colcon_ws/build/turtlebot3_visualizer/build install --prefix /home/nicola/mobileRobotics/colcon_ws/install/turtlebot3_visualizer --record /home/nicola/mobileRobotics/colcon_ws/build/turtlebot3_visualizer/install.log --single-version-externally-managed
